Log file open, 04/27/19 20:04:42
LogWindows: Failed to load 'aqProf.dll' (GetLastError=126)
LogWindows: File 'aqProf.dll' does not exist
LogWindows: Failed to load 'VtuneApi.dll' (GetLastError=126)
LogWindows: File 'VtuneApi.dll' does not exist
LogWindows: Failed to load 'VtuneApi32e.dll' (GetLastError=126)
LogWindows: File 'VtuneApi32e.dll' does not exist
LogConsoleResponse: Display: Failed to find resolution value strings in scalability ini. Falling back to default.
LogInit: Display: Running engine for game: Wizard_Wars
LogPakFile: Registered encryption key '00000000000000000000000000000000': 0 pak files mounted, 0 remain pending
LogPlatformFile: Not using cached read wrapper
LogTaskGraph: Started task graph with 5 named threads and 23 total threads with 3 sets of task threads.
LogStats: Stats thread started at 13.155152
LogD3D11RHI: Loaded GFSDK_Aftermath_Lib.x64.dll
LogICUInternationalization: ICU TimeZone Detection - Raw Offset: -5:00, Platform Override: ''
LogPluginManager: Mounting plugin Paper2D
LogPluginManager: Mounting plugin AISupport
LogPluginManager: Mounting plugin LightPropagationVolume
LogPluginManager: Mounting plugin ActorLayerUtilities
LogPluginManager: Mounting plugin CLionSourceCodeAccess
LogPluginManager: Mounting plugin CodeLiteSourceCodeAccess
LogPluginManager: Mounting plugin GitSourceControl
LogPluginManager: Mounting plugin KDevelopSourceCodeAccess
LogPluginManager: Mounting plugin NullSourceCodeAccess
LogPluginManager: Mounting plugin PerforceSourceControl
LogPluginManager: Mounting plugin SubversionSourceControl
LogPluginManager: Mounting plugin UObjectPlugin
LogPluginManager: Mounting plugin VisualStudioCodeSourceCodeAccess
LogPluginManager: Mounting plugin VisualStudioSourceCodeAccess
LogPluginManager: Mounting plugin XCodeSourceCodeAccess
LogPluginManager: Mounting plugin AssetManagerEditor
LogPluginManager: Mounting plugin CryptoKeys
LogPluginManager: Mounting plugin DataValidation
LogPluginManager: Mounting plugin FacialAnimation
LogPluginManager: Mounting plugin GameplayTagsEditor
LogPluginManager: Mounting plugin MacGraphicsSwitching
LogPluginManager: Mounting plugin MeshEditor
LogPluginManager: Mounting plugin MobileLauncherProfileWizard
LogPluginManager: Mounting plugin PluginBrowser
LogPluginManager: Mounting plugin SpeedTreeImporter
LogPluginManager: Mounting plugin DatasmithContent
LogPluginManager: Mounting plugin VariantManagerContent
LogPluginManager: Mounting plugin AlembicImporter
LogPluginManager: Mounting plugin AppleImageUtils
LogPluginManager: Mounting plugin AppleVision
LogPluginManager: Mounting plugin BackChannel
LogPluginManager: Mounting plugin CharacterAI
LogPluginManager: Mounting plugin GeometryCache
LogPluginManager: Mounting plugin HTML5Networking
LogPluginManager: Mounting plugin ProxyLODPlugin
LogPluginManager: Mounting plugin Niagara
LogPluginManager: Mounting plugin MagicLeap
LogPluginManager: Mounting plugin MagicLeapMedia
LogPluginManager: Mounting plugin AndroidMedia
LogPluginManager: Mounting plugin AvfMedia
LogPluginManager: Mounting plugin ImgMedia
LogPluginManager: Mounting plugin LinearTimecode
LogPluginManager: Mounting plugin MediaCompositing
LogPluginManager: Mounting plugin MediaPlayerEditor
LogPluginManager: Mounting plugin WebMMedia
LogPluginManager: Mounting plugin WmfMedia
LogPluginManager: Mounting plugin TcpMessaging
LogPluginManager: Mounting plugin UdpMessaging
LogPluginManager: Mounting plugin ActorSequence
LogPluginManager: Mounting plugin LevelSequenceEditor
LogPluginManager: Mounting plugin MatineeToLevelSequence
LogPluginManager: Mounting plugin NetcodeUnitTest
LogPluginManager: Mounting plugin NUTUnrealEngine4
LogPluginManager: Mounting plugin OnlineSubsystemGooglePlay
LogPluginManager: Mounting plugin OnlineSubsystemIOS
LogPluginManager: Mounting plugin OnlineSubsystem
LogPluginManager: Mounting plugin OnlineSubsystemNull
LogPluginManager: Mounting plugin OnlineSubsystemUtils
LogPluginManager: Mounting plugin LauncherChunkInstaller
LogPluginManager: Mounting plugin AndroidDeviceProfileSelector
LogPluginManager: Mounting plugin AndroidMoviePlayer
LogPluginManager: Mounting plugin AndroidPermission
LogPluginManager: Mounting plugin AppleMoviePlayer
LogPluginManager: Mounting plugin ArchVisCharacter
LogPluginManager: Mounting plugin AudioCapture
LogPluginManager: Mounting plugin CableComponent
LogPluginManager: Mounting plugin CustomMeshComponent
LogPluginManager: Mounting plugin EditableMesh
LogPluginManager: Mounting plugin ExampleDeviceProfileSelector
LogPluginManager: Mounting plugin Firebase
LogPluginManager: Mounting plugin GoogleCloudMessaging
LogPluginManager: Mounting plugin IOSDeviceProfileSelector
LogPluginManager: Mounting plugin LinuxDeviceProfileSelector
LogPluginManager: Mounting plugin LocationServicesBPLibrary
LogPluginManager: Mounting plugin MobilePatchingUtils
LogPluginManager: Mounting plugin OculusVR
LogPluginManager: Mounting plugin PhysXVehicles
LogPluginManager: Mounting plugin ProceduralMeshComponent
LogPluginManager: Mounting plugin RuntimePhysXCooking
LogPluginManager: Mounting plugin SteamVR
LogPluginManager: Mounting plugin WebMMoviePlayer
LogPluginManager: Mounting plugin WindowsMoviePlayer
LogStreaming: Display: Took  0.569s to configure plugins.
LogInit: Using libcurl 7.55.1-DEV
LogInit:  - built for x86_64-pc-win32
LogInit:  - supports SSL with OpenSSL/1.0.2h
LogInit:  - supports HTTP deflate (compression) using libz 1.2.8
LogInit:  - other features:
LogInit:      CURL_VERSION_SSL
LogInit:      CURL_VERSION_LIBZ
LogInit:      CURL_VERSION_IPV6
LogInit:      CURL_VERSION_ASYNCHDNS
LogInit:      CURL_VERSION_LARGEFILE
LogInit:      CURL_VERSION_IDN
LogInit:  CurlRequestOptions (configurable via config and command line):
LogInit:  - bVerifyPeer = true  - Libcurl will verify peer certificate
LogInit:  - bUseHttpProxy = false  - Libcurl will NOT use HTTP proxy
LogInit:  - bDontReuseConnections = false  - Libcurl will reuse connections
LogInit:  - MaxHostConnections = 16  - Libcurl will limit the number of connections to a host
LogInit:  - LocalHostAddr = Default
LogInit:  - BufferSize = 65536
LogInit: WinSock: version 1.1 (2.2), MaxSocks=32767, MaxUdp=65467
LogInit: Build: ++UE4+Release-4.21-CL-4753647
LogInit: Engine Version: 4.21.2-4753647+++UE4+Release-4.21
LogInit: Compatible Engine Version: 4.21.0-4541578+++UE4+Release-4.21
LogInit: Net CL: 4541578
LogInit: OS: Windows 10 (), CPU: Intel(R) Core(TM) i7-6700HQ CPU @ 2.60GHz, GPU: Intel(R) HD Graphics 530
LogInit: Compiled (64-bit): Jan 19 2019 02:07:31
LogInit: Compiled with Visual C++: 19.13.26129.00
LogInit: Build Configuration: Development
LogInit: Branch Name: ++UE4+Release-4.21
LogInit: Command Line: 
LogInit: Base Directory: D:/Program Files/Epic Games/UE_4.21/Engine/Binaries/Win64/
LogInit: Installed Engine Build: 1
LogDevObjectVersion: Number of dev versions registered: 22
LogDevObjectVersion:   Dev-Blueprints (B0D832E4-1F89-4F0D-ACCF-7EB736FD4AA2): 10
LogDevObjectVersion:   Dev-Build (E1C64328-A22C-4D53-A36C-8E866417BD8C): 0
LogDevObjectVersion:   Dev-Core (375EC13C-06E4-48FB-B500-84F0262A717E): 2
LogDevObjectVersion:   Dev-Editor (E4B068ED-F494-42E9-A231-DA0B2E46BB41): 26
LogDevObjectVersion:   Dev-Framework (CFFC743F-43B0-4480-9391-14DF171D2073): 34
LogDevObjectVersion:   Dev-Mobile (B02B49B5-BB20-44E9-A304-32B752E40360): 2
LogDevObjectVersion:   Dev-Networking (A4E4105C-59A1-49B5-A7C5-40C4547EDFEE): 0
LogDevObjectVersion:   Dev-Online (39C831C9-5AE6-47DC-9A44-9C173E1C8E7C): 0
LogDevObjectVersion:   Dev-Physics (78F01B33-EBEA-4F98-B9B4-84EACCB95AA2): 0
LogDevObjectVersion:   Dev-Platform (6631380F-2D4D-43E0-8009-CF276956A95A): 0
LogDevObjectVersion:   Dev-Rendering (12F88B9F-8875-4AFC-A67C-D90C383ABD29): 27
LogDevObjectVersion:   Dev-Sequencer (7B5AE74C-D270-4C10-A958-57980B212A5A): 9
LogDevObjectVersion:   Dev-VR (D7296918-1DD6-4BDD-9DE2-64A83CC13884): 2
LogDevObjectVersion:   Dev-LoadTimes (C2A15278-BFE7-4AFE-6C17-90FF531DF755): 1
LogDevObjectVersion:   Private-Geometry (6EACA3D4-40EC-4CC1-B786-8BED09428FC5): 3
LogDevObjectVersion:   Dev-AnimPhys (29E575DD-E0A3-4627-9D10-D276232CDCEA): 17
LogDevObjectVersion:   Dev-Anim (AF43A65D-7FD3-4947-9873-3E8ED9C1BB05): 2
LogDevObjectVersion:   Dev-ReflectionCapture (6B266CEC-1EC7-4B8F-A30B-E4D90942FC07): 1
LogDevObjectVersion:   Dev-Automation (0DF73D61-A23F-47EA-B727-89E90C41499A): 1
LogDevObjectVersion:   FortniteMain (601D1886-AC64-4F84-AA16-D3DE0DEAC7D6): 17
LogDevObjectVersion:   Dev-Enterprise (9DFFBCD6-494F-0158-E221-12823C92A888): 4
LogDevObjectVersion:   Dev-Niagara (F2AED0AC-9AFE-416F-8664-AA7FFA26D6FC): 1
LogStreaming: Display: Took  0.123s to delete old logs.
LogInit: Presizing for max 8388607 objects, including 0 objects not considered by GC, pre-allocating 0 bytes for permanent pool.
LogInit: Object subsystem initialized
LogConfig: Setting CVar [[con.DebugEarlyDefault:1]]
LogConfig: Setting CVar [[r.setres:1280x720]]
[2019.04.28-00.04.46:934][  0]LogConfig: Setting CVar [[r.VSync:0]]
[2019.04.28-00.04.46:934][  0]LogConfig: Setting CVar [[r.RHICmdBypass:0]]
[2019.04.28-00.04.46:934][  0]LogConfig: Applying CVar settings from Section [/Script/Engine.RendererSettings] File [D:/GitHub/WIZARD_WARS_4000/Wizard_Wars/Saved/Config/Windows/Engine.ini]
[2019.04.28-00.04.46:934][  0]LogConfig: Setting CVar [[r.GPUCrashDebugging:0]]
[2019.04.28-00.04.46:934][  0]LogConfig: Applying CVar settings from Section [/Script/Engine.RendererOverrideSettings] File [D:/GitHub/WIZARD_WARS_4000/Wizard_Wars/Saved/Config/Windows/Engine.ini]
[2019.04.28-00.04.46:934][  0]LogConfig: Applying CVar settings from Section [/Script/Engine.StreamingSettings] File [D:/GitHub/WIZARD_WARS_4000/Wizard_Wars/Saved/Config/Windows/Engine.ini]
[2019.04.28-00.04.46:934][  0]LogConfig: Setting CVar [[s.MinBulkDataSizeForAsyncLoading:131072]]
[2019.04.28-00.04.46:934][  0]LogConfig: Setting CVar [[s.AsyncLoadingThreadEnabled:0]]
[2019.04.28-00.04.46:934][  0]LogConfig: Setting CVar [[s.EventDrivenLoaderEnabled:1]]
[2019.04.28-00.04.46:934][  0]LogConfig: Setting CVar [[s.WarnIfTimeLimitExceeded:0]]
[2019.04.28-00.04.46:934][  0]LogConfig: Setting CVar [[s.TimeLimitExceededMultiplier:1.5]]
[2019.04.28-00.04.46:934][  0]LogConfig: Setting CVar [[s.TimeLimitExceededMinTime:0.005]]
[2019.04.28-00.04.46:934][  0]LogConfig: Setting CVar [[s.UseBackgroundLevelStreaming:1]]
[2019.04.28-00.04.46:934][  0]LogConfig: Setting CVar [[s.PriorityAsyncLoadingExtraTime:15.0]]
[2019.04.28-00.04.46:934][  0]LogConfig: Setting CVar [[s.LevelStreamingActorsUpdateTimeLimit:5.0]]
[2019.04.28-00.04.46:934][  0]LogConfig: Setting CVar [[s.PriorityLevelStreamingActorsUpdateExtraTime:5.0]]
[2019.04.28-00.04.46:934][  0]LogConfig: Setting CVar [[s.LevelStreamingComponentsRegistrationGranularity:10]]
[2019.04.28-00.04.46:934][  0]LogConfig: Setting CVar [[s.UnregisterComponentsTimeLimit:1.0]]
[2019.04.28-00.04.46:934][  0]LogConfig: Setting CVar [[s.LevelStreamingComponentsUnregistrationGranularity:5]]
[2019.04.28-00.04.46:934][  0]LogConfig: Applying CVar settings from Section [/Script/Engine.GarbageCollectionSettings] File [D:/GitHub/WIZARD_WARS_4000/Wizard_Wars/Saved/Config/Windows/Engine.ini]
[2019.04.28-00.04.46:934][  0]LogConfig: Setting CVar [[gc.MaxObjectsNotConsideredByGC:1]]
[2019.04.28-00.04.46:934][  0]LogConfig: Setting CVar [[gc.SizeOfPermanentObjectPool:0]]
[2019.04.28-00.04.46:934][  0]LogConfig: Setting CVar [[gc.FlushStreamingOnGC:0]]
[2019.04.28-00.04.46:934][  0]LogConfig: Setting CVar [[gc.NumRetriesBeforeForcingGC:10]]
[2019.04.28-00.04.46:934][  0]LogConfig: Setting CVar [[gc.AllowParallelGC:1]]
[2019.04.28-00.04.46:934][  0]LogConfig: Setting CVar [[gc.TimeBetweenPurgingPendingKillObjects:61.1]]
[2019.04.28-00.04.46:934][  0]LogConfig: Setting CVar [[gc.MaxObjectsInEditor:8388607]]
[2019.04.28-00.04.46:934][  0]LogConfig: Setting CVar [[gc.IncrementalBeginDestroyEnabled:1]]
[2019.04.28-00.04.46:934][  0]LogConfig: Setting CVar [[gc.CreateGCClusters:1]]
[2019.04.28-00.04.46:934][  0]LogConfig: Setting CVar [[gc.MergeGCClusters:0]]
[2019.04.28-00.04.46:934][  0]LogConfig: Setting CVar [[gc.MinGCClusterSize:5]]
[2019.04.28-00.04.46:934][  0]LogConfig: Setting CVar [[gc.ActorClusteringEnabled:0]]
[2019.04.28-00.04.46:934][  0]LogConfig: Setting CVar [[gc.BlueprintClusteringEnabled:0]]
[2019.04.28-00.04.46:934][  0]LogConfig: Setting CVar [[gc.UseDisregardForGCOnDedicatedServers:0]]
[2019.04.28-00.04.46:934][  0]LogConfig: Applying CVar settings from Section [/Script/Engine.NetworkSettings] File [D:/GitHub/WIZARD_WARS_4000/Wizard_Wars/Saved/Config/Windows/Engine.ini]
[2019.04.28-00.04.46:934][  0]LogConfig: Applying CVar settings from Section [/Script/UnrealEd.CookerSettings] File [D:/GitHub/WIZARD_WARS_4000/Wizard_Wars/Saved/Config/Windows/Engine.ini]
[2019.04.28-00.04.46:945][  0]LogConfig: Applying CVar settings from Section [ViewDistanceQuality@3] File [D:/GitHub/WIZARD_WARS_4000/Wizard_Wars/Saved/Config/Windows/Scalability.ini]
[2019.04.28-00.04.46:945][  0]LogConfig: Setting CVar [[r.SkeletalMeshLODBias:0]]
[2019.04.28-00.04.46:945][  0]LogConfig: Setting CVar [[r.ViewDistanceScale:1.0]]
[2019.04.28-00.04.46:945][  0]LogConfig: Applying CVar settings from Section [AntiAliasingQuality@3] File [D:/GitHub/WIZARD_WARS_4000/Wizard_Wars/Saved/Config/Windows/Scalability.ini]
[2019.04.28-00.04.46:945][  0]LogConfig: Setting CVar [[r.PostProcessAAQuality:4]]
[2019.04.28-00.04.46:945][  0]LogConfig: Applying CVar settings from Section [ShadowQuality@3] File [D:/GitHub/WIZARD_WARS_4000/Wizard_Wars/Saved/Config/Windows/Scalability.ini]
[2019.04.28-00.04.46:945][  0]LogConfig: Setting CVar [[r.LightFunctionQuality:1]]
[2019.04.28-00.04.46:945][  0]LogConfig: Setting CVar [[r.ShadowQuality:5]]
[2019.04.28-00.04.46:945][  0]LogConfig: Setting CVar [[r.Shadow.CSM.MaxCascades:10]]
[2019.04.28-00.04.46:945][  0]LogConfig: Setting CVar [[r.Shadow.MaxResolution:2048]]
[2019.04.28-00.04.46:945][  0]LogConfig: Setting CVar [[r.Shadow.MaxCSMResolution:2048]]
[2019.04.28-00.04.46:945][  0]LogConfig: Setting CVar [[r.Shadow.RadiusThreshold:0.01]]
[2019.04.28-00.04.46:945][  0]LogConfig: Setting CVar [[r.Shadow.DistanceScale:1.0]]
[2019.04.28-00.04.46:945][  0]LogConfig: Setting CVar [[r.Shadow.CSM.TransitionScale:1.0]]
[2019.04.28-00.04.46:945][  0]LogConfig: Setting CVar [[r.Shadow.PreShadowResolutionFactor:1.0]]
[2019.04.28-00.04.46:945][  0]LogConfig: Setting CVar [[r.DistanceFieldShadowing:1]]
[2019.04.28-00.04.46:945][  0]LogConfig: Setting CVar [[r.DistanceFieldAO:1]]
[2019.04.28-00.04.46:945][  0]LogConfig: Setting CVar [[r.AOQuality:2]]
[2019.04.28-00.04.46:945][  0]LogConfig: Setting CVar [[r.VolumetricFog:1]]
[2019.04.28-00.04.46:945][  0]LogConfig: Setting CVar [[r.VolumetricFog.GridPixelSize:8]]
[2019.04.28-00.04.46:945][  0]LogConfig: Setting CVar [[r.VolumetricFog.GridSizeZ:128]]
[2019.04.28-00.04.46:945][  0]LogConfig: Setting CVar [[r.VolumetricFog.HistoryMissSupersampleCount:4]]
[2019.04.28-00.04.46:945][  0]LogConfig: Setting CVar [[r.LightMaxDrawDistanceScale:1]]
[2019.04.28-00.04.46:945][  0]LogConfig: Setting CVar [[r.CapsuleShadows:1]]
[2019.04.28-00.04.46:945][  0]LogConfig: Applying CVar settings from Section [PostProcessQuality@3] File [D:/GitHub/WIZARD_WARS_4000/Wizard_Wars/Saved/Config/Windows/Scalability.ini]
[2019.04.28-00.04.46:945][  0]LogConfig: Setting CVar [[r.MotionBlurQuality:4]]
[2019.04.28-00.04.46:945][  0]LogConfig: Setting CVar [[r.AmbientOcclusionMipLevelFactor:0.4]]
[2019.04.28-00.04.46:945][  0]LogConfig: Setting CVar [[r.AmbientOcclusionMaxQuality:100]]
[2019.04.28-00.04.46:945][  0]LogConfig: Setting CVar [[r.AmbientOcclusionLevels:-1]]
[2019.04.28-00.04.46:945][  0]LogConfig: Setting CVar [[r.AmbientOcclusionRadiusScale:1.0]]
[2019.04.28-00.04.46:945][  0]LogConfig: Setting CVar [[r.DepthOfFieldQuality:2]]
[2019.04.28-00.04.46:945][  0]LogConfig: Setting CVar [[r.RenderTargetPoolMin:400]]
[2019.04.28-00.04.46:945][  0]LogConfig: Setting CVar [[r.LensFlareQuality:2]]
[2019.04.28-00.04.46:945][  0]LogConfig: Setting CVar [[r.SceneColorFringeQuality:1]]
[2019.04.28-00.04.46:945][  0]LogConfig: Setting CVar [[r.EyeAdaptationQuality:2]]
[2019.04.28-00.04.46:945][  0]LogConfig: Setting CVar [[r.BloomQuality:5]]
[2019.04.28-00.04.46:945][  0]LogConfig: Setting CVar [[r.FastBlurThreshold:100]]
[2019.04.28-00.04.46:945][  0]LogConfig: Setting CVar [[r.Upscale.Quality:3]]
[2019.04.28-00.04.46:945][  0]LogConfig: Setting CVar [[r.Tonemapper.GrainQuantization:1]]
[2019.04.28-00.04.46:945][  0]LogConfig: Setting CVar [[r.LightShaftQuality:1]]
[2019.04.28-00.04.46:945][  0]LogConfig: Setting CVar [[r.Filter.SizeScale:1]]
[2019.04.28-00.04.46:946][  0]LogConfig: Setting CVar [[r.Tonemapper.Quality:5]]
[2019.04.28-00.04.46:946][  0]LogConfig: Setting CVar [[r.DOF.Gather.AccumulatorQuality:1        ; higher gathering accumulator quality]]
[2019.04.28-00.04.46:946][  0]LogConfig: Setting CVar [[r.DOF.Gather.PostfilterMethod:1          ; Median3x3 postfilering method]]
[2019.04.28-00.04.46:946][  0]LogConfig: Setting CVar [[r.DOF.Gather.EnableBokehSettings:0       ; no bokeh simulation when gathering]]
[2019.04.28-00.04.46:946][  0]LogConfig: Setting CVar [[r.DOF.Gather.RingCount:4                 ; medium number of samples when gathering]]
[2019.04.28-00.04.46:946][  0]LogConfig: Setting CVar [[r.DOF.Scatter.ForegroundCompositing:1    ; additive foreground scattering]]
[2019.04.28-00.04.46:946][  0]LogConfig: Setting CVar [[r.DOF.Scatter.BackgroundCompositing:2    ; additive background scattering]]
[2019.04.28-00.04.46:946][  0]LogConfig: Setting CVar [[r.DOF.Scatter.EnableBokehSettings:1      ; bokeh simulation when scattering]]
[2019.04.28-00.04.46:946][  0]LogConfig: Setting CVar [[r.DOF.Scatter.MaxSpriteRatio:0.1         ; only a maximum of 10% of scattered bokeh]]
[2019.04.28-00.04.46:946][  0]LogConfig: Setting CVar [[r.DOF.Recombine.Quality:1                ; cheap slight out of focus]]
[2019.04.28-00.04.46:946][  0]LogConfig: Setting CVar [[r.DOF.Recombine.EnableBokehSettings:0    ; no bokeh simulation on slight out of focus]]
[2019.04.28-00.04.46:946][  0]LogConfig: Setting CVar [[r.DOF.TemporalAAQuality:1                ; more stable temporal accumulation]]
[2019.04.28-00.04.46:946][  0]LogConfig: Setting CVar [[r.DOF.Kernel.MaxForegroundRadius:0.025]]
[2019.04.28-00.04.46:946][  0]LogConfig: Setting CVar [[r.DOF.Kernel.MaxBackgroundRadius:0.025]]
[2019.04.28-00.04.46:946][  0]LogConfig: Applying CVar settings from Section [TextureQuality@3] File [D:/GitHub/WIZARD_WARS_4000/Wizard_Wars/Saved/Config/Windows/Scalability.ini]
[2019.04.28-00.04.46:946][  0]LogConfig: Setting CVar [[r.Streaming.MipBias:0]]
[2019.04.28-00.04.46:946][  0]LogConfig: Setting CVar [[r.Streaming.AmortizeCPUToGPUCopy:0]]
[2019.04.28-00.04.46:946][  0]LogConfig: Setting CVar [[r.Streaming.MaxNumTexturesToStreamPerFrame:0]]
[2019.04.28-00.04.46:946][  0]LogConfig: Setting CVar [[r.Streaming.Boost:1]]
[2019.04.28-00.04.46:946][  0]LogConfig: Setting CVar [[r.MaxAnisotropy:8]]
[2019.04.28-00.04.46:946][  0]LogConfig: Setting CVar [[r.Streaming.LimitPoolSizeToVRAM:0]]
[2019.04.28-00.04.46:946][  0]LogConfig: Setting CVar [[r.Streaming.PoolSize:1000]]
[2019.04.28-00.04.46:946][  0]LogConfig: Setting CVar [[r.Streaming.MaxEffectiveScreenSize:0]]
[2019.04.28-00.04.46:946][  0]LogConfig: Applying CVar settings from Section [EffectsQuality@3] File [D:/GitHub/WIZARD_WARS_4000/Wizard_Wars/Saved/Config/Windows/Scalability.ini]
[2019.04.28-00.04.46:946][  0]LogConfig: Setting CVar [[r.TranslucencyLightingVolumeDim:64]]
[2019.04.28-00.04.46:946][  0]LogConfig: Setting CVar [[r.RefractionQuality:2]]
[2019.04.28-00.04.46:946][  0]LogConfig: Setting CVar [[r.SSR.Quality:3]]
[2019.04.28-00.04.46:946][  0]LogConfig: Setting CVar [[r.SceneColorFormat:4]]
[2019.04.28-00.04.46:946][  0]LogConfig: Setting CVar [[r.DetailMode:2]]
[2019.04.28-00.04.46:946][  0]LogConfig: Setting CVar [[r.TranslucencyVolumeBlur:1]]
[2019.04.28-00.04.46:946][  0]LogConfig: Setting CVar [[r.MaterialQualityLevel:1 ; High quality]]
[2019.04.28-00.04.46:946][  0]LogConfig: Setting CVar [[r.SSS.Scale:1]]
[2019.04.28-00.04.46:946][  0]LogConfig: Setting CVar [[r.SSS.SampleSet:2]]
[2019.04.28-00.04.46:946][  0]LogConfig: Setting CVar [[r.SSS.Quality:1]]
[2019.04.28-00.04.46:946][  0]LogConfig: Setting CVar [[r.SSS.HalfRes:1]]
[2019.04.28-00.04.46:946][  0]LogConfig: Setting CVar [[r.EmitterSpawnRateScale:1.0]]
[2019.04.28-00.04.46:946][  0]LogConfig: Setting CVar [[r.ParticleLightQuality:2]]
[2019.04.28-00.04.46:946][  0]LogConfig: Applying CVar settings from Section [FoliageQuality@3] File [D:/GitHub/WIZARD_WARS_4000/Wizard_Wars/Saved/Config/Windows/Scalability.ini]
[2019.04.28-00.04.46:946][  0]LogConfig: Setting CVar [[foliage.DensityScale:1.0]]
[2019.04.28-00.04.46:946][  0]LogConfig: Setting CVar [[grass.DensityScale:1.0]]
[2019.04.28-00.04.46:954][  0]LogInit: Selected Device Profile: [Windows]
[2019.04.28-00.04.46:954][  0]LogInit: Applying CVar settings loaded from the selected device profile: [Windows]
[2019.04.28-00.04.47:015][  0]LogHAL: Display: Platform has ~ 8 GB [8459788288 / 8589934592 / 8], which maps to Default [LargestMinGB=32, LargerMinGB=12, DefaultMinGB=8, SmallerMinGB=6, SmallestMinGB=0)
[2019.04.28-00.04.47:015][  0]LogConfig: Setting CVar [[r.Vulkan.UseRealUBs:1]]
[2019.04.28-00.04.47:015][  0]LogInit: Going up to parent DeviceProfile []
[2019.04.28-00.04.47:015][  0]LogConfig: Applying CVar settings from Section [ViewDistanceQuality@3] File [D:/GitHub/WIZARD_WARS_4000/Wizard_Wars/Saved/Config/Windows/Scalability.ini]
[2019.04.28-00.04.47:015][  0]LogConfig: Setting CVar [[r.SkeletalMeshLODBias:0]]
[2019.04.28-00.04.47:015][  0]LogConfig: Setting CVar [[r.ViewDistanceScale:1.0]]
[2019.04.28-00.04.47:015][  0]LogConfig: Applying CVar settings from Section [AntiAliasingQuality@3] File [D:/GitHub/WIZARD_WARS_4000/Wizard_Wars/Saved/Config/Windows/Scalability.ini]
[2019.04.28-00.04.47:015][  0]LogConfig: Setting CVar [[r.PostProcessAAQuality:4]]
[2019.04.28-00.04.47:015][  0]LogConfig: Applying CVar settings from Section [ShadowQuality@3] File [D:/GitHub/WIZARD_WARS_4000/Wizard_Wars/Saved/Config/Windows/Scalability.ini]
[2019.04.28-00.04.47:015][  0]LogConfig: Setting CVar [[r.LightFunctionQuality:1]]
[2019.04.28-00.04.47:015][  0]LogConfig: Setting CVar [[r.ShadowQuality:5]]
[2019.04.28-00.04.47:015][  0]LogConfig: Setting CVar [[r.Shadow.CSM.MaxCascades:10]]
[2019.04.28-00.04.47:015][  0]LogConfig: Setting CVar [[r.Shadow.MaxResolution:2048]]
[2019.04.28-00.04.47:015][  0]LogConfig: Setting CVar [[r.Shadow.MaxCSMResolution:2048]]
[2019.04.28-00.04.47:015][  0]LogConfig: Setting CVar [[r.Shadow.RadiusThreshold:0.01]]
[2019.04.28-00.04.47:015][  0]LogConfig: Setting CVar [[r.Shadow.DistanceScale:1.0]]
[2019.04.28-00.04.47:015][  0]LogConfig: Setting CVar [[r.Shadow.CSM.TransitionScale:1.0]]
[2019.04.28-00.04.47:015][  0]LogConfig: Setting CVar [[r.Shadow.PreShadowResolutionFactor:1.0]]
[2019.04.28-00.04.47:015][  0]LogConfig: Setting CVar [[r.DistanceFieldShadowing:1]]
[2019.04.28-00.04.47:015][  0]LogConfig: Setting CVar [[r.DistanceFieldAO:1]]
[2019.04.28-00.04.47:015][  0]LogConfig: Setting CVar [[r.AOQuality:2]]
[2019.04.28-00.04.47:015][  0]LogConfig: Setting CVar [[r.VolumetricFog:1]]
[2019.04.28-00.04.47:015][  0]LogConfig: Setting CVar [[r.VolumetricFog.GridPixelSize:8]]
[2019.04.28-00.04.47:015][  0]LogConfig: Setting CVar [[r.VolumetricFog.GridSizeZ:128]]
[2019.04.28-00.04.47:015][  0]LogConfig: Setting CVar [[r.VolumetricFog.HistoryMissSupersampleCount:4]]
[2019.04.28-00.04.47:015][  0]LogConfig: Setting CVar [[r.LightMaxDrawDistanceScale:1]]
[2019.04.28-00.04.47:015][  0]LogConfig: Setting CVar [[r.CapsuleShadows:1]]
[2019.04.28-00.04.47:015][  0]LogConfig: Applying CVar settings from Section [PostProcessQuality@3] File [D:/GitHub/WIZARD_WARS_4000/Wizard_Wars/Saved/Config/Windows/Scalability.ini]
[2019.04.28-00.04.47:015][  0]LogConfig: Setting CVar [[r.MotionBlurQuality:4]]
[2019.04.28-00.04.47:015][  0]LogConfig: Setting CVar [[r.AmbientOcclusionMipLevelFactor:0.4]]
[2019.04.28-00.04.47:015][  0]LogConfig: Setting CVar [[r.AmbientOcclusionMaxQuality:100]]
[2019.04.28-00.04.47:015][  0]LogConfig: Setting CVar [[r.AmbientOcclusionLevels:-1]]
[2019.04.28-00.04.47:015][  0]LogConfig: Setting CVar [[r.AmbientOcclusionRadiusScale:1.0]]
[2019.04.28-00.04.47:015][  0]LogConfig: Setting CVar [[r.DepthOfFieldQuality:2]]
[2019.04.28-00.04.47:015][  0]LogConfig: Setting CVar [[r.RenderTargetPoolMin:400]]
[2019.04.28-00.04.47:015][  0]LogConfig: Setting CVar [[r.LensFlareQuality:2]]
[2019.04.28-00.04.47:015][  0]LogConfig: Setting CVar [[r.SceneColorFringeQuality:1]]
[2019.04.28-00.04.47:015][  0]LogConfig: Setting CVar [[r.EyeAdaptationQuality:2]]
[2019.04.28-00.04.47:015][  0]LogConfig: Setting CVar [[r.BloomQuality:5]]
[2019.04.28-00.04.47:015][  0]LogConfig: Setting CVar [[r.FastBlurThreshold:100]]
[2019.04.28-00.04.47:015][  0]LogConfig: Setting CVar [[r.Upscale.Quality:3]]
[2019.04.28-00.04.47:015][  0]LogConfig: Setting CVar [[r.Tonemapper.GrainQuantization:1]]
[2019.04.28-00.04.47:015][  0]LogConfig: Setting CVar [[r.LightShaftQuality:1]]
[2019.04.28-00.04.47:015][  0]LogConfig: Setting CVar [[r.Filter.SizeScale:1]]
[2019.04.28-00.04.47:015][  0]LogConfig: Setting CVar [[r.Tonemapper.Quality:5]]
[2019.04.28-00.04.47:015][  0]LogConfig: Setting CVar [[r.DOF.Gather.AccumulatorQuality:1        ; higher gathering accumulator quality]]
[2019.04.28-00.04.47:015][  0]LogConfig: Setting CVar [[r.DOF.Gather.PostfilterMethod:1          ; Median3x3 postfilering method]]
[2019.04.28-00.04.47:015][  0]LogConfig: Setting CVar [[r.DOF.Gather.EnableBokehSettings:0       ; no bokeh simulation when gathering]]
[2019.04.28-00.04.47:015][  0]LogConfig: Setting CVar [[r.DOF.Gather.RingCount:4                 ; medium number of samples when gathering]]
[2019.04.28-00.04.47:015][  0]LogConfig: Setting CVar [[r.DOF.Scatter.ForegroundCompositing:1    ; additive foreground scattering]]
[2019.04.28-00.04.47:015][  0]LogConfig: Setting CVar [[r.DOF.Scatter.BackgroundCompositing:2    ; additive background scattering]]
[2019.04.28-00.04.47:015][  0]LogConfig: Setting CVar [[r.DOF.Scatter.EnableBokehSettings:1      ; bokeh simulation when scattering]]
[2019.04.28-00.04.47:015][  0]LogConfig: Setting CVar [[r.DOF.Scatter.MaxSpriteRatio:0.1         ; only a maximum of 10% of scattered bokeh]]
[2019.04.28-00.04.47:015][  0]LogConfig: Setting CVar [[r.DOF.Recombine.Quality:1                ; cheap slight out of focus]]
[2019.04.28-00.04.47:015][  0]LogConfig: Setting CVar [[r.DOF.Recombine.EnableBokehSettings:0    ; no bokeh simulation on slight out of focus]]
[2019.04.28-00.04.47:015][  0]LogConfig: Setting CVar [[r.DOF.TemporalAAQuality:1                ; more stable temporal accumulation]]
[2019.04.28-00.04.47:015][  0]LogConfig: Setting CVar [[r.DOF.Kernel.MaxForegroundRadius:0.025]]
[2019.04.28-00.04.47:016][  0]LogConfig: Setting CVar [[r.DOF.Kernel.MaxBackgroundRadius:0.025]]
[2019.04.28-00.04.47:016][  0]LogConfig: Applying CVar settings from Section [TextureQuality@3] File [D:/GitHub/WIZARD_WARS_4000/Wizard_Wars/Saved/Config/Windows/Scalability.ini]
[2019.04.28-00.04.47:016][  0]LogConfig: Setting CVar [[r.Streaming.MipBias:0]]
[2019.04.28-00.04.47:016][  0]LogConfig: Setting CVar [[r.Streaming.AmortizeCPUToGPUCopy:0]]
[2019.04.28-00.04.47:016][  0]LogConfig: Setting CVar [[r.Streaming.MaxNumTexturesToStreamPerFrame:0]]
[2019.04.28-00.04.47:016][  0]LogConfig: Setting CVar [[r.Streaming.Boost:1]]
[2019.04.28-00.04.47:016][  0]LogConfig: Setting CVar [[r.MaxAnisotropy:8]]
[2019.04.28-00.04.47:016][  0]LogConfig: Setting CVar [[r.Streaming.LimitPoolSizeToVRAM:0]]
[2019.04.28-00.04.47:016][  0]LogConfig: Setting CVar [[r.Streaming.PoolSize:1000]]
[2019.04.28-00.04.47:016][  0]LogConfig: Setting CVar [[r.Streaming.MaxEffectiveScreenSize:0]]
[2019.04.28-00.04.47:016][  0]LogConfig: Applying CVar settings from Section [EffectsQuality@3] File [D:/GitHub/WIZARD_WARS_4000/Wizard_Wars/Saved/Config/Windows/Scalability.ini]
[2019.04.28-00.04.47:016][  0]LogConfig: Setting CVar [[r.TranslucencyLightingVolumeDim:64]]
[2019.04.28-00.04.47:016][  0]LogConfig: Setting CVar [[r.RefractionQuality:2]]
[2019.04.28-00.04.47:016][  0]LogConfig: Setting CVar [[r.SSR.Quality:3]]
[2019.04.28-00.04.47:016][  0]LogConfig: Setting CVar [[r.SceneColorFormat:4]]
[2019.04.28-00.04.47:016][  0]LogConfig: Setting CVar [[r.DetailMode:2]]
[2019.04.28-00.04.47:016][  0]LogConfig: Setting CVar [[r.TranslucencyVolumeBlur:1]]
[2019.04.28-00.04.47:016][  0]LogConfig: Setting CVar [[r.MaterialQualityLevel:1 ; High quality]]
[2019.04.28-00.04.47:016][  0]LogConfig: Setting CVar [[r.SSS.Scale:1]]
[2019.04.28-00.04.47:016][  0]LogConfig: Setting CVar [[r.SSS.SampleSet:2]]
[2019.04.28-00.04.47:016][  0]LogConfig: Setting CVar [[r.SSS.Quality:1]]
[2019.04.28-00.04.47:016][  0]LogConfig: Setting CVar [[r.SSS.HalfRes:1]]
[2019.04.28-00.04.47:016][  0]LogConfig: Setting CVar [[r.EmitterSpawnRateScale:1.0]]
[2019.04.28-00.04.47:016][  0]LogConfig: Setting CVar [[r.ParticleLightQuality:2]]
[2019.04.28-00.04.47:016][  0]LogConfig: Applying CVar settings from Section [FoliageQuality@3] File [D:/GitHub/WIZARD_WARS_4000/Wizard_Wars/Saved/Config/Windows/Scalability.ini]
[2019.04.28-00.04.47:016][  0]LogConfig: Setting CVar [[foliage.DensityScale:1.0]]
[2019.04.28-00.04.47:016][  0]LogConfig: Setting CVar [[grass.DensityScale:1.0]]
[2019.04.28-00.04.47:016][  0]LogConfig: Applying CVar settings from Section [Startup] File [../../../Engine/Config/ConsoleVariables.ini]
[2019.04.28-00.04.47:016][  0]LogConfig: Setting CVar [[net.UseAdaptiveNetUpdateFrequency:0]]
[2019.04.28-00.04.47:016][  0]LogConfig: Applying CVar settings from Section [ConsoleVariables] File [D:/GitHub/WIZARD_WARS_4000/Wizard_Wars/Saved/Config/Windows/Engine.ini]
[2019.04.28-00.04.47:025][  0]LogInit: Computer: DESKTOP-226LAUO
[2019.04.28-00.04.47:025][  0]LogInit: User: ShuxingLi
[2019.04.28-00.04.47:025][  0]LogInit: CPU Page size=4096, Cores=4
[2019.04.28-00.04.47:025][  0]LogInit: High frequency timer resolution =2.531251 MHz
[2019.04.28-00.04.47:032][  0]LogMemory: Memory total: Physical=7.9GB (8GB approx)
[2019.04.28-00.04.47:032][  0]LogMemory: Platform Memory Stats for Windows
[2019.04.28-00.04.47:032][  0]LogMemory: Process Physical Memory: 105.61 MB used, 105.61 MB peak
[2019.04.28-00.04.47:032][  0]LogMemory: Process Virtual Memory: 94.18 MB used, 94.18 MB peak
[2019.04.28-00.04.47:032][  0]LogMemory: Physical Memory: 5185.89 MB used,  2882.00 MB free, 8067.88 MB total
[2019.04.28-00.04.47:032][  0]LogMemory: Virtual Memory: 4656.69 MB used,  134213072.00 MB free, 134217728.00 MB total
[2019.04.28-00.04.47:684][  0]LogInit: Using OS detected language (zh-CN).
[2019.04.28-00.04.47:684][  0]LogInit: Using OS detected locale (zh-CN).
[2019.04.28-00.04.48:900][  0]LogStreaming: Display: Took  1.226s to InitEngineTextLocalization.
[2019.04.28-00.04.49:427][  0]LogSlate: New Slate User Created.  User Index 0, Is Virtual User: 0
[2019.04.28-00.04.49:427][  0]LogSlate: Slate User Registered.  User Index 0, Is Virtual User: 0
[2019.04.28-00.04.50:718][  0]LogHMD: Failed to initialize OpenVR with code 110
[2019.04.28-00.04.50:718][  0]LogD3D11RHI: D3D11 adapters:
[2019.04.28-00.04.51:027][  0]LogD3D11RHI:    0. 'NVIDIA GeForce GTX 970M' (Feature Level 11_0)
[2019.04.28-00.04.51:027][  0]LogD3D11RHI:       3032/0/4033 MB DedicatedVideo/DedicatedSystem/SharedSystem, Outputs:1, VendorId:0x10de
[2019.04.28-00.04.51:082][  0]LogD3D11RHI:    1. 'Intel(R) HD Graphics 530' (Feature Level 11_0)
[2019.04.28-00.04.51:082][  0]LogD3D11RHI:       128/0/4033 MB DedicatedVideo/DedicatedSystem/SharedSystem, Outputs:0, VendorId:0x8086
[2019.04.28-00.04.51:106][  0]LogD3D11RHI:    2. 'Microsoft Basic Render Driver' (Feature Level 11_0)
[2019.04.28-00.04.51:106][  0]LogD3D11RHI:       0/0/4033 MB DedicatedVideo/DedicatedSystem/SharedSystem, Outputs:0, VendorId:0x1414
[2019.04.28-00.04.51:106][  0]LogD3D11RHI: Chosen D3D11 Adapter: 0
[2019.04.28-00.04.51:164][  0]LogD3D11RHI: Creating new Direct3DDevice
[2019.04.28-00.04.51:164][  0]LogD3D11RHI:     GPU DeviceId: 0x13d8 (for the marketing name, search the web for "GPU Device Id")
[2019.04.28-00.04.51:164][  0]LogWindows: EnumDisplayDevices:
[2019.04.28-00.04.51:164][  0]LogWindows:    0. 'Intel(R) HD Graphics 530' (P:1 D:1)
[2019.04.28-00.04.51:165][  0]LogWindows:    1. 'Intel(R) HD Graphics 530' (P:0 D:0)
[2019.04.28-00.04.51:166][  0]LogWindows:    2. 'Intel(R) HD Graphics 530' (P:0 D:0)
[2019.04.28-00.04.51:166][  0]LogWindows: DebugString: PrimaryIsNotTheChoosenAdapter PrimaryIsNotTheChoosenAdapter PrimaryIsNotTheChoosenAdapter FoundDriverCount:0 
[2019.04.28-00.04.51:166][  0]LogD3D11RHI:     Adapter Name: NVIDIA GeForce GTX 970M
[2019.04.28-00.04.51:166][  0]LogD3D11RHI:   Driver Version: Unknown (internal:Unknown, unified:Unknown)
[2019.04.28-00.04.51:166][  0]LogD3D11RHI:      Driver Date: Unknown
[2019.04.28-00.04.51:166][  0]LogRHI: Texture pool is 2122 MB (70% of 3032 MB)
[2019.04.28-00.04.51:329][  0]LogD3D11RHI: Async texture creation enabled
[2019.04.28-00.04.51:455][  0]LogD3D11RHI: GPU Timing Frequency: 1000.000000 (Debug: 2 1)
[2019.04.28-00.04.53:507][  0]LogTemp: Display: Loaded TP AllDesktopTargetPlatform
[2019.04.28-00.04.53:559][  0]LogTemp: Display: Loaded TP MacClientTargetPlatform
[2019.04.28-00.04.53:604][  0]LogTemp: Display: Loaded TP MacNoEditorTargetPlatform
[2019.04.28-00.04.53:637][  0]LogTemp: Display: Loaded TP MacServerTargetPlatform
[2019.04.28-00.04.53:706][  0]LogTemp: Display: Loaded TP MacTargetPlatform
[2019.04.28-00.04.53:745][  0]LogTemp: Display: Loaded TP WindowsClientTargetPlatform
[2019.04.28-00.04.53:793][  0]LogTemp: Display: Loaded TP WindowsNoEditorTargetPlatform
[2019.04.28-00.04.53:836][  0]LogTemp: Display: Loaded TP WindowsServerTargetPlatform
[2019.04.28-00.04.53:876][  0]LogTemp: Display: Loaded TP WindowsTargetPlatform
[2019.04.28-00.04.54:082][  0]LogTemp: Display: Loaded TP AndroidTargetPlatform
[2019.04.28-00.04.54:082][  0]LogTemp: Display: Loaded TP AndroidTargetPlatform
[2019.04.28-00.04.54:082][  0]LogTemp: Display: Loaded TP AndroidTargetPlatform
[2019.04.28-00.04.54:082][  0]LogTemp: Display: Loaded TP AndroidTargetPlatform
[2019.04.28-00.04.54:082][  0]LogTemp: Display: Loaded TP AndroidTargetPlatform
[2019.04.28-00.04.54:082][  0]LogTemp: Display: Loaded TP AndroidTargetPlatform
[2019.04.28-00.04.54:082][  0]LogTemp: Display: Loaded TP AndroidTargetPlatform
[2019.04.28-00.04.54:082][  0]LogTemp: Display: Loaded TP AndroidTargetPlatform
[2019.04.28-00.04.54:083][  0]LogTemp: Display: Loaded TP AndroidTargetPlatform
[2019.04.28-00.04.54:083][  0]LogTemp: Display: Loaded TP AndroidTargetPlatform
[2019.04.28-00.04.54:083][  0]LogTemp: Display: Loaded TP AndroidTargetPlatform
[2019.04.28-00.04.54:083][  0]LogTemp: Display: Loaded TP AndroidTargetPlatform
[2019.04.28-00.04.54:083][  0]LogTemp: Display: Loaded TP AndroidTargetPlatform
[2019.04.28-00.04.54:083][  0]LogTemp: Display: Loaded TP AndroidTargetPlatform
[2019.04.28-00.04.54:083][  0]LogTemp: Display: Loaded TP AndroidTargetPlatform
[2019.04.28-00.04.54:083][  0]LogTemp: Display: Loaded TP AndroidTargetPlatform
[2019.04.28-00.04.54:083][  0]LogTemp: Display: Loaded TP AndroidTargetPlatform
[2019.04.28-00.04.54:083][  0]LogTemp: Display: Loaded TP AndroidTargetPlatform
[2019.04.28-00.04.54:177][  0]LogTemp: Display: Loaded TP HTML5TargetPlatform
[2019.04.28-00.04.54:380][  0]LogTemp: Display: Loaded TP IOSTargetPlatform
[2019.04.28-00.04.54:380][  0]LogTemp: Display: Loaded TP IOSTargetPlatform
[2019.04.28-00.04.54:422][  0]LogTemp: Display: Loaded TP TVOSTargetPlatform
[2019.04.28-00.04.54:422][  0]LogTemp: Display: Loaded TP TVOSTargetPlatform
[2019.04.28-00.04.54:454][  0]LogTemp: Display: Loaded TP LinuxClientTargetPlatform
[2019.04.28-00.04.54:479][  0]LogTemp: Display: Loaded TP LinuxNoEditorTargetPlatform
[2019.04.28-00.04.54:503][  0]LogTemp: Display: Loaded TP LinuxServerTargetPlatform
[2019.04.28-00.04.54:542][  0]LogTemp: Display: Loaded TP LinuxTargetPlatform
[2019.04.28-00.04.54:615][  0]LogTemp: Display: Loaded TP LuminTargetPlatform
[2019.04.28-00.04.54:615][  0]LogTemp: Display: Loaded TP LuminTargetPlatform
[2019.04.28-00.04.54:615][  0]LogTargetPlatformManager: Display: Building Assets For Windows
[2019.04.28-00.04.55:312][  0]LogShaderCompilers: Guid format shader working directory is -34 characters bigger than the processId version (../../../../../../GitHub/WIZARD_WARS_4000/Wizard_Wars/Intermediate/Shaders/WorkingDirectory/11436/).
[2019.04.28-00.04.55:312][  0]LogShaderCompilers: Cleaned the shader compiler working directory 'E:/Temp/UnrealShaderWorkingDir/34A237DC47B45DFD2AAFC1B258D49F72/'.
[2019.04.28-00.04.55:331][  0]LogXGEController: Cleaning working directory: E:/Temp/UnrealXGEWorkingDir/
[2019.04.28-00.04.55:332][  0]LogXGEController: Cannot use XGE Controller as Incredibuild is not installed on this machine.
[2019.04.28-00.04.55:332][  0]LogShaderCompilers: Cannot use XGE Shader Compiler as Incredibuild is not installed on this machine.
[2019.04.28-00.04.55:332][  0]LogShaderCompilers: Display: Using Local Shader Compiler.
[2019.04.28-00.04.56:808][  0]LogDerivedDataCache: Display: Max Cache Size: 512 MB
[2019.04.28-00.04.58:393][  0]LogDerivedDataCache: Loaded boot cache 1.57s 79MB C:/Users/Shuxing Li/AppData/Local/UnrealEngine/4.21/DerivedDataCache/Boot.ddc.
[2019.04.28-00.04.58:393][  0]LogDerivedDataCache: Display: Loaded Boot cache: C:/Users/Shuxing Li/AppData/Local/UnrealEngine/4.21/DerivedDataCache/Boot.ddc
[2019.04.28-00.04.58:393][  0]LogDerivedDataCache: FDerivedDataBackendGraph:  Pak pak cache file ../../../../../../GitHub/WIZARD_WARS_4000/Wizard_Wars/DerivedDataCache/DDC.ddp not found, will not use a pak cache.
[2019.04.28-00.04.58:393][  0]LogDerivedDataCache: Unable to find inner node Pak for hierarchical cache Hierarchy.
[2019.04.28-00.04.58:393][  0]LogDerivedDataCache: FDerivedDataBackendGraph:  CompressedPak pak cache file ../../../../../../GitHub/WIZARD_WARS_4000/Wizard_Wars/DerivedDataCache/Compressed.ddp not found, will not use a pak cache.
[2019.04.28-00.04.58:393][  0]LogDerivedDataCache: Unable to find inner node CompressedPak for hierarchical cache Hierarchy.
[2019.04.28-00.04.59:251][  0]LogDerivedDataCache: Display: Pak cache opened for reading ../../../Engine/DerivedDataCache/Compressed.ddp.
[2019.04.28-00.04.59:251][  0]LogDerivedDataCache: FDerivedDataBackendGraph:  EnterprisePak pak cache file ../../../Enterprise/DerivedDataCache/Compressed.ddp not found, will not use a pak cache.
[2019.04.28-00.04.59:251][  0]LogDerivedDataCache: Unable to find inner node EnterprisePak for hierarchical cache Hierarchy.
[2019.04.28-00.05.00:200][  0]LogDerivedDataCache: Using Local data cache path C:/Users/Shuxing Li/AppData/Local/UnrealEngine/Common/DerivedDataCache: Writable
[2019.04.28-00.05.00:200][  0]LogDerivedDataCache: Shared data cache path not found in *engine.ini, will not use an Shared cache.
[2019.04.28-00.05.00:200][  0]LogDerivedDataCache: Unable to find inner node Shared for hierarchical cache Hierarchy.
[2019.04.28-00.05.00:257][  0]LogMaterial: Verifying Global Shaders for PCD3D_SM5
[2019.04.28-00.05.00:295][  0]LogSlate: Using FreeType 2.6.0
[2019.04.28-00.05.00:321][  0]LogSlate: SlateFontServices - WITH_FREETYPE: 1, WITH_HARFBUZZ: 1
[2019.04.28-00.05.00:992][  0]LogAssetRegistry: FAssetRegistry took 0.0410 seconds to start up
[2019.04.28-00.05.05:669][  0]LogInit: Selected Device Profile: [Windows]
[2019.04.28-00.05.07:958][  0]LogSimplygon: Simplygon DLL not present - disabling.
[2019.04.28-00.05.08:423][  0]LogMeshReduction: Using SimplygonSwarm for distributed automatic mesh merging
[2019.04.28-00.05.08:423][  0]LogMeshReduction: Using ProxyLODMeshReduction for automatic mesh merging
[2019.04.28-00.05.08:447][  0]LogMeshReduction: Using QuadricMeshReduction for automatic static mesh reduction
[2019.04.28-00.05.08:447][  0]LogMeshReduction: No automatic skeletal mesh reduction module available
[2019.04.28-00.05.08:640][  0]LogNetVersion: Wizard_Wars 1.0.0, NetCL: 4541578, EngineNetVer: 5, GameNetVer: 0 (Checksum: 1501833635)
[2019.04.28-00.05.15:094][  0]LogPackageLocalizationCache: Processed 12 localized package path(s) for 4 prioritized culture(s) in 0.785071 seconds
[2019.04.28-00.05.15:132][  0]LogUObjectArray: 39788 objects as part of root set at end of initial load.
[2019.04.28-00.05.15:133][  0]LogUObjectAllocator: 6917688 out of 0 bytes used by permanent object pool.
[2019.04.28-00.05.15:133][  0]LogUObjectArray: CloseDisregardForGC: 0/0 objects in disregard for GC pool
[2019.04.28-00.05.35:574][  0]LogTcpMessaging: Initializing TcpMessaging bridge
[2019.04.28-00.05.35:602][  0]LogUdpMessaging: Initializing bridge on interface 0.0.0.0:0 to multicast group 230.0.0.1:6666.
[2019.04.28-00.05.37:831][  0]SourceControl: 源码管理已禁用
[2019.04.28-00.05.40:308][  0]LogAndroidPermission: UAndroidPermissionCallbackProxy::GetInstance
[2019.04.28-00.05.41:202][  0]LogOcInput: OculusInput pre-init called
[2019.04.28-00.05.43:095][  0]LogEngine: Initializing Engine...
[2019.04.28-00.05.43:119][  0]LogHMD: Failed to initialize OpenVR with code 110
[2019.04.28-00.05.43:140][  0]LogStats: UGameplayTagsManager::ConstructGameplayTagTree: ImportINI prefixes -  0.000 s
[2019.04.28-00.05.43:140][  0]LogStats: UGameplayTagsManager::ConstructGameplayTagTree: Construct from data asset -  0.000 s
[2019.04.28-00.05.43:140][  0]LogStats: UGameplayTagsManager::ConstructGameplayTagTree: ImportINI -  0.000 s
[2019.04.28-00.05.43:141][  0]LogStats: UGameplayTagsManager::ConstructGameplayTagTree: GameplayTagTreeChangedEvent.Broadcast -  0.000 s
[2019.04.28-00.05.43:989][  0]LogInit: Initializing FReadOnlyCVARCache
[2019.04.28-00.05.44:096][  0]LogAIModule: Creating AISystem for world Untitled
[2019.04.28-00.05.44:127][  0]LogInit: XAudio2 using '扬声器 (Realtek High Definition Audio)' : 2 channels at 48 kHz using 32 bits per sample (channel mask 0x3)
[2019.04.28-00.05.44:263][  0]LogInit: FAudioDevice initialized.
[2019.04.28-00.05.44:264][  0]LogNetVersion: Set ProjectVersion to 1.0.0.0. Version Checksum will be recalculated on next use.
[2019.04.28-00.05.44:633][  0]LogDerivedDataCache: Saved boot cache 0.37s 72MB C:/Users/Shuxing Li/AppData/Local/UnrealEngine/4.21/DerivedDataCache/Boot.ddc.
[2019.04.28-00.05.44:648][  0]LogInit: Texture streaming: Enabled
[2019.04.28-00.05.44:829][  0]LogEngineSessionManager: EngineSessionManager initialized
[2019.04.28-00.05.44:844][  0]LogEngineSessionManager: EngineSessionManager sent abnormal shutdown report. Type=Crashed, SessionId={0192B33A-41F6-FDD0-253C-E2B790743755}
[2019.04.28-00.05.45:093][  0]LogInit: Transaction tracking system initialized
[2019.04.28-00.05.45:446][  0]BlueprintLog: New page: 编辑器加载
[2019.04.28-00.05.46:493][  0]LocalizationService: 本地化服务已禁用
[2019.04.28-00.05.49:235][  0]LogCook: Display: Max memory allowance for cook 16384mb min free memory 0mb
[2019.04.28-00.05.49:236][  0]LogCook: Display: Mobile HDR setting 1
[2019.04.28-00.05.49:255][  0]LogGameplayTags: Display: UGameplayTagsManager::DoneAddingNativeTags. DelegateIsBound: 0
[2019.04.28-00.05.49:255][  0]LogStats: UGameplayTagsManager::ConstructGameplayTagTree: ImportINI prefixes -  0.000 s
[2019.04.28-00.05.49:255][  0]LogStats: UGameplayTagsManager::ConstructGameplayTagTree: Construct from data asset -  0.000 s
[2019.04.28-00.05.49:255][  0]LogFileCache: Scanning file cache for directory 'D:/GitHub/WIZARD_WARS_4000/Wizard_Wars/Content/' took 0.07s
[2019.04.28-00.05.49:255][  0]LogStats: UGameplayTagsManager::ConstructGameplayTagTree: ImportINI -  0.000 s
[2019.04.28-00.05.49:255][  0]LogStats: UGameplayTagsManager::ConstructGameplayTagTree: GameplayTagTreeChangedEvent.Broadcast -  0.000 s
[2019.04.28-00.05.51:904][  0]LogSlate: Took 0.000318 seconds to synchronously load lazily loaded font '../../../Engine/Content/Slate/Fonts/Roboto-Regular.ttf' (155K)
[2019.04.28-00.05.51:977][  0]LogSlate: Took 0.072895 seconds to synchronously load lazily loaded font '../../../Engine/Content/Slate/Fonts/DroidSansFallback.ttf' (3848K)
[2019.04.28-00.07.03:563][  0]LogSlate: Window '恢复包' being destroyed
[2019.04.28-00.07.03:615][  0]LogWindowsTextInputMethodSystem: Display: IME system now deactivated.
[2019.04.28-00.07.03:629][  0]LogWindowsTextInputMethodSystem: Display: IME system now deactivated.
[2019.04.28-00.07.03:643][  0]Cmd: MAP LOAD FILE="../../../../../../GitHub/WIZARD_WARS_4000/Wizard_Wars/Content/ThirdPersonBP/Maps/ThirdPersonExampleMap.umap" TEMPLATE=0 SHOWPROGRESS=1 FEATURELEVEL=3
[2019.04.28-00.07.03:658][  0]LightingResults: New page: 光照构建
[2019.04.28-00.07.03:699][  0]MapCheck: New page: 地图检测
[2019.04.28-00.07.03:699][  0]LightingResults: New page: 光照构建
[2019.04.28-00.07.20:729][  0]LogNiagara: Emitter /Game/ThirdPersonBP/ParticleSystems/Fire/PSN_Fire.PSN_Fire:NiagaraEmitter_0-PEN_Flames is merging changes from source /Game/ThirdPersonBP/ParticleSystems/Fire/PEN_Flames.PEN_Flames because its Change ID was updated.
[2019.04.28-00.07.20:802][  0]LogNiagaraEditor: 'NiagaraGraph /Engine/Transient.PEN_Flames:NiagaraScriptSource_0.NiagaraGraph_0' changes synchronized with master script in EmitterSpawnScript .. synced guid: FB285E274582B37FDE0C7D9BB2536CBC
[2019.04.28-00.07.20:802][  0]LogNiagaraEditor: 'NiagaraGraph /Engine/Transient.PEN_Flames:NiagaraScriptSource_0.NiagaraGraph_0' changes synchronized with master script in EmitterUpdateScript .. synced guid: 1391AF704EDD8659E894868EFA43276D
[2019.04.28-00.07.20:802][  0]LogNiagaraEditor: 'NiagaraGraph /Engine/Transient.PEN_Flames:NiagaraScriptSource_0.NiagaraGraph_0' changes synchronized with master script in ParticleSpawnScript .. synced guid: BEA3C38848B3F7CFEE7439ABB1F450CC
[2019.04.28-00.07.20:802][  0]LogNiagaraEditor: 'NiagaraGraph /Engine/Transient.PEN_Flames:NiagaraScriptSource_0.NiagaraGraph_0' changes synchronized with master script in ParticleUpdateScript .. synced guid: 325D7D41495047DC5B090D8C38C26E45
[2019.04.28-00.07.20:802][  0]LogNiagaraEditor: 'NiagaraGraph /Engine/Transient.PEN_Flames:NiagaraScriptSource_0.NiagaraGraph_0' changes synchronized with master script in ParticleGPUComputeScript .. synced guid: 9B4D09024A8641ED5374D4903CAADD8A
[2019.04.28-00.07.20:859][  0]LogNiagara: System /Game/ThirdPersonBP/ParticleSystems/Fire/PSN_Fire.PSN_Fire being compiled because there were changes to a system script Change ID.
[2019.04.28-00.07.20:859][  0]LogNiagara: System /Game/ThirdPersonBP/ParticleSystems/Fire/PSN_Fire.PSN_Fire being compiled because graph changes were merged for a base emitter.
[2019.04.28-00.07.20:921][  0]LogNiagara: PostLoad LUT generation is out of sync. Please investigate. /Engine/Transient.NiagaraScriptSource_0:NiagaraGraph_0.NiagaraNodeFunctionCall_25.ColorFromCurve.NiagaraScriptSource_0.NiagaraGraph_0.NiagaraNodeInput_38.NiagaraDataInterfaceColorCurve_1
[2019.04.28-00.07.21:012][  0]LogNiagaraEditor: '/Game/ThirdPersonBP/ParticleSystems/Fire/PSN_Fire' Precompile took 0.152984 sec.
[2019.04.28-00.07.21:012][  0]LogNiagara: Script 'NiagaraScript /Game/ThirdPersonBP/ParticleSystems/Fire/PSN_Fire.PSN_Fire:PEN_Flames_0.SpawnScript' is in-sync skipping compile..
[2019.04.28-00.07.21:012][  0]LogNiagara: Script 'NiagaraScript /Game/ThirdPersonBP/ParticleSystems/Fire/PSN_Fire.PSN_Fire:PEN_Flames_0.UpdateScript' is in-sync skipping compile..
[2019.04.28-00.07.21:012][  0]LogNiagara: Script 'NiagaraScript /Game/ThirdPersonBP/ParticleSystems/Fire/PSN_Fire.PSN_Fire:PEN_Flames_0.EmitterSpawnScript' is in-sync skipping compile..
[2019.04.28-00.07.21:012][  0]LogNiagara: Script 'NiagaraScript /Game/ThirdPersonBP/ParticleSystems/Fire/PSN_Fire.PSN_Fire:PEN_Flames_0.EmitterUpdateScript' is in-sync skipping compile..
[2019.04.28-00.07.21:082][  0]LogNiagaraEditor: Compiling System NiagaraScript /Game/ThirdPersonBP/ParticleSystems/Fire/PSN_Fire.PSN_Fire:SystemUpdateScript ...................................................................
[2019.04.28-00.07.21:082][  0]LogNiagaraEditor: Compiling System NiagaraScript /Game/ThirdPersonBP/ParticleSystems/Fire/PSN_Fire.PSN_Fire:SystemSpawnScript ...................................................................
[2019.04.28-00.07.21:082][  0]LogNiagara: Emitter /Game/ThirdPersonBP/ParticleSystems/Water_Drops/PSN_Water_Drops.PSN_Water_Drops:NiagaraEmitter_0-PEN_Water_Drops is merging changes from source /Game/ThirdPersonBP/ParticleSystems/Water_Drops/PEN_Water_Drops.PEN_Water_Drops because its Change ID was updated.
[2019.04.28-00.07.21:103][  0]LogNiagaraEditor: 'NiagaraGraph /Engine/Transient.PEN_Water_Drops:NiagaraScriptSource_0.NiagaraGraph_0' changes synchronized with master script in EmitterSpawnScript .. synced guid: FB285E274582B37FDE0C7D9BB2536CBC
[2019.04.28-00.07.21:103][  0]LogNiagaraEditor: 'NiagaraGraph /Engine/Transient.PEN_Water_Drops:NiagaraScriptSource_0.NiagaraGraph_0' changes synchronized with master script in EmitterUpdateScript .. synced guid: B3C8F76846BC1D39D556B69F3ED15226
[2019.04.28-00.07.21:103][  0]LogNiagaraEditor: 'NiagaraGraph /Engine/Transient.PEN_Water_Drops:NiagaraScriptSource_0.NiagaraGraph_0' changes synchronized with master script in ParticleSpawnScript .. synced guid: E9DD0C07461E16B80E09C4AAC197D56D
[2019.04.28-00.07.21:103][  0]LogNiagaraEditor: 'NiagaraGraph /Engine/Transient.PEN_Water_Drops:NiagaraScriptSource_0.NiagaraGraph_0' changes synchronized with master script in ParticleUpdateScript .. synced guid: A2B7506640394C21507832836A1EE442
[2019.04.28-00.07.21:103][  0]LogNiagaraEditor: 'NiagaraGraph /Engine/Transient.PEN_Water_Drops:NiagaraScriptSource_0.NiagaraGraph_0' changes synchronized with master script in ParticleGPUComputeScript .. synced guid: 6E12A0564001A9A19D3FC2864546E54D
[2019.04.28-00.07.21:127][  0]LogNiagara: System /Game/ThirdPersonBP/ParticleSystems/Water_Drops/PSN_Water_Drops.PSN_Water_Drops being compiled because there were changes to a system script Change ID.
[2019.04.28-00.07.21:127][  0]LogNiagara: System /Game/ThirdPersonBP/ParticleSystems/Water_Drops/PSN_Water_Drops.PSN_Water_Drops being compiled because graph changes were merged for a base emitter.
[2019.04.28-00.07.21:171][  0]LogNiagara: PostLoad LUT generation is out of sync. Please investigate. /Engine/Transient.NiagaraScriptSource_1:NiagaraGraph_0.NiagaraNodeFunctionCall_14.Vector2DFromCurve.NiagaraScriptSource_0.NiagaraGraph_0.NiagaraNodeInput_33.DefaultCurve
[2019.04.28-00.07.21:187][  0]LogNiagaraEditor: '/Game/ThirdPersonBP/ParticleSystems/Water_Drops/PSN_Water_Drops' Precompile took 0.059298 sec.
[2019.04.28-00.07.21:187][  0]LogNiagara: Script 'NiagaraScript /Game/ThirdPersonBP/ParticleSystems/Water_Drops/PSN_Water_Drops.PSN_Water_Drops:PEN_Water_Drops_0.SpawnScript' is in-sync skipping compile..
[2019.04.28-00.07.21:187][  0]LogNiagara: Script 'NiagaraScript /Game/ThirdPersonBP/ParticleSystems/Water_Drops/PSN_Water_Drops.PSN_Water_Drops:PEN_Water_Drops_0.UpdateScript' is in-sync skipping compile..
[2019.04.28-00.07.21:187][  0]LogNiagara: Script 'NiagaraScript /Game/ThirdPersonBP/ParticleSystems/Water_Drops/PSN_Water_Drops.PSN_Water_Drops:PEN_Water_Drops_0.EmitterSpawnScript' is in-sync skipping compile..
[2019.04.28-00.07.21:187][  0]LogNiagara: Script 'NiagaraScript /Game/ThirdPersonBP/ParticleSystems/Water_Drops/PSN_Water_Drops.PSN_Water_Drops:PEN_Water_Drops_0.EmitterUpdateScript' is in-sync skipping compile..
[2019.04.28-00.07.21:764][  0]LogNiagaraEditor: Compiling System NiagaraScript /Game/ThirdPersonBP/ParticleSystems/Water_Drops/PSN_Water_Drops.PSN_Water_Drops:SystemUpdateScript ...................................................................
[2019.04.28-00.07.21:765][  0]LogNiagaraEditor: Compiling System NiagaraScript /Game/ThirdPersonBP/ParticleSystems/Water_Drops/PSN_Water_Drops.PSN_Water_Drops:SystemSpawnScript ...................................................................
[2019.04.28-00.07.21:765][  0]LogNiagaraEditor: Compiling System NiagaraScript /Game/ThirdPersonBP/ParticleSystems/Fire/PSN_Fire.PSN_Fire:SystemUpdateScript took 0.659777 sec (0.047213/0.612194)... Status NCS_UpToDate
[2019.04.28-00.07.22:809][  0]LogNiagaraEditor: Compiling System NiagaraScript /Game/ThirdPersonBP/ParticleSystems/Fire/PSN_Fire.PSN_Fire:SystemSpawnScript took 0.741302 sec (0.040751/0.095216)... Status NCS_UpToDate
[2019.04.28-00.07.22:809][  0]LogNiagaraEditor: Compiling System NiagaraScript /Game/ThirdPersonBP/ParticleSystems/Water_Drops/PSN_Water_Drops.PSN_Water_Drops:SystemUpdateScript took 0.843184 sec (0.011017/0.339386)... Status NCS_UpToDate
[2019.04.28-00.07.22:809][  0]LogNiagaraEditor: Compiling System NiagaraScript /Game/ThirdPersonBP/ParticleSystems/Water_Drops/PSN_Water_Drops.PSN_Water_Drops:SystemSpawnScript took 0.917483 sec (0.009536/0.079082)... Status NCS_UpToDate
[2019.04.28-00.07.31:580][  0]LogAIModule: Creating AISystem for world ThirdPersonExampleMap
[2019.04.28-00.07.31:613][  0]LogNiagara: UNiagraScript 'NiagaraScript /Game/ThirdPersonBP/ParticleSystems/Fire/PSN_Fire.PSN_Fire:SystemSpawnScript' was built locally..
[2019.04.28-00.07.31:613][  0]LogNiagara: UNiagraScript 'NiagaraScript /Game/ThirdPersonBP/ParticleSystems/Fire/PSN_Fire.PSN_Fire:SystemUpdateScript' was built locally..
[2019.04.28-00.07.31:642][  0]LogNiagara: Compiling System NiagaraSystem /Game/ThirdPersonBP/ParticleSystems/Fire/PSN_Fire.PSN_Fire took 10.782780 sec (wall time), 1.401079 sec (combined time).
[2019.04.28-00.07.31:645][  0]LogNiagara: UNiagraScript 'NiagaraScript /Game/ThirdPersonBP/ParticleSystems/Water_Drops/PSN_Water_Drops.PSN_Water_Drops:SystemSpawnScript' was built locally..
[2019.04.28-00.07.31:645][  0]LogNiagara: UNiagraScript 'NiagaraScript /Game/ThirdPersonBP/ParticleSystems/Water_Drops/PSN_Water_Drops.PSN_Water_Drops:SystemUpdateScript' was built locally..
[2019.04.28-00.07.31:649][  0]LogNiagara: Compiling System NiagaraSystem /Game/ThirdPersonBP/ParticleSystems/Water_Drops/PSN_Water_Drops.PSN_Water_Drops took 10.521165 sec (wall time), 1.760667 sec (combined time).
[2019.04.28-00.07.31:683][  0]LogEditorServer: Finished looking for orphan Actors (0.000 secs)
[2019.04.28-00.07.31:766][  0]Cmd: MAP CHECKDEP NOCLEARLOG
[2019.04.28-00.07.31:781][  0]MapCheck: 地图检测完成：0个错误，0 个警告，用时14.69毫秒完成。
[2019.04.28-00.07.31:781][  0]LogFileHelpers: Loading map 'ThirdPersonExampleMap' took 28.137
[2019.04.28-00.07.32:239][  0]LogSlate: Updating window title bar state: overlay mode, drag disabled, window buttons hidden, title bar hidden
[2019.04.28-00.07.32:255][  0]LogSlate: Updating window title bar state: overlay mode, drag disabled, window buttons hidden, title bar hidden
[2019.04.28-00.07.32:272][  0]LogSlate: Updating window title bar state: overlay mode, drag disabled, window buttons hidden, title bar hidden
[2019.04.28-00.07.32:281][  0]LogSlate: Updating window title bar state: overlay mode, drag disabled, window buttons hidden, title bar hidden
[2019.04.28-00.07.32:439][  0]LogCollectionManager: Loaded 0 collections in 0.001660 seconds
[2019.04.28-00.07.32:755][  0]LogFileCache: Scanning file cache for directory 'D:/GitHub/WIZARD_WARS_4000/Wizard_Wars/Saved/Collections/' took 0.01s
[2019.04.28-00.07.32:755][  0]LogFileCache: Scanning file cache for directory 'D:/GitHub/WIZARD_WARS_4000/Wizard_Wars/Content/Developers/ShuxingLi/Collections/' took 0.02s
[2019.04.28-00.07.32:755][  0]LogFileCache: Scanning file cache for directory 'D:/GitHub/WIZARD_WARS_4000/Wizard_Wars/Content/Collections/' took 0.01s
[2019.04.28-00.07.32:755][  0]LogCollectionManager: Rebuilt the GUID cache for 0 collections in 0.000002 seconds
[2019.04.28-00.07.32:776][  0]LogContentBrowser: Native class hierarchy populated in 0.0119 seconds. Added 2770 classes and 636 folders.
[2019.04.28-00.07.32:907][  0]LogContentBrowser: Native class hierarchy updated for 'WidgetCarousel' in 0.0004 seconds. Added 0 classes and 0 folders.
[2019.04.28-00.07.32:984][  0]LogPakFile: Registered encryption key '00000000000000000000000000000000': 0 pak files mounted, 0 remain pending
[2019.04.28-00.07.33:018][  0]LogPakFile: Registered encryption key '00000000000000000000000000000000': 0 pak files mounted, 0 remain pending
[2019.04.28-00.07.33:020][  0]LogPakFile: Registered encryption key '00000000000000000000000000000000': 0 pak files mounted, 0 remain pending
[2019.04.28-00.07.33:044][  0]LogPakFile: Registered encryption key '00000000000000000000000000000000': 0 pak files mounted, 0 remain pending
[2019.04.28-00.07.33:052][  0]LogPakFile: Registered encryption key '00000000000000000000000000000000': 0 pak files mounted, 0 remain pending
[2019.04.28-00.07.33:065][  0]LogPakFile: Registered encryption key '00000000000000000000000000000000': 0 pak files mounted, 0 remain pending
[2019.04.28-00.07.33:075][  0]LogPakFile: Registered encryption key '00000000000000000000000000000000': 0 pak files mounted, 0 remain pending
[2019.04.28-00.07.33:091][  0]LogPakFile: Registered encryption key '00000000000000000000000000000000': 0 pak files mounted, 0 remain pending
[2019.04.28-00.07.33:093][  0]LogPakFile: Registered encryption key '00000000000000000000000000000000': 0 pak files mounted, 0 remain pending
[2019.04.28-00.07.33:103][  0]LogPakFile: Registered encryption key '00000000000000000000000000000000': 0 pak files mounted, 0 remain pending
[2019.04.28-00.07.33:112][  0]LogPakFile: Registered encryption key '00000000000000000000000000000000': 0 pak files mounted, 0 remain pending
[2019.04.28-00.07.33:134][  0]LogPakFile: Registered encryption key '00000000000000000000000000000000': 0 pak files mounted, 0 remain pending
[2019.04.28-00.07.33:136][  0]LogPakFile: Registered encryption key '00000000000000000000000000000000': 0 pak files mounted, 0 remain pending
[2019.04.28-00.07.33:147][  0]LogPakFile: Registered encryption key '00000000000000000000000000000000': 0 pak files mounted, 0 remain pending
[2019.04.28-00.07.33:158][  0]LogPakFile: Registered encryption key '00000000000000000000000000000000': 0 pak files mounted, 0 remain pending
[2019.04.28-00.07.33:167][  0]LogPakFile: Registered encryption key '00000000000000000000000000000000': 0 pak files mounted, 0 remain pending
[2019.04.28-00.07.33:169][  0]LogPakFile: Registered encryption key '00000000000000000000000000000000': 0 pak files mounted, 0 remain pending
[2019.04.28-00.07.33:172][  0]LogPakFile: Registered encryption key '00000000000000000000000000000000': 0 pak files mounted, 0 remain pending
[2019.04.28-00.07.33:182][  0]LogPakFile: Registered encryption key '00000000000000000000000000000000': 0 pak files mounted, 0 remain pending
[2019.04.28-00.07.33:190][  0]LogPakFile: Registered encryption key '00000000000000000000000000000000': 0 pak files mounted, 0 remain pending
[2019.04.28-00.07.33:201][  0]LogPakFile: Registered encryption key '00000000000000000000000000000000': 0 pak files mounted, 0 remain pending
[2019.04.28-00.07.33:204][  0]LogPakFile: Registered encryption key '00000000000000000000000000000000': 0 pak files mounted, 0 remain pending
[2019.04.28-00.07.33:207][  0]LogPakFile: Registered encryption key '00000000000000000000000000000000': 0 pak files mounted, 0 remain pending
[2019.04.28-00.07.33:221][  0]LogPakFile: Registered encryption key '00000000000000000000000000000000': 0 pak files mounted, 0 remain pending
[2019.04.28-00.07.33:271][  0]LogPakFile: Registered encryption key '00000000000000000000000000000000': 0 pak files mounted, 0 remain pending
[2019.04.28-00.07.33:274][  0]LogPakFile: Registered encryption key '00000000000000000000000000000000': 0 pak files mounted, 0 remain pending
[2019.04.28-00.07.34:063][  0]LogContentBrowser: Native class hierarchy updated for 'AddContentDialog' in 0.0003 seconds. Added 0 classes and 0 folders.
[2019.04.28-00.07.34:099][  0]LogContentBrowser: Native class hierarchy updated for 'SceneOutliner' in 0.0004 seconds. Added 1 classes and 2 folders.
[2019.04.28-00.07.34:185][  0]LogSlate: Took 0.000263 seconds to synchronously load lazily loaded font '../../../Engine/Content/Slate/Fonts/Roboto-Bold.ttf' (160K)
[2019.04.28-00.07.34:218][  0]LogSlate: Took 0.018289 seconds to synchronously load lazily loaded font '../../../Engine/Content/Editor/Slate/Fonts/FontAwesome.ttf' (139K)
[2019.04.28-00.07.34:564][  0]LogRenderer: Reallocating scene render targets to support 1192x668 Format 10 NumSamples 1 (Frame:1).
[2019.04.28-00.07.34:976][  0]LogSlate: Took 0.015456 seconds to synchronously load lazily loaded font '../../../Engine/Content/Slate/Fonts/Roboto-Light.ttf' (167K)
[2019.04.28-00.07.35:297][  0]LogContentBrowser: Native class hierarchy updated for 'HierarchicalLODOutliner' in 0.0006 seconds. Added 0 classes and 0 folders.
[2019.04.28-00.07.35:299][  0]LogLoad: (Engine Initialization) Total time: 202.19 seconds
[2019.04.28-00.07.35:299][  0]LogLoad: (Engine Initialization) Total Blueprint compile time: 0.00 seconds
[2019.04.28-00.07.35:706][  0]LogContentStreaming: Texture pool size now 1000 MB
[2019.04.28-00.07.36:152][  1]LogFileCache: Retrieving MD5 hashes for directory 'D:/GitHub/WIZARD_WARS_4000/Wizard_Wars/Content/' took 0.76s
[2019.04.28-00.07.36:262][  3]LogNiagara: FNiagaraGlobalReadBuffer::InitRHI
[2019.04.28-00.07.36:574][  8]LogAssetRegistry: Asset discovery search completed in 155.6048 seconds
[2019.04.28-00.07.36:576][  8]LogCollectionManager: Rebuilt the object cache for 0 collections in 0.000000 seconds (found 0 objects)
[2019.04.28-00.07.36:577][  8]LogCollectionManager: Fixed up redirectors for 0 collections in 0.000097 seconds (updated 0 objects)
[2019.04.28-00.07.39:372][171]LogSlate: FSceneViewport::OnFocusLost() reason 0
[2019.04.28-00.07.41:230][272]LogSlate: Took 0.000363 seconds to synchronously load lazily loaded font '../../../Engine/Content/Slate/Fonts/Roboto-Light.ttf' (167K)
[2019.04.28-00.07.41:266][272]LogAssetEditorManager: Opening Asset editor for Blueprint /Game/ThirdPersonBP/Blueprints/ThirdPersonCharacter.ThirdPersonCharacter
[2019.04.28-00.07.41:923][272]LogEnum: Warning: Enum name collision: 'ENiagaraCoordinateSpace::NewEnumerator0' is in both '/Game/Functions/Localspace/ENiagaraCoordinateSpace.ENiagaraCoordinateSpace' and '/Niagara/Functions/Localspace/ENiagaraCoordinateSpace.ENiagaraCoordinateSpace'
[2019.04.28-00.07.41:923][272]LogEnum: Warning: Enum name collision: 'ENiagaraCoordinateSpace::NewEnumerator1' is in both '/Game/Functions/Localspace/ENiagaraCoordinateSpace.ENiagaraCoordinateSpace' and '/Niagara/Functions/Localspace/ENiagaraCoordinateSpace.ENiagaraCoordinateSpace'
[2019.04.28-00.07.41:923][272]LogEnum: Warning: Enum name collision: 'ENiagaraCoordinateSpace::NewEnumerator2' is in both '/Game/Functions/Localspace/ENiagaraCoordinateSpace.ENiagaraCoordinateSpace' and '/Niagara/Functions/Localspace/ENiagaraCoordinateSpace.ENiagaraCoordinateSpace'
[2019.04.28-00.07.41:923][272]LogEnum: Warning: Enum name collision: 'ENiagaraCoordinateSpace::ENiagaraCoordinateSpace_MAX' is in both '/Game/Functions/Localspace/ENiagaraCoordinateSpace.ENiagaraCoordinateSpace' and '/Niagara/Functions/Localspace/ENiagaraCoordinateSpace.ENiagaraCoordinateSpace'
[2019.04.28-00.07.41:923][272]LogEnum: Warning: Enum name collision: 'ENiagaraCoordinateSpace::NewEnumerator0' is in both '/Game/Functions/Localspace/ENiagaraCoordinateSpace.ENiagaraCoordinateSpace' and '/Niagara/Functions/Localspace/ENiagaraCoordinateSpace.ENiagaraCoordinateSpace'
[2019.04.28-00.07.41:923][272]LogEnum: Warning: Enum name collision: 'ENiagaraCoordinateSpace::NewEnumerator1' is in both '/Game/Functions/Localspace/ENiagaraCoordinateSpace.ENiagaraCoordinateSpace' and '/Niagara/Functions/Localspace/ENiagaraCoordinateSpace.ENiagaraCoordinateSpace'
[2019.04.28-00.07.41:923][272]LogEnum: Warning: Enum name collision: 'ENiagaraCoordinateSpace::NewEnumerator2' is in both '/Game/Functions/Localspace/ENiagaraCoordinateSpace.ENiagaraCoordinateSpace' and '/Niagara/Functions/Localspace/ENiagaraCoordinateSpace.ENiagaraCoordinateSpace'
[2019.04.28-00.07.41:930][272]LogEnum: Warning: Enum name collision: 'ENiagaraOrientationAxis::NewEnumerator0' is in both '/Game/Functions/Localspace/ENiagaraOrientationAxis.ENiagaraOrientationAxis' and '/Niagara/Functions/Localspace/ENiagaraOrientationAxis.ENiagaraOrientationAxis'
[2019.04.28-00.07.41:930][272]LogEnum: Warning: Enum name collision: 'ENiagaraOrientationAxis::NewEnumerator1' is in both '/Game/Functions/Localspace/ENiagaraOrientationAxis.ENiagaraOrientationAxis' and '/Niagara/Functions/Localspace/ENiagaraOrientationAxis.ENiagaraOrientationAxis'
[2019.04.28-00.07.41:930][272]LogEnum: Warning: Enum name collision: 'ENiagaraOrientationAxis::NewEnumerator2' is in both '/Game/Functions/Localspace/ENiagaraOrientationAxis.ENiagaraOrientationAxis' and '/Niagara/Functions/Localspace/ENiagaraOrientationAxis.ENiagaraOrientationAxis'
[2019.04.28-00.07.41:930][272]LogEnum: Warning: Enum name collision: 'ENiagaraOrientationAxis::ENiagaraOrientationAxis_MAX' is in both '/Game/Functions/Localspace/ENiagaraOrientationAxis.ENiagaraOrientationAxis' and '/Niagara/Functions/Localspace/ENiagaraOrientationAxis.ENiagaraOrientationAxis'
[2019.04.28-00.07.41:930][272]LogEnum: Warning: Enum name collision: 'ENiagaraOrientationAxis::NewEnumerator0' is in both '/Game/Functions/Localspace/ENiagaraOrientationAxis.ENiagaraOrientationAxis' and '/Niagara/Functions/Localspace/ENiagaraOrientationAxis.ENiagaraOrientationAxis'
[2019.04.28-00.07.41:930][272]LogEnum: Warning: Enum name collision: 'ENiagaraOrientationAxis::NewEnumerator1' is in both '/Game/Functions/Localspace/ENiagaraOrientationAxis.ENiagaraOrientationAxis' and '/Niagara/Functions/Localspace/ENiagaraOrientationAxis.ENiagaraOrientationAxis'
[2019.04.28-00.07.41:930][272]LogEnum: Warning: Enum name collision: 'ENiagaraOrientationAxis::NewEnumerator2' is in both '/Game/Functions/Localspace/ENiagaraOrientationAxis.ENiagaraOrientationAxis' and '/Niagara/Functions/Localspace/ENiagaraOrientationAxis.ENiagaraOrientationAxis'
[2019.04.28-00.07.42:049][272]LogContentBrowser: Native class hierarchy updated for 'BlueprintGraph' in 0.0008 seconds. Added 117 classes and 0 folders.
[2019.04.28-00.07.43:314][272]LogSlate: Took 0.012828 seconds to synchronously load lazily loaded font '../../../Engine/Content/Slate/Fonts/Roboto-BoldCondensed.ttf' (158K)
[2019.04.28-00.07.43:605][273]LogSlate: Took 0.000331 seconds to synchronously load lazily loaded font '../../../Engine/Content/Slate/Fonts/Roboto-Italic.ttf' (157K)
[2019.04.28-00.07.44:351][304]LogAssetEditorManager: Opening Asset editor for Blueprint /Game/ThirdPersonBP/Blueprints/Pirate.Pirate
[2019.04.28-00.07.47:009][415]LogAssetEditorManager: Opening Asset editor for Blueprint /Game/ThirdPersonBP/Blueprints/Cowboy.Cowboy
[2019.04.28-00.07.49:621][527]LogActorComponent: UnregisterComponent: (/Engine/Transient.EditorFloorComp) Not registered. Aborting.
[2019.04.28-00.07.50:401][560]LogSlate: Window 'ThirdPersonCharacter' being destroyed
[2019.04.28-00.07.50:411][560]LogActorComponent: UnregisterComponent: (/Engine/Transient.EditorFloorComp) Not registered. Aborting.
[2019.04.28-00.08.07:119][190]LogFactory: FactoryCreateFile: StaticMesh with AlembicImportFactory (0 0 D:\Tree1.ABC)
[2019.04.28-00.08.11:500][190]LogSlate: Window 'Alembic缓存导入选项' being destroyed
[2019.04.28-00.08.11:515][190]LogOutputDevice: Warning: 

Script Stack (0 frames):

[2019.04.28-00.08.11:516][190]LogWindows: Windows GetLastError: 操作成功完成。 (0)
[2019.04.28-00.08.16:010][190]LogWindows: Error: === Critical error: ===
[2019.04.28-00.08.16:010][190]LogWindows: Error: 
[2019.04.28-00.08.16:010][190]LogWindows: Error: Assertion failed: InOutIndices.Num() > 0 [File:D:\Build\++UE4\Sync\Engine\Plugins\Experimental\AlembicImporter\Source\AlembicLibrary\Private\AbcImportUtilities.cpp] [Line: 95] 
[2019.04.28-00.08.16:010][190]LogWindows: Error: 
[2019.04.28-00.08.16:010][190]LogWindows: Error: 
[2019.04.28-00.08.16:010][190]LogWindows: Error: 
[2019.04.28-00.08.16:010][190]LogWindows: Error: Unhandled Exception: EXCEPTION_ACCESS_VIOLATION reading address 0xffffffff
[2019.04.28-00.08.16:010][190]LogWindows: Error: 
[2019.04.28-00.08.16:010][190]LogWindows: Error: [Callstack] 0x00007ffc5ade9137 UE4Editor-Core.dll!UnknownFunction []
[2019.04.28-00.08.16:010][190]LogWindows: Error: [Callstack] 0x00007ffc5aedd471 UE4Editor-Core.dll!UnknownFunction []
[2019.04.28-00.08.16:010][190]LogWindows: Error: [Callstack] 0x00007ffc55786a93 UE4Editor-UnrealEd.dll!UnknownFunction []
[2019.04.28-00.08.16:010][190]LogWindows: Error: [Callstack] 0x00007ffc55785481 UE4Editor-UnrealEd.dll!UnknownFunction []
[2019.04.28-00.08.16:010][190]LogWindows: Error: [Callstack] 0x00007ffc557706dd UE4Editor-UnrealEd.dll!UnknownFunction []
[2019.04.28-00.08.16:010][190]LogWindows: Error: [Callstack] 0x00007ffc86f2bc5d UE4Editor-Slate.dll!UnknownFunction []
[2019.04.28-00.08.16:010][190]LogWindows: Error: [Callstack] 0x00007ffc870d781e UE4Editor-Slate.dll!UnknownFunction []
[2019.04.28-00.08.16:010][190]LogWindows: Error: [Callstack] 0x00007ffc870cc91d UE4Editor-Slate.dll!UnknownFunction []
[2019.04.28-00.08.16:010][190]LogWindows: Error: [Callstack] 0x00007ffc574c8ef8 UE4Editor-SlateCore.dll!UnknownFunction []
[2019.04.28-00.08.16:010][190]LogWindows: Error: [Callstack] 0x00007ffc57572cdd UE4Editor-SlateCore.dll!UnknownFunction []
[2019.04.28-00.08.16:010][190]LogWindows: Error: [Callstack] 0x00007ffc57572c8d UE4Editor-SlateCore.dll!UnknownFunction []
[2019.04.28-00.08.16:010][190]LogWindows: Error: [Callstack] 0x00007ffc57572c8d UE4Editor-SlateCore.dll!UnknownFunction []
[2019.04.28-00.08.16:010][190]LogWindows: Error: [Callstack] 0x00007ffc57572c8d UE4Editor-SlateCore.dll!UnknownFunction []
[2019.04.28-00.08.16:010][190]LogWindows: Error: [Callstack] 0x00007ffc57572c8d UE4Editor-SlateCore.dll!UnknownFunction []
[2019.04.28-00.08.16:010][190]LogWindows: Error: [Callstack] 0x00007ffc57572c8d UE4Editor-SlateCore.dll!UnknownFunction []
[2019.04.28-00.08.16:010][190]LogWindows: Error: [Callstack] 0x00007ffc57572c8d UE4Editor-SlateCore.dll!UnknownFunction []
[2019.04.28-00.08.16:010][190]LogWindows: Error: [Callstack] 0x00007ffc57572c8d UE4Editor-SlateCore.dll!UnknownFunction []
[2019.04.28-00.08.16:010][190]LogWindows: Error: [Callstack] 0x00007ffc86e72fab UE4Editor-Slate.dll!UnknownFunction []
[2019.04.28-00.08.16:010][190]LogWindows: Error: [Callstack] 0x00007ffc86e3cabf UE4Editor-Slate.dll!UnknownFunction []
[2019.04.28-00.08.16:010][190]LogWindows: Error: [Callstack] 0x00007ffc86e73a0b UE4Editor-Slate.dll!UnknownFunction []
[2019.04.28-00.08.16:010][190]LogWindows: Error: [Callstack] 0x00007ffc86e3e222 UE4Editor-Slate.dll!UnknownFunction []
[2019.04.28-00.08.16:010][190]LogWindows: Error: [Callstack] 0x00007ffc86e9f5a6 UE4Editor-Slate.dll!UnknownFunction []
[2019.04.28-00.08.16:010][190]LogWindows: Error: [Callstack] 0x00007ffc86e9e483 UE4Editor-Slate.dll!UnknownFunction []
[2019.04.28-00.08.16:010][190]LogWindows: Error: [Callstack] 0x00007ff66d0e7094 UE4Editor.exe!UnknownFunction []
[2019.04.28-00.08.16:010][190]LogWindows: Error: [Callstack] 0x00007ff66d0f596c UE4Editor.exe!UnknownFunction []
[2019.04.28-00.08.16:010][190]LogWindows: Error: [Callstack] 0x00007ff66d0f59ea UE4Editor.exe!UnknownFunction []
[2019.04.28-00.08.16:010][190]LogWindows: Error: [Callstack] 0x00007ff66d1048da UE4Editor.exe!UnknownFunction []
[2019.04.28-00.08.16:010][190]LogWindows: Error: [Callstack] 0x00007ff66d10659a UE4Editor.exe!UnknownFunction []
[2019.04.28-00.08.16:010][190]LogWindows: Error: [Callstack] 0x00007ffccb014034 KERNEL32.DLL!UnknownFunction []
[2019.04.28-00.08.16:010][190]LogWindows: Error: [Callstack] 0x00007ffccb213691 ntdll.dll!UnknownFunction []
[2019.04.28-00.08.16:010][190]LogWindows: Error: 
[2019.04.28-00.08.16:023][190]LogExit: Executing StaticShutdownAfterError
[2019.04.28-00.08.16:027][190]LogWindows: FPlatformMisc::RequestExit(1)
[2019.04.28-00.08.16:033][190]Log file closed, 04/27/19 20:08:16
