Log file open, 04/15/19 23:36:09
LogWindows: Failed to load 'aqProf.dll' (GetLastError=126)
LogWindows: File 'aqProf.dll' does not exist
LogWindows: Failed to load 'VtuneApi.dll' (GetLastError=126)
LogWindows: File 'VtuneApi.dll' does not exist
LogWindows: Failed to load 'VtuneApi32e.dll' (GetLastError=126)
LogWindows: File 'VtuneApi32e.dll' does not exist
LogConsoleResponse: Display: Failed to find resolution value strings in scalability ini. Falling back to default.
LogInit: Display: Running engine for game: Wizard_Wars
LogPakFile: Registered encryption key '00000000000000000000000000000000': 0 pak files mounted, 0 remain pending
LogPlatformFile: Not using cached read wrapper
LogTaskGraph: Started task graph with 5 named threads and 35 total threads with 3 sets of task threads.
LogStats: Stats thread started at 0.395158
LogD3D11RHI: Loaded GFSDK_Aftermath_Lib.x64.dll
LogICUInternationalization: ICU TimeZone Detection - Raw Offset: -5:00, Platform Override: ''
LogPluginManager: Mounting plugin Paper2D
LogPluginManager: Mounting plugin AISupport
LogPluginManager: Mounting plugin LightPropagationVolume
LogPluginManager: Mounting plugin ActorLayerUtilities
LogPluginManager: Mounting plugin CLionSourceCodeAccess
LogPluginManager: Mounting plugin CodeLiteSourceCodeAccess
LogPluginManager: Mounting plugin GitSourceControl
LogPluginManager: Mounting plugin KDevelopSourceCodeAccess
LogPluginManager: Mounting plugin NullSourceCodeAccess
LogPluginManager: Mounting plugin PerforceSourceControl
LogPluginManager: Mounting plugin SubversionSourceControl
LogPluginManager: Mounting plugin UObjectPlugin
LogPluginManager: Mounting plugin VisualStudioCodeSourceCodeAccess
LogPluginManager: Mounting plugin VisualStudioSourceCodeAccess
LogPluginManager: Mounting plugin XCodeSourceCodeAccess
LogPluginManager: Mounting plugin AssetManagerEditor
LogPluginManager: Mounting plugin CryptoKeys
LogPluginManager: Mounting plugin DataValidation
LogPluginManager: Mounting plugin FacialAnimation
LogPluginManager: Mounting plugin GameplayTagsEditor
LogPluginManager: Mounting plugin MacGraphicsSwitching
LogPluginManager: Mounting plugin MeshEditor
LogPluginManager: Mounting plugin MobileLauncherProfileWizard
LogPluginManager: Mounting plugin PluginBrowser
LogPluginManager: Mounting plugin SpeedTreeImporter
LogPluginManager: Mounting plugin DatasmithContent
LogPluginManager: Mounting plugin VariantManagerContent
LogPluginManager: Mounting plugin AlembicImporter
LogPluginManager: Mounting plugin AppleImageUtils
LogPluginManager: Mounting plugin AppleVision
LogPluginManager: Mounting plugin BackChannel
LogPluginManager: Mounting plugin CharacterAI
LogPluginManager: Mounting plugin GeometryCache
LogPluginManager: Mounting plugin HTML5Networking
LogPluginManager: Mounting plugin ProxyLODPlugin
LogPluginManager: Mounting plugin MagicLeap
LogPluginManager: Mounting plugin MagicLeapMedia
LogPluginManager: Mounting plugin AndroidMedia
LogPluginManager: Mounting plugin AvfMedia
LogPluginManager: Mounting plugin ImgMedia
LogPluginManager: Mounting plugin LinearTimecode
LogPluginManager: Mounting plugin MediaCompositing
LogPluginManager: Mounting plugin MediaPlayerEditor
LogPluginManager: Mounting plugin WebMMedia
LogPluginManager: Mounting plugin WmfMedia
LogPluginManager: Mounting plugin TcpMessaging
LogPluginManager: Mounting plugin UdpMessaging
LogPluginManager: Mounting plugin ActorSequence
LogPluginManager: Mounting plugin LevelSequenceEditor
LogPluginManager: Mounting plugin MatineeToLevelSequence
LogPluginManager: Mounting plugin NetcodeUnitTest
LogPluginManager: Mounting plugin NUTUnrealEngine4
LogPluginManager: Mounting plugin OnlineSubsystemGooglePlay
LogPluginManager: Mounting plugin OnlineSubsystemIOS
LogPluginManager: Mounting plugin OnlineSubsystem
LogPluginManager: Mounting plugin OnlineSubsystemNull
LogPluginManager: Mounting plugin OnlineSubsystemUtils
LogPluginManager: Mounting plugin LauncherChunkInstaller
LogPluginManager: Mounting plugin AndroidDeviceProfileSelector
LogPluginManager: Mounting plugin AndroidMoviePlayer
LogPluginManager: Mounting plugin AndroidPermission
LogPluginManager: Mounting plugin AppleMoviePlayer
LogPluginManager: Mounting plugin ArchVisCharacter
LogPluginManager: Mounting plugin AudioCapture
LogPluginManager: Mounting plugin CableComponent
LogPluginManager: Mounting plugin CustomMeshComponent
LogPluginManager: Mounting plugin EditableMesh
LogPluginManager: Mounting plugin ExampleDeviceProfileSelector
LogPluginManager: Mounting plugin Firebase
LogPluginManager: Mounting plugin GoogleCloudMessaging
LogPluginManager: Mounting plugin IOSDeviceProfileSelector
LogPluginManager: Mounting plugin LinuxDeviceProfileSelector
LogPluginManager: Mounting plugin LocationServicesBPLibrary
LogPluginManager: Mounting plugin MobilePatchingUtils
LogPluginManager: Mounting plugin OculusVR
LogPluginManager: Mounting plugin PhysXVehicles
LogPluginManager: Mounting plugin ProceduralMeshComponent
LogPluginManager: Mounting plugin RuntimePhysXCooking
LogPluginManager: Mounting plugin SteamVR
LogPluginManager: Mounting plugin WebMMoviePlayer
LogPluginManager: Mounting plugin WindowsMoviePlayer
LogStreaming: Display: Took  0.106s to configure plugins.
LogInit: Using libcurl 7.55.1-DEV
LogInit:  - built for x86_64-pc-win32
LogInit:  - supports SSL with OpenSSL/1.0.2h
LogInit:  - supports HTTP deflate (compression) using libz 1.2.8
LogInit:  - other features:
LogInit:      CURL_VERSION_SSL
LogInit:      CURL_VERSION_LIBZ
LogInit:      CURL_VERSION_IPV6
LogInit:      CURL_VERSION_ASYNCHDNS
LogInit:      CURL_VERSION_LARGEFILE
LogInit:      CURL_VERSION_IDN
LogInit:  CurlRequestOptions (configurable via config and command line):
LogInit:  - bVerifyPeer = true  - Libcurl will verify peer certificate
LogInit:  - bUseHttpProxy = false  - Libcurl will NOT use HTTP proxy
LogInit:  - bDontReuseConnections = false  - Libcurl will reuse connections
LogInit:  - MaxHostConnections = 16  - Libcurl will limit the number of connections to a host
LogInit:  - LocalHostAddr = Default
LogInit:  - BufferSize = 65536
LogInit: WinSock: version 1.1 (2.2), MaxSocks=32767, MaxUdp=65467
LogInit: Build: ++UE4+Release-4.21-CL-4753647
LogInit: Engine Version: 4.21.2-4753647+++UE4+Release-4.21
LogInit: Compatible Engine Version: 4.21.0-4541578+++UE4+Release-4.21
LogInit: Net CL: 4541578
LogInit: OS: Windows 10 (), CPU: Intel(R) Core(TM) i7-8700K CPU @ 3.70GHz, GPU: NVIDIA GeForce GTX 1080
LogInit: Compiled (64-bit): Jan 19 2019 02:07:31
LogInit: Compiled with Visual C++: 19.13.26129.00
LogInit: Build Configuration: Development
LogInit: Branch Name: ++UE4+Release-4.21
LogInit: Command Line: 
LogInit: Base Directory: E:/MyGames/UE_4.21/Engine/Binaries/Win64/
LogInit: Installed Engine Build: 1
LogDevObjectVersion: Number of dev versions registered: 22
LogDevObjectVersion:   Dev-Blueprints (B0D832E4-1F89-4F0D-ACCF-7EB736FD4AA2): 10
LogDevObjectVersion:   Dev-Build (E1C64328-A22C-4D53-A36C-8E866417BD8C): 0
LogDevObjectVersion:   Dev-Core (375EC13C-06E4-48FB-B500-84F0262A717E): 2
LogDevObjectVersion:   Dev-Editor (E4B068ED-F494-42E9-A231-DA0B2E46BB41): 26
LogDevObjectVersion:   Dev-Framework (CFFC743F-43B0-4480-9391-14DF171D2073): 34
LogDevObjectVersion:   Dev-Mobile (B02B49B5-BB20-44E9-A304-32B752E40360): 2
LogDevObjectVersion:   Dev-Networking (A4E4105C-59A1-49B5-A7C5-40C4547EDFEE): 0
LogDevObjectVersion:   Dev-Online (39C831C9-5AE6-47DC-9A44-9C173E1C8E7C): 0
LogDevObjectVersion:   Dev-Physics (78F01B33-EBEA-4F98-B9B4-84EACCB95AA2): 0
LogDevObjectVersion:   Dev-Platform (6631380F-2D4D-43E0-8009-CF276956A95A): 0
LogDevObjectVersion:   Dev-Rendering (12F88B9F-8875-4AFC-A67C-D90C383ABD29): 27
LogDevObjectVersion:   Dev-Sequencer (7B5AE74C-D270-4C10-A958-57980B212A5A): 9
LogDevObjectVersion:   Dev-VR (D7296918-1DD6-4BDD-9DE2-64A83CC13884): 2
LogDevObjectVersion:   Dev-LoadTimes (C2A15278-BFE7-4AFE-6C17-90FF531DF755): 1
LogDevObjectVersion:   Private-Geometry (6EACA3D4-40EC-4CC1-B786-8BED09428FC5): 3
LogDevObjectVersion:   Dev-AnimPhys (29E575DD-E0A3-4627-9D10-D276232CDCEA): 17
LogDevObjectVersion:   Dev-Anim (AF43A65D-7FD3-4947-9873-3E8ED9C1BB05): 2
LogDevObjectVersion:   Dev-ReflectionCapture (6B266CEC-1EC7-4B8F-A30B-E4D90942FC07): 1
LogDevObjectVersion:   Dev-Automation (0DF73D61-A23F-47EA-B727-89E90C41499A): 1
LogDevObjectVersion:   FortniteMain (601D1886-AC64-4F84-AA16-D3DE0DEAC7D6): 17
LogDevObjectVersion:   Dev-Enterprise (9DFFBCD6-494F-0158-E221-12823C92A888): 4
LogDevObjectVersion:   Dev-Niagara (F2AED0AC-9AFE-416F-8664-AA7FFA26D6FC): 1
LogStreaming: Display: Took  0.034s to delete old logs.
LogInit: Presizing for max 8388607 objects, including 0 objects not considered by GC, pre-allocating 0 bytes for permanent pool.
LogInit: Object subsystem initialized
LogConfig: Setting CVar [[con.DebugEarlyDefault:1]]
LogConfig: Setting CVar [[r.setres:1280x720]]
[2019.04.16-03.36.10:091][  0]LogConfig: Setting CVar [[r.VSync:0]]
[2019.04.16-03.36.10:091][  0]LogConfig: Setting CVar [[r.RHICmdBypass:0]]
[2019.04.16-03.36.10:091][  0]LogConfig: Applying CVar settings from Section [/Script/Engine.RendererSettings] File [E:/Phillip/Documents/Github/WIZARD_WARS_4000/Wizard_Wars/Saved/Config/Windows/Engine.ini]
[2019.04.16-03.36.10:091][  0]LogConfig: Setting CVar [[r.GPUCrashDebugging:0]]
[2019.04.16-03.36.10:091][  0]LogConfig: Applying CVar settings from Section [/Script/Engine.RendererOverrideSettings] File [E:/Phillip/Documents/Github/WIZARD_WARS_4000/Wizard_Wars/Saved/Config/Windows/Engine.ini]
[2019.04.16-03.36.10:091][  0]LogConfig: Applying CVar settings from Section [/Script/Engine.StreamingSettings] File [E:/Phillip/Documents/Github/WIZARD_WARS_4000/Wizard_Wars/Saved/Config/Windows/Engine.ini]
[2019.04.16-03.36.10:091][  0]LogConfig: Setting CVar [[s.MinBulkDataSizeForAsyncLoading:131072]]
[2019.04.16-03.36.10:091][  0]LogConfig: Setting CVar [[s.AsyncLoadingThreadEnabled:0]]
[2019.04.16-03.36.10:091][  0]LogConfig: Setting CVar [[s.EventDrivenLoaderEnabled:1]]
[2019.04.16-03.36.10:091][  0]LogConfig: Setting CVar [[s.WarnIfTimeLimitExceeded:0]]
[2019.04.16-03.36.10:091][  0]LogConfig: Setting CVar [[s.TimeLimitExceededMultiplier:1.5]]
[2019.04.16-03.36.10:091][  0]LogConfig: Setting CVar [[s.TimeLimitExceededMinTime:0.005]]
[2019.04.16-03.36.10:091][  0]LogConfig: Setting CVar [[s.UseBackgroundLevelStreaming:1]]
[2019.04.16-03.36.10:091][  0]LogConfig: Setting CVar [[s.PriorityAsyncLoadingExtraTime:15.0]]
[2019.04.16-03.36.10:091][  0]LogConfig: Setting CVar [[s.LevelStreamingActorsUpdateTimeLimit:5.0]]
[2019.04.16-03.36.10:091][  0]LogConfig: Setting CVar [[s.PriorityLevelStreamingActorsUpdateExtraTime:5.0]]
[2019.04.16-03.36.10:091][  0]LogConfig: Setting CVar [[s.LevelStreamingComponentsRegistrationGranularity:10]]
[2019.04.16-03.36.10:091][  0]LogConfig: Setting CVar [[s.UnregisterComponentsTimeLimit:1.0]]
[2019.04.16-03.36.10:091][  0]LogConfig: Setting CVar [[s.LevelStreamingComponentsUnregistrationGranularity:5]]
[2019.04.16-03.36.10:091][  0]LogConfig: Applying CVar settings from Section [/Script/Engine.GarbageCollectionSettings] File [E:/Phillip/Documents/Github/WIZARD_WARS_4000/Wizard_Wars/Saved/Config/Windows/Engine.ini]
[2019.04.16-03.36.10:091][  0]LogConfig: Setting CVar [[gc.MaxObjectsNotConsideredByGC:1]]
[2019.04.16-03.36.10:091][  0]LogConfig: Setting CVar [[gc.SizeOfPermanentObjectPool:0]]
[2019.04.16-03.36.10:091][  0]LogConfig: Setting CVar [[gc.FlushStreamingOnGC:0]]
[2019.04.16-03.36.10:091][  0]LogConfig: Setting CVar [[gc.NumRetriesBeforeForcingGC:10]]
[2019.04.16-03.36.10:091][  0]LogConfig: Setting CVar [[gc.AllowParallelGC:1]]
[2019.04.16-03.36.10:091][  0]LogConfig: Setting CVar [[gc.TimeBetweenPurgingPendingKillObjects:61.1]]
[2019.04.16-03.36.10:091][  0]LogConfig: Setting CVar [[gc.MaxObjectsInEditor:8388607]]
[2019.04.16-03.36.10:091][  0]LogConfig: Setting CVar [[gc.IncrementalBeginDestroyEnabled:1]]
[2019.04.16-03.36.10:091][  0]LogConfig: Setting CVar [[gc.CreateGCClusters:1]]
[2019.04.16-03.36.10:091][  0]LogConfig: Setting CVar [[gc.MergeGCClusters:0]]
[2019.04.16-03.36.10:091][  0]LogConfig: Setting CVar [[gc.MinGCClusterSize:5]]
[2019.04.16-03.36.10:092][  0]LogConfig: Setting CVar [[gc.ActorClusteringEnabled:0]]
[2019.04.16-03.36.10:092][  0]LogConfig: Setting CVar [[gc.BlueprintClusteringEnabled:0]]
[2019.04.16-03.36.10:092][  0]LogConfig: Setting CVar [[gc.UseDisregardForGCOnDedicatedServers:0]]
[2019.04.16-03.36.10:092][  0]LogConfig: Applying CVar settings from Section [/Script/Engine.NetworkSettings] File [E:/Phillip/Documents/Github/WIZARD_WARS_4000/Wizard_Wars/Saved/Config/Windows/Engine.ini]
[2019.04.16-03.36.10:092][  0]LogConfig: Applying CVar settings from Section [/Script/UnrealEd.CookerSettings] File [E:/Phillip/Documents/Github/WIZARD_WARS_4000/Wizard_Wars/Saved/Config/Windows/Engine.ini]
[2019.04.16-03.36.10:110][  0]LogConfig: Applying CVar settings from Section [ViewDistanceQuality@3] File [E:/Phillip/Documents/Github/WIZARD_WARS_4000/Wizard_Wars/Saved/Config/Windows/Scalability.ini]
[2019.04.16-03.36.10:110][  0]LogConfig: Setting CVar [[r.SkeletalMeshLODBias:0]]
[2019.04.16-03.36.10:110][  0]LogConfig: Setting CVar [[r.ViewDistanceScale:1.0]]
[2019.04.16-03.36.10:110][  0]LogConfig: Applying CVar settings from Section [AntiAliasingQuality@3] File [E:/Phillip/Documents/Github/WIZARD_WARS_4000/Wizard_Wars/Saved/Config/Windows/Scalability.ini]
[2019.04.16-03.36.10:110][  0]LogConfig: Setting CVar [[r.PostProcessAAQuality:4]]
[2019.04.16-03.36.10:110][  0]LogConfig: Applying CVar settings from Section [ShadowQuality@3] File [E:/Phillip/Documents/Github/WIZARD_WARS_4000/Wizard_Wars/Saved/Config/Windows/Scalability.ini]
[2019.04.16-03.36.10:110][  0]LogConfig: Setting CVar [[r.LightFunctionQuality:1]]
[2019.04.16-03.36.10:110][  0]LogConfig: Setting CVar [[r.ShadowQuality:5]]
[2019.04.16-03.36.10:110][  0]LogConfig: Setting CVar [[r.Shadow.CSM.MaxCascades:10]]
[2019.04.16-03.36.10:110][  0]LogConfig: Setting CVar [[r.Shadow.MaxResolution:2048]]
[2019.04.16-03.36.10:110][  0]LogConfig: Setting CVar [[r.Shadow.MaxCSMResolution:2048]]
[2019.04.16-03.36.10:110][  0]LogConfig: Setting CVar [[r.Shadow.RadiusThreshold:0.01]]
[2019.04.16-03.36.10:110][  0]LogConfig: Setting CVar [[r.Shadow.DistanceScale:1.0]]
[2019.04.16-03.36.10:110][  0]LogConfig: Setting CVar [[r.Shadow.CSM.TransitionScale:1.0]]
[2019.04.16-03.36.10:110][  0]LogConfig: Setting CVar [[r.Shadow.PreShadowResolutionFactor:1.0]]
[2019.04.16-03.36.10:110][  0]LogConfig: Setting CVar [[r.DistanceFieldShadowing:1]]
[2019.04.16-03.36.10:110][  0]LogConfig: Setting CVar [[r.DistanceFieldAO:1]]
[2019.04.16-03.36.10:110][  0]LogConfig: Setting CVar [[r.AOQuality:2]]
[2019.04.16-03.36.10:110][  0]LogConfig: Setting CVar [[r.VolumetricFog:1]]
[2019.04.16-03.36.10:110][  0]LogConfig: Setting CVar [[r.VolumetricFog.GridPixelSize:8]]
[2019.04.16-03.36.10:110][  0]LogConfig: Setting CVar [[r.VolumetricFog.GridSizeZ:128]]
[2019.04.16-03.36.10:110][  0]LogConfig: Setting CVar [[r.VolumetricFog.HistoryMissSupersampleCount:4]]
[2019.04.16-03.36.10:110][  0]LogConfig: Setting CVar [[r.LightMaxDrawDistanceScale:1]]
[2019.04.16-03.36.10:110][  0]LogConfig: Setting CVar [[r.CapsuleShadows:1]]
[2019.04.16-03.36.10:110][  0]LogConfig: Applying CVar settings from Section [PostProcessQuality@3] File [E:/Phillip/Documents/Github/WIZARD_WARS_4000/Wizard_Wars/Saved/Config/Windows/Scalability.ini]
[2019.04.16-03.36.10:110][  0]LogConfig: Setting CVar [[r.MotionBlurQuality:4]]
[2019.04.16-03.36.10:110][  0]LogConfig: Setting CVar [[r.AmbientOcclusionMipLevelFactor:0.4]]
[2019.04.16-03.36.10:110][  0]LogConfig: Setting CVar [[r.AmbientOcclusionMaxQuality:100]]
[2019.04.16-03.36.10:110][  0]LogConfig: Setting CVar [[r.AmbientOcclusionLevels:-1]]
[2019.04.16-03.36.10:110][  0]LogConfig: Setting CVar [[r.AmbientOcclusionRadiusScale:1.0]]
[2019.04.16-03.36.10:110][  0]LogConfig: Setting CVar [[r.DepthOfFieldQuality:2]]
[2019.04.16-03.36.10:110][  0]LogConfig: Setting CVar [[r.RenderTargetPoolMin:400]]
[2019.04.16-03.36.10:110][  0]LogConfig: Setting CVar [[r.LensFlareQuality:2]]
[2019.04.16-03.36.10:110][  0]LogConfig: Setting CVar [[r.SceneColorFringeQuality:1]]
[2019.04.16-03.36.10:110][  0]LogConfig: Setting CVar [[r.EyeAdaptationQuality:2]]
[2019.04.16-03.36.10:110][  0]LogConfig: Setting CVar [[r.BloomQuality:5]]
[2019.04.16-03.36.10:110][  0]LogConfig: Setting CVar [[r.FastBlurThreshold:100]]
[2019.04.16-03.36.10:110][  0]LogConfig: Setting CVar [[r.Upscale.Quality:3]]
[2019.04.16-03.36.10:110][  0]LogConfig: Setting CVar [[r.Tonemapper.GrainQuantization:1]]
[2019.04.16-03.36.10:110][  0]LogConfig: Setting CVar [[r.LightShaftQuality:1]]
[2019.04.16-03.36.10:110][  0]LogConfig: Setting CVar [[r.Filter.SizeScale:1]]
[2019.04.16-03.36.10:110][  0]LogConfig: Setting CVar [[r.Tonemapper.Quality:5]]
[2019.04.16-03.36.10:110][  0]LogConfig: Setting CVar [[r.DOF.Gather.AccumulatorQuality:1        ; higher gathering accumulator quality]]
[2019.04.16-03.36.10:110][  0]LogConfig: Setting CVar [[r.DOF.Gather.PostfilterMethod:1          ; Median3x3 postfilering method]]
[2019.04.16-03.36.10:110][  0]LogConfig: Setting CVar [[r.DOF.Gather.EnableBokehSettings:0       ; no bokeh simulation when gathering]]
[2019.04.16-03.36.10:110][  0]LogConfig: Setting CVar [[r.DOF.Gather.RingCount:4                 ; medium number of samples when gathering]]
[2019.04.16-03.36.10:110][  0]LogConfig: Setting CVar [[r.DOF.Scatter.ForegroundCompositing:1    ; additive foreground scattering]]
[2019.04.16-03.36.10:110][  0]LogConfig: Setting CVar [[r.DOF.Scatter.BackgroundCompositing:2    ; additive background scattering]]
[2019.04.16-03.36.10:110][  0]LogConfig: Setting CVar [[r.DOF.Scatter.EnableBokehSettings:1      ; bokeh simulation when scattering]]
[2019.04.16-03.36.10:110][  0]LogConfig: Setting CVar [[r.DOF.Scatter.MaxSpriteRatio:0.1         ; only a maximum of 10% of scattered bokeh]]
[2019.04.16-03.36.10:110][  0]LogConfig: Setting CVar [[r.DOF.Recombine.Quality:1                ; cheap slight out of focus]]
[2019.04.16-03.36.10:110][  0]LogConfig: Setting CVar [[r.DOF.Recombine.EnableBokehSettings:0    ; no bokeh simulation on slight out of focus]]
[2019.04.16-03.36.10:110][  0]LogConfig: Setting CVar [[r.DOF.TemporalAAQuality:1                ; more stable temporal accumulation]]
[2019.04.16-03.36.10:110][  0]LogConfig: Setting CVar [[r.DOF.Kernel.MaxForegroundRadius:0.025]]
[2019.04.16-03.36.10:110][  0]LogConfig: Setting CVar [[r.DOF.Kernel.MaxBackgroundRadius:0.025]]
[2019.04.16-03.36.10:110][  0]LogConfig: Applying CVar settings from Section [TextureQuality@3] File [E:/Phillip/Documents/Github/WIZARD_WARS_4000/Wizard_Wars/Saved/Config/Windows/Scalability.ini]
[2019.04.16-03.36.10:111][  0]LogConfig: Setting CVar [[r.Streaming.MipBias:0]]
[2019.04.16-03.36.10:111][  0]LogConfig: Setting CVar [[r.Streaming.AmortizeCPUToGPUCopy:0]]
[2019.04.16-03.36.10:111][  0]LogConfig: Setting CVar [[r.Streaming.MaxNumTexturesToStreamPerFrame:0]]
[2019.04.16-03.36.10:111][  0]LogConfig: Setting CVar [[r.Streaming.Boost:1]]
[2019.04.16-03.36.10:111][  0]LogConfig: Setting CVar [[r.MaxAnisotropy:8]]
[2019.04.16-03.36.10:111][  0]LogConfig: Setting CVar [[r.Streaming.LimitPoolSizeToVRAM:0]]
[2019.04.16-03.36.10:111][  0]LogConfig: Setting CVar [[r.Streaming.PoolSize:1000]]
[2019.04.16-03.36.10:111][  0]LogConfig: Setting CVar [[r.Streaming.MaxEffectiveScreenSize:0]]
[2019.04.16-03.36.10:111][  0]LogConfig: Applying CVar settings from Section [EffectsQuality@3] File [E:/Phillip/Documents/Github/WIZARD_WARS_4000/Wizard_Wars/Saved/Config/Windows/Scalability.ini]
[2019.04.16-03.36.10:111][  0]LogConfig: Setting CVar [[r.TranslucencyLightingVolumeDim:64]]
[2019.04.16-03.36.10:111][  0]LogConfig: Setting CVar [[r.RefractionQuality:2]]
[2019.04.16-03.36.10:111][  0]LogConfig: Setting CVar [[r.SSR.Quality:3]]
[2019.04.16-03.36.10:111][  0]LogConfig: Setting CVar [[r.SceneColorFormat:4]]
[2019.04.16-03.36.10:111][  0]LogConfig: Setting CVar [[r.DetailMode:2]]
[2019.04.16-03.36.10:111][  0]LogConfig: Setting CVar [[r.TranslucencyVolumeBlur:1]]
[2019.04.16-03.36.10:111][  0]LogConfig: Setting CVar [[r.MaterialQualityLevel:1 ; High quality]]
[2019.04.16-03.36.10:111][  0]LogConfig: Setting CVar [[r.SSS.Scale:1]]
[2019.04.16-03.36.10:111][  0]LogConfig: Setting CVar [[r.SSS.SampleSet:2]]
[2019.04.16-03.36.10:111][  0]LogConfig: Setting CVar [[r.SSS.Quality:1]]
[2019.04.16-03.36.10:111][  0]LogConfig: Setting CVar [[r.SSS.HalfRes:1]]
[2019.04.16-03.36.10:111][  0]LogConfig: Setting CVar [[r.EmitterSpawnRateScale:1.0]]
[2019.04.16-03.36.10:111][  0]LogConfig: Setting CVar [[r.ParticleLightQuality:2]]
[2019.04.16-03.36.10:111][  0]LogConfig: Applying CVar settings from Section [FoliageQuality@3] File [E:/Phillip/Documents/Github/WIZARD_WARS_4000/Wizard_Wars/Saved/Config/Windows/Scalability.ini]
[2019.04.16-03.36.10:111][  0]LogConfig: Setting CVar [[foliage.DensityScale:1.0]]
[2019.04.16-03.36.10:111][  0]LogConfig: Setting CVar [[grass.DensityScale:1.0]]
[2019.04.16-03.36.10:111][  0]LogInit: Selected Device Profile: [Windows]
[2019.04.16-03.36.10:111][  0]LogInit: Applying CVar settings loaded from the selected device profile: [Windows]
[2019.04.16-03.36.10:119][  0]LogHAL: Display: Platform has ~ 16 GB [17100603392 / 17179869184 / 16], which maps to Larger [LargestMinGB=32, LargerMinGB=12, DefaultMinGB=8, SmallerMinGB=6, SmallestMinGB=0)
[2019.04.16-03.36.10:119][  0]LogConfig: Setting CVar [[r.Vulkan.UseRealUBs:1]]
[2019.04.16-03.36.10:119][  0]LogInit: Going up to parent DeviceProfile []
[2019.04.16-03.36.10:119][  0]LogConfig: Applying CVar settings from Section [ViewDistanceQuality@3] File [E:/Phillip/Documents/Github/WIZARD_WARS_4000/Wizard_Wars/Saved/Config/Windows/Scalability.ini]
[2019.04.16-03.36.10:119][  0]LogConfig: Setting CVar [[r.SkeletalMeshLODBias:0]]
[2019.04.16-03.36.10:119][  0]LogConfig: Setting CVar [[r.ViewDistanceScale:1.0]]
[2019.04.16-03.36.10:119][  0]LogConfig: Applying CVar settings from Section [AntiAliasingQuality@3] File [E:/Phillip/Documents/Github/WIZARD_WARS_4000/Wizard_Wars/Saved/Config/Windows/Scalability.ini]
[2019.04.16-03.36.10:119][  0]LogConfig: Setting CVar [[r.PostProcessAAQuality:4]]
[2019.04.16-03.36.10:119][  0]LogConfig: Applying CVar settings from Section [ShadowQuality@3] File [E:/Phillip/Documents/Github/WIZARD_WARS_4000/Wizard_Wars/Saved/Config/Windows/Scalability.ini]
[2019.04.16-03.36.10:121][  0]LogConfig: Setting CVar [[r.LightFunctionQuality:1]]
[2019.04.16-03.36.10:121][  0]LogConfig: Setting CVar [[r.ShadowQuality:5]]
[2019.04.16-03.36.10:121][  0]LogConfig: Setting CVar [[r.Shadow.CSM.MaxCascades:10]]
[2019.04.16-03.36.10:121][  0]LogConfig: Setting CVar [[r.Shadow.MaxResolution:2048]]
[2019.04.16-03.36.10:121][  0]LogConfig: Setting CVar [[r.Shadow.MaxCSMResolution:2048]]
[2019.04.16-03.36.10:121][  0]LogConfig: Setting CVar [[r.Shadow.RadiusThreshold:0.01]]
[2019.04.16-03.36.10:121][  0]LogConfig: Setting CVar [[r.Shadow.DistanceScale:1.0]]
[2019.04.16-03.36.10:121][  0]LogConfig: Setting CVar [[r.Shadow.CSM.TransitionScale:1.0]]
[2019.04.16-03.36.10:121][  0]LogConfig: Setting CVar [[r.Shadow.PreShadowResolutionFactor:1.0]]
[2019.04.16-03.36.10:121][  0]LogConfig: Setting CVar [[r.DistanceFieldShadowing:1]]
[2019.04.16-03.36.10:121][  0]LogConfig: Setting CVar [[r.DistanceFieldAO:1]]
[2019.04.16-03.36.10:121][  0]LogConfig: Setting CVar [[r.AOQuality:2]]
[2019.04.16-03.36.10:121][  0]LogConfig: Setting CVar [[r.VolumetricFog:1]]
[2019.04.16-03.36.10:121][  0]LogConfig: Setting CVar [[r.VolumetricFog.GridPixelSize:8]]
[2019.04.16-03.36.10:121][  0]LogConfig: Setting CVar [[r.VolumetricFog.GridSizeZ:128]]
[2019.04.16-03.36.10:121][  0]LogConfig: Setting CVar [[r.VolumetricFog.HistoryMissSupersampleCount:4]]
[2019.04.16-03.36.10:121][  0]LogConfig: Setting CVar [[r.LightMaxDrawDistanceScale:1]]
[2019.04.16-03.36.10:121][  0]LogConfig: Setting CVar [[r.CapsuleShadows:1]]
[2019.04.16-03.36.10:121][  0]LogConfig: Applying CVar settings from Section [PostProcessQuality@3] File [E:/Phillip/Documents/Github/WIZARD_WARS_4000/Wizard_Wars/Saved/Config/Windows/Scalability.ini]
[2019.04.16-03.36.10:121][  0]LogConfig: Setting CVar [[r.MotionBlurQuality:4]]
[2019.04.16-03.36.10:121][  0]LogConfig: Setting CVar [[r.AmbientOcclusionMipLevelFactor:0.4]]
[2019.04.16-03.36.10:121][  0]LogConfig: Setting CVar [[r.AmbientOcclusionMaxQuality:100]]
[2019.04.16-03.36.10:121][  0]LogConfig: Setting CVar [[r.AmbientOcclusionLevels:-1]]
[2019.04.16-03.36.10:121][  0]LogConfig: Setting CVar [[r.AmbientOcclusionRadiusScale:1.0]]
[2019.04.16-03.36.10:121][  0]LogConfig: Setting CVar [[r.DepthOfFieldQuality:2]]
[2019.04.16-03.36.10:121][  0]LogConfig: Setting CVar [[r.RenderTargetPoolMin:400]]
[2019.04.16-03.36.10:121][  0]LogConfig: Setting CVar [[r.LensFlareQuality:2]]
[2019.04.16-03.36.10:121][  0]LogConfig: Setting CVar [[r.SceneColorFringeQuality:1]]
[2019.04.16-03.36.10:121][  0]LogConfig: Setting CVar [[r.EyeAdaptationQuality:2]]
[2019.04.16-03.36.10:121][  0]LogConfig: Setting CVar [[r.BloomQuality:5]]
[2019.04.16-03.36.10:121][  0]LogConfig: Setting CVar [[r.FastBlurThreshold:100]]
[2019.04.16-03.36.10:121][  0]LogConfig: Setting CVar [[r.Upscale.Quality:3]]
[2019.04.16-03.36.10:121][  0]LogConfig: Setting CVar [[r.Tonemapper.GrainQuantization:1]]
[2019.04.16-03.36.10:121][  0]LogConfig: Setting CVar [[r.LightShaftQuality:1]]
[2019.04.16-03.36.10:121][  0]LogConfig: Setting CVar [[r.Filter.SizeScale:1]]
[2019.04.16-03.36.10:121][  0]LogConfig: Setting CVar [[r.Tonemapper.Quality:5]]
[2019.04.16-03.36.10:121][  0]LogConfig: Setting CVar [[r.DOF.Gather.AccumulatorQuality:1        ; higher gathering accumulator quality]]
[2019.04.16-03.36.10:121][  0]LogConfig: Setting CVar [[r.DOF.Gather.PostfilterMethod:1          ; Median3x3 postfilering method]]
[2019.04.16-03.36.10:121][  0]LogConfig: Setting CVar [[r.DOF.Gather.EnableBokehSettings:0       ; no bokeh simulation when gathering]]
[2019.04.16-03.36.10:121][  0]LogConfig: Setting CVar [[r.DOF.Gather.RingCount:4                 ; medium number of samples when gathering]]
[2019.04.16-03.36.10:121][  0]LogConfig: Setting CVar [[r.DOF.Scatter.ForegroundCompositing:1    ; additive foreground scattering]]
[2019.04.16-03.36.10:121][  0]LogConfig: Setting CVar [[r.DOF.Scatter.BackgroundCompositing:2    ; additive background scattering]]
[2019.04.16-03.36.10:121][  0]LogConfig: Setting CVar [[r.DOF.Scatter.EnableBokehSettings:1      ; bokeh simulation when scattering]]
[2019.04.16-03.36.10:121][  0]LogConfig: Setting CVar [[r.DOF.Scatter.MaxSpriteRatio:0.1         ; only a maximum of 10% of scattered bokeh]]
[2019.04.16-03.36.10:121][  0]LogConfig: Setting CVar [[r.DOF.Recombine.Quality:1                ; cheap slight out of focus]]
[2019.04.16-03.36.10:121][  0]LogConfig: Setting CVar [[r.DOF.Recombine.EnableBokehSettings:0    ; no bokeh simulation on slight out of focus]]
[2019.04.16-03.36.10:121][  0]LogConfig: Setting CVar [[r.DOF.TemporalAAQuality:1                ; more stable temporal accumulation]]
[2019.04.16-03.36.10:121][  0]LogConfig: Setting CVar [[r.DOF.Kernel.MaxForegroundRadius:0.025]]
[2019.04.16-03.36.10:121][  0]LogConfig: Setting CVar [[r.DOF.Kernel.MaxBackgroundRadius:0.025]]
[2019.04.16-03.36.10:121][  0]LogConfig: Applying CVar settings from Section [TextureQuality@3] File [E:/Phillip/Documents/Github/WIZARD_WARS_4000/Wizard_Wars/Saved/Config/Windows/Scalability.ini]
[2019.04.16-03.36.10:121][  0]LogConfig: Setting CVar [[r.Streaming.MipBias:0]]
[2019.04.16-03.36.10:121][  0]LogConfig: Setting CVar [[r.Streaming.AmortizeCPUToGPUCopy:0]]
[2019.04.16-03.36.10:121][  0]LogConfig: Setting CVar [[r.Streaming.MaxNumTexturesToStreamPerFrame:0]]
[2019.04.16-03.36.10:121][  0]LogConfig: Setting CVar [[r.Streaming.Boost:1]]
[2019.04.16-03.36.10:121][  0]LogConfig: Setting CVar [[r.MaxAnisotropy:8]]
[2019.04.16-03.36.10:121][  0]LogConfig: Setting CVar [[r.Streaming.LimitPoolSizeToVRAM:0]]
[2019.04.16-03.36.10:121][  0]LogConfig: Setting CVar [[r.Streaming.PoolSize:1000]]
[2019.04.16-03.36.10:121][  0]LogConfig: Setting CVar [[r.Streaming.MaxEffectiveScreenSize:0]]
[2019.04.16-03.36.10:121][  0]LogConfig: Applying CVar settings from Section [EffectsQuality@3] File [E:/Phillip/Documents/Github/WIZARD_WARS_4000/Wizard_Wars/Saved/Config/Windows/Scalability.ini]
[2019.04.16-03.36.10:121][  0]LogConfig: Setting CVar [[r.TranslucencyLightingVolumeDim:64]]
[2019.04.16-03.36.10:121][  0]LogConfig: Setting CVar [[r.RefractionQuality:2]]
[2019.04.16-03.36.10:121][  0]LogConfig: Setting CVar [[r.SSR.Quality:3]]
[2019.04.16-03.36.10:121][  0]LogConfig: Setting CVar [[r.SceneColorFormat:4]]
[2019.04.16-03.36.10:121][  0]LogConfig: Setting CVar [[r.DetailMode:2]]
[2019.04.16-03.36.10:121][  0]LogConfig: Setting CVar [[r.TranslucencyVolumeBlur:1]]
[2019.04.16-03.36.10:121][  0]LogConfig: Setting CVar [[r.MaterialQualityLevel:1 ; High quality]]
[2019.04.16-03.36.10:121][  0]LogConfig: Setting CVar [[r.SSS.Scale:1]]
[2019.04.16-03.36.10:121][  0]LogConfig: Setting CVar [[r.SSS.SampleSet:2]]
[2019.04.16-03.36.10:121][  0]LogConfig: Setting CVar [[r.SSS.Quality:1]]
[2019.04.16-03.36.10:121][  0]LogConfig: Setting CVar [[r.SSS.HalfRes:1]]
[2019.04.16-03.36.10:121][  0]LogConfig: Setting CVar [[r.EmitterSpawnRateScale:1.0]]
[2019.04.16-03.36.10:121][  0]LogConfig: Setting CVar [[r.ParticleLightQuality:2]]
[2019.04.16-03.36.10:121][  0]LogConfig: Applying CVar settings from Section [FoliageQuality@3] File [E:/Phillip/Documents/Github/WIZARD_WARS_4000/Wizard_Wars/Saved/Config/Windows/Scalability.ini]
[2019.04.16-03.36.10:121][  0]LogConfig: Setting CVar [[foliage.DensityScale:1.0]]
[2019.04.16-03.36.10:121][  0]LogConfig: Setting CVar [[grass.DensityScale:1.0]]
[2019.04.16-03.36.10:121][  0]LogConfig: Applying CVar settings from Section [Startup] File [../../../Engine/Config/ConsoleVariables.ini]
[2019.04.16-03.36.10:121][  0]LogConfig: Setting CVar [[net.UseAdaptiveNetUpdateFrequency:0]]
[2019.04.16-03.36.10:121][  0]LogConfig: Applying CVar settings from Section [ConsoleVariables] File [E:/Phillip/Documents/Github/WIZARD_WARS_4000/Wizard_Wars/Saved/Config/Windows/Engine.ini]
[2019.04.16-03.36.10:121][  0]LogInit: Computer: PHILL-PC
[2019.04.16-03.36.10:121][  0]LogInit: User: Thornberg
[2019.04.16-03.36.10:121][  0]LogInit: CPU Page size=4096, Cores=6
[2019.04.16-03.36.10:121][  0]LogInit: High frequency timer resolution =10.000000 MHz
[2019.04.16-03.36.10:121][  0]LogMemory: Memory total: Physical=15.9GB (16GB approx)
[2019.04.16-03.36.10:121][  0]LogMemory: Platform Memory Stats for Windows
[2019.04.16-03.36.10:121][  0]LogMemory: Process Physical Memory: 103.82 MB used, 103.82 MB peak
[2019.04.16-03.36.10:121][  0]LogMemory: Process Virtual Memory: 86.46 MB used, 86.46 MB peak
[2019.04.16-03.36.10:121][  0]LogMemory: Physical Memory: 10923.92 MB used,  5384.49 MB free, 16308.41 MB total
[2019.04.16-03.36.10:121][  0]LogMemory: Virtual Memory: 4662.27 MB used,  134213064.00 MB free, 134217728.00 MB total
[2019.04.16-03.36.10:143][  0]LogInit: Using OS detected language (en-US).
[2019.04.16-03.36.10:143][  0]LogInit: Using OS detected locale (en-US).
[2019.04.16-03.36.10:144][  0]LogTextLocalizationManager: No specific localization for 'en-US' exists, so the 'en' localization will be used.
[2019.04.16-03.36.10:426][  0]LogStreaming: Display: Took  0.283s to InitEngineTextLocalization.
[2019.04.16-03.36.10:426][  0]LogInit: Setting process to per monitor DPI aware
[2019.04.16-03.36.10:485][  0]LogSlate: New Slate User Created.  User Index 0, Is Virtual User: 0
[2019.04.16-03.36.10:485][  0]LogSlate: Slate User Registered.  User Index 0, Is Virtual User: 0
[2019.04.16-03.36.10:742][  0]LogHMD: Failed to initialize OpenVR with code 105
[2019.04.16-03.36.10:742][  0]LogD3D11RHI: D3D11 adapters:
[2019.04.16-03.36.10:786][  0]LogD3D11RHI:    0. 'NVIDIA GeForce GTX 1080' (Feature Level 11_0)
[2019.04.16-03.36.10:786][  0]LogD3D11RHI:       8079/0/8154 MB DedicatedVideo/DedicatedSystem/SharedSystem, Outputs:3, VendorId:0x10de
[2019.04.16-03.36.10:787][  0]LogD3D11RHI:    1. 'Microsoft Basic Render Driver' (Feature Level 11_0)
[2019.04.16-03.36.10:787][  0]LogD3D11RHI:       0/0/8154 MB DedicatedVideo/DedicatedSystem/SharedSystem, Outputs:0, VendorId:0x1414
[2019.04.16-03.36.10:787][  0]LogD3D11RHI: Chosen D3D11 Adapter: 0
[2019.04.16-03.36.10:796][  0]LogD3D11RHI: Creating new Direct3DDevice
[2019.04.16-03.36.10:796][  0]LogD3D11RHI:     GPU DeviceId: 0x1b80 (for the marketing name, search the web for "GPU Device Id")
[2019.04.16-03.36.10:796][  0]LogWindows: EnumDisplayDevices:
[2019.04.16-03.36.10:796][  0]LogWindows:    0. 'NVIDIA GeForce GTX 1080' (P:1 D:1)
[2019.04.16-03.36.10:796][  0]LogWindows:    1. 'NVIDIA GeForce GTX 1080' (P:0 D:1)
[2019.04.16-03.36.10:796][  0]LogWindows:    2. 'NVIDIA GeForce GTX 1080' (P:0 D:1)
[2019.04.16-03.36.10:796][  0]LogWindows:    3. 'NVIDIA GeForce GTX 1080' (P:0 D:0)
[2019.04.16-03.36.10:796][  0]LogWindows: DebugString: FoundDriverCount:4 
[2019.04.16-03.36.10:796][  0]LogD3D11RHI:     Adapter Name: NVIDIA GeForce GTX 1080
[2019.04.16-03.36.10:796][  0]LogD3D11RHI:   Driver Version: 419.67 (internal:25.21.14.1967, unified:419.67)
[2019.04.16-03.36.10:796][  0]LogD3D11RHI:      Driver Date: 3-17-2019
[2019.04.16-03.36.10:796][  0]LogRHI: Texture pool is 5655 MB (70% of 8079 MB)
[2019.04.16-03.36.10:827][  0]LogD3D11RHI: Async texture creation enabled
[2019.04.16-03.36.10:841][  0]LogD3D11RHI: GPU Timing Frequency: 1000.000000 (Debug: 2 1)
[2019.04.16-03.36.11:263][  0]LogTemp: Display: Loaded TP AllDesktopTargetPlatform
[2019.04.16-03.36.11:273][  0]LogTemp: Display: Loaded TP MacClientTargetPlatform
[2019.04.16-03.36.11:284][  0]LogTemp: Display: Loaded TP MacNoEditorTargetPlatform
[2019.04.16-03.36.11:295][  0]LogTemp: Display: Loaded TP MacServerTargetPlatform
[2019.04.16-03.36.11:306][  0]LogTemp: Display: Loaded TP MacTargetPlatform
[2019.04.16-03.36.11:317][  0]LogTemp: Display: Loaded TP WindowsClientTargetPlatform
[2019.04.16-03.36.11:328][  0]LogTemp: Display: Loaded TP WindowsNoEditorTargetPlatform
[2019.04.16-03.36.11:338][  0]LogTemp: Display: Loaded TP WindowsServerTargetPlatform
[2019.04.16-03.36.11:344][  0]LogTemp: Display: Loaded TP WindowsTargetPlatform
[2019.04.16-03.36.11:406][  0]LogTemp: Display: Loaded TP AndroidTargetPlatform
[2019.04.16-03.36.11:406][  0]LogTemp: Display: Loaded TP AndroidTargetPlatform
[2019.04.16-03.36.11:406][  0]LogTemp: Display: Loaded TP AndroidTargetPlatform
[2019.04.16-03.36.11:406][  0]LogTemp: Display: Loaded TP AndroidTargetPlatform
[2019.04.16-03.36.11:406][  0]LogTemp: Display: Loaded TP AndroidTargetPlatform
[2019.04.16-03.36.11:406][  0]LogTemp: Display: Loaded TP AndroidTargetPlatform
[2019.04.16-03.36.11:406][  0]LogTemp: Display: Loaded TP AndroidTargetPlatform
[2019.04.16-03.36.11:406][  0]LogTemp: Display: Loaded TP AndroidTargetPlatform
[2019.04.16-03.36.11:406][  0]LogTemp: Display: Loaded TP AndroidTargetPlatform
[2019.04.16-03.36.11:406][  0]LogTemp: Display: Loaded TP AndroidTargetPlatform
[2019.04.16-03.36.11:406][  0]LogTemp: Display: Loaded TP AndroidTargetPlatform
[2019.04.16-03.36.11:406][  0]LogTemp: Display: Loaded TP AndroidTargetPlatform
[2019.04.16-03.36.11:406][  0]LogTemp: Display: Loaded TP AndroidTargetPlatform
[2019.04.16-03.36.11:406][  0]LogTemp: Display: Loaded TP AndroidTargetPlatform
[2019.04.16-03.36.11:406][  0]LogTemp: Display: Loaded TP AndroidTargetPlatform
[2019.04.16-03.36.11:406][  0]LogTemp: Display: Loaded TP AndroidTargetPlatform
[2019.04.16-03.36.11:406][  0]LogTemp: Display: Loaded TP AndroidTargetPlatform
[2019.04.16-03.36.11:406][  0]LogTemp: Display: Loaded TP AndroidTargetPlatform
[2019.04.16-03.36.11:407][  0]LogTemp: Display: Loaded TP HTML5TargetPlatform
[2019.04.16-03.36.11:465][  0]LogTemp: Display: Loaded TP IOSTargetPlatform
[2019.04.16-03.36.11:465][  0]LogTemp: Display: Loaded TP IOSTargetPlatform
[2019.04.16-03.36.11:484][  0]LogTemp: Display: Loaded TP TVOSTargetPlatform
[2019.04.16-03.36.11:484][  0]LogTemp: Display: Loaded TP TVOSTargetPlatform
[2019.04.16-03.36.11:494][  0]LogTemp: Display: Loaded TP LinuxClientTargetPlatform
[2019.04.16-03.36.11:505][  0]LogTemp: Display: Loaded TP LinuxNoEditorTargetPlatform
[2019.04.16-03.36.11:515][  0]LogTemp: Display: Loaded TP LinuxServerTargetPlatform
[2019.04.16-03.36.11:527][  0]LogTemp: Display: Loaded TP LinuxTargetPlatform
[2019.04.16-03.36.11:565][  0]LogTemp: Display: Loaded TP LuminTargetPlatform
[2019.04.16-03.36.11:565][  0]LogTemp: Display: Loaded TP LuminTargetPlatform
[2019.04.16-03.36.11:566][  0]LogTargetPlatformManager: Display: Building Assets For Windows
[2019.04.16-03.36.11:623][  0]LogShaderCompilers: Guid format shader working directory is -21 characters bigger than the processId version (../../../../../Phillip/Documents/Github/WIZARD_WARS_4000/Wizard_Wars/Intermediate/Shaders/WorkingDirectory/17344/).
[2019.04.16-03.36.11:623][  0]LogShaderCompilers: Cleaned the shader compiler working directory 'C:/Users/Phillip/AppData/Local/Temp/UnrealShaderWorkingDir/7F7F54314C8220B89D6F2D90AE968CB9/'.
[2019.04.16-03.36.11:625][  0]LogXGEController: Cleaning working directory: C:/Users/Phillip/AppData/Local/Temp/UnrealXGEWorkingDir/
[2019.04.16-03.36.11:625][  0]LogXGEController: Cannot use XGE Controller as Incredibuild is not installed on this machine.
[2019.04.16-03.36.11:625][  0]LogShaderCompilers: Cannot use XGE Shader Compiler as Incredibuild is not installed on this machine.
[2019.04.16-03.36.11:625][  0]LogShaderCompilers: Display: Using Local Shader Compiler.
[2019.04.16-03.36.12:048][  0]LogDerivedDataCache: Display: Max Cache Size: 512 MB
[2019.04.16-03.36.12:090][  0]LogDerivedDataCache: Loaded boot cache 0.04s 71MB C:/Users/Phillip/AppData/Local/UnrealEngine/4.21/DerivedDataCache/Boot.ddc.
[2019.04.16-03.36.12:090][  0]LogDerivedDataCache: Display: Loaded Boot cache: C:/Users/Phillip/AppData/Local/UnrealEngine/4.21/DerivedDataCache/Boot.ddc
[2019.04.16-03.36.12:090][  0]LogDerivedDataCache: FDerivedDataBackendGraph:  Pak pak cache file ../../../../../Phillip/Documents/Github/WIZARD_WARS_4000/Wizard_Wars/DerivedDataCache/DDC.ddp not found, will not use a pak cache.
[2019.04.16-03.36.12:090][  0]LogDerivedDataCache: Unable to find inner node Pak for hierarchical cache Hierarchy.
[2019.04.16-03.36.12:091][  0]LogDerivedDataCache: FDerivedDataBackendGraph:  CompressedPak pak cache file ../../../../../Phillip/Documents/Github/WIZARD_WARS_4000/Wizard_Wars/DerivedDataCache/Compressed.ddp not found, will not use a pak cache.
[2019.04.16-03.36.12:091][  0]LogDerivedDataCache: Unable to find inner node CompressedPak for hierarchical cache Hierarchy.
[2019.04.16-03.36.12:102][  0]LogDerivedDataCache: Display: Pak cache opened for reading ../../../Engine/DerivedDataCache/Compressed.ddp.
[2019.04.16-03.36.12:103][  0]LogDerivedDataCache: FDerivedDataBackendGraph:  EnterprisePak pak cache file ../../../Enterprise/DerivedDataCache/Compressed.ddp not found, will not use a pak cache.
[2019.04.16-03.36.12:103][  0]LogDerivedDataCache: Unable to find inner node EnterprisePak for hierarchical cache Hierarchy.
[2019.04.16-03.36.12:114][  0]LogDerivedDataCache: Using Local data cache path C:/Users/Phillip/AppData/Local/UnrealEngine/Common/DerivedDataCache: Writable
[2019.04.16-03.36.12:114][  0]LogDerivedDataCache: Shared data cache path not found in *engine.ini, will not use an Shared cache.
[2019.04.16-03.36.12:114][  0]LogDerivedDataCache: Unable to find inner node Shared for hierarchical cache Hierarchy.
[2019.04.16-03.36.12:131][  0]LogMaterial: Verifying Global Shaders for PCD3D_SM5
[2019.04.16-03.36.12:132][  0]LogSlate: Using FreeType 2.6.0
[2019.04.16-03.36.12:133][  0]LogSlate: SlateFontServices - WITH_FREETYPE: 1, WITH_HARFBUZZ: 1
[2019.04.16-03.36.12:213][  0]LogAssetRegistry: FAssetRegistry took 0.0311 seconds to start up
[2019.04.16-03.36.12:490][  0]LogInit: Selected Device Profile: [Windows]
[2019.04.16-03.36.12:616][  0]LogSimplygon: Simplygon DLL not present - disabling.
[2019.04.16-03.36.12:619][  0]LogMeshReduction: Using SimplygonSwarm for distributed automatic mesh merging
[2019.04.16-03.36.12:619][  0]LogMeshReduction: Using ProxyLODMeshReduction for automatic mesh merging
[2019.04.16-03.36.12:619][  0]LogMeshReduction: Using QuadricMeshReduction for automatic static mesh reduction
[2019.04.16-03.36.12:619][  0]LogMeshReduction: No automatic skeletal mesh reduction module available
[2019.04.16-03.36.12:632][  0]LogNetVersion: Wizard_Wars 1.0.0, NetCL: 4541578, EngineNetVer: 5, GameNetVer: 0 (Checksum: 1501833635)
[2019.04.16-03.36.13:100][  0]LogPackageLocalizationCache: Processed 11 localized package path(s) for 2 prioritized culture(s) in 0.074672 seconds
[2019.04.16-03.36.13:105][  0]LogUObjectArray: 39775 objects as part of root set at end of initial load.
[2019.04.16-03.36.13:105][  0]LogUObjectAllocator: 6914656 out of 0 bytes used by permanent object pool.
[2019.04.16-03.36.13:105][  0]LogUObjectArray: CloseDisregardForGC: 0/0 objects in disregard for GC pool
[2019.04.16-03.36.13:895][  0]LogTcpMessaging: Initializing TcpMessaging bridge
[2019.04.16-03.36.13:908][  0]LogUdpMessaging: Initializing bridge on interface 0.0.0.0:0 to multicast group 230.0.0.1:6666.
[2019.04.16-03.36.14:546][  0]SourceControl: Source control is disabled
[2019.04.16-03.36.15:052][  0]LogAndroidPermission: UAndroidPermissionCallbackProxy::GetInstance
[2019.04.16-03.36.15:184][  0]LogOcInput: OculusInput pre-init called
[2019.04.16-03.36.15:308][  0]LogEngine: Initializing Engine...
[2019.04.16-03.36.15:310][  0]LogHMD: Failed to initialize OpenVR with code 105
[2019.04.16-03.36.15:311][  0]LogStats: UGameplayTagsManager::ConstructGameplayTagTree: ImportINI prefixes -  0.000 s
[2019.04.16-03.36.15:311][  0]LogStats: UGameplayTagsManager::ConstructGameplayTagTree: Construct from data asset -  0.000 s
[2019.04.16-03.36.15:312][  0]LogStats: UGameplayTagsManager::ConstructGameplayTagTree: ImportINI -  0.000 s
[2019.04.16-03.36.15:312][  0]LogStats: UGameplayTagsManager::ConstructGameplayTagTree: GameplayTagTreeChangedEvent.Broadcast -  0.000 s
[2019.04.16-03.36.15:497][  0]LogInit: Initializing FReadOnlyCVARCache
[2019.04.16-03.36.15:507][  0]LogAIModule: Creating AISystem for world Untitled
[2019.04.16-03.36.15:608][  0]LogInit: XAudio2 using 'Speakers (High Definition Audio Device)' : 2 channels at 48 kHz using 16 bits per sample (channel mask 0x3)
[2019.04.16-03.36.15:637][  0]LogInit: FAudioDevice initialized.
[2019.04.16-03.36.15:637][  0]LogNetVersion: Set ProjectVersion to 1.0.0.0. Version Checksum will be recalculated on next use.
[2019.04.16-03.36.15:704][  0]LogDerivedDataCache: Saved boot cache 0.07s 71MB C:/Users/Phillip/AppData/Local/UnrealEngine/4.21/DerivedDataCache/Boot.ddc.
[2019.04.16-03.36.15:711][  0]LogInit: Texture streaming: Enabled
[2019.04.16-03.36.15:727][  0]LogEngineSessionManager: EngineSessionManager initialized
[2019.04.16-03.36.15:740][  0]LogInit: Transaction tracking system initialized
[2019.04.16-03.36.15:762][  0]BlueprintLog: New page: Editor Load
[2019.04.16-03.36.15:825][  0]LocalizationService: Localization service is disabled
[2019.04.16-03.36.16:386][  0]LogFileCache: Scanning file cache for directory 'E:/Phillip/Documents/Github/WIZARD_WARS_4000/Wizard_Wars/Content/' took 0.03s
[2019.04.16-03.36.16:386][  0]LogCook: Display: Max memory allowance for cook 16384mb min free memory 0mb
[2019.04.16-03.36.16:386][  0]LogCook: Display: Mobile HDR setting 1
[2019.04.16-03.36.16:386][  0]LogGameplayTags: Display: UGameplayTagsManager::DoneAddingNativeTags. DelegateIsBound: 0
[2019.04.16-03.36.16:386][  0]LogStats: UGameplayTagsManager::ConstructGameplayTagTree: ImportINI prefixes -  0.000 s
[2019.04.16-03.36.16:386][  0]LogStats: UGameplayTagsManager::ConstructGameplayTagTree: Construct from data asset -  0.000 s
[2019.04.16-03.36.16:387][  0]LogStats: UGameplayTagsManager::ConstructGameplayTagTree: ImportINI -  0.000 s
[2019.04.16-03.36.16:387][  0]LogStats: UGameplayTagsManager::ConstructGameplayTagTree: GameplayTagTreeChangedEvent.Broadcast -  0.000 s
[2019.04.16-03.36.16:498][  0]Cmd: MAP LOAD FILE="../../../../../Phillip/Documents/Github/WIZARD_WARS_4000/Wizard_Wars/Content/ThirdPersonBP/Maps/ThirdPersonExampleMap.umap" TEMPLATE=0 SHOWPROGRESS=1 FEATURELEVEL=3
[2019.04.16-03.36.16:499][  0]LightingResults: New page: Lighting Build
[2019.04.16-03.36.16:501][  0]MapCheck: New page: Map Check
[2019.04.16-03.36.16:501][  0]LightingResults: New page: Lighting Build
[2019.04.16-03.36.16:655][  0]LogProperty: Error: UStructProperty::Serialize Loading: Property 'StructProperty /Game/ThirdPersonBP/SpellCombinationMenu/Widget/SpellCombinationWidget.SpellCombinationWidget_C:setViewPortSpell.SpellComb'. Unknown structure.
[2019.04.16-03.36.16:655][  0]LogProperty: Error: UStructProperty::Serialize Loading: Property 'StructProperty /Game/ThirdPersonBP/SpellCombinationMenu/Widget/SpellCombinationWidget.SpellCombinationWidget_C:setSpell.K2Node_MakeStruct_SpellCombinations'. Unknown structure.
[2019.04.16-03.36.17:909][  0]LogAIModule: Creating AISystem for world ThirdPersonExampleMap
[2019.04.16-03.36.17:920][  0]LogEditorServer: Finished looking for orphan Actors (0.000 secs)
[2019.04.16-03.36.17:943][  0]Cmd: MAP CHECKDEP NOCLEARLOG
[2019.04.16-03.36.17:944][  0]MapCheck: Map check complete: 0 Error(s), 0 Warning(s), took 0.24ms to complete.
[2019.04.16-03.36.17:944][  0]LogFileHelpers: Loading map 'ThirdPersonExampleMap' took 1.446
[2019.04.16-03.36.18:069][  0]LogSlate: Updating window title bar state: overlay mode, drag disabled, window buttons hidden, title bar hidden
[2019.04.16-03.36.18:075][  0]LogSlate: Updating window title bar state: overlay mode, drag disabled, window buttons hidden, title bar hidden
[2019.04.16-03.36.18:082][  0]LogSlate: Updating window title bar state: overlay mode, drag disabled, window buttons hidden, title bar hidden
[2019.04.16-03.36.18:088][  0]LogSlate: Updating window title bar state: overlay mode, drag disabled, window buttons hidden, title bar hidden
[2019.04.16-03.36.18:094][  0]LogCollectionManager: Loaded 0 collections in 0.001583 seconds
[2019.04.16-03.36.18:134][  0]LogFileCache: Scanning file cache for directory 'E:/Phillip/Documents/Github/WIZARD_WARS_4000/Wizard_Wars/Saved/Collections/' took 0.01s
[2019.04.16-03.36.18:134][  0]LogFileCache: Scanning file cache for directory 'E:/Phillip/Documents/Github/WIZARD_WARS_4000/Wizard_Wars/Content/Developers/Thornberg/Collections/' took 0.01s
[2019.04.16-03.36.18:134][  0]LogFileCache: Scanning file cache for directory 'E:/Phillip/Documents/Github/WIZARD_WARS_4000/Wizard_Wars/Content/Collections/' took 0.01s
[2019.04.16-03.36.18:134][  0]LogCollectionManager: Rebuilt the GUID cache for 0 collections in 0.000000 seconds
[2019.04.16-03.36.18:141][  0]LogContentBrowser: Native class hierarchy populated in 0.0068 seconds. Added 2651 classes and 620 folders.
[2019.04.16-03.36.18:148][  0]LogContentBrowser: Native class hierarchy updated for 'WidgetCarousel' in 0.0002 seconds. Added 0 classes and 0 folders.
[2019.04.16-03.36.18:151][  0]LogPakFile: Registered encryption key '00000000000000000000000000000000': 0 pak files mounted, 0 remain pending
[2019.04.16-03.36.18:152][  0]LogPakFile: Registered encryption key '00000000000000000000000000000000': 0 pak files mounted, 0 remain pending
[2019.04.16-03.36.18:152][  0]LogPakFile: Registered encryption key '00000000000000000000000000000000': 0 pak files mounted, 0 remain pending
[2019.04.16-03.36.18:153][  0]LogPakFile: Registered encryption key '00000000000000000000000000000000': 0 pak files mounted, 0 remain pending
[2019.04.16-03.36.18:153][  0]LogPakFile: Registered encryption key '00000000000000000000000000000000': 0 pak files mounted, 0 remain pending
[2019.04.16-03.36.18:154][  0]LogPakFile: Registered encryption key '00000000000000000000000000000000': 0 pak files mounted, 0 remain pending
[2019.04.16-03.36.18:155][  0]LogPakFile: Registered encryption key '00000000000000000000000000000000': 0 pak files mounted, 0 remain pending
[2019.04.16-03.36.18:155][  0]LogPakFile: Registered encryption key '00000000000000000000000000000000': 0 pak files mounted, 0 remain pending
[2019.04.16-03.36.18:156][  0]LogPakFile: Registered encryption key '00000000000000000000000000000000': 0 pak files mounted, 0 remain pending
[2019.04.16-03.36.18:156][  0]LogPakFile: Registered encryption key '00000000000000000000000000000000': 0 pak files mounted, 0 remain pending
[2019.04.16-03.36.18:157][  0]LogPakFile: Registered encryption key '00000000000000000000000000000000': 0 pak files mounted, 0 remain pending
[2019.04.16-03.36.18:158][  0]LogPakFile: Registered encryption key '00000000000000000000000000000000': 0 pak files mounted, 0 remain pending
[2019.04.16-03.36.18:159][  0]LogPakFile: Registered encryption key '00000000000000000000000000000000': 0 pak files mounted, 0 remain pending
[2019.04.16-03.36.18:160][  0]LogPakFile: Registered encryption key '00000000000000000000000000000000': 0 pak files mounted, 0 remain pending
[2019.04.16-03.36.18:161][  0]LogPakFile: Registered encryption key '00000000000000000000000000000000': 0 pak files mounted, 0 remain pending
[2019.04.16-03.36.18:162][  0]LogPakFile: Registered encryption key '00000000000000000000000000000000': 0 pak files mounted, 0 remain pending
[2019.04.16-03.36.18:162][  0]LogPakFile: Registered encryption key '00000000000000000000000000000000': 0 pak files mounted, 0 remain pending
[2019.04.16-03.36.18:163][  0]LogPakFile: Registered encryption key '00000000000000000000000000000000': 0 pak files mounted, 0 remain pending
[2019.04.16-03.36.18:164][  0]LogPakFile: Registered encryption key '00000000000000000000000000000000': 0 pak files mounted, 0 remain pending
[2019.04.16-03.36.18:164][  0]LogPakFile: Registered encryption key '00000000000000000000000000000000': 0 pak files mounted, 0 remain pending
[2019.04.16-03.36.18:165][  0]LogPakFile: Registered encryption key '00000000000000000000000000000000': 0 pak files mounted, 0 remain pending
[2019.04.16-03.36.18:165][  0]LogPakFile: Registered encryption key '00000000000000000000000000000000': 0 pak files mounted, 0 remain pending
[2019.04.16-03.36.18:166][  0]LogPakFile: Registered encryption key '00000000000000000000000000000000': 0 pak files mounted, 0 remain pending
[2019.04.16-03.36.18:167][  0]LogPakFile: Registered encryption key '00000000000000000000000000000000': 0 pak files mounted, 0 remain pending
[2019.04.16-03.36.18:167][  0]LogPakFile: Registered encryption key '00000000000000000000000000000000': 0 pak files mounted, 0 remain pending
[2019.04.16-03.36.18:168][  0]LogPakFile: Registered encryption key '00000000000000000000000000000000': 0 pak files mounted, 0 remain pending
[2019.04.16-03.36.18:214][  0]LogContentBrowser: Native class hierarchy updated for 'AddContentDialog' in 0.0002 seconds. Added 0 classes and 0 folders.
[2019.04.16-03.36.18:219][  0]LogContentBrowser: Native class hierarchy updated for 'SceneOutliner' in 0.0002 seconds. Added 1 classes and 2 folders.
[2019.04.16-03.36.18:287][  0]LogSlate: Took 0.000163 seconds to synchronously load lazily loaded font '../../../Engine/Content/Slate/Fonts/Roboto-Regular.ttf' (155K)
[2019.04.16-03.36.18:288][  0]LogSlate: Took 0.000174 seconds to synchronously load lazily loaded font '../../../Engine/Content/Slate/Fonts/Roboto-Bold.ttf' (160K)
[2019.04.16-03.36.18:292][  0]LogSlate: Took 0.000153 seconds to synchronously load lazily loaded font '../../../Engine/Content/Editor/Slate/Fonts/FontAwesome.ttf' (139K)
[2019.04.16-03.36.18:356][  0]LogRenderer: Reallocating scene render targets to support 1072x516 Format 10 NumSamples 1 (Frame:1).
[2019.04.16-03.36.18:519][  0]LogContentBrowser: Native class hierarchy updated for 'HierarchicalLODOutliner' in 0.0002 seconds. Added 0 classes and 0 folders.
[2019.04.16-03.36.18:520][  0]LogLoad: (Engine Initialization) Total time: 10.45 seconds
[2019.04.16-03.36.18:520][  0]LogLoad: (Engine Initialization) Total Blueprint compile time: 0.00 seconds
[2019.04.16-03.36.18:592][  0]LogContentStreaming: Texture pool size now 1000 MB
[2019.04.16-03.36.18:608][  0]LogSlate: Took 0.000187 seconds to synchronously load lazily loaded font '../../../Engine/Content/Slate/Fonts/Roboto-Light.ttf' (167K)
[2019.04.16-03.36.18:705][  2]LogAssetRegistry: Asset discovery search completed in 6.5147 seconds
[2019.04.16-03.36.18:706][  2]LogCollectionManager: Rebuilt the object cache for 0 collections in 0.000001 seconds (found 0 objects)
[2019.04.16-03.36.18:707][  2]LogCollectionManager: Fixed up redirectors for 0 collections in 0.000039 seconds (updated 0 objects)
[2019.04.16-03.36.26:158][875]LogRenderer: Reallocating scene render targets to support 1224x608 Format 10 NumSamples 1 (Frame:883).
[2019.04.16-03.36.26:231][876]LogRenderer: Reallocating scene render targets to support 1920x1040 Format 10 NumSamples 1 (Frame:885).
[2019.04.16-03.36.26:300][877]LogSlate: FSceneViewport::OnFocusLost() reason 2
[2019.04.16-03.36.38:566][345]Cmd: SELECT NONE
[2019.04.16-03.36.39:311][426]LogSlate: FSceneViewport::OnFocusLost() reason 0
[2019.04.16-03.36.46:941][303]LogSlate: FSceneViewport::OnFocusLost() reason 2
[2019.04.16-03.37.15:746][219]LogEditorViewport: Clicking on Actor (LMB): StaticMeshActor (Ship_Stern_Platform3)
[2019.04.16-03.37.19:410][601]LogTemp: Repeating last play command: Selected Viewport
[2019.04.16-03.37.19:422][601]LogBlueprintUserMessages: Early PlayInEditor Detection: Level '/Game/ThirdPersonBP/Maps/ThirdPersonExampleMap.ThirdPersonExampleMap:PersistentLevel' has LevelScriptBlueprint '/Game/ThirdPersonBP/Maps/ThirdPersonExampleMap.ThirdPersonExampleMap:PersistentLevel.ThirdPersonExampleMap' with GeneratedClass '/Game/ThirdPersonBP/Maps/ThirdPersonExampleMap.ThirdPersonExampleMap_C' with ClassGeneratedBy '/Game/ThirdPersonBP/Maps/ThirdPersonExampleMap.ThirdPersonExampleMap:PersistentLevel.ThirdPersonExampleMap'
[2019.04.16-03.37.19:422][601]LogPlayLevel: PlayLevel: No blueprints needed recompiling
[2019.04.16-03.37.19:508][601]PIE: New page: PIE session: ThirdPersonExampleMap (Apr 15, 2019, 7:37:19 PM)
[2019.04.16-03.37.19:530][601]LogPlayLevel: Creating play world package: /Game/ThirdPersonBP/Maps/UEDPIE_0_ThirdPersonExampleMap
[2019.04.16-03.37.19:557][601]LogPlayLevel: PIE: StaticDuplicateObject took: (0.026638s)
[2019.04.16-03.37.19:557][601]LogAIModule: Creating AISystem for world ThirdPersonExampleMap
[2019.04.16-03.37.19:557][601]LogPlayLevel: PIE: World Init took: (0.000559s)
[2019.04.16-03.37.19:557][601]LogPlayLevel: PIE: Created PIE world by copying editor world from /Game/ThirdPersonBP/Maps/ThirdPersonExampleMap.ThirdPersonExampleMap to /Game/ThirdPersonBP/Maps/UEDPIE_0_ThirdPersonExampleMap.ThirdPersonExampleMap (0.027761s)
[2019.04.16-03.37.19:641][601]LogInit: XAudio2 using 'Speakers (High Definition Audio Device)' : 2 channels at 48 kHz using 16 bits per sample (channel mask 0x3)
[2019.04.16-03.37.19:656][601]LogInit: FAudioDevice initialized.
[2019.04.16-03.37.19:656][601]LogSlate: FSceneViewport::OnFocusLost() reason 2
[2019.04.16-03.37.19:777][601]LogLoad: Game class is 'ThirdPersonGameMode_C'
[2019.04.16-03.37.19:780][601]LogWorld: Bringing World /Game/ThirdPersonBP/Maps/UEDPIE_0_ThirdPersonExampleMap.ThirdPersonExampleMap up for play (max tick rate 0) at 2019.04.15-23.37.19
[2019.04.16-03.37.19:781][601]LogWorld: Bringing up level for play took: 0.002205
[2019.04.16-03.37.19:973][601]LogContentBrowser: Native class hierarchy updated for 'MovieSceneCapture' in 0.0004 seconds. Added 20 classes and 0 folders.
[2019.04.16-03.37.19:974][601]LogScript: Warning: Script Msg: Attempted to access index 2 from array 'ItemsToSpawn' of length 2 in '/Game/Interactables/Spawner/BP_Spawner.BP_Spawner_C'!
[2019.04.16-03.37.19:974][601]LogScript: Warning: UGameplayStatics::BeginSpawningActorFromClass: can not spawn an actor from a NULL class
[2019.04.16-03.37.19:977][601]LogScript: Warning: Script Msg: Attempted to access index 2 from array 'ItemsToSpawn' of length 2 in '/Game/Interactables/Spawner/BP_Spawner.BP_Spawner_C'!
[2019.04.16-03.37.19:977][601]LogScript: Warning: UGameplayStatics::BeginSpawningActorFromClass: can not spawn an actor from a NULL class
[2019.04.16-03.37.19:978][601]LogBlueprintUserMessages: [ThirdPersonGameMode_C_0] Begin Player Spawn
[2019.04.16-03.37.19:978][601]LogPlayerManagement: Error: Failed to Create Player: A local player already exists for controller ID 0,
[2019.04.16-03.37.20:018][601]LogSlate: New Slate User Created.  User Index 1, Is Virtual User: 0
[2019.04.16-03.37.20:018][601]LogSlate: Slate User Registered.  User Index 1, Is Virtual User: 0
[2019.04.16-03.37.20:019][601]PIE: Play in editor start time for /Game/ThirdPersonBP/Maps/UEDPIE_0_ThirdPersonExampleMap 1.496
[2019.04.16-03.37.20:020][601]LogBlueprintUserMessages: Late PlayInEditor Detection: Level '/Game/ThirdPersonBP/Maps/ThirdPersonExampleMap.ThirdPersonExampleMap:PersistentLevel' has LevelScriptBlueprint '/Game/ThirdPersonBP/Maps/ThirdPersonExampleMap.ThirdPersonExampleMap:PersistentLevel.ThirdPersonExampleMap' with GeneratedClass '/Game/ThirdPersonBP/Maps/ThirdPersonExampleMap.ThirdPersonExampleMap_C' with ClassGeneratedBy '/Game/ThirdPersonBP/Maps/ThirdPersonExampleMap.ThirdPersonExampleMap:PersistentLevel.ThirdPersonExampleMap'
[2019.04.16-03.37.25:799][287]LogBlueprintUserMessages: [ThirdPersonCharacter_C_0] Blink!
[2019.04.16-03.37.25:996][308]LogBlueprintUserMessages: [ThirdPersonCharacter_C_0] Blink!
[2019.04.16-03.37.26:289][343]LogBlueprintUserMessages: [ThirdPersonCharacter_C_0] Blink!
[2019.04.16-03.37.26:447][362]LogBlueprintUserMessages: [ThirdPersonCharacter_C_0] Blink!
[2019.04.16-03.37.26:614][382]LogBlueprintUserMessages: [ThirdPersonCharacter_C_0] Blink!
[2019.04.16-03.37.26:687][391]LogBlueprintUserMessages: [BP_Spawner5] Item already spawned
[2019.04.16-03.37.26:690][391]LogScript: Warning: Script Msg: Attempted to access index 2 from array 'ItemsToSpawn' of length 2 in '/Game/Interactables/Spawner/BP_Spawner.BP_Spawner_C'!
[2019.04.16-03.37.26:690][391]LogScript: Warning: UGameplayStatics::BeginSpawningActorFromClass: can not spawn an actor from a NULL class
[2019.04.16-03.37.26:690][391]LogBlueprintUserMessages: [BP_Spawner3] Item already spawned
[2019.04.16-03.37.26:690][391]LogBlueprintUserMessages: [BP_Spawner2] Item already spawned
[2019.04.16-03.37.26:821][407]LogBlueprintUserMessages: [ThirdPersonCharacter_C_0] Blink!
[2019.04.16-03.37.27:006][429]LogBlueprintUserMessages: [ThirdPersonCharacter_C_0] Blink!
[2019.04.16-03.37.27:156][447]LogBlueprintUserMessages: [ThirdPersonCharacter_C_0] Blink!
[2019.04.16-03.37.27:447][482]LogBlueprintUserMessages: [ThirdPersonCharacter_C_0] Blink!
[2019.04.16-03.37.27:580][498]LogBlueprintUserMessages: [ThirdPersonCharacter_C_0] Blink!
[2019.04.16-03.37.27:772][521]LogBlueprintUserMessages: [ThirdPersonCharacter_C_0] Blink!
[2019.04.16-03.37.28:005][549]LogBlueprintUserMessages: [ThirdPersonCharacter_C_0] Blink!
[2019.04.16-03.37.28:216][574]LogBlueprintUserMessages: [ThirdPersonCharacter_C_0] Blink!
[2019.04.16-03.37.28:358][591]LogBlueprintUserMessages: [ThirdPersonCharacter_C_0] Blink!
[2019.04.16-03.37.28:516][610]LogBlueprintUserMessages: [ThirdPersonCharacter_C_0] Blink!
[2019.04.16-03.37.28:691][631]LogBlueprintUserMessages: [ThirdPersonCharacter_C_0] Blink!
[2019.04.16-03.37.28:891][655]LogBlueprintUserMessages: [ThirdPersonCharacter_C_0] Blink!
[2019.04.16-03.37.29:266][700]LogBlueprintUserMessages: [ThirdPersonCharacter_C_0] Blink!
[2019.04.16-03.37.29:466][724]LogBlueprintUserMessages: [ThirdPersonCharacter_C_0] Blink!
[2019.04.16-03.37.29:807][765]LogBlueprintUserMessages: [ThirdPersonCharacter_C_0] Blink!
[2019.04.16-03.37.29:966][784]LogBlueprintUserMessages: [ThirdPersonCharacter_C_0] Blink!
[2019.04.16-03.37.30:174][809]LogBlueprintUserMessages: [ThirdPersonCharacter_C_0] Blink!
[2019.04.16-03.37.30:334][828]LogBlueprintUserMessages: [ThirdPersonCharacter_C_0] Blink!
[2019.04.16-03.37.30:491][847]LogBlueprintUserMessages: [ThirdPersonCharacter_C_0] Blink!
[2019.04.16-03.37.31:690][991]LogBlueprintUserMessages: [BP_Spawner2] Item already spawned
[2019.04.16-03.37.31:690][991]LogBlueprintUserMessages: [BP_Spawner3] Item already spawned
[2019.04.16-03.37.31:690][991]LogBlueprintUserMessages: [BP_Spawner5] Item already spawned
[2019.04.16-03.37.32:682][110]LogBlueprintUserMessages: [BP_Spawner2] Item already spawned
[2019.04.16-03.37.32:682][110]LogBlueprintUserMessages: [BP_Spawner5] Item already spawned
[2019.04.16-03.37.32:682][110]LogBlueprintUserMessages: [BP_Spawner3] Item already spawned
[2019.04.16-03.37.32:682][110]LogBlueprintUserMessages: [BP_Spawner_2] Item already spawned
[2019.04.16-03.37.33:533][212]LogBlueprintUserMessages: Early EndPlayMap Detection: Level '/Game/ThirdPersonBP/Maps/ThirdPersonExampleMap.ThirdPersonExampleMap:PersistentLevel' has LevelScriptBlueprint '/Game/ThirdPersonBP/Maps/ThirdPersonExampleMap.ThirdPersonExampleMap:PersistentLevel.ThirdPersonExampleMap' with GeneratedClass '/Game/ThirdPersonBP/Maps/ThirdPersonExampleMap.ThirdPersonExampleMap_C' with ClassGeneratedBy '/Game/ThirdPersonBP/Maps/ThirdPersonExampleMap.ThirdPersonExampleMap:PersistentLevel.ThirdPersonExampleMap'
[2019.04.16-03.37.33:533][212]LogSlate: Updating window title bar state: overlay mode, drag disabled, window buttons hidden, title bar hidden
[2019.04.16-03.37.33:564][212]LogPlayLevel: Display: Shutting down PIE online subsystems
[2019.04.16-03.37.33:565][212]LogBlueprintUserMessages: Late EndPlayMap Detection: Level '/Game/ThirdPersonBP/Maps/ThirdPersonExampleMap.ThirdPersonExampleMap:PersistentLevel' has LevelScriptBlueprint '/Game/ThirdPersonBP/Maps/ThirdPersonExampleMap.ThirdPersonExampleMap:PersistentLevel.ThirdPersonExampleMap' with GeneratedClass '/Game/ThirdPersonBP/Maps/ThirdPersonExampleMap.ThirdPersonExampleMap_C' with ClassGeneratedBy '/Game/ThirdPersonBP/Maps/ThirdPersonExampleMap.ThirdPersonExampleMap:PersistentLevel.ThirdPersonExampleMap'
[2019.04.16-03.37.33:587][212]LogSlate: Updating window title bar state: overlay mode, drag disabled, window buttons hidden, title bar hidden
[2019.04.16-03.37.33:638][215]LogPlayLevel: Display: Destroying online subsystem :Context_1
[2019.04.16-03.37.41:297][702]Cmd: SELECT NONE
[2019.04.16-03.37.42:120][800]LogSlate: FSceneViewport::OnFocusLost() reason 0
[2019.04.16-03.37.47:518][418]LogSlate: FSceneViewport::OnFocusLost() reason 0
[2019.04.16-03.37.54:287][221]LogSlate: Took 0.000232 seconds to synchronously load lazily loaded font '../../../Engine/Content/Slate/Fonts/Roboto-Light.ttf' (167K)
[2019.04.16-03.37.54:294][221]LogAssetEditorManager: Opening Asset editor for Blueprint /Game/ThirdPersonBP/Blueprints/ThirdPersonCharacter.ThirdPersonCharacter
[2019.04.16-03.37.56:174][221]LogContentBrowser: Native class hierarchy updated for 'BlueprintGraph' in 0.0005 seconds. Added 117 classes and 0 folders.
[2019.04.16-03.37.57:818][221]LogSlate: Took 0.017603 seconds to synchronously load lazily loaded font '../../../Engine/Content/Slate/Fonts/Roboto-BoldCondensed.ttf' (158K)
[2019.04.16-03.37.58:049][222]LogSlate: Took 0.000221 seconds to synchronously load lazily loaded font '../../../Engine/Content/Slate/Fonts/Roboto-Italic.ttf' (157K)
[2019.04.16-03.38.06:344][117]LogSlate: Window 'ThirdPersonCharacter*' being destroyed
[2019.04.16-03.38.06:349][117]LogSlate: Window 'ThirdPersonCharacter*' being destroyed
[2019.04.16-03.38.37:074][787]LogEditorViewport: Clicking on Actor (LMB): PlayerStart (PlayerStart)
[2019.04.16-03.38.39:441][ 69]LogSlate: FSceneViewport::OnFocusLost() reason 0
[2019.04.16-03.38.54:141][827]LogTemp: Repeating last play command: Selected Viewport
[2019.04.16-03.38.54:159][827]LogBlueprintUserMessages: Early PlayInEditor Detection: Level '/Game/ThirdPersonBP/Maps/ThirdPersonExampleMap.ThirdPersonExampleMap:PersistentLevel' has LevelScriptBlueprint '/Game/ThirdPersonBP/Maps/ThirdPersonExampleMap.ThirdPersonExampleMap:PersistentLevel.ThirdPersonExampleMap' with GeneratedClass '/Game/ThirdPersonBP/Maps/ThirdPersonExampleMap.ThirdPersonExampleMap_C' with ClassGeneratedBy '/Game/ThirdPersonBP/Maps/ThirdPersonExampleMap.ThirdPersonExampleMap:PersistentLevel.ThirdPersonExampleMap'
[2019.04.16-03.38.54:159][827]BlueprintLog: New page: Pre-Play auto-recompile
[2019.04.16-03.38.54:191][827]LogPlayLevel: [PlayLevel] Compiling ThirdPersonCharacter before play...
[2019.04.16-03.38.54:342][827]LogPlayLevel: PlayLevel: Blueprint regeneration took 183 ms (1 blueprints)
[2019.04.16-03.38.54:342][827]PIE: New page: PIE session: ThirdPersonExampleMap (Apr 15, 2019, 7:38:54 PM)
[2019.04.16-03.38.54:342][827]LogPlayLevel: Creating play world package: /Game/ThirdPersonBP/Maps/UEDPIE_0_ThirdPersonExampleMap
[2019.04.16-03.38.54:361][827]LogPlayLevel: PIE: StaticDuplicateObject took: (0.018202s)
[2019.04.16-03.38.54:361][827]LogAIModule: Creating AISystem for world ThirdPersonExampleMap
[2019.04.16-03.38.54:361][827]LogPlayLevel: PIE: World Init took: (0.000511s)
[2019.04.16-03.38.54:361][827]LogPlayLevel: PIE: Created PIE world by copying editor world from /Game/ThirdPersonBP/Maps/ThirdPersonExampleMap.ThirdPersonExampleMap to /Game/ThirdPersonBP/Maps/UEDPIE_0_ThirdPersonExampleMap.ThirdPersonExampleMap (0.018864s)
[2019.04.16-03.38.54:433][827]LogInit: XAudio2 using 'Speakers (High Definition Audio Device)' : 2 channels at 48 kHz using 16 bits per sample (channel mask 0x3)
[2019.04.16-03.38.54:449][827]LogInit: FAudioDevice initialized.
[2019.04.16-03.38.54:478][827]LogLoad: Game class is 'ThirdPersonGameMode_C'
[2019.04.16-03.38.54:481][827]LogWorld: Bringing World /Game/ThirdPersonBP/Maps/UEDPIE_0_ThirdPersonExampleMap.ThirdPersonExampleMap up for play (max tick rate 0) at 2019.04.15-23.38.54
[2019.04.16-03.38.54:481][827]LogWorld: Bringing up level for play took: 0.002181
[2019.04.16-03.38.54:510][827]LogScript: Warning: Script Msg: Attempted to access index 2 from array 'ItemsToSpawn' of length 2 in '/Game/Interactables/Spawner/BP_Spawner.BP_Spawner_C'!
[2019.04.16-03.38.54:510][827]LogScript: Warning: UGameplayStatics::BeginSpawningActorFromClass: can not spawn an actor from a NULL class
[2019.04.16-03.38.54:512][827]LogScript: Warning: Script Msg: Attempted to access index 2 from array 'ItemsToSpawn' of length 2 in '/Game/Interactables/Spawner/BP_Spawner.BP_Spawner_C'!
[2019.04.16-03.38.54:512][827]LogScript: Warning: UGameplayStatics::BeginSpawningActorFromClass: can not spawn an actor from a NULL class
[2019.04.16-03.38.54:512][827]LogBlueprintUserMessages: [ThirdPersonGameMode_C_0] Begin Player Spawn
[2019.04.16-03.38.54:512][827]LogPlayerManagement: Error: Failed to Create Player: A local player already exists for controller ID 0,
[2019.04.16-03.38.54:518][827]PIE: Play in editor start time for /Game/ThirdPersonBP/Maps/UEDPIE_0_ThirdPersonExampleMap -0.004
[2019.04.16-03.38.54:519][827]LogBlueprintUserMessages: Late PlayInEditor Detection: Level '/Game/ThirdPersonBP/Maps/ThirdPersonExampleMap.ThirdPersonExampleMap:PersistentLevel' has LevelScriptBlueprint '/Game/ThirdPersonBP/Maps/ThirdPersonExampleMap.ThirdPersonExampleMap:PersistentLevel.ThirdPersonExampleMap' with GeneratedClass '/Game/ThirdPersonBP/Maps/ThirdPersonExampleMap.ThirdPersonExampleMap_C' with ClassGeneratedBy '/Game/ThirdPersonBP/Maps/ThirdPersonExampleMap.ThirdPersonExampleMap:PersistentLevel.ThirdPersonExampleMap'
[2019.04.16-03.39.01:147][619]LogScript: Warning: Script Msg: Attempted to access index 2 from array 'ItemsToSpawn' of length 2 in '/Game/Interactables/Spawner/BP_Spawner.BP_Spawner_C'!
[2019.04.16-03.39.01:147][619]LogScript: Warning: UGameplayStatics::BeginSpawningActorFromClass: can not spawn an actor from a NULL class
[2019.04.16-03.39.01:147][619]LogBlueprintUserMessages: [BP_Spawner_2] Item already spawned
[2019.04.16-03.39.01:147][619]LogBlueprintUserMessages: [BP_Spawner4] Item already spawned
[2019.04.16-03.39.01:147][619]LogScript: Warning: Script Msg: Attempted to access index 2 from array 'ItemsToSpawn' of length 2 in '/Game/Interactables/Spawner/BP_Spawner.BP_Spawner_C'!
[2019.04.16-03.39.01:147][619]LogScript: Warning: UGameplayStatics::BeginSpawningActorFromClass: can not spawn an actor from a NULL class
[2019.04.16-03.39.01:147][619]LogBlueprintUserMessages: [BP_Spawner2] Item already spawned
[2019.04.16-03.39.06:148][219]LogBlueprintUserMessages: [BP_Spawner2] Item already spawned
[2019.04.16-03.39.06:148][219]LogBlueprintUserMessages: [BP_Spawner4] Item already spawned
[2019.04.16-03.39.06:148][219]LogBlueprintUserMessages: [BP_Spawner_2] Item already spawned
[2019.04.16-03.39.07:147][339]LogBlueprintUserMessages: [BP_Spawner2] Item already spawned
[2019.04.16-03.39.07:148][339]LogBlueprintUserMessages: [BP_Spawner4] Item already spawned
[2019.04.16-03.39.07:148][339]LogScript: Warning: Script Msg: Attempted to access index 2 from array 'ItemsToSpawn' of length 2 in '/Game/Interactables/Spawner/BP_Spawner.BP_Spawner_C'!
[2019.04.16-03.39.07:148][339]LogScript: Warning: UGameplayStatics::BeginSpawningActorFromClass: can not spawn an actor from a NULL class
[2019.04.16-03.39.07:148][339]LogBlueprintUserMessages: [BP_Spawner_2] Item already spawned
[2019.04.16-03.39.12:149][939]LogBlueprintUserMessages: [BP_Spawner4] Item already spawned
[2019.04.16-03.39.12:149][939]LogBlueprintUserMessages: [BP_Spawner2] Item already spawned
[2019.04.16-03.39.12:149][939]LogBlueprintUserMessages: [BP_Spawner_2] Item already spawned
[2019.04.16-03.39.13:148][ 59]LogBlueprintUserMessages: [BP_Spawner_2] Item already spawned
[2019.04.16-03.39.13:149][ 59]LogBlueprintUserMessages: [BP_Spawner5] Item already spawned
[2019.04.16-03.39.13:149][ 59]LogBlueprintUserMessages: [BP_Spawner2] Item already spawned
[2019.04.16-03.39.13:149][ 59]LogBlueprintUserMessages: [BP_Spawner4] Item already spawned
[2019.04.16-03.39.17:099][533]LogBlueprintUserMessages: Early EndPlayMap Detection: Level '/Game/ThirdPersonBP/Maps/ThirdPersonExampleMap.ThirdPersonExampleMap:PersistentLevel' has LevelScriptBlueprint '/Game/ThirdPersonBP/Maps/ThirdPersonExampleMap.ThirdPersonExampleMap:PersistentLevel.ThirdPersonExampleMap' with GeneratedClass '/Game/ThirdPersonBP/Maps/ThirdPersonExampleMap.ThirdPersonExampleMap_C' with ClassGeneratedBy '/Game/ThirdPersonBP/Maps/ThirdPersonExampleMap.ThirdPersonExampleMap:PersistentLevel.ThirdPersonExampleMap'
[2019.04.16-03.39.17:099][533]LogSlate: Updating window title bar state: overlay mode, drag disabled, window buttons hidden, title bar hidden
[2019.04.16-03.39.17:132][533]LogPlayLevel: Display: Shutting down PIE online subsystems
[2019.04.16-03.39.17:132][533]LogBlueprintUserMessages: Late EndPlayMap Detection: Level '/Game/ThirdPersonBP/Maps/ThirdPersonExampleMap.ThirdPersonExampleMap:PersistentLevel' has LevelScriptBlueprint '/Game/ThirdPersonBP/Maps/ThirdPersonExampleMap.ThirdPersonExampleMap:PersistentLevel.ThirdPersonExampleMap' with GeneratedClass '/Game/ThirdPersonBP/Maps/ThirdPersonExampleMap.ThirdPersonExampleMap_C' with ClassGeneratedBy '/Game/ThirdPersonBP/Maps/ThirdPersonExampleMap.ThirdPersonExampleMap:PersistentLevel.ThirdPersonExampleMap'
[2019.04.16-03.39.17:159][533]LogSlate: Updating window title bar state: overlay mode, drag disabled, window buttons hidden, title bar hidden
[2019.04.16-03.39.17:200][535]LogPlayLevel: Display: Destroying online subsystem :Context_4
[2019.04.16-03.39.25:123][133]LogSlate: FSceneViewport::OnFocusLost() reason 0
[2019.04.16-03.39.25:181][140]LogTemp: Repeating last play command: Selected Viewport
[2019.04.16-03.39.25:195][140]LogBlueprintUserMessages: Early PlayInEditor Detection: Level '/Game/ThirdPersonBP/Maps/ThirdPersonExampleMap.ThirdPersonExampleMap:PersistentLevel' has LevelScriptBlueprint '/Game/ThirdPersonBP/Maps/ThirdPersonExampleMap.ThirdPersonExampleMap:PersistentLevel.ThirdPersonExampleMap' with GeneratedClass '/Game/ThirdPersonBP/Maps/ThirdPersonExampleMap.ThirdPersonExampleMap_C' with ClassGeneratedBy '/Game/ThirdPersonBP/Maps/ThirdPersonExampleMap.ThirdPersonExampleMap:PersistentLevel.ThirdPersonExampleMap'
[2019.04.16-03.39.25:195][140]LogPlayLevel: PlayLevel: No blueprints needed recompiling
[2019.04.16-03.39.25:195][140]PIE: New page: PIE session: ThirdPersonExampleMap (Apr 15, 2019, 7:39:25 PM)
[2019.04.16-03.39.25:196][140]LogPlayLevel: Creating play world package: /Game/ThirdPersonBP/Maps/UEDPIE_0_ThirdPersonExampleMap
[2019.04.16-03.39.25:214][140]LogPlayLevel: PIE: StaticDuplicateObject took: (0.018371s)
[2019.04.16-03.39.25:214][140]LogAIModule: Creating AISystem for world ThirdPersonExampleMap
[2019.04.16-03.39.25:215][140]LogPlayLevel: PIE: World Init took: (0.000594s)
[2019.04.16-03.39.25:215][140]LogPlayLevel: PIE: Created PIE world by copying editor world from /Game/ThirdPersonBP/Maps/ThirdPersonExampleMap.ThirdPersonExampleMap to /Game/ThirdPersonBP/Maps/UEDPIE_0_ThirdPersonExampleMap.ThirdPersonExampleMap (0.019135s)
[2019.04.16-03.39.25:292][140]LogInit: XAudio2 using 'Speakers (High Definition Audio Device)' : 2 channels at 48 kHz using 16 bits per sample (channel mask 0x3)
[2019.04.16-03.39.25:307][140]LogInit: FAudioDevice initialized.
[2019.04.16-03.39.25:339][140]LogLoad: Game class is 'ThirdPersonGameMode_C'
[2019.04.16-03.39.25:342][140]LogWorld: Bringing World /Game/ThirdPersonBP/Maps/UEDPIE_0_ThirdPersonExampleMap.ThirdPersonExampleMap up for play (max tick rate 0) at 2019.04.15-23.39.25
[2019.04.16-03.39.25:342][140]LogWorld: Bringing up level for play took: 0.002201
[2019.04.16-03.39.25:359][140]LogBlueprintUserMessages: [ThirdPersonGameMode_C_0] Begin Player Spawn
[2019.04.16-03.39.25:359][140]LogPlayerManagement: Error: Failed to Create Player: A local player already exists for controller ID 0,
[2019.04.16-03.39.25:362][140]PIE: Play in editor start time for /Game/ThirdPersonBP/Maps/UEDPIE_0_ThirdPersonExampleMap 0.839
[2019.04.16-03.39.25:362][140]LogBlueprintUserMessages: Late PlayInEditor Detection: Level '/Game/ThirdPersonBP/Maps/ThirdPersonExampleMap.ThirdPersonExampleMap:PersistentLevel' has LevelScriptBlueprint '/Game/ThirdPersonBP/Maps/ThirdPersonExampleMap.ThirdPersonExampleMap:PersistentLevel.ThirdPersonExampleMap' with GeneratedClass '/Game/ThirdPersonBP/Maps/ThirdPersonExampleMap.ThirdPersonExampleMap_C' with ClassGeneratedBy '/Game/ThirdPersonBP/Maps/ThirdPersonExampleMap.ThirdPersonExampleMap:PersistentLevel.ThirdPersonExampleMap'
[2019.04.16-03.39.26:255][242]Cmd: LevelEditor.ToggleImmersive
[2019.04.16-03.39.26:425][246]LogSlate: FSceneViewport::OnFocusLost() reason 2
[2019.04.16-03.39.32:183][937]LogBlueprintUserMessages: [BP_Spawner5] Item already spawned
[2019.04.16-03.39.32:183][937]LogBlueprintUserMessages: [BP_Spawner_2] Item already spawned
[2019.04.16-03.39.32:183][937]LogBlueprintUserMessages: [BP_Spawner4] Item already spawned
[2019.04.16-03.39.32:183][937]LogBlueprintUserMessages: [BP_Spawner3] Item already spawned
[2019.04.16-03.39.32:183][937]LogBlueprintUserMessages: [BP_Spawner2] Item already spawned
[2019.04.16-03.39.37:183][537]LogBlueprintUserMessages: [BP_Spawner2] Item already spawned
[2019.04.16-03.39.37:183][537]LogBlueprintUserMessages: [BP_Spawner3] Item already spawned
[2019.04.16-03.39.37:183][537]LogBlueprintUserMessages: [BP_Spawner4] Item already spawned
[2019.04.16-03.39.37:183][537]LogBlueprintUserMessages: [BP_Spawner_2] Item already spawned
[2019.04.16-03.39.37:183][537]LogBlueprintUserMessages: [BP_Spawner5] Item already spawned
[2019.04.16-03.39.38:183][657]LogBlueprintUserMessages: [BP_Spawner2] Item already spawned
[2019.04.16-03.39.38:183][657]LogBlueprintUserMessages: [BP_Spawner4] Item already spawned
[2019.04.16-03.39.38:183][657]LogBlueprintUserMessages: [BP_Spawner_2] Item already spawned
[2019.04.16-03.39.38:183][657]LogBlueprintUserMessages: [BP_Spawner3] Item already spawned
[2019.04.16-03.39.38:183][657]LogBlueprintUserMessages: [BP_Spawner5] Item already spawned
[2019.04.16-03.39.43:185][249]LogBlueprintUserMessages: [BP_Spawner_2] Item already spawned
[2019.04.16-03.39.43:185][249]LogBlueprintUserMessages: [BP_Spawner5] Item already spawned
[2019.04.16-03.39.43:185][249]LogBlueprintUserMessages: [BP_Spawner4] Item already spawned
[2019.04.16-03.39.43:185][249]LogBlueprintUserMessages: [BP_Spawner2] Item already spawned
[2019.04.16-03.39.43:185][249]LogBlueprintUserMessages: [BP_Spawner3] Item already spawned
[2019.04.16-03.39.44:184][369]LogBlueprintUserMessages: [BP_Spawner5] Item already spawned
[2019.04.16-03.39.44:184][369]LogBlueprintUserMessages: [BP_Spawner_2] Item already spawned
[2019.04.16-03.39.44:184][369]LogBlueprintUserMessages: [BP_Spawner4] Item already spawned
[2019.04.16-03.39.44:184][369]LogBlueprintUserMessages: [BP_Spawner2] Item already spawned
[2019.04.16-03.39.44:184][369]LogBlueprintUserMessages: [BP_Spawner3] Item already spawned
[2019.04.16-03.39.49:185][969]LogBlueprintUserMessages: [BP_Spawner4] Item already spawned
[2019.04.16-03.39.49:185][969]LogBlueprintUserMessages: [BP_Spawner3] Item already spawned
[2019.04.16-03.39.49:185][969]LogBlueprintUserMessages: [BP_Spawner_2] Item already spawned
[2019.04.16-03.39.49:186][969]LogBlueprintUserMessages: [BP_Spawner2] Item already spawned
[2019.04.16-03.39.50:185][ 87]LogBlueprintUserMessages: [BP_Spawner3] Item already spawned
[2019.04.16-03.39.50:185][ 87]LogBlueprintUserMessages: [BP_Spawner5] Item already spawned
[2019.04.16-03.39.50:185][ 87]LogBlueprintUserMessages: [BP_Spawner2] Item already spawned
[2019.04.16-03.39.50:185][ 87]LogBlueprintUserMessages: [BP_Spawner_2] Item already spawned
[2019.04.16-03.39.50:185][ 87]LogBlueprintUserMessages: [BP_Spawner4] Item already spawned
[2019.04.16-03.39.53:820][523]LogBlueprintUserMessages: [ThirdPersonCharacter_C_0] Blink!
[2019.04.16-03.39.54:001][544]LogBlueprintUserMessages: [ThirdPersonCharacter_C_0] Blink!
[2019.04.16-03.39.54:166][564]LogBlueprintUserMessages: [ThirdPersonCharacter_C_0] Blink!
[2019.04.16-03.39.54:318][582]LogBlueprintUserMessages: [ThirdPersonCharacter_C_0] Blink!
[2019.04.16-03.39.54:476][601]LogBlueprintUserMessages: [ThirdPersonCharacter_C_0] Blink!
[2019.04.16-03.39.54:633][620]LogBlueprintUserMessages: [ThirdPersonCharacter_C_0] Blink!
[2019.04.16-03.39.54:792][639]LogBlueprintUserMessages: [ThirdPersonCharacter_C_0] Blink!
[2019.04.16-03.39.55:191][687]LogBlueprintUserMessages: [BP_Spawner4] Item already spawned
[2019.04.16-03.39.55:191][687]LogBlueprintUserMessages: [BP_Spawner3] Item already spawned
[2019.04.16-03.39.55:191][687]LogBlueprintUserMessages: [BP_Spawner5] Item already spawned
[2019.04.16-03.39.55:191][687]LogBlueprintUserMessages: [BP_Spawner2] Item already spawned
[2019.04.16-03.39.55:191][687]LogBlueprintUserMessages: [BP_Spawner_2] Item already spawned
[2019.04.16-03.39.55:333][704]LogBlueprintUserMessages: [ThirdPersonCharacter_C_0] Blink!
[2019.04.16-03.39.55:509][725]LogBlueprintUserMessages: [ThirdPersonCharacter_C_0] Blink!
[2019.04.16-03.39.55:674][745]LogBlueprintUserMessages: [ThirdPersonCharacter_C_0] Blink!
[2019.04.16-03.39.55:850][766]LogBlueprintUserMessages: [ThirdPersonCharacter_C_0] Blink!
[2019.04.16-03.39.55:983][782]LogBlueprintUserMessages: [ThirdPersonCharacter_C_0] Blink!
[2019.04.16-03.39.56:143][801]LogBlueprintUserMessages: [ThirdPersonCharacter_C_0] Blink!
[2019.04.16-03.39.56:190][807]LogBlueprintUserMessages: [BP_Spawner2] Item already spawned
[2019.04.16-03.39.56:190][807]LogBlueprintUserMessages: [BP_Spawner5] Item already spawned
[2019.04.16-03.39.56:190][807]LogScript: Warning: Script Msg: Attempted to access index 2 from array 'ItemsToSpawn' of length 2 in '/Game/Interactables/Spawner/BP_Spawner.BP_Spawner_C'!
[2019.04.16-03.39.56:190][807]LogScript: Warning: UGameplayStatics::BeginSpawningActorFromClass: can not spawn an actor from a NULL class
[2019.04.16-03.39.56:190][807]LogBlueprintUserMessages: [BP_Spawner_2] Item already spawned
[2019.04.16-03.39.56:190][807]LogBlueprintUserMessages: [BP_Spawner4] Item already spawned
[2019.04.16-03.39.56:459][839]LogBlueprintUserMessages: [ThirdPersonCharacter_C_0] Blink!
[2019.04.16-03.39.56:525][847]LogBlueprintUserMessages: Early EndPlayMap Detection: Level '/Game/ThirdPersonBP/Maps/ThirdPersonExampleMap.ThirdPersonExampleMap:PersistentLevel' has LevelScriptBlueprint '/Game/ThirdPersonBP/Maps/ThirdPersonExampleMap.ThirdPersonExampleMap:PersistentLevel.ThirdPersonExampleMap' with GeneratedClass '/Game/ThirdPersonBP/Maps/ThirdPersonExampleMap.ThirdPersonExampleMap_C' with ClassGeneratedBy '/Game/ThirdPersonBP/Maps/ThirdPersonExampleMap.ThirdPersonExampleMap:PersistentLevel.ThirdPersonExampleMap'
[2019.04.16-03.39.56:526][847]LogSlate: Updating window title bar state: overlay mode, drag disabled, window buttons hidden, title bar hidden
[2019.04.16-03.39.56:592][847]LogPlayLevel: Display: Shutting down PIE online subsystems
[2019.04.16-03.39.56:592][847]LogBlueprintUserMessages: Late EndPlayMap Detection: Level '/Game/ThirdPersonBP/Maps/ThirdPersonExampleMap.ThirdPersonExampleMap:PersistentLevel' has LevelScriptBlueprint '/Game/ThirdPersonBP/Maps/ThirdPersonExampleMap.ThirdPersonExampleMap:PersistentLevel.ThirdPersonExampleMap' with GeneratedClass '/Game/ThirdPersonBP/Maps/ThirdPersonExampleMap.ThirdPersonExampleMap_C' with ClassGeneratedBy '/Game/ThirdPersonBP/Maps/ThirdPersonExampleMap.ThirdPersonExampleMap:PersistentLevel.ThirdPersonExampleMap'
[2019.04.16-03.39.56:615][847]LogSlate: Updating window title bar state: overlay mode, drag disabled, window buttons hidden, title bar hidden
[2019.04.16-03.39.56:665][848]LogWindows: LaunchURL http://docs.unrealengine.com/latest/INT/index.html?utm_source=editor&utm_medium=docs&utm_campaign=help_menu
[2019.04.16-03.39.56:675][848]LogPlayLevel: Display: Destroying online subsystem :Context_5
[2019.04.16-03.40.02:091][871]LogEditorViewport: Clicking on Actor (context menu): BP_Sky_Sphere_C (SkySphereBlueprint)
[2019.04.16-03.40.02:125][871]LogSlate: FSceneViewport::OnFocusLost() reason 2
[2019.04.16-03.40.03:933][ 66]LogSlate: FSceneViewport::OnFocusLost() reason 2
[2019.04.16-03.40.26:302][260]LogSlate: FSceneViewport::OnFocusLost() reason 0
[2019.04.16-03.42.22:565][210]LogFactory: FactoryCreateFile: StaticMesh with AlembicImportFactory (0 0 C:\Users\Phillip\Downloads\OceanAnimated.ABC)
[2019.04.16-03.42.29:329][210]LogSlate: Window 'Alembic Cache Import Options' being destroyed
[2019.04.16-03.42.29:336][210]LogOutputDevice: Warning: 

Script Stack (0 frames):

[2019.04.16-03.42.29:337][210]LogWindows: Windows GetLastError: The operation completed successfully. (0)
[2019.04.16-03.42.30:958][211]LogWindows: Error: === Critical error: ===
[2019.04.16-03.42.30:958][211]LogWindows: Error: 
[2019.04.16-03.42.30:958][211]LogWindows: Error: Assertion failed: InOutIndices.Num() > 0 [File:D:\Build\++UE4\Sync\Engine\Plugins\Experimental\AlembicImporter\Source\AlembicLibrary\Private\AbcImportUtilities.cpp] [Line: 95] 
[2019.04.16-03.42.30:958][211]LogWindows: Error: 
[2019.04.16-03.42.30:958][211]LogWindows: Error: 
[2019.04.16-03.42.30:958][211]LogWindows: Error: 
[2019.04.16-03.42.30:958][211]LogWindows: Error: Unhandled Exception: EXCEPTION_ACCESS_VIOLATION reading address 0x00000010
[2019.04.16-03.42.30:958][211]LogWindows: Error: 
[2019.04.16-03.42.30:958][211]LogWindows: Error: [Callstack] 0x00007ff84258913a UE4Editor-Core.dll!UnknownFunction []
[2019.04.16-03.42.30:958][211]LogWindows: Error: [Callstack] 0x00007ff84267d471 UE4Editor-Core.dll!UnknownFunction []
[2019.04.16-03.42.30:958][211]LogWindows: Error: [Callstack] 0x00007ff840a26a93 UE4Editor-UnrealEd.dll!UnknownFunction []
[2019.04.16-03.42.30:958][211]LogWindows: Error: [Callstack] 0x00007ff840a25481 UE4Editor-UnrealEd.dll!UnknownFunction []
[2019.04.16-03.42.30:958][211]LogWindows: Error: [Callstack] 0x00007ff840a106dd UE4Editor-UnrealEd.dll!UnknownFunction []
[2019.04.16-03.42.30:958][211]LogWindows: Error: [Callstack] 0x00007ff869a8bc5d UE4Editor-Slate.dll!UnknownFunction []
[2019.04.16-03.42.30:958][211]LogWindows: Error: [Callstack] 0x00007ff869c3781e UE4Editor-Slate.dll!UnknownFunction []
[2019.04.16-03.42.30:958][211]LogWindows: Error: [Callstack] 0x00007ff869c2c91d UE4Editor-Slate.dll!UnknownFunction []
[2019.04.16-03.42.30:959][211]LogWindows: Error: [Callstack] 0x00007ff86f188ef8 UE4Editor-SlateCore.dll!UnknownFunction []
[2019.04.16-03.42.30:959][211]LogWindows: Error: [Callstack] 0x00007ff86f232cdd UE4Editor-SlateCore.dll!UnknownFunction []
[2019.04.16-03.42.30:959][211]LogWindows: Error: [Callstack] 0x00007ff86f232c8d UE4Editor-SlateCore.dll!UnknownFunction []
[2019.04.16-03.42.30:959][211]LogWindows: Error: [Callstack] 0x00007ff86f232c8d UE4Editor-SlateCore.dll!UnknownFunction []
[2019.04.16-03.42.30:959][211]LogWindows: Error: [Callstack] 0x00007ff86f232c8d UE4Editor-SlateCore.dll!UnknownFunction []
[2019.04.16-03.42.30:959][211]LogWindows: Error: [Callstack] 0x00007ff86f232c8d UE4Editor-SlateCore.dll!UnknownFunction []
[2019.04.16-03.42.30:959][211]LogWindows: Error: [Callstack] 0x00007ff86f232c8d UE4Editor-SlateCore.dll!UnknownFunction []
[2019.04.16-03.42.30:959][211]LogWindows: Error: [Callstack] 0x00007ff86f232c8d UE4Editor-SlateCore.dll!UnknownFunction []
[2019.04.16-03.42.30:959][211]LogWindows: Error: [Callstack] 0x00007ff86f232c8d UE4Editor-SlateCore.dll!UnknownFunction []
[2019.04.16-03.42.30:959][211]LogWindows: Error: [Callstack] 0x00007ff8699d2fab UE4Editor-Slate.dll!UnknownFunction []
[2019.04.16-03.42.30:959][211]LogWindows: Error: [Callstack] 0x00007ff86999cabf UE4Editor-Slate.dll!UnknownFunction []
[2019.04.16-03.42.30:959][211]LogWindows: Error: [Callstack] 0x00007ff8699d3a0b UE4Editor-Slate.dll!UnknownFunction []
[2019.04.16-03.42.30:959][211]LogWindows: Error: [Callstack] 0x00007ff86999e222 UE4Editor-Slate.dll!UnknownFunction []
[2019.04.16-03.42.30:959][211]LogWindows: Error: [Callstack] 0x00007ff8699ff5a6 UE4Editor-Slate.dll!UnknownFunction []
[2019.04.16-03.42.30:959][211]LogWindows: Error: [Callstack] 0x00007ff8699fe483 UE4Editor-Slate.dll!UnknownFunction []
[2019.04.16-03.42.30:959][211]LogWindows: Error: [Callstack] 0x00007ff691eb7094 UE4Editor.exe!UnknownFunction []
[2019.04.16-03.42.30:959][211]LogWindows: Error: [Callstack] 0x00007ff691ec596c UE4Editor.exe!UnknownFunction []
[2019.04.16-03.42.30:959][211]LogWindows: Error: [Callstack] 0x00007ff691ec59ea UE4Editor.exe!UnknownFunction []
[2019.04.16-03.42.30:959][211]LogWindows: Error: [Callstack] 0x00007ff691ed48da UE4Editor.exe!UnknownFunction []
[2019.04.16-03.42.30:959][211]LogWindows: Error: [Callstack] 0x00007ff691ed659a UE4Editor.exe!UnknownFunction []
[2019.04.16-03.42.30:959][211]LogWindows: Error: [Callstack] 0x00007ff8a6787974 KERNEL32.DLL!UnknownFunction []
[2019.04.16-03.42.30:959][211]LogWindows: Error: [Callstack] 0x00007ff8a6daa271 ntdll.dll!UnknownFunction []
[2019.04.16-03.42.30:959][211]LogWindows: Error: 
[2019.04.16-03.42.30:976][211]LogExit: Executing StaticShutdownAfterError
[2019.04.16-03.42.30:980][211]LogWindows: FPlatformMisc::RequestExit(1)
[2019.04.16-03.42.30:981][211]Log file closed, 04/15/19 23:42:30
