Log file open, 04/13/19 22:18:53
LogWindows: Failed to load 'aqProf.dll' (GetLastError=126)
LogWindows: File 'aqProf.dll' does not exist
LogWindows: Failed to load 'VtuneApi.dll' (GetLastError=126)
LogWindows: File 'VtuneApi.dll' does not exist
LogWindows: Failed to load 'VtuneApi32e.dll' (GetLastError=126)
LogWindows: File 'VtuneApi32e.dll' does not exist
LogConsoleResponse: Display: Failed to find resolution value strings in scalability ini. Falling back to default.
LogInit: Display: Running engine for game: Wizard_Wars
LogPakFile: Registered encryption key '00000000000000000000000000000000': 0 pak files mounted, 0 remain pending
LogPlatformFile: Not using cached read wrapper
LogTaskGraph: Started task graph with 5 named threads and 23 total threads with 3 sets of task threads.
LogStats: Stats thread started at 0.314278
LogD3D11RHI: Loaded GFSDK_Aftermath_Lib.x64.dll
LogICUInternationalization: ICU TimeZone Detection - Raw Offset: -5:00, Platform Override: ''
LogPluginManager: Mounting plugin Paper2D
LogPluginManager: Mounting plugin AISupport
LogPluginManager: Mounting plugin LightPropagationVolume
LogPluginManager: Mounting plugin ActorLayerUtilities
LogPluginManager: Mounting plugin CLionSourceCodeAccess
LogPluginManager: Mounting plugin CodeLiteSourceCodeAccess
LogPluginManager: Mounting plugin GitSourceControl
LogPluginManager: Mounting plugin KDevelopSourceCodeAccess
LogPluginManager: Mounting plugin NullSourceCodeAccess
LogPluginManager: Mounting plugin PerforceSourceControl
LogPluginManager: Mounting plugin SubversionSourceControl
LogPluginManager: Mounting plugin UObjectPlugin
LogPluginManager: Mounting plugin VisualStudioCodeSourceCodeAccess
LogPluginManager: Mounting plugin VisualStudioSourceCodeAccess
LogPluginManager: Mounting plugin XCodeSourceCodeAccess
LogPluginManager: Mounting plugin AssetManagerEditor
LogPluginManager: Mounting plugin CryptoKeys
LogPluginManager: Mounting plugin DataValidation
LogPluginManager: Mounting plugin FacialAnimation
LogPluginManager: Mounting plugin GameplayTagsEditor
LogPluginManager: Mounting plugin MacGraphicsSwitching
LogPluginManager: Mounting plugin MeshEditor
LogPluginManager: Mounting plugin MobileLauncherProfileWizard
LogPluginManager: Mounting plugin PluginBrowser
LogPluginManager: Mounting plugin SpeedTreeImporter
LogPluginManager: Mounting plugin DatasmithContent
LogPluginManager: Mounting plugin VariantManagerContent
LogPluginManager: Mounting plugin AlembicImporter
LogPluginManager: Mounting plugin AppleImageUtils
LogPluginManager: Mounting plugin AppleVision
LogPluginManager: Mounting plugin BackChannel
LogPluginManager: Mounting plugin CharacterAI
LogPluginManager: Mounting plugin GeometryCache
LogPluginManager: Mounting plugin HTML5Networking
LogPluginManager: Mounting plugin ProxyLODPlugin
LogPluginManager: Mounting plugin MagicLeap
LogPluginManager: Mounting plugin MagicLeapMedia
LogPluginManager: Mounting plugin AndroidMedia
LogPluginManager: Mounting plugin AvfMedia
LogPluginManager: Mounting plugin ImgMedia
LogPluginManager: Mounting plugin LinearTimecode
LogPluginManager: Mounting plugin MediaCompositing
LogPluginManager: Mounting plugin MediaPlayerEditor
LogPluginManager: Mounting plugin WebMMedia
LogPluginManager: Mounting plugin WmfMedia
LogPluginManager: Mounting plugin TcpMessaging
LogPluginManager: Mounting plugin UdpMessaging
LogPluginManager: Mounting plugin ActorSequence
LogPluginManager: Mounting plugin LevelSequenceEditor
LogPluginManager: Mounting plugin MatineeToLevelSequence
LogPluginManager: Mounting plugin NetcodeUnitTest
LogPluginManager: Mounting plugin NUTUnrealEngine4
LogPluginManager: Mounting plugin OnlineSubsystemGooglePlay
LogPluginManager: Mounting plugin OnlineSubsystemIOS
LogPluginManager: Mounting plugin OnlineSubsystem
LogPluginManager: Mounting plugin OnlineSubsystemNull
LogPluginManager: Mounting plugin OnlineSubsystemUtils
LogPluginManager: Mounting plugin LauncherChunkInstaller
LogPluginManager: Mounting plugin AndroidDeviceProfileSelector
LogPluginManager: Mounting plugin AndroidMoviePlayer
LogPluginManager: Mounting plugin AndroidPermission
LogPluginManager: Mounting plugin AppleMoviePlayer
LogPluginManager: Mounting plugin ArchVisCharacter
LogPluginManager: Mounting plugin AudioCapture
LogPluginManager: Mounting plugin CableComponent
LogPluginManager: Mounting plugin CustomMeshComponent
LogPluginManager: Mounting plugin EditableMesh
LogPluginManager: Mounting plugin ExampleDeviceProfileSelector
LogPluginManager: Mounting plugin Firebase
LogPluginManager: Mounting plugin GoogleCloudMessaging
LogPluginManager: Mounting plugin IOSDeviceProfileSelector
LogPluginManager: Mounting plugin LinuxDeviceProfileSelector
LogPluginManager: Mounting plugin LocationServicesBPLibrary
LogPluginManager: Mounting plugin MobilePatchingUtils
LogPluginManager: Mounting plugin OculusVR
LogPluginManager: Mounting plugin PhysXVehicles
LogPluginManager: Mounting plugin ProceduralMeshComponent
LogPluginManager: Mounting plugin RuntimePhysXCooking
LogPluginManager: Mounting plugin SteamVR
LogPluginManager: Mounting plugin WebMMoviePlayer
LogPluginManager: Mounting plugin WindowsMoviePlayer
LogStreaming: Display: Took  0.166s to configure plugins.
LogInit: Using libcurl 7.55.1-DEV
LogInit:  - built for x86_64-pc-win32
LogInit:  - supports SSL with OpenSSL/1.0.2h
LogInit:  - supports HTTP deflate (compression) using libz 1.2.8
LogInit:  - other features:
LogInit:      CURL_VERSION_SSL
LogInit:      CURL_VERSION_LIBZ
LogInit:      CURL_VERSION_IPV6
LogInit:      CURL_VERSION_ASYNCHDNS
LogInit:      CURL_VERSION_LARGEFILE
LogInit:      CURL_VERSION_IDN
LogInit:  CurlRequestOptions (configurable via config and command line):
LogInit:  - bVerifyPeer = true  - Libcurl will verify peer certificate
LogInit:  - bUseHttpProxy = false  - Libcurl will NOT use HTTP proxy
LogInit:  - bDontReuseConnections = false  - Libcurl will reuse connections
LogInit:  - MaxHostConnections = 16  - Libcurl will limit the number of connections to a host
LogInit:  - LocalHostAddr = Default
LogInit:  - BufferSize = 65536
LogInit: WinSock: version 1.1 (2.2), MaxSocks=32767, MaxUdp=65467
LogInit: Build: ++UE4+Release-4.21-CL-4753647
LogInit: Engine Version: 4.21.2-4753647+++UE4+Release-4.21
LogInit: Compatible Engine Version: 4.21.0-4541578+++UE4+Release-4.21
LogInit: Net CL: 4541578
LogInit: OS: Windows 10 (), CPU: Intel(R) Core(TM) i7-6700HQ CPU @ 2.60GHz, GPU: Intel(R) HD Graphics 530
LogInit: Compiled (64-bit): Jan 19 2019 02:07:31
LogInit: Compiled with Visual C++: 19.13.26129.00
LogInit: Build Configuration: Development
LogInit: Branch Name: ++UE4+Release-4.21
LogInit: Command Line:  -EpicPortal -epicusername=GoldenKela -epicuserid=c8f3c6b667d2487d99287e9b44301c82 -epiclocale=zh-CN
LogInit: Base Directory: D:/Program Files/Epic Games/UE_4.21/Engine/Binaries/Win64/
LogInit: Installed Engine Build: 1
LogDevObjectVersion: Number of dev versions registered: 22
LogDevObjectVersion:   Dev-Blueprints (B0D832E4-1F89-4F0D-ACCF-7EB736FD4AA2): 10
LogDevObjectVersion:   Dev-Build (E1C64328-A22C-4D53-A36C-8E866417BD8C): 0
LogDevObjectVersion:   Dev-Core (375EC13C-06E4-48FB-B500-84F0262A717E): 2
LogDevObjectVersion:   Dev-Editor (E4B068ED-F494-42E9-A231-DA0B2E46BB41): 26
LogDevObjectVersion:   Dev-Framework (CFFC743F-43B0-4480-9391-14DF171D2073): 34
LogDevObjectVersion:   Dev-Mobile (B02B49B5-BB20-44E9-A304-32B752E40360): 2
LogDevObjectVersion:   Dev-Networking (A4E4105C-59A1-49B5-A7C5-40C4547EDFEE): 0
LogDevObjectVersion:   Dev-Online (39C831C9-5AE6-47DC-9A44-9C173E1C8E7C): 0
LogDevObjectVersion:   Dev-Physics (78F01B33-EBEA-4F98-B9B4-84EACCB95AA2): 0
LogDevObjectVersion:   Dev-Platform (6631380F-2D4D-43E0-8009-CF276956A95A): 0
LogDevObjectVersion:   Dev-Rendering (12F88B9F-8875-4AFC-A67C-D90C383ABD29): 27
LogDevObjectVersion:   Dev-Sequencer (7B5AE74C-D270-4C10-A958-57980B212A5A): 9
LogDevObjectVersion:   Dev-VR (D7296918-1DD6-4BDD-9DE2-64A83CC13884): 2
LogDevObjectVersion:   Dev-LoadTimes (C2A15278-BFE7-4AFE-6C17-90FF531DF755): 1
LogDevObjectVersion:   Private-Geometry (6EACA3D4-40EC-4CC1-B786-8BED09428FC5): 3
LogDevObjectVersion:   Dev-AnimPhys (29E575DD-E0A3-4627-9D10-D276232CDCEA): 17
LogDevObjectVersion:   Dev-Anim (AF43A65D-7FD3-4947-9873-3E8ED9C1BB05): 2
LogDevObjectVersion:   Dev-ReflectionCapture (6B266CEC-1EC7-4B8F-A30B-E4D90942FC07): 1
LogDevObjectVersion:   Dev-Automation (0DF73D61-A23F-47EA-B727-89E90C41499A): 1
LogDevObjectVersion:   FortniteMain (601D1886-AC64-4F84-AA16-D3DE0DEAC7D6): 17
LogDevObjectVersion:   Dev-Enterprise (9DFFBCD6-494F-0158-E221-12823C92A888): 4
LogDevObjectVersion:   Dev-Niagara (F2AED0AC-9AFE-416F-8664-AA7FFA26D6FC): 1
LogStreaming: Display: Took  0.018s to delete old logs.
LogInit: Presizing for max 8388607 objects, including 0 objects not considered by GC, pre-allocating 0 bytes for permanent pool.
LogInit: Object subsystem initialized
LogConfig: Setting CVar [[con.DebugEarlyDefault:1]]
LogConfig: Setting CVar [[r.setres:1280x720]]
[2019.04.14-02.18.54:320][  0]LogConfig: Setting CVar [[r.VSync:0]]
[2019.04.14-02.18.54:320][  0]LogConfig: Setting CVar [[r.RHICmdBypass:0]]
[2019.04.14-02.18.54:321][  0]LogConfig: Applying CVar settings from Section [/Script/Engine.RendererSettings] File [D:/GitHub/WIZARD_WARS_4000/Wizard_Wars/Saved/Config/Windows/Engine.ini]
[2019.04.14-02.18.54:321][  0]LogConfig: Setting CVar [[r.GPUCrashDebugging:0]]
[2019.04.14-02.18.54:321][  0]LogConfig: Applying CVar settings from Section [/Script/Engine.RendererOverrideSettings] File [D:/GitHub/WIZARD_WARS_4000/Wizard_Wars/Saved/Config/Windows/Engine.ini]
[2019.04.14-02.18.54:321][  0]LogConfig: Applying CVar settings from Section [/Script/Engine.StreamingSettings] File [D:/GitHub/WIZARD_WARS_4000/Wizard_Wars/Saved/Config/Windows/Engine.ini]
[2019.04.14-02.18.54:321][  0]LogConfig: Setting CVar [[s.MinBulkDataSizeForAsyncLoading:131072]]
[2019.04.14-02.18.54:321][  0]LogConfig: Setting CVar [[s.AsyncLoadingThreadEnabled:0]]
[2019.04.14-02.18.54:321][  0]LogConfig: Setting CVar [[s.EventDrivenLoaderEnabled:1]]
[2019.04.14-02.18.54:321][  0]LogConfig: Setting CVar [[s.WarnIfTimeLimitExceeded:0]]
[2019.04.14-02.18.54:321][  0]LogConfig: Setting CVar [[s.TimeLimitExceededMultiplier:1.5]]
[2019.04.14-02.18.54:321][  0]LogConfig: Setting CVar [[s.TimeLimitExceededMinTime:0.005]]
[2019.04.14-02.18.54:321][  0]LogConfig: Setting CVar [[s.UseBackgroundLevelStreaming:1]]
[2019.04.14-02.18.54:321][  0]LogConfig: Setting CVar [[s.PriorityAsyncLoadingExtraTime:15.0]]
[2019.04.14-02.18.54:321][  0]LogConfig: Setting CVar [[s.LevelStreamingActorsUpdateTimeLimit:5.0]]
[2019.04.14-02.18.54:321][  0]LogConfig: Setting CVar [[s.PriorityLevelStreamingActorsUpdateExtraTime:5.0]]
[2019.04.14-02.18.54:321][  0]LogConfig: Setting CVar [[s.LevelStreamingComponentsRegistrationGranularity:10]]
[2019.04.14-02.18.54:321][  0]LogConfig: Setting CVar [[s.UnregisterComponentsTimeLimit:1.0]]
[2019.04.14-02.18.54:321][  0]LogConfig: Setting CVar [[s.LevelStreamingComponentsUnregistrationGranularity:5]]
[2019.04.14-02.18.54:321][  0]LogConfig: Applying CVar settings from Section [/Script/Engine.GarbageCollectionSettings] File [D:/GitHub/WIZARD_WARS_4000/Wizard_Wars/Saved/Config/Windows/Engine.ini]
[2019.04.14-02.18.54:321][  0]LogConfig: Setting CVar [[gc.MaxObjectsNotConsideredByGC:1]]
[2019.04.14-02.18.54:321][  0]LogConfig: Setting CVar [[gc.SizeOfPermanentObjectPool:0]]
[2019.04.14-02.18.54:321][  0]LogConfig: Setting CVar [[gc.FlushStreamingOnGC:0]]
[2019.04.14-02.18.54:321][  0]LogConfig: Setting CVar [[gc.NumRetriesBeforeForcingGC:10]]
[2019.04.14-02.18.54:321][  0]LogConfig: Setting CVar [[gc.AllowParallelGC:1]]
[2019.04.14-02.18.54:321][  0]LogConfig: Setting CVar [[gc.TimeBetweenPurgingPendingKillObjects:61.1]]
[2019.04.14-02.18.54:321][  0]LogConfig: Setting CVar [[gc.MaxObjectsInEditor:8388607]]
[2019.04.14-02.18.54:321][  0]LogConfig: Setting CVar [[gc.IncrementalBeginDestroyEnabled:1]]
[2019.04.14-02.18.54:321][  0]LogConfig: Setting CVar [[gc.CreateGCClusters:1]]
[2019.04.14-02.18.54:321][  0]LogConfig: Setting CVar [[gc.MergeGCClusters:0]]
[2019.04.14-02.18.54:321][  0]LogConfig: Setting CVar [[gc.MinGCClusterSize:5]]
[2019.04.14-02.18.54:321][  0]LogConfig: Setting CVar [[gc.ActorClusteringEnabled:0]]
[2019.04.14-02.18.54:321][  0]LogConfig: Setting CVar [[gc.BlueprintClusteringEnabled:0]]
[2019.04.14-02.18.54:321][  0]LogConfig: Setting CVar [[gc.UseDisregardForGCOnDedicatedServers:0]]
[2019.04.14-02.18.54:321][  0]LogConfig: Applying CVar settings from Section [/Script/Engine.NetworkSettings] File [D:/GitHub/WIZARD_WARS_4000/Wizard_Wars/Saved/Config/Windows/Engine.ini]
[2019.04.14-02.18.54:321][  0]LogConfig: Applying CVar settings from Section [/Script/UnrealEd.CookerSettings] File [D:/GitHub/WIZARD_WARS_4000/Wizard_Wars/Saved/Config/Windows/Engine.ini]
[2019.04.14-02.18.54:324][  0]LogConfig: Applying CVar settings from Section [ViewDistanceQuality@3] File [D:/GitHub/WIZARD_WARS_4000/Wizard_Wars/Saved/Config/Windows/Scalability.ini]
[2019.04.14-02.18.54:324][  0]LogConfig: Setting CVar [[r.SkeletalMeshLODBias:0]]
[2019.04.14-02.18.54:324][  0]LogConfig: Setting CVar [[r.ViewDistanceScale:1.0]]
[2019.04.14-02.18.54:324][  0]LogConfig: Applying CVar settings from Section [AntiAliasingQuality@3] File [D:/GitHub/WIZARD_WARS_4000/Wizard_Wars/Saved/Config/Windows/Scalability.ini]
[2019.04.14-02.18.54:324][  0]LogConfig: Setting CVar [[r.PostProcessAAQuality:4]]
[2019.04.14-02.18.54:324][  0]LogConfig: Applying CVar settings from Section [ShadowQuality@3] File [D:/GitHub/WIZARD_WARS_4000/Wizard_Wars/Saved/Config/Windows/Scalability.ini]
[2019.04.14-02.18.54:324][  0]LogConfig: Setting CVar [[r.LightFunctionQuality:1]]
[2019.04.14-02.18.54:324][  0]LogConfig: Setting CVar [[r.ShadowQuality:5]]
[2019.04.14-02.18.54:324][  0]LogConfig: Setting CVar [[r.Shadow.CSM.MaxCascades:10]]
[2019.04.14-02.18.54:324][  0]LogConfig: Setting CVar [[r.Shadow.MaxResolution:2048]]
[2019.04.14-02.18.54:324][  0]LogConfig: Setting CVar [[r.Shadow.MaxCSMResolution:2048]]
[2019.04.14-02.18.54:324][  0]LogConfig: Setting CVar [[r.Shadow.RadiusThreshold:0.01]]
[2019.04.14-02.18.54:324][  0]LogConfig: Setting CVar [[r.Shadow.DistanceScale:1.0]]
[2019.04.14-02.18.54:324][  0]LogConfig: Setting CVar [[r.Shadow.CSM.TransitionScale:1.0]]
[2019.04.14-02.18.54:324][  0]LogConfig: Setting CVar [[r.Shadow.PreShadowResolutionFactor:1.0]]
[2019.04.14-02.18.54:324][  0]LogConfig: Setting CVar [[r.DistanceFieldShadowing:1]]
[2019.04.14-02.18.54:324][  0]LogConfig: Setting CVar [[r.DistanceFieldAO:1]]
[2019.04.14-02.18.54:324][  0]LogConfig: Setting CVar [[r.AOQuality:2]]
[2019.04.14-02.18.54:324][  0]LogConfig: Setting CVar [[r.VolumetricFog:1]]
[2019.04.14-02.18.54:324][  0]LogConfig: Setting CVar [[r.VolumetricFog.GridPixelSize:8]]
[2019.04.14-02.18.54:324][  0]LogConfig: Setting CVar [[r.VolumetricFog.GridSizeZ:128]]
[2019.04.14-02.18.54:324][  0]LogConfig: Setting CVar [[r.VolumetricFog.HistoryMissSupersampleCount:4]]
[2019.04.14-02.18.54:324][  0]LogConfig: Setting CVar [[r.LightMaxDrawDistanceScale:1]]
[2019.04.14-02.18.54:324][  0]LogConfig: Setting CVar [[r.CapsuleShadows:1]]
[2019.04.14-02.18.54:324][  0]LogConfig: Applying CVar settings from Section [PostProcessQuality@3] File [D:/GitHub/WIZARD_WARS_4000/Wizard_Wars/Saved/Config/Windows/Scalability.ini]
[2019.04.14-02.18.54:324][  0]LogConfig: Setting CVar [[r.MotionBlurQuality:4]]
[2019.04.14-02.18.54:324][  0]LogConfig: Setting CVar [[r.AmbientOcclusionMipLevelFactor:0.4]]
[2019.04.14-02.18.54:324][  0]LogConfig: Setting CVar [[r.AmbientOcclusionMaxQuality:100]]
[2019.04.14-02.18.54:324][  0]LogConfig: Setting CVar [[r.AmbientOcclusionLevels:-1]]
[2019.04.14-02.18.54:324][  0]LogConfig: Setting CVar [[r.AmbientOcclusionRadiusScale:1.0]]
[2019.04.14-02.18.54:324][  0]LogConfig: Setting CVar [[r.DepthOfFieldQuality:2]]
[2019.04.14-02.18.54:324][  0]LogConfig: Setting CVar [[r.RenderTargetPoolMin:400]]
[2019.04.14-02.18.54:324][  0]LogConfig: Setting CVar [[r.LensFlareQuality:2]]
[2019.04.14-02.18.54:324][  0]LogConfig: Setting CVar [[r.SceneColorFringeQuality:1]]
[2019.04.14-02.18.54:324][  0]LogConfig: Setting CVar [[r.EyeAdaptationQuality:2]]
[2019.04.14-02.18.54:324][  0]LogConfig: Setting CVar [[r.BloomQuality:5]]
[2019.04.14-02.18.54:324][  0]LogConfig: Setting CVar [[r.FastBlurThreshold:100]]
[2019.04.14-02.18.54:324][  0]LogConfig: Setting CVar [[r.Upscale.Quality:3]]
[2019.04.14-02.18.54:324][  0]LogConfig: Setting CVar [[r.Tonemapper.GrainQuantization:1]]
[2019.04.14-02.18.54:324][  0]LogConfig: Setting CVar [[r.LightShaftQuality:1]]
[2019.04.14-02.18.54:324][  0]LogConfig: Setting CVar [[r.Filter.SizeScale:1]]
[2019.04.14-02.18.54:324][  0]LogConfig: Setting CVar [[r.Tonemapper.Quality:5]]
[2019.04.14-02.18.54:324][  0]LogConfig: Setting CVar [[r.DOF.Gather.AccumulatorQuality:1        ; higher gathering accumulator quality]]
[2019.04.14-02.18.54:324][  0]LogConfig: Setting CVar [[r.DOF.Gather.PostfilterMethod:1          ; Median3x3 postfilering method]]
[2019.04.14-02.18.54:324][  0]LogConfig: Setting CVar [[r.DOF.Gather.EnableBokehSettings:0       ; no bokeh simulation when gathering]]
[2019.04.14-02.18.54:324][  0]LogConfig: Setting CVar [[r.DOF.Gather.RingCount:4                 ; medium number of samples when gathering]]
[2019.04.14-02.18.54:324][  0]LogConfig: Setting CVar [[r.DOF.Scatter.ForegroundCompositing:1    ; additive foreground scattering]]
[2019.04.14-02.18.54:324][  0]LogConfig: Setting CVar [[r.DOF.Scatter.BackgroundCompositing:2    ; additive background scattering]]
[2019.04.14-02.18.54:324][  0]LogConfig: Setting CVar [[r.DOF.Scatter.EnableBokehSettings:1      ; bokeh simulation when scattering]]
[2019.04.14-02.18.54:324][  0]LogConfig: Setting CVar [[r.DOF.Scatter.MaxSpriteRatio:0.1         ; only a maximum of 10% of scattered bokeh]]
[2019.04.14-02.18.54:324][  0]LogConfig: Setting CVar [[r.DOF.Recombine.Quality:1                ; cheap slight out of focus]]
[2019.04.14-02.18.54:324][  0]LogConfig: Setting CVar [[r.DOF.Recombine.EnableBokehSettings:0    ; no bokeh simulation on slight out of focus]]
[2019.04.14-02.18.54:324][  0]LogConfig: Setting CVar [[r.DOF.TemporalAAQuality:1                ; more stable temporal accumulation]]
[2019.04.14-02.18.54:324][  0]LogConfig: Setting CVar [[r.DOF.Kernel.MaxForegroundRadius:0.025]]
[2019.04.14-02.18.54:324][  0]LogConfig: Setting CVar [[r.DOF.Kernel.MaxBackgroundRadius:0.025]]
[2019.04.14-02.18.54:325][  0]LogConfig: Applying CVar settings from Section [TextureQuality@3] File [D:/GitHub/WIZARD_WARS_4000/Wizard_Wars/Saved/Config/Windows/Scalability.ini]
[2019.04.14-02.18.54:325][  0]LogConfig: Setting CVar [[r.Streaming.MipBias:0]]
[2019.04.14-02.18.54:325][  0]LogConfig: Setting CVar [[r.Streaming.AmortizeCPUToGPUCopy:0]]
[2019.04.14-02.18.54:325][  0]LogConfig: Setting CVar [[r.Streaming.MaxNumTexturesToStreamPerFrame:0]]
[2019.04.14-02.18.54:325][  0]LogConfig: Setting CVar [[r.Streaming.Boost:1]]
[2019.04.14-02.18.54:325][  0]LogConfig: Setting CVar [[r.MaxAnisotropy:8]]
[2019.04.14-02.18.54:325][  0]LogConfig: Setting CVar [[r.Streaming.LimitPoolSizeToVRAM:0]]
[2019.04.14-02.18.54:325][  0]LogConfig: Setting CVar [[r.Streaming.PoolSize:1000]]
[2019.04.14-02.18.54:325][  0]LogConfig: Setting CVar [[r.Streaming.MaxEffectiveScreenSize:0]]
[2019.04.14-02.18.54:325][  0]LogConfig: Applying CVar settings from Section [EffectsQuality@3] File [D:/GitHub/WIZARD_WARS_4000/Wizard_Wars/Saved/Config/Windows/Scalability.ini]
[2019.04.14-02.18.54:325][  0]LogConfig: Setting CVar [[r.TranslucencyLightingVolumeDim:64]]
[2019.04.14-02.18.54:325][  0]LogConfig: Setting CVar [[r.RefractionQuality:2]]
[2019.04.14-02.18.54:325][  0]LogConfig: Setting CVar [[r.SSR.Quality:3]]
[2019.04.14-02.18.54:325][  0]LogConfig: Setting CVar [[r.SceneColorFormat:4]]
[2019.04.14-02.18.54:325][  0]LogConfig: Setting CVar [[r.DetailMode:2]]
[2019.04.14-02.18.54:325][  0]LogConfig: Setting CVar [[r.TranslucencyVolumeBlur:1]]
[2019.04.14-02.18.54:325][  0]LogConfig: Setting CVar [[r.MaterialQualityLevel:1 ; High quality]]
[2019.04.14-02.18.54:325][  0]LogConfig: Setting CVar [[r.SSS.Scale:1]]
[2019.04.14-02.18.54:325][  0]LogConfig: Setting CVar [[r.SSS.SampleSet:2]]
[2019.04.14-02.18.54:325][  0]LogConfig: Setting CVar [[r.SSS.Quality:1]]
[2019.04.14-02.18.54:325][  0]LogConfig: Setting CVar [[r.SSS.HalfRes:1]]
[2019.04.14-02.18.54:325][  0]LogConfig: Setting CVar [[r.EmitterSpawnRateScale:1.0]]
[2019.04.14-02.18.54:325][  0]LogConfig: Setting CVar [[r.ParticleLightQuality:2]]
[2019.04.14-02.18.54:325][  0]LogConfig: Applying CVar settings from Section [FoliageQuality@3] File [D:/GitHub/WIZARD_WARS_4000/Wizard_Wars/Saved/Config/Windows/Scalability.ini]
[2019.04.14-02.18.54:325][  0]LogConfig: Setting CVar [[foliage.DensityScale:1.0]]
[2019.04.14-02.18.54:325][  0]LogConfig: Setting CVar [[grass.DensityScale:1.0]]
[2019.04.14-02.18.54:325][  0]LogInit: Selected Device Profile: [Windows]
[2019.04.14-02.18.54:325][  0]LogInit: Applying CVar settings loaded from the selected device profile: [Windows]
[2019.04.14-02.18.54:349][  0]LogHAL: Display: Platform has ~ 8 GB [8459788288 / 8589934592 / 8], which maps to Default [LargestMinGB=32, LargerMinGB=12, DefaultMinGB=8, SmallerMinGB=6, SmallestMinGB=0)
[2019.04.14-02.18.54:349][  0]LogConfig: Setting CVar [[r.Vulkan.UseRealUBs:1]]
[2019.04.14-02.18.54:349][  0]LogInit: Going up to parent DeviceProfile []
[2019.04.14-02.18.54:349][  0]LogConfig: Applying CVar settings from Section [ViewDistanceQuality@3] File [D:/GitHub/WIZARD_WARS_4000/Wizard_Wars/Saved/Config/Windows/Scalability.ini]
[2019.04.14-02.18.54:349][  0]LogConfig: Setting CVar [[r.SkeletalMeshLODBias:0]]
[2019.04.14-02.18.54:349][  0]LogConfig: Setting CVar [[r.ViewDistanceScale:1.0]]
[2019.04.14-02.18.54:349][  0]LogConfig: Applying CVar settings from Section [AntiAliasingQuality@3] File [D:/GitHub/WIZARD_WARS_4000/Wizard_Wars/Saved/Config/Windows/Scalability.ini]
[2019.04.14-02.18.54:349][  0]LogConfig: Setting CVar [[r.PostProcessAAQuality:4]]
[2019.04.14-02.18.54:349][  0]LogConfig: Applying CVar settings from Section [ShadowQuality@3] File [D:/GitHub/WIZARD_WARS_4000/Wizard_Wars/Saved/Config/Windows/Scalability.ini]
[2019.04.14-02.18.54:349][  0]LogConfig: Setting CVar [[r.LightFunctionQuality:1]]
[2019.04.14-02.18.54:349][  0]LogConfig: Setting CVar [[r.ShadowQuality:5]]
[2019.04.14-02.18.54:349][  0]LogConfig: Setting CVar [[r.Shadow.CSM.MaxCascades:10]]
[2019.04.14-02.18.54:350][  0]LogConfig: Setting CVar [[r.Shadow.MaxResolution:2048]]
[2019.04.14-02.18.54:350][  0]LogConfig: Setting CVar [[r.Shadow.MaxCSMResolution:2048]]
[2019.04.14-02.18.54:350][  0]LogConfig: Setting CVar [[r.Shadow.RadiusThreshold:0.01]]
[2019.04.14-02.18.54:350][  0]LogConfig: Setting CVar [[r.Shadow.DistanceScale:1.0]]
[2019.04.14-02.18.54:350][  0]LogConfig: Setting CVar [[r.Shadow.CSM.TransitionScale:1.0]]
[2019.04.14-02.18.54:350][  0]LogConfig: Setting CVar [[r.Shadow.PreShadowResolutionFactor:1.0]]
[2019.04.14-02.18.54:350][  0]LogConfig: Setting CVar [[r.DistanceFieldShadowing:1]]
[2019.04.14-02.18.54:350][  0]LogConfig: Setting CVar [[r.DistanceFieldAO:1]]
[2019.04.14-02.18.54:350][  0]LogConfig: Setting CVar [[r.AOQuality:2]]
[2019.04.14-02.18.54:350][  0]LogConfig: Setting CVar [[r.VolumetricFog:1]]
[2019.04.14-02.18.54:350][  0]LogConfig: Setting CVar [[r.VolumetricFog.GridPixelSize:8]]
[2019.04.14-02.18.54:350][  0]LogConfig: Setting CVar [[r.VolumetricFog.GridSizeZ:128]]
[2019.04.14-02.18.54:350][  0]LogConfig: Setting CVar [[r.VolumetricFog.HistoryMissSupersampleCount:4]]
[2019.04.14-02.18.54:350][  0]LogConfig: Setting CVar [[r.LightMaxDrawDistanceScale:1]]
[2019.04.14-02.18.54:350][  0]LogConfig: Setting CVar [[r.CapsuleShadows:1]]
[2019.04.14-02.18.54:350][  0]LogConfig: Applying CVar settings from Section [PostProcessQuality@3] File [D:/GitHub/WIZARD_WARS_4000/Wizard_Wars/Saved/Config/Windows/Scalability.ini]
[2019.04.14-02.18.54:350][  0]LogConfig: Setting CVar [[r.MotionBlurQuality:4]]
[2019.04.14-02.18.54:350][  0]LogConfig: Setting CVar [[r.AmbientOcclusionMipLevelFactor:0.4]]
[2019.04.14-02.18.54:350][  0]LogConfig: Setting CVar [[r.AmbientOcclusionMaxQuality:100]]
[2019.04.14-02.18.54:350][  0]LogConfig: Setting CVar [[r.AmbientOcclusionLevels:-1]]
[2019.04.14-02.18.54:350][  0]LogConfig: Setting CVar [[r.AmbientOcclusionRadiusScale:1.0]]
[2019.04.14-02.18.54:350][  0]LogConfig: Setting CVar [[r.DepthOfFieldQuality:2]]
[2019.04.14-02.18.54:350][  0]LogConfig: Setting CVar [[r.RenderTargetPoolMin:400]]
[2019.04.14-02.18.54:350][  0]LogConfig: Setting CVar [[r.LensFlareQuality:2]]
[2019.04.14-02.18.54:350][  0]LogConfig: Setting CVar [[r.SceneColorFringeQuality:1]]
[2019.04.14-02.18.54:350][  0]LogConfig: Setting CVar [[r.EyeAdaptationQuality:2]]
[2019.04.14-02.18.54:350][  0]LogConfig: Setting CVar [[r.BloomQuality:5]]
[2019.04.14-02.18.54:350][  0]LogConfig: Setting CVar [[r.FastBlurThreshold:100]]
[2019.04.14-02.18.54:350][  0]LogConfig: Setting CVar [[r.Upscale.Quality:3]]
[2019.04.14-02.18.54:350][  0]LogConfig: Setting CVar [[r.Tonemapper.GrainQuantization:1]]
[2019.04.14-02.18.54:350][  0]LogConfig: Setting CVar [[r.LightShaftQuality:1]]
[2019.04.14-02.18.54:350][  0]LogConfig: Setting CVar [[r.Filter.SizeScale:1]]
[2019.04.14-02.18.54:350][  0]LogConfig: Setting CVar [[r.Tonemapper.Quality:5]]
[2019.04.14-02.18.54:350][  0]LogConfig: Setting CVar [[r.DOF.Gather.AccumulatorQuality:1        ; higher gathering accumulator quality]]
[2019.04.14-02.18.54:350][  0]LogConfig: Setting CVar [[r.DOF.Gather.PostfilterMethod:1          ; Median3x3 postfilering method]]
[2019.04.14-02.18.54:350][  0]LogConfig: Setting CVar [[r.DOF.Gather.EnableBokehSettings:0       ; no bokeh simulation when gathering]]
[2019.04.14-02.18.54:350][  0]LogConfig: Setting CVar [[r.DOF.Gather.RingCount:4                 ; medium number of samples when gathering]]
[2019.04.14-02.18.54:350][  0]LogConfig: Setting CVar [[r.DOF.Scatter.ForegroundCompositing:1    ; additive foreground scattering]]
[2019.04.14-02.18.54:350][  0]LogConfig: Setting CVar [[r.DOF.Scatter.BackgroundCompositing:2    ; additive background scattering]]
[2019.04.14-02.18.54:350][  0]LogConfig: Setting CVar [[r.DOF.Scatter.EnableBokehSettings:1      ; bokeh simulation when scattering]]
[2019.04.14-02.18.54:350][  0]LogConfig: Setting CVar [[r.DOF.Scatter.MaxSpriteRatio:0.1         ; only a maximum of 10% of scattered bokeh]]
[2019.04.14-02.18.54:350][  0]LogConfig: Setting CVar [[r.DOF.Recombine.Quality:1                ; cheap slight out of focus]]
[2019.04.14-02.18.54:350][  0]LogConfig: Setting CVar [[r.DOF.Recombine.EnableBokehSettings:0    ; no bokeh simulation on slight out of focus]]
[2019.04.14-02.18.54:350][  0]LogConfig: Setting CVar [[r.DOF.TemporalAAQuality:1                ; more stable temporal accumulation]]
[2019.04.14-02.18.54:350][  0]LogConfig: Setting CVar [[r.DOF.Kernel.MaxForegroundRadius:0.025]]
[2019.04.14-02.18.54:350][  0]LogConfig: Setting CVar [[r.DOF.Kernel.MaxBackgroundRadius:0.025]]
[2019.04.14-02.18.54:350][  0]LogConfig: Applying CVar settings from Section [TextureQuality@3] File [D:/GitHub/WIZARD_WARS_4000/Wizard_Wars/Saved/Config/Windows/Scalability.ini]
[2019.04.14-02.18.54:350][  0]LogConfig: Setting CVar [[r.Streaming.MipBias:0]]
[2019.04.14-02.18.54:350][  0]LogConfig: Setting CVar [[r.Streaming.AmortizeCPUToGPUCopy:0]]
[2019.04.14-02.18.54:350][  0]LogConfig: Setting CVar [[r.Streaming.MaxNumTexturesToStreamPerFrame:0]]
[2019.04.14-02.18.54:350][  0]LogConfig: Setting CVar [[r.Streaming.Boost:1]]
[2019.04.14-02.18.54:350][  0]LogConfig: Setting CVar [[r.MaxAnisotropy:8]]
[2019.04.14-02.18.54:350][  0]LogConfig: Setting CVar [[r.Streaming.LimitPoolSizeToVRAM:0]]
[2019.04.14-02.18.54:350][  0]LogConfig: Setting CVar [[r.Streaming.PoolSize:1000]]
[2019.04.14-02.18.54:350][  0]LogConfig: Setting CVar [[r.Streaming.MaxEffectiveScreenSize:0]]
[2019.04.14-02.18.54:350][  0]LogConfig: Applying CVar settings from Section [EffectsQuality@3] File [D:/GitHub/WIZARD_WARS_4000/Wizard_Wars/Saved/Config/Windows/Scalability.ini]
[2019.04.14-02.18.54:350][  0]LogConfig: Setting CVar [[r.TranslucencyLightingVolumeDim:64]]
[2019.04.14-02.18.54:351][  0]LogConfig: Setting CVar [[r.RefractionQuality:2]]
[2019.04.14-02.18.54:351][  0]LogConfig: Setting CVar [[r.SSR.Quality:3]]
[2019.04.14-02.18.54:351][  0]LogConfig: Setting CVar [[r.SceneColorFormat:4]]
[2019.04.14-02.18.54:351][  0]LogConfig: Setting CVar [[r.DetailMode:2]]
[2019.04.14-02.18.54:351][  0]LogConfig: Setting CVar [[r.TranslucencyVolumeBlur:1]]
[2019.04.14-02.18.54:351][  0]LogConfig: Setting CVar [[r.MaterialQualityLevel:1 ; High quality]]
[2019.04.14-02.18.54:351][  0]LogConfig: Setting CVar [[r.SSS.Scale:1]]
[2019.04.14-02.18.54:351][  0]LogConfig: Setting CVar [[r.SSS.SampleSet:2]]
[2019.04.14-02.18.54:351][  0]LogConfig: Setting CVar [[r.SSS.Quality:1]]
[2019.04.14-02.18.54:351][  0]LogConfig: Setting CVar [[r.SSS.HalfRes:1]]
[2019.04.14-02.18.54:351][  0]LogConfig: Setting CVar [[r.EmitterSpawnRateScale:1.0]]
[2019.04.14-02.18.54:351][  0]LogConfig: Setting CVar [[r.ParticleLightQuality:2]]
[2019.04.14-02.18.54:351][  0]LogConfig: Applying CVar settings from Section [FoliageQuality@3] File [D:/GitHub/WIZARD_WARS_4000/Wizard_Wars/Saved/Config/Windows/Scalability.ini]
[2019.04.14-02.18.54:351][  0]LogConfig: Setting CVar [[foliage.DensityScale:1.0]]
[2019.04.14-02.18.54:351][  0]LogConfig: Setting CVar [[grass.DensityScale:1.0]]
[2019.04.14-02.18.54:351][  0]LogConfig: Applying CVar settings from Section [Startup] File [../../../Engine/Config/ConsoleVariables.ini]
[2019.04.14-02.18.54:351][  0]LogConfig: Setting CVar [[net.UseAdaptiveNetUpdateFrequency:0]]
[2019.04.14-02.18.54:351][  0]LogConfig: Applying CVar settings from Section [ConsoleVariables] File [D:/GitHub/WIZARD_WARS_4000/Wizard_Wars/Saved/Config/Windows/Engine.ini]
[2019.04.14-02.18.54:351][  0]LogInit: Computer: DESKTOP-226LAUO
[2019.04.14-02.18.54:351][  0]LogInit: User: ShuxingLi
[2019.04.14-02.18.54:351][  0]LogInit: CPU Page size=4096, Cores=4
[2019.04.14-02.18.54:351][  0]LogInit: High frequency timer resolution =2.531247 MHz
[2019.04.14-02.18.54:352][  0]LogMemory: Memory total: Physical=7.9GB (8GB approx)
[2019.04.14-02.18.54:352][  0]LogMemory: Platform Memory Stats for Windows
[2019.04.14-02.18.54:352][  0]LogMemory: Process Physical Memory: 103.15 MB used, 103.15 MB peak
[2019.04.14-02.18.54:352][  0]LogMemory: Process Virtual Memory: 90.29 MB used, 90.29 MB peak
[2019.04.14-02.18.54:352][  0]LogMemory: Physical Memory: 5254.59 MB used,  2813.30 MB free, 8067.88 MB total
[2019.04.14-02.18.54:352][  0]LogMemory: Virtual Memory: 4651.86 MB used,  134213080.00 MB free, 134217728.00 MB total
[2019.04.14-02.18.54:390][  0]LogInit: Using OS detected language (zh-CN).
[2019.04.14-02.18.54:390][  0]LogInit: Using OS detected locale (zh-CN).
[2019.04.14-02.18.54:804][  0]LogStreaming: Display: Took  0.414s to InitEngineTextLocalization.
[2019.04.14-02.18.54:835][  0]LogSlate: New Slate User Created.  User Index 0, Is Virtual User: 0
[2019.04.14-02.18.54:835][  0]LogSlate: Slate User Registered.  User Index 0, Is Virtual User: 0
[2019.04.14-02.18.55:244][  0]LogHMD: Failed to initialize OpenVR with code 110
[2019.04.14-02.18.55:244][  0]LogD3D11RHI: D3D11 adapters:
[2019.04.14-02.18.55:324][  0]LogD3D11RHI:    0. 'NVIDIA GeForce GTX 970M' (Feature Level 11_0)
[2019.04.14-02.18.55:324][  0]LogD3D11RHI:       3032/0/4033 MB DedicatedVideo/DedicatedSystem/SharedSystem, Outputs:1, VendorId:0x10de
[2019.04.14-02.18.55:340][  0]LogD3D11RHI:    1. 'Intel(R) HD Graphics 530' (Feature Level 11_0)
[2019.04.14-02.18.55:340][  0]LogD3D11RHI:       128/0/4033 MB DedicatedVideo/DedicatedSystem/SharedSystem, Outputs:0, VendorId:0x8086
[2019.04.14-02.18.55:343][  0]LogD3D11RHI:    2. 'Microsoft Basic Render Driver' (Feature Level 11_0)
[2019.04.14-02.18.55:343][  0]LogD3D11RHI:       0/0/4033 MB DedicatedVideo/DedicatedSystem/SharedSystem, Outputs:0, VendorId:0x1414
[2019.04.14-02.18.55:343][  0]LogD3D11RHI: Chosen D3D11 Adapter: 0
[2019.04.14-02.18.55:386][  0]LogD3D11RHI: Creating new Direct3DDevice
[2019.04.14-02.18.55:386][  0]LogD3D11RHI:     GPU DeviceId: 0x13d8 (for the marketing name, search the web for "GPU Device Id")
[2019.04.14-02.18.55:386][  0]LogWindows: EnumDisplayDevices:
[2019.04.14-02.18.55:386][  0]LogWindows:    0. 'Intel(R) HD Graphics 530' (P:1 D:1)
[2019.04.14-02.18.55:387][  0]LogWindows:    1. 'Intel(R) HD Graphics 530' (P:0 D:0)
[2019.04.14-02.18.55:388][  0]LogWindows:    2. 'Intel(R) HD Graphics 530' (P:0 D:0)
[2019.04.14-02.18.55:388][  0]LogWindows: DebugString: PrimaryIsNotTheChoosenAdapter PrimaryIsNotTheChoosenAdapter PrimaryIsNotTheChoosenAdapter FoundDriverCount:0 
[2019.04.14-02.18.55:388][  0]LogD3D11RHI:     Adapter Name: NVIDIA GeForce GTX 970M
[2019.04.14-02.18.55:388][  0]LogD3D11RHI:   Driver Version: Unknown (internal:Unknown, unified:Unknown)
[2019.04.14-02.18.55:388][  0]LogD3D11RHI:      Driver Date: Unknown
[2019.04.14-02.18.55:388][  0]LogRHI: Texture pool is 2122 MB (70% of 3032 MB)
[2019.04.14-02.18.55:438][  0]LogD3D11RHI: Async texture creation enabled
[2019.04.14-02.18.55:485][  0]LogD3D11RHI: GPU Timing Frequency: 1000.000000 (Debug: 2 1)
[2019.04.14-02.18.55:934][  0]LogTemp: Display: Loaded TP AllDesktopTargetPlatform
[2019.04.14-02.18.55:949][  0]LogTemp: Display: Loaded TP MacClientTargetPlatform
[2019.04.14-02.18.55:964][  0]LogTemp: Display: Loaded TP MacNoEditorTargetPlatform
[2019.04.14-02.18.55:979][  0]LogTemp: Display: Loaded TP MacServerTargetPlatform
[2019.04.14-02.18.55:994][  0]LogTemp: Display: Loaded TP MacTargetPlatform
[2019.04.14-02.18.56:011][  0]LogTemp: Display: Loaded TP WindowsClientTargetPlatform
[2019.04.14-02.18.56:027][  0]LogTemp: Display: Loaded TP WindowsNoEditorTargetPlatform
[2019.04.14-02.18.56:041][  0]LogTemp: Display: Loaded TP WindowsServerTargetPlatform
[2019.04.14-02.18.56:048][  0]LogTemp: Display: Loaded TP WindowsTargetPlatform
[2019.04.14-02.18.56:141][  0]LogTemp: Display: Loaded TP AndroidTargetPlatform
[2019.04.14-02.18.56:141][  0]LogTemp: Display: Loaded TP AndroidTargetPlatform
[2019.04.14-02.18.56:141][  0]LogTemp: Display: Loaded TP AndroidTargetPlatform
[2019.04.14-02.18.56:141][  0]LogTemp: Display: Loaded TP AndroidTargetPlatform
[2019.04.14-02.18.56:141][  0]LogTemp: Display: Loaded TP AndroidTargetPlatform
[2019.04.14-02.18.56:141][  0]LogTemp: Display: Loaded TP AndroidTargetPlatform
[2019.04.14-02.18.56:141][  0]LogTemp: Display: Loaded TP AndroidTargetPlatform
[2019.04.14-02.18.56:141][  0]LogTemp: Display: Loaded TP AndroidTargetPlatform
[2019.04.14-02.18.56:141][  0]LogTemp: Display: Loaded TP AndroidTargetPlatform
[2019.04.14-02.18.56:141][  0]LogTemp: Display: Loaded TP AndroidTargetPlatform
[2019.04.14-02.18.56:141][  0]LogTemp: Display: Loaded TP AndroidTargetPlatform
[2019.04.14-02.18.56:141][  0]LogTemp: Display: Loaded TP AndroidTargetPlatform
[2019.04.14-02.18.56:141][  0]LogTemp: Display: Loaded TP AndroidTargetPlatform
[2019.04.14-02.18.56:141][  0]LogTemp: Display: Loaded TP AndroidTargetPlatform
[2019.04.14-02.18.56:141][  0]LogTemp: Display: Loaded TP AndroidTargetPlatform
[2019.04.14-02.18.56:142][  0]LogTemp: Display: Loaded TP AndroidTargetPlatform
[2019.04.14-02.18.56:142][  0]LogTemp: Display: Loaded TP AndroidTargetPlatform
[2019.04.14-02.18.56:142][  0]LogTemp: Display: Loaded TP AndroidTargetPlatform
[2019.04.14-02.18.56:145][  0]LogTemp: Display: Loaded TP HTML5TargetPlatform
[2019.04.14-02.18.56:211][  0]LogTemp: Display: Loaded TP IOSTargetPlatform
[2019.04.14-02.18.56:211][  0]LogTemp: Display: Loaded TP IOSTargetPlatform
[2019.04.14-02.18.56:238][  0]LogTemp: Display: Loaded TP TVOSTargetPlatform
[2019.04.14-02.18.56:238][  0]LogTemp: Display: Loaded TP TVOSTargetPlatform
[2019.04.14-02.18.56:257][  0]LogTemp: Display: Loaded TP LinuxClientTargetPlatform
[2019.04.14-02.18.56:273][  0]LogTemp: Display: Loaded TP LinuxNoEditorTargetPlatform
[2019.04.14-02.18.56:288][  0]LogTemp: Display: Loaded TP LinuxServerTargetPlatform
[2019.04.14-02.18.56:304][  0]LogTemp: Display: Loaded TP LinuxTargetPlatform
[2019.04.14-02.18.56:359][  0]LogTemp: Display: Loaded TP LuminTargetPlatform
[2019.04.14-02.18.56:359][  0]LogTemp: Display: Loaded TP LuminTargetPlatform
[2019.04.14-02.18.56:359][  0]LogTargetPlatformManager: Display: Building Assets For Windows
[2019.04.14-02.18.56:435][  0]LogShaderCompilers: Guid format shader working directory is -34 characters bigger than the processId version (../../../../../../GitHub/WIZARD_WARS_4000/Wizard_Wars/Intermediate/Shaders/WorkingDirectory/18372/).
[2019.04.14-02.18.56:435][  0]LogShaderCompilers: Cleaned the shader compiler working directory 'E:/Temp/UnrealShaderWorkingDir/71011B914676F104CCD6FD9754694DBD/'.
[2019.04.14-02.18.56:438][  0]LogXGEController: Cannot use XGE Controller as Incredibuild is not installed on this machine.
[2019.04.14-02.18.56:438][  0]LogShaderCompilers: Cannot use XGE Shader Compiler as Incredibuild is not installed on this machine.
[2019.04.14-02.18.56:438][  0]LogShaderCompilers: Display: Using Local Shader Compiler.
[2019.04.14-02.18.57:059][  0]LogDerivedDataCache: Display: Max Cache Size: 512 MB
[2019.04.14-02.18.57:125][  0]LogDerivedDataCache: Loaded boot cache 0.07s 71MB C:/Users/Shuxing Li/AppData/Local/UnrealEngine/4.21/DerivedDataCache/Boot.ddc.
[2019.04.14-02.18.57:125][  0]LogDerivedDataCache: Display: Loaded Boot cache: C:/Users/Shuxing Li/AppData/Local/UnrealEngine/4.21/DerivedDataCache/Boot.ddc
[2019.04.14-02.18.57:125][  0]LogDerivedDataCache: FDerivedDataBackendGraph:  Pak pak cache file ../../../../../../GitHub/WIZARD_WARS_4000/Wizard_Wars/DerivedDataCache/DDC.ddp not found, will not use a pak cache.
[2019.04.14-02.18.57:125][  0]LogDerivedDataCache: Unable to find inner node Pak for hierarchical cache Hierarchy.
[2019.04.14-02.18.57:125][  0]LogDerivedDataCache: FDerivedDataBackendGraph:  CompressedPak pak cache file ../../../../../../GitHub/WIZARD_WARS_4000/Wizard_Wars/DerivedDataCache/Compressed.ddp not found, will not use a pak cache.
[2019.04.14-02.18.57:126][  0]LogDerivedDataCache: Unable to find inner node CompressedPak for hierarchical cache Hierarchy.
[2019.04.14-02.18.57:144][  0]LogDerivedDataCache: Display: Pak cache opened for reading ../../../Engine/DerivedDataCache/Compressed.ddp.
[2019.04.14-02.18.57:144][  0]LogDerivedDataCache: FDerivedDataBackendGraph:  EnterprisePak pak cache file ../../../Enterprise/DerivedDataCache/Compressed.ddp not found, will not use a pak cache.
[2019.04.14-02.18.57:144][  0]LogDerivedDataCache: Unable to find inner node EnterprisePak for hierarchical cache Hierarchy.
[2019.04.14-02.18.57:157][  0]LogDerivedDataCache: Using Local data cache path C:/Users/Shuxing Li/AppData/Local/UnrealEngine/Common/DerivedDataCache: Writable
[2019.04.14-02.18.57:157][  0]LogDerivedDataCache: Shared data cache path not found in *engine.ini, will not use an Shared cache.
[2019.04.14-02.18.57:157][  0]LogDerivedDataCache: Unable to find inner node Shared for hierarchical cache Hierarchy.
[2019.04.14-02.18.57:186][  0]LogMaterial: Verifying Global Shaders for PCD3D_SM5
[2019.04.14-02.18.57:188][  0]LogSlate: Using FreeType 2.6.0
[2019.04.14-02.18.57:189][  0]LogSlate: SlateFontServices - WITH_FREETYPE: 1, WITH_HARFBUZZ: 1
[2019.04.14-02.18.57:298][  0]LogAssetRegistry: FAssetRegistry took 0.0369 seconds to start up
[2019.04.14-02.18.57:718][  0]LogInit: Selected Device Profile: [Windows]
[2019.04.14-02.18.57:805][  0]LogSimplygon: Simplygon DLL not present - disabling.
[2019.04.14-02.18.57:810][  0]LogMeshReduction: Using SimplygonSwarm for distributed automatic mesh merging
[2019.04.14-02.18.57:810][  0]LogMeshReduction: Using ProxyLODMeshReduction for automatic mesh merging
[2019.04.14-02.18.57:811][  0]LogMeshReduction: Using QuadricMeshReduction for automatic static mesh reduction
[2019.04.14-02.18.57:811][  0]LogMeshReduction: No automatic skeletal mesh reduction module available
[2019.04.14-02.18.57:920][  0]LogNetVersion: Wizard_Wars 1.0.0, NetCL: 4541578, EngineNetVer: 5, GameNetVer: 0 (Checksum: 1501833635)
[2019.04.14-02.18.58:644][  0]LogPackageLocalizationCache: Processed 11 localized package path(s) for 4 prioritized culture(s) in 0.188795 seconds
[2019.04.14-02.18.58:651][  0]LogUObjectArray: 39775 objects as part of root set at end of initial load.
[2019.04.14-02.18.58:651][  0]LogUObjectAllocator: 6914664 out of 0 bytes used by permanent object pool.
[2019.04.14-02.18.58:651][  0]LogUObjectArray: CloseDisregardForGC: 0/0 objects in disregard for GC pool
[2019.04.14-02.18.59:772][  0]LogTcpMessaging: Initializing TcpMessaging bridge
[2019.04.14-02.18.59:785][  0]LogUdpMessaging: Initializing bridge on interface 0.0.0.0:0 to multicast group 230.0.0.1:6666.
[2019.04.14-02.19.00:767][  0]SourceControl: 源码管理已禁用
[2019.04.14-02.19.02:059][  0]LogAndroidPermission: UAndroidPermissionCallbackProxy::GetInstance
[2019.04.14-02.19.02:148][  0]LogOcInput: OculusInput pre-init called
[2019.04.14-02.19.02:298][  0]LogEngine: Initializing Engine...
[2019.04.14-02.19.02:299][  0]LogHMD: Failed to initialize OpenVR with code 110
[2019.04.14-02.19.02:301][  0]LogStats: UGameplayTagsManager::ConstructGameplayTagTree: ImportINI prefixes -  0.000 s
[2019.04.14-02.19.02:301][  0]LogStats: UGameplayTagsManager::ConstructGameplayTagTree: Construct from data asset -  0.000 s
[2019.04.14-02.19.02:301][  0]LogStats: UGameplayTagsManager::ConstructGameplayTagTree: ImportINI -  0.000 s
[2019.04.14-02.19.02:301][  0]LogStats: UGameplayTagsManager::ConstructGameplayTagTree: GameplayTagTreeChangedEvent.Broadcast -  0.000 s
[2019.04.14-02.19.02:597][  0]LogInit: Initializing FReadOnlyCVARCache
[2019.04.14-02.19.02:620][  0]LogAIModule: Creating AISystem for world Untitled
[2019.04.14-02.19.02:643][  0]LogInit: XAudio2 using '扬声器 (Realtek High Definition Audio)' : 2 channels at 48 kHz using 32 bits per sample (channel mask 0x3)
[2019.04.14-02.19.02:793][  0]LogInit: FAudioDevice initialized.
[2019.04.14-02.19.02:794][  0]LogNetVersion: Set ProjectVersion to 1.0.0.0. Version Checksum will be recalculated on next use.
[2019.04.14-02.19.03:660][  0]LogDerivedDataCache: Saved boot cache 0.87s 71MB C:/Users/Shuxing Li/AppData/Local/UnrealEngine/4.21/DerivedDataCache/Boot.ddc.
[2019.04.14-02.19.03:664][  0]LogInit: Texture streaming: Enabled
[2019.04.14-02.19.03:682][  0]LogEngineSessionManager: EngineSessionManager initialized
[2019.04.14-02.19.03:696][  0]LogInit: Transaction tracking system initialized
[2019.04.14-02.19.03:720][  0]BlueprintLog: New page: 编辑器加载
[2019.04.14-02.19.03:804][  0]LocalizationService: 本地化服务已禁用
[2019.04.14-02.19.04:406][  0]LogFileCache: Scanning file cache for directory 'D:/GitHub/WIZARD_WARS_4000/Wizard_Wars/Content/' took 0.02s
[2019.04.14-02.19.04:406][  0]LogCook: Display: Max memory allowance for cook 16384mb min free memory 0mb
[2019.04.14-02.19.04:406][  0]LogCook: Display: Mobile HDR setting 1
[2019.04.14-02.19.04:406][  0]LogGameplayTags: Display: UGameplayTagsManager::DoneAddingNativeTags. DelegateIsBound: 0
[2019.04.14-02.19.04:406][  0]LogStats: UGameplayTagsManager::ConstructGameplayTagTree: ImportINI prefixes -  0.000 s
[2019.04.14-02.19.04:406][  0]LogStats: UGameplayTagsManager::ConstructGameplayTagTree: Construct from data asset -  0.000 s
[2019.04.14-02.19.04:407][  0]LogStats: UGameplayTagsManager::ConstructGameplayTagTree: ImportINI -  0.000 s
[2019.04.14-02.19.04:407][  0]LogStats: UGameplayTagsManager::ConstructGameplayTagTree: GameplayTagTreeChangedEvent.Broadcast -  0.000 s
[2019.04.14-02.19.04:575][  0]Cmd: MAP LOAD FILE="../../../../../../GitHub/WIZARD_WARS_4000/Wizard_Wars/Content/ThirdPersonBP/Maps/ThirdPersonExampleMap.umap" TEMPLATE=0 SHOWPROGRESS=1 FEATURELEVEL=3
[2019.04.14-02.19.04:575][  0]LightingResults: New page: 光照构建
[2019.04.14-02.19.04:578][  0]MapCheck: New page: 地图检测
[2019.04.14-02.19.04:578][  0]LightingResults: New page: 光照构建
[2019.04.14-02.19.05:820][  0]LogAIModule: Creating AISystem for world ThirdPersonExampleMap
[2019.04.14-02.19.05:843][  0]LogEditorServer: Finished looking for orphan Actors (0.000 secs)
[2019.04.14-02.19.05:871][  0]Cmd: MAP CHECKDEP NOCLEARLOG
[2019.04.14-02.19.05:871][  0]MapCheck: 地图检测完成：0个错误，0 个警告，用时0.235毫秒完成。
[2019.04.14-02.19.05:871][  0]LogFileHelpers: Loading map 'ThirdPersonExampleMap' took 1.296
[2019.04.14-02.19.06:635][  0]LogSlate: Updating window title bar state: overlay mode, drag disabled, window buttons hidden, title bar hidden
[2019.04.14-02.19.06:668][  0]LogSlate: Updating window title bar state: overlay mode, drag disabled, window buttons hidden, title bar hidden
[2019.04.14-02.19.06:677][  0]LogSlate: Updating window title bar state: overlay mode, drag disabled, window buttons hidden, title bar hidden
[2019.04.14-02.19.06:686][  0]LogSlate: Updating window title bar state: overlay mode, drag disabled, window buttons hidden, title bar hidden
[2019.04.14-02.19.06:835][  0]LogCollectionManager: Loaded 0 collections in 0.001093 seconds
[2019.04.14-02.19.07:214][  0]LogFileCache: Scanning file cache for directory 'D:/GitHub/WIZARD_WARS_4000/Wizard_Wars/Saved/Collections/' took 0.01s
[2019.04.14-02.19.07:214][  0]LogFileCache: Scanning file cache for directory 'D:/GitHub/WIZARD_WARS_4000/Wizard_Wars/Content/Developers/ShuxingLi/Collections/' took 0.01s
[2019.04.14-02.19.07:214][  0]LogFileCache: Scanning file cache for directory 'D:/GitHub/WIZARD_WARS_4000/Wizard_Wars/Content/Collections/' took 0.01s
[2019.04.14-02.19.07:214][  0]LogCollectionManager: Rebuilt the GUID cache for 0 collections in 0.000000 seconds
[2019.04.14-02.19.07:246][  0]LogContentBrowser: Native class hierarchy populated in 0.0205 seconds. Added 2651 classes and 620 folders.
[2019.04.14-02.19.07:689][  0]LogContentBrowser: Native class hierarchy updated for 'WidgetCarousel' in 0.0004 seconds. Added 0 classes and 0 folders.
[2019.04.14-02.19.07:822][  0]LogPakFile: Registered encryption key '00000000000000000000000000000000': 0 pak files mounted, 0 remain pending
[2019.04.14-02.19.07:894][  0]LogPakFile: Registered encryption key '00000000000000000000000000000000': 0 pak files mounted, 0 remain pending
[2019.04.14-02.19.07:921][  0]LogPakFile: Registered encryption key '00000000000000000000000000000000': 0 pak files mounted, 0 remain pending
[2019.04.14-02.19.07:968][  0]LogPakFile: Registered encryption key '00000000000000000000000000000000': 0 pak files mounted, 0 remain pending
[2019.04.14-02.19.07:990][  0]LogPakFile: Registered encryption key '00000000000000000000000000000000': 0 pak files mounted, 0 remain pending
[2019.04.14-02.19.08:003][  0]LogPakFile: Registered encryption key '00000000000000000000000000000000': 0 pak files mounted, 0 remain pending
[2019.04.14-02.19.08:023][  0]LogPakFile: Registered encryption key '00000000000000000000000000000000': 0 pak files mounted, 0 remain pending
[2019.04.14-02.19.08:070][  0]LogPakFile: Registered encryption key '00000000000000000000000000000000': 0 pak files mounted, 0 remain pending
[2019.04.14-02.19.08:074][  0]LogPakFile: Registered encryption key '00000000000000000000000000000000': 0 pak files mounted, 0 remain pending
[2019.04.14-02.19.08:114][  0]LogPakFile: Registered encryption key '00000000000000000000000000000000': 0 pak files mounted, 0 remain pending
[2019.04.14-02.19.08:136][  0]LogPakFile: Registered encryption key '00000000000000000000000000000000': 0 pak files mounted, 0 remain pending
[2019.04.14-02.19.08:170][  0]LogPakFile: Registered encryption key '00000000000000000000000000000000': 0 pak files mounted, 0 remain pending
[2019.04.14-02.19.08:203][  0]LogPakFile: Registered encryption key '00000000000000000000000000000000': 0 pak files mounted, 0 remain pending
[2019.04.14-02.19.08:243][  0]LogPakFile: Registered encryption key '00000000000000000000000000000000': 0 pak files mounted, 0 remain pending
[2019.04.14-02.19.08:266][  0]LogPakFile: Registered encryption key '00000000000000000000000000000000': 0 pak files mounted, 0 remain pending
[2019.04.14-02.19.08:295][  0]LogPakFile: Registered encryption key '00000000000000000000000000000000': 0 pak files mounted, 0 remain pending
[2019.04.14-02.19.08:317][  0]LogPakFile: Registered encryption key '00000000000000000000000000000000': 0 pak files mounted, 0 remain pending
[2019.04.14-02.19.08:328][  0]LogPakFile: Registered encryption key '00000000000000000000000000000000': 0 pak files mounted, 0 remain pending
[2019.04.14-02.19.08:365][  0]LogPakFile: Registered encryption key '00000000000000000000000000000000': 0 pak files mounted, 0 remain pending
[2019.04.14-02.19.08:397][  0]LogPakFile: Registered encryption key '00000000000000000000000000000000': 0 pak files mounted, 0 remain pending
[2019.04.14-02.19.08:428][  0]LogPakFile: Registered encryption key '00000000000000000000000000000000': 0 pak files mounted, 0 remain pending
[2019.04.14-02.19.08:458][  0]LogPakFile: Registered encryption key '00000000000000000000000000000000': 0 pak files mounted, 0 remain pending
[2019.04.14-02.19.08:518][  0]LogPakFile: Registered encryption key '00000000000000000000000000000000': 0 pak files mounted, 0 remain pending
[2019.04.14-02.19.08:585][  0]LogPakFile: Registered encryption key '00000000000000000000000000000000': 0 pak files mounted, 0 remain pending
[2019.04.14-02.19.08:616][  0]LogPakFile: Registered encryption key '00000000000000000000000000000000': 0 pak files mounted, 0 remain pending
[2019.04.14-02.19.08:629][  0]LogPakFile: Registered encryption key '00000000000000000000000000000000': 0 pak files mounted, 0 remain pending
[2019.04.14-02.19.09:963][  0]LogContentBrowser: Native class hierarchy updated for 'AddContentDialog' in 0.0003 seconds. Added 0 classes and 0 folders.
[2019.04.14-02.19.10:228][  0]LogContentBrowser: Native class hierarchy updated for 'SceneOutliner' in 0.0004 seconds. Added 1 classes and 2 folders.
[2019.04.14-02.19.11:368][  0]LogSlate: Took 0.000277 seconds to synchronously load lazily loaded font '../../../Engine/Content/Slate/Fonts/Roboto-Regular.ttf' (155K)
[2019.04.14-02.19.11:373][  0]LogSlate: Took 0.002910 seconds to synchronously load lazily loaded font '../../../Engine/Content/Slate/Fonts/DroidSansFallback.ttf' (3848K)
[2019.04.14-02.19.11:374][  0]LogSlate: Took 0.000398 seconds to synchronously load lazily loaded font '../../../Engine/Content/Slate/Fonts/Roboto-Bold.ttf' (160K)
[2019.04.14-02.19.11:476][  0]LogSlate: Took 0.034251 seconds to synchronously load lazily loaded font '../../../Engine/Content/Editor/Slate/Fonts/FontAwesome.ttf' (139K)
[2019.04.14-02.19.11:770][  0]LogRenderer: Reallocating scene render targets to support 1320x668 Format 10 NumSamples 1 (Frame:1).
[2019.04.14-02.19.12:478][  0]LogContentBrowser: Native class hierarchy updated for 'HierarchicalLODOutliner' in 0.0004 seconds. Added 0 classes and 0 folders.
[2019.04.14-02.19.12:478][  0]LogLoad: (Engine Initialization) Total time: 20.67 seconds
[2019.04.14-02.19.12:478][  0]LogLoad: (Engine Initialization) Total Blueprint compile time: 0.00 seconds
[2019.04.14-02.19.12:498][  0]LogWindowsTextInputMethodSystem: Display: IME system now deactivated.
[2019.04.14-02.19.12:499][  0]LogSlate: New Slate User Created.  User Index 1, Is Virtual User: 0
[2019.04.14-02.19.12:499][  0]LogSlate: Slate User Registered.  User Index 1, Is Virtual User: 0
[2019.04.14-02.19.12:632][  0]LogContentStreaming: Texture pool size now 1000 MB
[2019.04.14-02.19.16:725][225]LogSlate: Took 0.014623 seconds to synchronously load lazily loaded font '../../../Engine/Content/Slate/Fonts/Roboto-Light.ttf' (167K)
[2019.04.14-02.19.19:280][379]LogSlate: FSceneViewport::OnFocusLost() reason 0
[2019.04.14-02.19.20:219][434]LogCollectionManager: Rebuilt the object cache for 0 collections in 0.000000 seconds (found 0 objects)
[2019.04.14-02.19.23:166][609]LogAssetRegistry: Asset discovery search completed in 25.8899 seconds
[2019.04.14-02.19.23:170][609]LogCollectionManager: Fixed up redirectors for 0 collections in 0.000019 seconds (updated 0 objects)
[2019.04.14-02.19.33:468][ 59]LogSlate: FSceneViewport::OnFocusLost() reason 0
[2019.04.14-02.19.33:567][ 65]LogTemp: Repeating last play command: 选中的视口
[2019.04.14-02.19.33:581][ 65]LogBlueprintUserMessages: Early PlayInEditor Detection: Level '/Game/ThirdPersonBP/Maps/ThirdPersonExampleMap.ThirdPersonExampleMap:PersistentLevel' has LevelScriptBlueprint '/Game/ThirdPersonBP/Maps/ThirdPersonExampleMap.ThirdPersonExampleMap:PersistentLevel.ThirdPersonExampleMap' with GeneratedClass '/Game/ThirdPersonBP/Maps/ThirdPersonExampleMap.ThirdPersonExampleMap_C' with ClassGeneratedBy '/Game/ThirdPersonBP/Maps/ThirdPersonExampleMap.ThirdPersonExampleMap:PersistentLevel.ThirdPersonExampleMap'
[2019.04.14-02.19.33:581][ 65]LogPlayLevel: PlayLevel: No blueprints needed recompiling
[2019.04.14-02.19.33:634][ 65]PIE: New page: PIE会话: ThirdPersonExampleMap (2019年4月13日 下午6:19:33)
[2019.04.14-02.19.33:662][ 65]LogPlayLevel: Creating play world package: /Game/ThirdPersonBP/Maps/UEDPIE_0_ThirdPersonExampleMap
[2019.04.14-02.19.33:679][ 65]LogPlayLevel: PIE: StaticDuplicateObject took: (0.016840s)
[2019.04.14-02.19.33:680][ 65]LogAIModule: Creating AISystem for world ThirdPersonExampleMap
[2019.04.14-02.19.33:680][ 65]LogPlayLevel: PIE: World Init took: (0.000902s)
[2019.04.14-02.19.33:680][ 65]LogPlayLevel: PIE: Created PIE world by copying editor world from /Game/ThirdPersonBP/Maps/ThirdPersonExampleMap.ThirdPersonExampleMap to /Game/ThirdPersonBP/Maps/UEDPIE_0_ThirdPersonExampleMap.ThirdPersonExampleMap (0.018410s)
[2019.04.14-02.19.33:739][ 65]LogInit: XAudio2 using '扬声器 (Realtek High Definition Audio)' : 2 channels at 48 kHz using 32 bits per sample (channel mask 0x3)
[2019.04.14-02.19.33:876][ 65]LogInit: FAudioDevice initialized.
[2019.04.14-02.19.33:960][ 65]LogBlueprint: Warning: [Compiler ThirdPersonGameMode] 在'ThirdPersonCharacter_C’中找不到名为"PlayerSpawnIndex\”的变量。
请确保已针对  设置PlayerSpawnIndex  对'ThirdPersonCharacter_C’进行了编译
[2019.04.14-02.19.33:961][ 65]LogBlueprint: Error: [Compiler ThirdPersonGameMode] 没有找到和  Player Spawn Index 相关的属性
[2019.04.14-02.19.33:962][ 65]LogBlueprint: Warning: [Compiler ThirdPersonGameMode] [0042.15]编译 ThirdPersonGameMode 失败。1 项重大问题；1 个警告[23 毫秒内]（/Game/ThirdPersonBP/Blueprints/ThirdPersonGameMode.ThirdPersonGameMode）
[2019.04.14-02.19.33:973][ 65]LogLoad: Game class is 'ThirdPersonGameMode_C'
[2019.04.14-02.19.34:002][ 65]LogWorld: Bringing World /Game/ThirdPersonBP/Maps/UEDPIE_0_ThirdPersonExampleMap.ThirdPersonExampleMap up for play (max tick rate 60) at 2019.04.13-22.19.34
[2019.04.14-02.19.34:002][ 65]LogWorld: Bringing up level for play took: 0.001287
[2019.04.14-02.19.34:045][ 65]LogContentBrowser: Native class hierarchy updated for 'MovieSceneCapture' in 0.0005 seconds. Added 20 classes and 0 folders.
[2019.04.14-02.19.34:079][ 65]PIE: /Game/ThirdPersonBP/Maps/UEDPIE_0_ThirdPersonExampleMap的‘在编辑器中播放’的起始时间0.168
[2019.04.14-02.19.34:080][ 65]LogBlueprintUserMessages: Late PlayInEditor Detection: Level '/Game/ThirdPersonBP/Maps/ThirdPersonExampleMap.ThirdPersonExampleMap:PersistentLevel' has LevelScriptBlueprint '/Game/ThirdPersonBP/Maps/ThirdPersonExampleMap.ThirdPersonExampleMap:PersistentLevel.ThirdPersonExampleMap' with GeneratedClass '/Game/ThirdPersonBP/Maps/ThirdPersonExampleMap.ThirdPersonExampleMap_C' with ClassGeneratedBy '/Game/ThirdPersonBP/Maps/ThirdPersonExampleMap.ThirdPersonExampleMap:PersistentLevel.ThirdPersonExampleMap'
[2019.04.14-02.19.36:491][203]LogBlueprintUserMessages: Early EndPlayMap Detection: Level '/Game/ThirdPersonBP/Maps/ThirdPersonExampleMap.ThirdPersonExampleMap:PersistentLevel' has LevelScriptBlueprint '/Game/ThirdPersonBP/Maps/ThirdPersonExampleMap.ThirdPersonExampleMap:PersistentLevel.ThirdPersonExampleMap' with GeneratedClass '/Game/ThirdPersonBP/Maps/ThirdPersonExampleMap.ThirdPersonExampleMap_C' with ClassGeneratedBy '/Game/ThirdPersonBP/Maps/ThirdPersonExampleMap.ThirdPersonExampleMap:PersistentLevel.ThirdPersonExampleMap'
[2019.04.14-02.19.36:492][203]LogSlate: Updating window title bar state: overlay mode, drag disabled, window buttons hidden, title bar hidden
[2019.04.14-02.19.36:528][203]LogPlayLevel: Display: Shutting down PIE online subsystems
[2019.04.14-02.19.36:528][203]LogBlueprintUserMessages: Late EndPlayMap Detection: Level '/Game/ThirdPersonBP/Maps/ThirdPersonExampleMap.ThirdPersonExampleMap:PersistentLevel' has LevelScriptBlueprint '/Game/ThirdPersonBP/Maps/ThirdPersonExampleMap.ThirdPersonExampleMap:PersistentLevel.ThirdPersonExampleMap' with GeneratedClass '/Game/ThirdPersonBP/Maps/ThirdPersonExampleMap.ThirdPersonExampleMap_C' with ClassGeneratedBy '/Game/ThirdPersonBP/Maps/ThirdPersonExampleMap.ThirdPersonExampleMap:PersistentLevel.ThirdPersonExampleMap'
[2019.04.14-02.19.36:558][203]LogSlate: Updating window title bar state: overlay mode, drag disabled, window buttons hidden, title bar hidden
[2019.04.14-02.19.36:610][205]LogPlayLevel: Display: Destroying online subsystem :Context_1
[2019.04.14-02.19.37:663][268]LogSlate: FSceneViewport::OnFocusLost() reason 0
[2019.04.14-02.19.52:510][972]LogSlate: Only BGRA pngs, bmps or icos are supported in by External Image Picker
[2019.04.14-02.19.52:682][975]LogTemp: Executing iPhonePackager certificates Engine -bundlename com.YourCompany.WizardWars
[2019.04.14-02.19.52:682][975]LogTemp: CWD: D:\Program Files\Epic Games\UE_4.21\Engine\Binaries\DotNET\IOS
[2019.04.14-02.19.52:682][975]LogTemp: Initial Dir: D:\Program Files\Epic Games\UE_4.21
[2019.04.14-02.19.52:682][975]LogTemp: Env CWD: D:\Program Files\Epic Games\UE_4.21\Engine\Binaries\DotNET\IOS
[2019.04.14-02.19.52:688][975]LogTemp: BranchPath = DESKTOP-226LAUO/D/Program Files/Epic Games/UE_4.21/Engine/Binaries --- GameBranchPath = DESKTOP-226LAUO/D/Program Files/Epic Games/UE_4.21/Engine/Binaries
[2019.04.14-02.19.52:761][977]LogTemp: IPP ERROR: Could not find provision directory 'C:\Users\Shuxing Li\AppData\Local/Apple Computer/MobileDevice/Provisioning Profiles/'.
[2019.04.14-02.19.58:537][300]LogSlate: Took 0.000433 seconds to synchronously load lazily loaded font '../../../Engine/Content/Slate/Fonts/Roboto-Light.ttf' (167K)
[2019.04.14-02.20.10:092][964]LogSlate: Window '项目设置' being destroyed
[2019.04.14-02.20.10:101][964]LogSlate: Window '项目设置' being destroyed
[2019.04.14-02.20.11:412][ 32]LogAssetEditorManager: Opening Asset editor for Blueprint /Game/ThirdPersonBP/Blueprints/ThirdPersonGameMode.ThirdPersonGameMode
[2019.04.14-02.20.12:241][ 32]LogContentBrowser: Native class hierarchy updated for 'BlueprintGraph' in 0.0008 seconds. Added 117 classes and 0 folders.
[2019.04.14-02.20.13:564][ 32]LogSlate: Took 0.014926 seconds to synchronously load lazily loaded font '../../../Engine/Content/Slate/Fonts/Roboto-BoldCondensed.ttf' (158K)
[2019.04.14-02.20.13:870][ 33]LogSlate: Took 0.014091 seconds to synchronously load lazily loaded font '../../../Engine/Content/Slate/Fonts/Roboto-Italic.ttf' (157K)
[2019.04.14-02.20.16:738][182]BlueprintLog: New page: 编译ThirdPersonGameMode
[2019.04.14-02.20.16:764][182]LogBlueprint: Warning: [Compiler ThirdPersonGameMode] 在'ThirdPersonCharacter_C’中找不到名为"PlayerSpawnIndex\”的变量。
请确保已针对  设置PlayerSpawnIndex  对'ThirdPersonCharacter_C’进行了编译
[2019.04.14-02.20.16:765][182]LogBlueprint: Error: [Compiler ThirdPersonGameMode] 没有找到和  Player Spawn Index 相关的属性
[2019.04.14-02.20.17:012][182]LogBlueprint: Warning: [Compiler ThirdPersonGameMode] [0085.20]编译 ThirdPersonGameMode 失败。1 项重大问题；1 个警告[273 毫秒内]（/Game/ThirdPersonBP/Blueprints/ThirdPersonGameMode.ThirdPersonGameMode）
[2019.04.14-02.20.25:277][636]LogAssetEditorManager: Opening Asset editor for Blueprint /Game/ThirdPersonBP/Blueprints/ThirdPersonCharacter.ThirdPersonCharacter
[2019.04.14-02.20.33:774][ 56]LogSlate: Took 0.011720 seconds to synchronously load lazily loaded font '../../../Engine/Content/Slate/Fonts/Roboto-BoldCondensedItalic.ttf' (160K)
[2019.04.14-02.20.41:823][454]LogSavePackage: Moving '../../../../../../GitHub/WIZARD_WARS_4000/Wizard_Wars/Saved/ThirdPersonCharacter96F50BB84459A32C1CE4D1B95135A119.tmp' to '../../../../../../GitHub/WIZARD_WARS_4000/Wizard_Wars/Content/ThirdPersonBP/Blueprints/ThirdPersonCharacter.uasset'
[2019.04.14-02.20.46:394][702]BlueprintLog: New page: 编译ThirdPersonCharacter
[2019.04.14-02.20.51:803][980]LogTemp: Repeating last play command: 选中的视口
[2019.04.14-02.20.51:824][980]LogBlueprintUserMessages: Early PlayInEditor Detection: Level '/Game/ThirdPersonBP/Maps/ThirdPersonExampleMap.ThirdPersonExampleMap:PersistentLevel' has LevelScriptBlueprint '/Game/ThirdPersonBP/Maps/ThirdPersonExampleMap.ThirdPersonExampleMap:PersistentLevel.ThirdPersonExampleMap' with GeneratedClass '/Game/ThirdPersonBP/Maps/ThirdPersonExampleMap.ThirdPersonExampleMap_C' with ClassGeneratedBy '/Game/ThirdPersonBP/Maps/ThirdPersonExampleMap.ThirdPersonExampleMap:PersistentLevel.ThirdPersonExampleMap'
[2019.04.14-02.20.51:824][980]LogPlayLevel: PlayLevel: No blueprints needed recompiling
[2019.04.14-02.20.54:713][980]LogSlate: Window '信息' being destroyed
[2019.04.14-02.20.59:665][251]BlueprintLog: New page: 编译ThirdPersonGameMode
[2019.04.14-02.21.02:270][385]LogTemp: Repeating last play command: 选中的视口
[2019.04.14-02.21.02:288][385]LogBlueprintUserMessages: Early PlayInEditor Detection: Level '/Game/ThirdPersonBP/Maps/ThirdPersonExampleMap.ThirdPersonExampleMap:PersistentLevel' has LevelScriptBlueprint '/Game/ThirdPersonBP/Maps/ThirdPersonExampleMap.ThirdPersonExampleMap:PersistentLevel.ThirdPersonExampleMap' with GeneratedClass '/Game/ThirdPersonBP/Maps/ThirdPersonExampleMap.ThirdPersonExampleMap_C' with ClassGeneratedBy '/Game/ThirdPersonBP/Maps/ThirdPersonExampleMap.ThirdPersonExampleMap:PersistentLevel.ThirdPersonExampleMap'
[2019.04.14-02.21.02:288][385]LogPlayLevel: PlayLevel: No blueprints needed recompiling
[2019.04.14-02.21.02:288][385]PIE: New page: PIE会话: ThirdPersonExampleMap (2019年4月13日 下午6:21:02)
[2019.04.14-02.21.02:288][385]LogPlayLevel: Creating play world package: /Game/ThirdPersonBP/Maps/UEDPIE_0_ThirdPersonExampleMap
[2019.04.14-02.21.02:305][385]LogPlayLevel: PIE: StaticDuplicateObject took: (0.016789s)
[2019.04.14-02.21.02:306][385]LogAIModule: Creating AISystem for world ThirdPersonExampleMap
[2019.04.14-02.21.02:306][385]LogPlayLevel: PIE: World Init took: (0.001014s)
[2019.04.14-02.21.02:306][385]LogPlayLevel: PIE: Created PIE world by copying editor world from /Game/ThirdPersonBP/Maps/ThirdPersonExampleMap.ThirdPersonExampleMap to /Game/ThirdPersonBP/Maps/UEDPIE_0_ThirdPersonExampleMap.ThirdPersonExampleMap (0.018062s)
[2019.04.14-02.21.02:356][385]LogInit: XAudio2 using '扬声器 (Realtek High Definition Audio)' : 2 channels at 48 kHz using 32 bits per sample (channel mask 0x3)
[2019.04.14-02.21.02:486][385]LogInit: FAudioDevice initialized.
[2019.04.14-02.21.02:520][385]LogLoad: Game class is 'ThirdPersonGameMode_C'
[2019.04.14-02.21.02:522][385]LogWorld: Bringing World /Game/ThirdPersonBP/Maps/UEDPIE_0_ThirdPersonExampleMap.ThirdPersonExampleMap up for play (max tick rate 60) at 2019.04.13-22.21.02
[2019.04.14-02.21.02:522][385]LogWorld: Bringing up level for play took: 0.000922
[2019.04.14-02.21.02:623][385]LogBlueprintUserMessages: [ThirdPersonGameMode_C_0] Begin Player Spawn
[2019.04.14-02.21.02:623][385]LogPlayerManagement: Error: Failed to Create Player: A local player already exists for controller ID 0,
[2019.04.14-02.21.02:704][385]PIE: /Game/ThirdPersonBP/Maps/UEDPIE_0_ThirdPersonExampleMap的‘在编辑器中播放’的起始时间0.793
[2019.04.14-02.21.02:705][385]LogBlueprintUserMessages: Late PlayInEditor Detection: Level '/Game/ThirdPersonBP/Maps/ThirdPersonExampleMap.ThirdPersonExampleMap:PersistentLevel' has LevelScriptBlueprint '/Game/ThirdPersonBP/Maps/ThirdPersonExampleMap.ThirdPersonExampleMap:PersistentLevel.ThirdPersonExampleMap' with GeneratedClass '/Game/ThirdPersonBP/Maps/ThirdPersonExampleMap.ThirdPersonExampleMap_C' with ClassGeneratedBy '/Game/ThirdPersonBP/Maps/ThirdPersonExampleMap.ThirdPersonExampleMap:PersistentLevel.ThirdPersonExampleMap'
[2019.04.14-02.21.02:766][386]LogRenderer: Reallocating scene render targets to support 1320x672 Format 10 NumSamples 1 (Frame:1).
[2019.04.14-02.21.09:397][781]LogBlueprintUserMessages: [BP_Spawner_2] Item already spawned
[2019.04.14-02.21.15:378][133]LogBlueprintUserMessages: [BP_Spawner_2] Item already spawned
[2019.04.14-02.21.20:379][433]LogBlueprintUserMessages: [BP_Spawner_2] Item already spawned
[2019.04.14-02.21.21:379][493]LogBlueprintUserMessages: [BP_Spawner_2] Item already spawned
[2019.04.14-02.21.25:714][752]LogBlueprintUserMessages: Early EndPlayMap Detection: Level '/Game/ThirdPersonBP/Maps/ThirdPersonExampleMap.ThirdPersonExampleMap:PersistentLevel' has LevelScriptBlueprint '/Game/ThirdPersonBP/Maps/ThirdPersonExampleMap.ThirdPersonExampleMap:PersistentLevel.ThirdPersonExampleMap' with GeneratedClass '/Game/ThirdPersonBP/Maps/ThirdPersonExampleMap.ThirdPersonExampleMap_C' with ClassGeneratedBy '/Game/ThirdPersonBP/Maps/ThirdPersonExampleMap.ThirdPersonExampleMap:PersistentLevel.ThirdPersonExampleMap'
[2019.04.14-02.21.25:715][752]LogSlate: Updating window title bar state: overlay mode, drag disabled, window buttons hidden, title bar hidden
[2019.04.14-02.21.25:761][752]LogPlayLevel: Display: Shutting down PIE online subsystems
[2019.04.14-02.21.25:761][752]LogBlueprintUserMessages: Late EndPlayMap Detection: Level '/Game/ThirdPersonBP/Maps/ThirdPersonExampleMap.ThirdPersonExampleMap:PersistentLevel' has LevelScriptBlueprint '/Game/ThirdPersonBP/Maps/ThirdPersonExampleMap.ThirdPersonExampleMap:PersistentLevel.ThirdPersonExampleMap' with GeneratedClass '/Game/ThirdPersonBP/Maps/ThirdPersonExampleMap.ThirdPersonExampleMap_C' with ClassGeneratedBy '/Game/ThirdPersonBP/Maps/ThirdPersonExampleMap.ThirdPersonExampleMap:PersistentLevel.ThirdPersonExampleMap'
[2019.04.14-02.21.25:799][752]LogSlate: Updating window title bar state: overlay mode, drag disabled, window buttons hidden, title bar hidden
[2019.04.14-02.21.25:829][753]LogPlayLevel: Display: Destroying online subsystem :Context_7
[2019.04.14-02.21.27:350][843]LogSlate: FSceneViewport::OnFocusLost() reason 0
[2019.04.14-02.21.27:481][851]LogTemp: Repeating last play command: 选中的视口
[2019.04.14-02.21.27:501][851]LogBlueprintUserMessages: Early PlayInEditor Detection: Level '/Game/ThirdPersonBP/Maps/ThirdPersonExampleMap.ThirdPersonExampleMap:PersistentLevel' has LevelScriptBlueprint '/Game/ThirdPersonBP/Maps/ThirdPersonExampleMap.ThirdPersonExampleMap:PersistentLevel.ThirdPersonExampleMap' with GeneratedClass '/Game/ThirdPersonBP/Maps/ThirdPersonExampleMap.ThirdPersonExampleMap_C' with ClassGeneratedBy '/Game/ThirdPersonBP/Maps/ThirdPersonExampleMap.ThirdPersonExampleMap:PersistentLevel.ThirdPersonExampleMap'
[2019.04.14-02.21.27:501][851]LogPlayLevel: PlayLevel: No blueprints needed recompiling
[2019.04.14-02.21.27:501][851]PIE: New page: PIE会话: ThirdPersonExampleMap (2019年4月13日 下午6:21:27)
[2019.04.14-02.21.27:502][851]LogPlayLevel: Creating play world package: /Game/ThirdPersonBP/Maps/UEDPIE_0_ThirdPersonExampleMap
[2019.04.14-02.21.27:517][851]LogPlayLevel: PIE: StaticDuplicateObject took: (0.015249s)
[2019.04.14-02.21.27:518][851]LogAIModule: Creating AISystem for world ThirdPersonExampleMap
[2019.04.14-02.21.27:518][851]LogPlayLevel: PIE: World Init took: (0.000930s)
[2019.04.14-02.21.27:518][851]LogPlayLevel: PIE: Created PIE world by copying editor world from /Game/ThirdPersonBP/Maps/ThirdPersonExampleMap.ThirdPersonExampleMap to /Game/ThirdPersonBP/Maps/UEDPIE_0_ThirdPersonExampleMap.ThirdPersonExampleMap (0.016406s)
[2019.04.14-02.21.27:573][851]LogInit: XAudio2 using '扬声器 (Realtek High Definition Audio)' : 2 channels at 48 kHz using 32 bits per sample (channel mask 0x3)
[2019.04.14-02.21.27:694][851]LogInit: FAudioDevice initialized.
[2019.04.14-02.21.27:731][851]LogLoad: Game class is 'ThirdPersonGameMode_C'
[2019.04.14-02.21.27:733][851]LogWorld: Bringing World /Game/ThirdPersonBP/Maps/UEDPIE_0_ThirdPersonExampleMap.ThirdPersonExampleMap up for play (max tick rate 60) at 2019.04.13-22.21.27
[2019.04.14-02.21.27:733][851]LogWorld: Bringing up level for play took: 0.001105
[2019.04.14-02.21.27:749][851]LogBlueprintUserMessages: [ThirdPersonGameMode_C_0] Begin Player Spawn
[2019.04.14-02.21.27:749][851]LogPlayerManagement: Error: Failed to Create Player: A local player already exists for controller ID 0,
[2019.04.14-02.21.27:754][851]PIE: /Game/ThirdPersonBP/Maps/UEDPIE_0_ThirdPersonExampleMap的‘在编辑器中播放’的起始时间-0.157
[2019.04.14-02.21.27:754][851]LogBlueprintUserMessages: Late PlayInEditor Detection: Level '/Game/ThirdPersonBP/Maps/ThirdPersonExampleMap.ThirdPersonExampleMap:PersistentLevel' has LevelScriptBlueprint '/Game/ThirdPersonBP/Maps/ThirdPersonExampleMap.ThirdPersonExampleMap:PersistentLevel.ThirdPersonExampleMap' with GeneratedClass '/Game/ThirdPersonBP/Maps/ThirdPersonExampleMap.ThirdPersonExampleMap_C' with ClassGeneratedBy '/Game/ThirdPersonBP/Maps/ThirdPersonExampleMap.ThirdPersonExampleMap:PersistentLevel.ThirdPersonExampleMap'
[2019.04.14-02.21.34:489][254]LogBlueprintUserMessages: [BP_Spawner_2] Item already spawned
[2019.04.14-02.21.40:490][614]LogBlueprintUserMessages: [BP_Spawner_2] Item already spawned
[2019.04.14-02.21.45:489][914]LogScript: Warning: Script Msg: Attempted to access index 2 from array 'ItemsToSpawn' of length 2 in '/Game/Interactables/Spawner/BP_Spawner.BP_Spawner_C'!
[2019.04.14-02.21.45:489][914]LogScript: Warning: UGameplayStatics::BeginSpawningActorFromClass: can not spawn an actor from a NULL class
[2019.04.14-02.21.50:874][237]LogBlueprintUserMessages: Early EndPlayMap Detection: Level '/Game/ThirdPersonBP/Maps/ThirdPersonExampleMap.ThirdPersonExampleMap:PersistentLevel' has LevelScriptBlueprint '/Game/ThirdPersonBP/Maps/ThirdPersonExampleMap.ThirdPersonExampleMap:PersistentLevel.ThirdPersonExampleMap' with GeneratedClass '/Game/ThirdPersonBP/Maps/ThirdPersonExampleMap.ThirdPersonExampleMap_C' with ClassGeneratedBy '/Game/ThirdPersonBP/Maps/ThirdPersonExampleMap.ThirdPersonExampleMap:PersistentLevel.ThirdPersonExampleMap'
[2019.04.14-02.21.50:874][237]LogSlate: Updating window title bar state: overlay mode, drag disabled, window buttons hidden, title bar hidden
[2019.04.14-02.21.50:912][237]LogPlayLevel: Display: Shutting down PIE online subsystems
[2019.04.14-02.21.50:912][237]LogBlueprintUserMessages: Late EndPlayMap Detection: Level '/Game/ThirdPersonBP/Maps/ThirdPersonExampleMap.ThirdPersonExampleMap:PersistentLevel' has LevelScriptBlueprint '/Game/ThirdPersonBP/Maps/ThirdPersonExampleMap.ThirdPersonExampleMap:PersistentLevel.ThirdPersonExampleMap' with GeneratedClass '/Game/ThirdPersonBP/Maps/ThirdPersonExampleMap.ThirdPersonExampleMap_C' with ClassGeneratedBy '/Game/ThirdPersonBP/Maps/ThirdPersonExampleMap.ThirdPersonExampleMap:PersistentLevel.ThirdPersonExampleMap'
[2019.04.14-02.21.50:946][237]LogSlate: Updating window title bar state: overlay mode, drag disabled, window buttons hidden, title bar hidden
[2019.04.14-02.21.50:975][238]LogPlayLevel: Display: Destroying online subsystem :Context_8
[2019.04.14-02.21.51:956][294]LogSlate: FSceneViewport::OnFocusLost() reason 2
[2019.04.14-02.21.52:394][294]LogSavePackage: Moving '../../../../../../GitHub/WIZARD_WARS_4000/Wizard_Wars/Saved/ThirdPersonExampleMapE024460646FE316E355ACDBD9B3D5262.tmp' to '../../../../../../GitHub/WIZARD_WARS_4000/Wizard_Wars/Content/ThirdPersonBP/Maps/ThirdPersonExampleMap.umap'
[2019.04.14-02.21.52:784][294]LogSavePackage: Moving '../../../../../../GitHub/WIZARD_WARS_4000/Wizard_Wars/Saved/ThirdPersonExampleMap_BuiltData3786CA9D4571DCD6AF6FAFAAECAEF4E3.tmp' to '../../../../../../GitHub/WIZARD_WARS_4000/Wizard_Wars/Content/ThirdPersonBP/Maps/ThirdPersonExampleMap_BuiltData.uasset'
