Log file open, 04/27/19 22:38:18
LogWindows: Failed to load 'aqProf.dll' (GetLastError=126)
LogWindows: File 'aqProf.dll' does not exist
LogWindows: Failed to load 'VtuneApi.dll' (GetLastError=126)
LogWindows: File 'VtuneApi.dll' does not exist
LogWindows: Failed to load 'VtuneApi32e.dll' (GetLastError=126)
LogWindows: File 'VtuneApi32e.dll' does not exist
LogConsoleResponse: Display: Failed to find resolution value strings in scalability ini. Falling back to default.
LogInit: Display: Running engine for game: Wizard_Wars
LogPakFile: Registered encryption key '00000000000000000000000000000000': 0 pak files mounted, 0 remain pending
LogPlatformFile: Not using cached read wrapper
LogTaskGraph: Started task graph with 5 named threads and 23 total threads with 3 sets of task threads.
LogStats: Stats thread started at 0.323533
LogD3D11RHI: Loaded GFSDK_Aftermath_Lib.x64.dll
LogICUInternationalization: ICU TimeZone Detection - Raw Offset: -5:00, Platform Override: ''
LogPluginManager: Mounting plugin Paper2D
LogPluginManager: Mounting plugin AISupport
LogPluginManager: Mounting plugin LightPropagationVolume
LogPluginManager: Mounting plugin ActorLayerUtilities
LogPluginManager: Mounting plugin CLionSourceCodeAccess
LogPluginManager: Mounting plugin CodeLiteSourceCodeAccess
LogPluginManager: Mounting plugin GitSourceControl
LogPluginManager: Mounting plugin KDevelopSourceCodeAccess
LogPluginManager: Mounting plugin NullSourceCodeAccess
LogPluginManager: Mounting plugin PerforceSourceControl
LogPluginManager: Mounting plugin SubversionSourceControl
LogPluginManager: Mounting plugin UObjectPlugin
LogPluginManager: Mounting plugin VisualStudioCodeSourceCodeAccess
LogPluginManager: Mounting plugin VisualStudioSourceCodeAccess
LogPluginManager: Mounting plugin XCodeSourceCodeAccess
LogPluginManager: Mounting plugin AssetManagerEditor
LogPluginManager: Mounting plugin CryptoKeys
LogPluginManager: Mounting plugin DataValidation
LogPluginManager: Mounting plugin FacialAnimation
LogPluginManager: Mounting plugin GameplayTagsEditor
LogPluginManager: Mounting plugin MacGraphicsSwitching
LogPluginManager: Mounting plugin MeshEditor
LogPluginManager: Mounting plugin MobileLauncherProfileWizard
LogPluginManager: Mounting plugin PluginBrowser
LogPluginManager: Mounting plugin SpeedTreeImporter
LogPluginManager: Mounting plugin DatasmithContent
LogPluginManager: Mounting plugin VariantManagerContent
LogPluginManager: Mounting plugin AlembicImporter
LogPluginManager: Mounting plugin AppleImageUtils
LogPluginManager: Mounting plugin AppleVision
LogPluginManager: Mounting plugin BackChannel
LogPluginManager: Mounting plugin CharacterAI
LogPluginManager: Mounting plugin GeometryCache
LogPluginManager: Mounting plugin HTML5Networking
LogPluginManager: Mounting plugin ProxyLODPlugin
LogPluginManager: Mounting plugin Niagara
LogPluginManager: Mounting plugin MagicLeap
LogPluginManager: Mounting plugin MagicLeapMedia
LogPluginManager: Mounting plugin AndroidMedia
LogPluginManager: Mounting plugin AvfMedia
LogPluginManager: Mounting plugin ImgMedia
LogPluginManager: Mounting plugin LinearTimecode
LogPluginManager: Mounting plugin MediaCompositing
LogPluginManager: Mounting plugin MediaPlayerEditor
LogPluginManager: Mounting plugin WebMMedia
LogPluginManager: Mounting plugin WmfMedia
LogPluginManager: Mounting plugin TcpMessaging
LogPluginManager: Mounting plugin UdpMessaging
LogPluginManager: Mounting plugin ActorSequence
LogPluginManager: Mounting plugin LevelSequenceEditor
LogPluginManager: Mounting plugin MatineeToLevelSequence
LogPluginManager: Mounting plugin NetcodeUnitTest
LogPluginManager: Mounting plugin NUTUnrealEngine4
LogPluginManager: Mounting plugin OnlineSubsystemGooglePlay
LogPluginManager: Mounting plugin OnlineSubsystemIOS
LogPluginManager: Mounting plugin OnlineSubsystem
LogPluginManager: Mounting plugin OnlineSubsystemNull
LogPluginManager: Mounting plugin OnlineSubsystemUtils
LogPluginManager: Mounting plugin LauncherChunkInstaller
LogPluginManager: Mounting plugin AndroidDeviceProfileSelector
LogPluginManager: Mounting plugin AndroidMoviePlayer
LogPluginManager: Mounting plugin AndroidPermission
LogPluginManager: Mounting plugin AppleMoviePlayer
LogPluginManager: Mounting plugin ArchVisCharacter
LogPluginManager: Mounting plugin AudioCapture
LogPluginManager: Mounting plugin CableComponent
LogPluginManager: Mounting plugin CustomMeshComponent
LogPluginManager: Mounting plugin EditableMesh
LogPluginManager: Mounting plugin ExampleDeviceProfileSelector
LogPluginManager: Mounting plugin Firebase
LogPluginManager: Mounting plugin GoogleCloudMessaging
LogPluginManager: Mounting plugin IOSDeviceProfileSelector
LogPluginManager: Mounting plugin LinuxDeviceProfileSelector
LogPluginManager: Mounting plugin LocationServicesBPLibrary
LogPluginManager: Mounting plugin MobilePatchingUtils
LogPluginManager: Mounting plugin OculusVR
LogPluginManager: Mounting plugin PhysXVehicles
LogPluginManager: Mounting plugin ProceduralMeshComponent
LogPluginManager: Mounting plugin RuntimePhysXCooking
LogPluginManager: Mounting plugin SteamVR
LogPluginManager: Mounting plugin WebMMoviePlayer
LogPluginManager: Mounting plugin WindowsMoviePlayer
LogStreaming: Display: Took  0.187s to configure plugins.
LogInit: Using libcurl 7.55.1-DEV
LogInit:  - built for x86_64-pc-win32
LogInit:  - supports SSL with OpenSSL/1.0.2h
LogInit:  - supports HTTP deflate (compression) using libz 1.2.8
LogInit:  - other features:
LogInit:      CURL_VERSION_SSL
LogInit:      CURL_VERSION_LIBZ
LogInit:      CURL_VERSION_IPV6
LogInit:      CURL_VERSION_ASYNCHDNS
LogInit:      CURL_VERSION_LARGEFILE
LogInit:      CURL_VERSION_IDN
LogInit:  CurlRequestOptions (configurable via config and command line):
LogInit:  - bVerifyPeer = true  - Libcurl will verify peer certificate
LogInit:  - bUseHttpProxy = false  - Libcurl will NOT use HTTP proxy
LogInit:  - bDontReuseConnections = false  - Libcurl will reuse connections
LogInit:  - MaxHostConnections = 16  - Libcurl will limit the number of connections to a host
LogInit:  - LocalHostAddr = Default
LogInit:  - BufferSize = 65536
LogInit: WinSock: version 1.1 (2.2), MaxSocks=32767, MaxUdp=65467
LogInit: Build: ++UE4+Release-4.21-CL-4753647
LogInit: Engine Version: 4.21.2-4753647+++UE4+Release-4.21
LogInit: Compatible Engine Version: 4.21.0-4541578+++UE4+Release-4.21
LogInit: Net CL: 4541578
LogInit: OS: Windows 10 (), CPU: Intel(R) Core(TM) i7-6700HQ CPU @ 2.60GHz, GPU: Intel(R) HD Graphics 530
LogInit: Compiled (64-bit): Jan 19 2019 02:07:31
LogInit: Compiled with Visual C++: 19.13.26129.00
LogInit: Build Configuration: Development
LogInit: Branch Name: ++UE4+Release-4.21
LogInit: Command Line: 
LogInit: Base Directory: D:/Program Files/Epic Games/UE_4.21/Engine/Binaries/Win64/
LogInit: Installed Engine Build: 1
LogDevObjectVersion: Number of dev versions registered: 22
LogDevObjectVersion:   Dev-Blueprints (B0D832E4-1F89-4F0D-ACCF-7EB736FD4AA2): 10
LogDevObjectVersion:   Dev-Build (E1C64328-A22C-4D53-A36C-8E866417BD8C): 0
LogDevObjectVersion:   Dev-Core (375EC13C-06E4-48FB-B500-84F0262A717E): 2
LogDevObjectVersion:   Dev-Editor (E4B068ED-F494-42E9-A231-DA0B2E46BB41): 26
LogDevObjectVersion:   Dev-Framework (CFFC743F-43B0-4480-9391-14DF171D2073): 34
LogDevObjectVersion:   Dev-Mobile (B02B49B5-BB20-44E9-A304-32B752E40360): 2
LogDevObjectVersion:   Dev-Networking (A4E4105C-59A1-49B5-A7C5-40C4547EDFEE): 0
LogDevObjectVersion:   Dev-Online (39C831C9-5AE6-47DC-9A44-9C173E1C8E7C): 0
LogDevObjectVersion:   Dev-Physics (78F01B33-EBEA-4F98-B9B4-84EACCB95AA2): 0
LogDevObjectVersion:   Dev-Platform (6631380F-2D4D-43E0-8009-CF276956A95A): 0
LogDevObjectVersion:   Dev-Rendering (12F88B9F-8875-4AFC-A67C-D90C383ABD29): 27
LogDevObjectVersion:   Dev-Sequencer (7B5AE74C-D270-4C10-A958-57980B212A5A): 9
LogDevObjectVersion:   Dev-VR (D7296918-1DD6-4BDD-9DE2-64A83CC13884): 2
LogDevObjectVersion:   Dev-LoadTimes (C2A15278-BFE7-4AFE-6C17-90FF531DF755): 1
LogDevObjectVersion:   Private-Geometry (6EACA3D4-40EC-4CC1-B786-8BED09428FC5): 3
LogDevObjectVersion:   Dev-AnimPhys (29E575DD-E0A3-4627-9D10-D276232CDCEA): 17
LogDevObjectVersion:   Dev-Anim (AF43A65D-7FD3-4947-9873-3E8ED9C1BB05): 2
LogDevObjectVersion:   Dev-ReflectionCapture (6B266CEC-1EC7-4B8F-A30B-E4D90942FC07): 1
LogDevObjectVersion:   Dev-Automation (0DF73D61-A23F-47EA-B727-89E90C41499A): 1
LogDevObjectVersion:   FortniteMain (601D1886-AC64-4F84-AA16-D3DE0DEAC7D6): 17
LogDevObjectVersion:   Dev-Enterprise (9DFFBCD6-494F-0158-E221-12823C92A888): 4
LogDevObjectVersion:   Dev-Niagara (F2AED0AC-9AFE-416F-8664-AA7FFA26D6FC): 1
LogStreaming: Display: Took  0.003s to delete old logs.
LogInit: Presizing for max 8388607 objects, including 0 objects not considered by GC, pre-allocating 0 bytes for permanent pool.
LogInit: Object subsystem initialized
LogConfig: Setting CVar [[con.DebugEarlyDefault:1]]
LogConfig: Setting CVar [[r.setres:1280x720]]
[2019.04.28-02.38.20:184][  0]LogConfig: Setting CVar [[r.VSync:0]]
[2019.04.28-02.38.20:184][  0]LogConfig: Setting CVar [[r.RHICmdBypass:0]]
[2019.04.28-02.38.20:184][  0]LogConfig: Applying CVar settings from Section [/Script/Engine.RendererSettings] File [D:/GitHub/WIZARD_WARS_4000/Wizard_Wars/Saved/Config/Windows/Engine.ini]
[2019.04.28-02.38.20:184][  0]LogConfig: Setting CVar [[r.GPUCrashDebugging:0]]
[2019.04.28-02.38.20:184][  0]LogConfig: Applying CVar settings from Section [/Script/Engine.RendererOverrideSettings] File [D:/GitHub/WIZARD_WARS_4000/Wizard_Wars/Saved/Config/Windows/Engine.ini]
[2019.04.28-02.38.20:184][  0]LogConfig: Applying CVar settings from Section [/Script/Engine.StreamingSettings] File [D:/GitHub/WIZARD_WARS_4000/Wizard_Wars/Saved/Config/Windows/Engine.ini]
[2019.04.28-02.38.20:184][  0]LogConfig: Setting CVar [[s.MinBulkDataSizeForAsyncLoading:131072]]
[2019.04.28-02.38.20:184][  0]LogConfig: Setting CVar [[s.AsyncLoadingThreadEnabled:0]]
[2019.04.28-02.38.20:184][  0]LogConfig: Setting CVar [[s.EventDrivenLoaderEnabled:1]]
[2019.04.28-02.38.20:184][  0]LogConfig: Setting CVar [[s.WarnIfTimeLimitExceeded:0]]
[2019.04.28-02.38.20:184][  0]LogConfig: Setting CVar [[s.TimeLimitExceededMultiplier:1.5]]
[2019.04.28-02.38.20:184][  0]LogConfig: Setting CVar [[s.TimeLimitExceededMinTime:0.005]]
[2019.04.28-02.38.20:184][  0]LogConfig: Setting CVar [[s.UseBackgroundLevelStreaming:1]]
[2019.04.28-02.38.20:184][  0]LogConfig: Setting CVar [[s.PriorityAsyncLoadingExtraTime:15.0]]
[2019.04.28-02.38.20:184][  0]LogConfig: Setting CVar [[s.LevelStreamingActorsUpdateTimeLimit:5.0]]
[2019.04.28-02.38.20:184][  0]LogConfig: Setting CVar [[s.PriorityLevelStreamingActorsUpdateExtraTime:5.0]]
[2019.04.28-02.38.20:184][  0]LogConfig: Setting CVar [[s.LevelStreamingComponentsRegistrationGranularity:10]]
[2019.04.28-02.38.20:184][  0]LogConfig: Setting CVar [[s.UnregisterComponentsTimeLimit:1.0]]
[2019.04.28-02.38.20:184][  0]LogConfig: Setting CVar [[s.LevelStreamingComponentsUnregistrationGranularity:5]]
[2019.04.28-02.38.20:184][  0]LogConfig: Applying CVar settings from Section [/Script/Engine.GarbageCollectionSettings] File [D:/GitHub/WIZARD_WARS_4000/Wizard_Wars/Saved/Config/Windows/Engine.ini]
[2019.04.28-02.38.20:184][  0]LogConfig: Setting CVar [[gc.MaxObjectsNotConsideredByGC:1]]
[2019.04.28-02.38.20:184][  0]LogConfig: Setting CVar [[gc.SizeOfPermanentObjectPool:0]]
[2019.04.28-02.38.20:184][  0]LogConfig: Setting CVar [[gc.FlushStreamingOnGC:0]]
[2019.04.28-02.38.20:184][  0]LogConfig: Setting CVar [[gc.NumRetriesBeforeForcingGC:10]]
[2019.04.28-02.38.20:184][  0]LogConfig: Setting CVar [[gc.AllowParallelGC:1]]
[2019.04.28-02.38.20:184][  0]LogConfig: Setting CVar [[gc.TimeBetweenPurgingPendingKillObjects:61.1]]
[2019.04.28-02.38.20:184][  0]LogConfig: Setting CVar [[gc.MaxObjectsInEditor:8388607]]
[2019.04.28-02.38.20:184][  0]LogConfig: Setting CVar [[gc.IncrementalBeginDestroyEnabled:1]]
[2019.04.28-02.38.20:184][  0]LogConfig: Setting CVar [[gc.CreateGCClusters:1]]
[2019.04.28-02.38.20:184][  0]LogConfig: Setting CVar [[gc.MergeGCClusters:0]]
[2019.04.28-02.38.20:184][  0]LogConfig: Setting CVar [[gc.MinGCClusterSize:5]]
[2019.04.28-02.38.20:184][  0]LogConfig: Setting CVar [[gc.ActorClusteringEnabled:0]]
[2019.04.28-02.38.20:184][  0]LogConfig: Setting CVar [[gc.BlueprintClusteringEnabled:0]]
[2019.04.28-02.38.20:184][  0]LogConfig: Setting CVar [[gc.UseDisregardForGCOnDedicatedServers:0]]
[2019.04.28-02.38.20:184][  0]LogConfig: Applying CVar settings from Section [/Script/Engine.NetworkSettings] File [D:/GitHub/WIZARD_WARS_4000/Wizard_Wars/Saved/Config/Windows/Engine.ini]
[2019.04.28-02.38.20:185][  0]LogConfig: Applying CVar settings from Section [/Script/UnrealEd.CookerSettings] File [D:/GitHub/WIZARD_WARS_4000/Wizard_Wars/Saved/Config/Windows/Engine.ini]
[2019.04.28-02.38.20:189][  0]LogConfig: Applying CVar settings from Section [ViewDistanceQuality@3] File [D:/GitHub/WIZARD_WARS_4000/Wizard_Wars/Saved/Config/Windows/Scalability.ini]
[2019.04.28-02.38.20:190][  0]LogConfig: Setting CVar [[r.SkeletalMeshLODBias:0]]
[2019.04.28-02.38.20:190][  0]LogConfig: Setting CVar [[r.ViewDistanceScale:1.0]]
[2019.04.28-02.38.20:190][  0]LogConfig: Applying CVar settings from Section [AntiAliasingQuality@3] File [D:/GitHub/WIZARD_WARS_4000/Wizard_Wars/Saved/Config/Windows/Scalability.ini]
[2019.04.28-02.38.20:190][  0]LogConfig: Setting CVar [[r.PostProcessAAQuality:4]]
[2019.04.28-02.38.20:190][  0]LogConfig: Applying CVar settings from Section [ShadowQuality@3] File [D:/GitHub/WIZARD_WARS_4000/Wizard_Wars/Saved/Config/Windows/Scalability.ini]
[2019.04.28-02.38.20:190][  0]LogConfig: Setting CVar [[r.LightFunctionQuality:1]]
[2019.04.28-02.38.20:190][  0]LogConfig: Setting CVar [[r.ShadowQuality:5]]
[2019.04.28-02.38.20:190][  0]LogConfig: Setting CVar [[r.Shadow.CSM.MaxCascades:10]]
[2019.04.28-02.38.20:190][  0]LogConfig: Setting CVar [[r.Shadow.MaxResolution:2048]]
[2019.04.28-02.38.20:190][  0]LogConfig: Setting CVar [[r.Shadow.MaxCSMResolution:2048]]
[2019.04.28-02.38.20:190][  0]LogConfig: Setting CVar [[r.Shadow.RadiusThreshold:0.01]]
[2019.04.28-02.38.20:190][  0]LogConfig: Setting CVar [[r.Shadow.DistanceScale:1.0]]
[2019.04.28-02.38.20:190][  0]LogConfig: Setting CVar [[r.Shadow.CSM.TransitionScale:1.0]]
[2019.04.28-02.38.20:190][  0]LogConfig: Setting CVar [[r.Shadow.PreShadowResolutionFactor:1.0]]
[2019.04.28-02.38.20:190][  0]LogConfig: Setting CVar [[r.DistanceFieldShadowing:1]]
[2019.04.28-02.38.20:190][  0]LogConfig: Setting CVar [[r.DistanceFieldAO:1]]
[2019.04.28-02.38.20:190][  0]LogConfig: Setting CVar [[r.AOQuality:2]]
[2019.04.28-02.38.20:190][  0]LogConfig: Setting CVar [[r.VolumetricFog:1]]
[2019.04.28-02.38.20:190][  0]LogConfig: Setting CVar [[r.VolumetricFog.GridPixelSize:8]]
[2019.04.28-02.38.20:190][  0]LogConfig: Setting CVar [[r.VolumetricFog.GridSizeZ:128]]
[2019.04.28-02.38.20:190][  0]LogConfig: Setting CVar [[r.VolumetricFog.HistoryMissSupersampleCount:4]]
[2019.04.28-02.38.20:190][  0]LogConfig: Setting CVar [[r.LightMaxDrawDistanceScale:1]]
[2019.04.28-02.38.20:190][  0]LogConfig: Setting CVar [[r.CapsuleShadows:1]]
[2019.04.28-02.38.20:190][  0]LogConfig: Applying CVar settings from Section [PostProcessQuality@3] File [D:/GitHub/WIZARD_WARS_4000/Wizard_Wars/Saved/Config/Windows/Scalability.ini]
[2019.04.28-02.38.20:190][  0]LogConfig: Setting CVar [[r.MotionBlurQuality:4]]
[2019.04.28-02.38.20:190][  0]LogConfig: Setting CVar [[r.AmbientOcclusionMipLevelFactor:0.4]]
[2019.04.28-02.38.20:190][  0]LogConfig: Setting CVar [[r.AmbientOcclusionMaxQuality:100]]
[2019.04.28-02.38.20:190][  0]LogConfig: Setting CVar [[r.AmbientOcclusionLevels:-1]]
[2019.04.28-02.38.20:190][  0]LogConfig: Setting CVar [[r.AmbientOcclusionRadiusScale:1.0]]
[2019.04.28-02.38.20:190][  0]LogConfig: Setting CVar [[r.DepthOfFieldQuality:2]]
[2019.04.28-02.38.20:190][  0]LogConfig: Setting CVar [[r.RenderTargetPoolMin:400]]
[2019.04.28-02.38.20:190][  0]LogConfig: Setting CVar [[r.LensFlareQuality:2]]
[2019.04.28-02.38.20:190][  0]LogConfig: Setting CVar [[r.SceneColorFringeQuality:1]]
[2019.04.28-02.38.20:190][  0]LogConfig: Setting CVar [[r.EyeAdaptationQuality:2]]
[2019.04.28-02.38.20:190][  0]LogConfig: Setting CVar [[r.BloomQuality:5]]
[2019.04.28-02.38.20:190][  0]LogConfig: Setting CVar [[r.FastBlurThreshold:100]]
[2019.04.28-02.38.20:190][  0]LogConfig: Setting CVar [[r.Upscale.Quality:3]]
[2019.04.28-02.38.20:191][  0]LogConfig: Setting CVar [[r.Tonemapper.GrainQuantization:1]]
[2019.04.28-02.38.20:191][  0]LogConfig: Setting CVar [[r.LightShaftQuality:1]]
[2019.04.28-02.38.20:191][  0]LogConfig: Setting CVar [[r.Filter.SizeScale:1]]
[2019.04.28-02.38.20:191][  0]LogConfig: Setting CVar [[r.Tonemapper.Quality:5]]
[2019.04.28-02.38.20:191][  0]LogConfig: Setting CVar [[r.DOF.Gather.AccumulatorQuality:1        ; higher gathering accumulator quality]]
[2019.04.28-02.38.20:191][  0]LogConfig: Setting CVar [[r.DOF.Gather.PostfilterMethod:1          ; Median3x3 postfilering method]]
[2019.04.28-02.38.20:191][  0]LogConfig: Setting CVar [[r.DOF.Gather.EnableBokehSettings:0       ; no bokeh simulation when gathering]]
[2019.04.28-02.38.20:191][  0]LogConfig: Setting CVar [[r.DOF.Gather.RingCount:4                 ; medium number of samples when gathering]]
[2019.04.28-02.38.20:191][  0]LogConfig: Setting CVar [[r.DOF.Scatter.ForegroundCompositing:1    ; additive foreground scattering]]
[2019.04.28-02.38.20:191][  0]LogConfig: Setting CVar [[r.DOF.Scatter.BackgroundCompositing:2    ; additive background scattering]]
[2019.04.28-02.38.20:191][  0]LogConfig: Setting CVar [[r.DOF.Scatter.EnableBokehSettings:1      ; bokeh simulation when scattering]]
[2019.04.28-02.38.20:191][  0]LogConfig: Setting CVar [[r.DOF.Scatter.MaxSpriteRatio:0.1         ; only a maximum of 10% of scattered bokeh]]
[2019.04.28-02.38.20:191][  0]LogConfig: Setting CVar [[r.DOF.Recombine.Quality:1                ; cheap slight out of focus]]
[2019.04.28-02.38.20:191][  0]LogConfig: Setting CVar [[r.DOF.Recombine.EnableBokehSettings:0    ; no bokeh simulation on slight out of focus]]
[2019.04.28-02.38.20:191][  0]LogConfig: Setting CVar [[r.DOF.TemporalAAQuality:1                ; more stable temporal accumulation]]
[2019.04.28-02.38.20:191][  0]LogConfig: Setting CVar [[r.DOF.Kernel.MaxForegroundRadius:0.025]]
[2019.04.28-02.38.20:191][  0]LogConfig: Setting CVar [[r.DOF.Kernel.MaxBackgroundRadius:0.025]]
[2019.04.28-02.38.20:191][  0]LogConfig: Applying CVar settings from Section [TextureQuality@3] File [D:/GitHub/WIZARD_WARS_4000/Wizard_Wars/Saved/Config/Windows/Scalability.ini]
[2019.04.28-02.38.20:191][  0]LogConfig: Setting CVar [[r.Streaming.MipBias:0]]
[2019.04.28-02.38.20:191][  0]LogConfig: Setting CVar [[r.Streaming.AmortizeCPUToGPUCopy:0]]
[2019.04.28-02.38.20:191][  0]LogConfig: Setting CVar [[r.Streaming.MaxNumTexturesToStreamPerFrame:0]]
[2019.04.28-02.38.20:191][  0]LogConfig: Setting CVar [[r.Streaming.Boost:1]]
[2019.04.28-02.38.20:191][  0]LogConfig: Setting CVar [[r.MaxAnisotropy:8]]
[2019.04.28-02.38.20:191][  0]LogConfig: Setting CVar [[r.Streaming.LimitPoolSizeToVRAM:0]]
[2019.04.28-02.38.20:191][  0]LogConfig: Setting CVar [[r.Streaming.PoolSize:1000]]
[2019.04.28-02.38.20:191][  0]LogConfig: Setting CVar [[r.Streaming.MaxEffectiveScreenSize:0]]
[2019.04.28-02.38.20:191][  0]LogConfig: Applying CVar settings from Section [EffectsQuality@3] File [D:/GitHub/WIZARD_WARS_4000/Wizard_Wars/Saved/Config/Windows/Scalability.ini]
[2019.04.28-02.38.20:191][  0]LogConfig: Setting CVar [[r.TranslucencyLightingVolumeDim:64]]
[2019.04.28-02.38.20:191][  0]LogConfig: Setting CVar [[r.RefractionQuality:2]]
[2019.04.28-02.38.20:191][  0]LogConfig: Setting CVar [[r.SSR.Quality:3]]
[2019.04.28-02.38.20:191][  0]LogConfig: Setting CVar [[r.SceneColorFormat:4]]
[2019.04.28-02.38.20:191][  0]LogConfig: Setting CVar [[r.DetailMode:2]]
[2019.04.28-02.38.20:191][  0]LogConfig: Setting CVar [[r.TranslucencyVolumeBlur:1]]
[2019.04.28-02.38.20:191][  0]LogConfig: Setting CVar [[r.MaterialQualityLevel:1 ; High quality]]
[2019.04.28-02.38.20:191][  0]LogConfig: Setting CVar [[r.SSS.Scale:1]]
[2019.04.28-02.38.20:191][  0]LogConfig: Setting CVar [[r.SSS.SampleSet:2]]
[2019.04.28-02.38.20:191][  0]LogConfig: Setting CVar [[r.SSS.Quality:1]]
[2019.04.28-02.38.20:191][  0]LogConfig: Setting CVar [[r.SSS.HalfRes:1]]
[2019.04.28-02.38.20:191][  0]LogConfig: Setting CVar [[r.EmitterSpawnRateScale:1.0]]
[2019.04.28-02.38.20:191][  0]LogConfig: Setting CVar [[r.ParticleLightQuality:2]]
[2019.04.28-02.38.20:191][  0]LogConfig: Applying CVar settings from Section [FoliageQuality@3] File [D:/GitHub/WIZARD_WARS_4000/Wizard_Wars/Saved/Config/Windows/Scalability.ini]
[2019.04.28-02.38.20:191][  0]LogConfig: Setting CVar [[foliage.DensityScale:1.0]]
[2019.04.28-02.38.20:191][  0]LogConfig: Setting CVar [[grass.DensityScale:1.0]]
[2019.04.28-02.38.20:191][  0]LogInit: Selected Device Profile: [Windows]
[2019.04.28-02.38.20:191][  0]LogInit: Applying CVar settings loaded from the selected device profile: [Windows]
[2019.04.28-02.38.20:220][  0]LogHAL: Display: Platform has ~ 8 GB [8459788288 / 8589934592 / 8], which maps to Default [LargestMinGB=32, LargerMinGB=12, DefaultMinGB=8, SmallerMinGB=6, SmallestMinGB=0)
[2019.04.28-02.38.20:220][  0]LogConfig: Setting CVar [[r.Vulkan.UseRealUBs:1]]
[2019.04.28-02.38.20:220][  0]LogInit: Going up to parent DeviceProfile []
[2019.04.28-02.38.20:220][  0]LogConfig: Applying CVar settings from Section [ViewDistanceQuality@3] File [D:/GitHub/WIZARD_WARS_4000/Wizard_Wars/Saved/Config/Windows/Scalability.ini]
[2019.04.28-02.38.20:220][  0]LogConfig: Setting CVar [[r.SkeletalMeshLODBias:0]]
[2019.04.28-02.38.20:220][  0]LogConfig: Setting CVar [[r.ViewDistanceScale:1.0]]
[2019.04.28-02.38.20:220][  0]LogConfig: Applying CVar settings from Section [AntiAliasingQuality@3] File [D:/GitHub/WIZARD_WARS_4000/Wizard_Wars/Saved/Config/Windows/Scalability.ini]
[2019.04.28-02.38.20:220][  0]LogConfig: Setting CVar [[r.PostProcessAAQuality:4]]
[2019.04.28-02.38.20:220][  0]LogConfig: Applying CVar settings from Section [ShadowQuality@3] File [D:/GitHub/WIZARD_WARS_4000/Wizard_Wars/Saved/Config/Windows/Scalability.ini]
[2019.04.28-02.38.20:220][  0]LogConfig: Setting CVar [[r.LightFunctionQuality:1]]
[2019.04.28-02.38.20:220][  0]LogConfig: Setting CVar [[r.ShadowQuality:5]]
[2019.04.28-02.38.20:220][  0]LogConfig: Setting CVar [[r.Shadow.CSM.MaxCascades:10]]
[2019.04.28-02.38.20:220][  0]LogConfig: Setting CVar [[r.Shadow.MaxResolution:2048]]
[2019.04.28-02.38.20:220][  0]LogConfig: Setting CVar [[r.Shadow.MaxCSMResolution:2048]]
[2019.04.28-02.38.20:220][  0]LogConfig: Setting CVar [[r.Shadow.RadiusThreshold:0.01]]
[2019.04.28-02.38.20:220][  0]LogConfig: Setting CVar [[r.Shadow.DistanceScale:1.0]]
[2019.04.28-02.38.20:220][  0]LogConfig: Setting CVar [[r.Shadow.CSM.TransitionScale:1.0]]
[2019.04.28-02.38.20:220][  0]LogConfig: Setting CVar [[r.Shadow.PreShadowResolutionFactor:1.0]]
[2019.04.28-02.38.20:220][  0]LogConfig: Setting CVar [[r.DistanceFieldShadowing:1]]
[2019.04.28-02.38.20:220][  0]LogConfig: Setting CVar [[r.DistanceFieldAO:1]]
[2019.04.28-02.38.20:220][  0]LogConfig: Setting CVar [[r.AOQuality:2]]
[2019.04.28-02.38.20:220][  0]LogConfig: Setting CVar [[r.VolumetricFog:1]]
[2019.04.28-02.38.20:220][  0]LogConfig: Setting CVar [[r.VolumetricFog.GridPixelSize:8]]
[2019.04.28-02.38.20:221][  0]LogConfig: Setting CVar [[r.VolumetricFog.GridSizeZ:128]]
[2019.04.28-02.38.20:221][  0]LogConfig: Setting CVar [[r.VolumetricFog.HistoryMissSupersampleCount:4]]
[2019.04.28-02.38.20:221][  0]LogConfig: Setting CVar [[r.LightMaxDrawDistanceScale:1]]
[2019.04.28-02.38.20:221][  0]LogConfig: Setting CVar [[r.CapsuleShadows:1]]
[2019.04.28-02.38.20:221][  0]LogConfig: Applying CVar settings from Section [PostProcessQuality@3] File [D:/GitHub/WIZARD_WARS_4000/Wizard_Wars/Saved/Config/Windows/Scalability.ini]
[2019.04.28-02.38.20:221][  0]LogConfig: Setting CVar [[r.MotionBlurQuality:4]]
[2019.04.28-02.38.20:221][  0]LogConfig: Setting CVar [[r.AmbientOcclusionMipLevelFactor:0.4]]
[2019.04.28-02.38.20:221][  0]LogConfig: Setting CVar [[r.AmbientOcclusionMaxQuality:100]]
[2019.04.28-02.38.20:221][  0]LogConfig: Setting CVar [[r.AmbientOcclusionLevels:-1]]
[2019.04.28-02.38.20:221][  0]LogConfig: Setting CVar [[r.AmbientOcclusionRadiusScale:1.0]]
[2019.04.28-02.38.20:221][  0]LogConfig: Setting CVar [[r.DepthOfFieldQuality:2]]
[2019.04.28-02.38.20:221][  0]LogConfig: Setting CVar [[r.RenderTargetPoolMin:400]]
[2019.04.28-02.38.20:221][  0]LogConfig: Setting CVar [[r.LensFlareQuality:2]]
[2019.04.28-02.38.20:221][  0]LogConfig: Setting CVar [[r.SceneColorFringeQuality:1]]
[2019.04.28-02.38.20:221][  0]LogConfig: Setting CVar [[r.EyeAdaptationQuality:2]]
[2019.04.28-02.38.20:221][  0]LogConfig: Setting CVar [[r.BloomQuality:5]]
[2019.04.28-02.38.20:221][  0]LogConfig: Setting CVar [[r.FastBlurThreshold:100]]
[2019.04.28-02.38.20:221][  0]LogConfig: Setting CVar [[r.Upscale.Quality:3]]
[2019.04.28-02.38.20:221][  0]LogConfig: Setting CVar [[r.Tonemapper.GrainQuantization:1]]
[2019.04.28-02.38.20:221][  0]LogConfig: Setting CVar [[r.LightShaftQuality:1]]
[2019.04.28-02.38.20:221][  0]LogConfig: Setting CVar [[r.Filter.SizeScale:1]]
[2019.04.28-02.38.20:221][  0]LogConfig: Setting CVar [[r.Tonemapper.Quality:5]]
[2019.04.28-02.38.20:221][  0]LogConfig: Setting CVar [[r.DOF.Gather.AccumulatorQuality:1        ; higher gathering accumulator quality]]
[2019.04.28-02.38.20:221][  0]LogConfig: Setting CVar [[r.DOF.Gather.PostfilterMethod:1          ; Median3x3 postfilering method]]
[2019.04.28-02.38.20:221][  0]LogConfig: Setting CVar [[r.DOF.Gather.EnableBokehSettings:0       ; no bokeh simulation when gathering]]
[2019.04.28-02.38.20:221][  0]LogConfig: Setting CVar [[r.DOF.Gather.RingCount:4                 ; medium number of samples when gathering]]
[2019.04.28-02.38.20:221][  0]LogConfig: Setting CVar [[r.DOF.Scatter.ForegroundCompositing:1    ; additive foreground scattering]]
[2019.04.28-02.38.20:221][  0]LogConfig: Setting CVar [[r.DOF.Scatter.BackgroundCompositing:2    ; additive background scattering]]
[2019.04.28-02.38.20:221][  0]LogConfig: Setting CVar [[r.DOF.Scatter.EnableBokehSettings:1      ; bokeh simulation when scattering]]
[2019.04.28-02.38.20:221][  0]LogConfig: Setting CVar [[r.DOF.Scatter.MaxSpriteRatio:0.1         ; only a maximum of 10% of scattered bokeh]]
[2019.04.28-02.38.20:221][  0]LogConfig: Setting CVar [[r.DOF.Recombine.Quality:1                ; cheap slight out of focus]]
[2019.04.28-02.38.20:221][  0]LogConfig: Setting CVar [[r.DOF.Recombine.EnableBokehSettings:0    ; no bokeh simulation on slight out of focus]]
[2019.04.28-02.38.20:221][  0]LogConfig: Setting CVar [[r.DOF.TemporalAAQuality:1                ; more stable temporal accumulation]]
[2019.04.28-02.38.20:221][  0]LogConfig: Setting CVar [[r.DOF.Kernel.MaxForegroundRadius:0.025]]
[2019.04.28-02.38.20:221][  0]LogConfig: Setting CVar [[r.DOF.Kernel.MaxBackgroundRadius:0.025]]
[2019.04.28-02.38.20:221][  0]LogConfig: Applying CVar settings from Section [TextureQuality@3] File [D:/GitHub/WIZARD_WARS_4000/Wizard_Wars/Saved/Config/Windows/Scalability.ini]
[2019.04.28-02.38.20:221][  0]LogConfig: Setting CVar [[r.Streaming.MipBias:0]]
[2019.04.28-02.38.20:221][  0]LogConfig: Setting CVar [[r.Streaming.AmortizeCPUToGPUCopy:0]]
[2019.04.28-02.38.20:221][  0]LogConfig: Setting CVar [[r.Streaming.MaxNumTexturesToStreamPerFrame:0]]
[2019.04.28-02.38.20:221][  0]LogConfig: Setting CVar [[r.Streaming.Boost:1]]
[2019.04.28-02.38.20:221][  0]LogConfig: Setting CVar [[r.MaxAnisotropy:8]]
[2019.04.28-02.38.20:221][  0]LogConfig: Setting CVar [[r.Streaming.LimitPoolSizeToVRAM:0]]
[2019.04.28-02.38.20:221][  0]LogConfig: Setting CVar [[r.Streaming.PoolSize:1000]]
[2019.04.28-02.38.20:222][  0]LogConfig: Setting CVar [[r.Streaming.MaxEffectiveScreenSize:0]]
[2019.04.28-02.38.20:222][  0]LogConfig: Applying CVar settings from Section [EffectsQuality@3] File [D:/GitHub/WIZARD_WARS_4000/Wizard_Wars/Saved/Config/Windows/Scalability.ini]
[2019.04.28-02.38.20:222][  0]LogConfig: Setting CVar [[r.TranslucencyLightingVolumeDim:64]]
[2019.04.28-02.38.20:222][  0]LogConfig: Setting CVar [[r.RefractionQuality:2]]
[2019.04.28-02.38.20:222][  0]LogConfig: Setting CVar [[r.SSR.Quality:3]]
[2019.04.28-02.38.20:222][  0]LogConfig: Setting CVar [[r.SceneColorFormat:4]]
[2019.04.28-02.38.20:222][  0]LogConfig: Setting CVar [[r.DetailMode:2]]
[2019.04.28-02.38.20:222][  0]LogConfig: Setting CVar [[r.TranslucencyVolumeBlur:1]]
[2019.04.28-02.38.20:222][  0]LogConfig: Setting CVar [[r.MaterialQualityLevel:1 ; High quality]]
[2019.04.28-02.38.20:222][  0]LogConfig: Setting CVar [[r.SSS.Scale:1]]
[2019.04.28-02.38.20:222][  0]LogConfig: Setting CVar [[r.SSS.SampleSet:2]]
[2019.04.28-02.38.20:222][  0]LogConfig: Setting CVar [[r.SSS.Quality:1]]
[2019.04.28-02.38.20:222][  0]LogConfig: Setting CVar [[r.SSS.HalfRes:1]]
[2019.04.28-02.38.20:222][  0]LogConfig: Setting CVar [[r.EmitterSpawnRateScale:1.0]]
[2019.04.28-02.38.20:222][  0]LogConfig: Setting CVar [[r.ParticleLightQuality:2]]
[2019.04.28-02.38.20:222][  0]LogConfig: Applying CVar settings from Section [FoliageQuality@3] File [D:/GitHub/WIZARD_WARS_4000/Wizard_Wars/Saved/Config/Windows/Scalability.ini]
[2019.04.28-02.38.20:222][  0]LogConfig: Setting CVar [[foliage.DensityScale:1.0]]
[2019.04.28-02.38.20:222][  0]LogConfig: Setting CVar [[grass.DensityScale:1.0]]
[2019.04.28-02.38.20:222][  0]LogConfig: Applying CVar settings from Section [Startup] File [../../../Engine/Config/ConsoleVariables.ini]
[2019.04.28-02.38.20:237][  0]LogConfig: Setting CVar [[net.UseAdaptiveNetUpdateFrequency:0]]
[2019.04.28-02.38.20:237][  0]LogConfig: Applying CVar settings from Section [ConsoleVariables] File [D:/GitHub/WIZARD_WARS_4000/Wizard_Wars/Saved/Config/Windows/Engine.ini]
[2019.04.28-02.38.20:238][  0]LogInit: Computer: DESKTOP-226LAUO
[2019.04.28-02.38.20:238][  0]LogInit: User: ShuxingLi
[2019.04.28-02.38.20:238][  0]LogInit: CPU Page size=4096, Cores=4
[2019.04.28-02.38.20:238][  0]LogInit: High frequency timer resolution =2.531251 MHz
[2019.04.28-02.38.20:238][  0]LogMemory: Memory total: Physical=7.9GB (8GB approx)
[2019.04.28-02.38.20:238][  0]LogMemory: Platform Memory Stats for Windows
[2019.04.28-02.38.20:238][  0]LogMemory: Process Physical Memory: 105.69 MB used, 105.69 MB peak
[2019.04.28-02.38.20:238][  0]LogMemory: Process Virtual Memory: 98.73 MB used, 98.73 MB peak
[2019.04.28-02.38.20:238][  0]LogMemory: Physical Memory: 5397.96 MB used,  2669.92 MB free, 8067.88 MB total
[2019.04.28-02.38.20:238][  0]LogMemory: Virtual Memory: 4661.32 MB used,  134213064.00 MB free, 134217728.00 MB total
[2019.04.28-02.38.20:649][  0]LogInit: Using OS detected language (zh-CN).
[2019.04.28-02.38.20:649][  0]LogInit: Using OS detected locale (zh-CN).
[2019.04.28-02.38.21:769][  0]LogStreaming: Display: Took  1.120s to InitEngineTextLocalization.
[2019.04.28-02.38.22:126][  0]LogSlate: New Slate User Created.  User Index 0, Is Virtual User: 0
[2019.04.28-02.38.22:126][  0]LogSlate: Slate User Registered.  User Index 0, Is Virtual User: 0
[2019.04.28-02.38.24:356][  0]LogHMD: Failed to initialize OpenVR with code 110
[2019.04.28-02.38.24:356][  0]LogD3D11RHI: D3D11 adapters:
[2019.04.28-02.38.24:480][  0]LogD3D11RHI:    0. 'NVIDIA GeForce GTX 970M' (Feature Level 11_0)
[2019.04.28-02.38.24:480][  0]LogD3D11RHI:       3032/0/4033 MB DedicatedVideo/DedicatedSystem/SharedSystem, Outputs:1, VendorId:0x10de
[2019.04.28-02.38.24:536][  0]LogD3D11RHI:    1. 'Intel(R) HD Graphics 530' (Feature Level 11_0)
[2019.04.28-02.38.24:536][  0]LogD3D11RHI:       128/0/4033 MB DedicatedVideo/DedicatedSystem/SharedSystem, Outputs:0, VendorId:0x8086
[2019.04.28-02.38.24:558][  0]LogD3D11RHI:    2. 'Microsoft Basic Render Driver' (Feature Level 11_0)
[2019.04.28-02.38.24:558][  0]LogD3D11RHI:       0/0/4033 MB DedicatedVideo/DedicatedSystem/SharedSystem, Outputs:0, VendorId:0x1414
[2019.04.28-02.38.24:558][  0]LogD3D11RHI: Chosen D3D11 Adapter: 0
[2019.04.28-02.38.24:605][  0]LogD3D11RHI: Creating new Direct3DDevice
[2019.04.28-02.38.24:606][  0]LogD3D11RHI:     GPU DeviceId: 0x13d8 (for the marketing name, search the web for "GPU Device Id")
[2019.04.28-02.38.24:606][  0]LogWindows: EnumDisplayDevices:
[2019.04.28-02.38.24:606][  0]LogWindows:    0. 'Intel(R) HD Graphics 530' (P:1 D:1)
[2019.04.28-02.38.24:606][  0]LogWindows:    1. 'Intel(R) HD Graphics 530' (P:0 D:0)
[2019.04.28-02.38.24:607][  0]LogWindows:    2. 'Intel(R) HD Graphics 530' (P:0 D:0)
[2019.04.28-02.38.24:607][  0]LogWindows: DebugString: PrimaryIsNotTheChoosenAdapter PrimaryIsNotTheChoosenAdapter PrimaryIsNotTheChoosenAdapter FoundDriverCount:0 
[2019.04.28-02.38.24:607][  0]LogD3D11RHI:     Adapter Name: NVIDIA GeForce GTX 970M
[2019.04.28-02.38.24:607][  0]LogD3D11RHI:   Driver Version: Unknown (internal:Unknown, unified:Unknown)
[2019.04.28-02.38.24:607][  0]LogD3D11RHI:      Driver Date: Unknown
[2019.04.28-02.38.24:607][  0]LogRHI: Texture pool is 2122 MB (70% of 3032 MB)
[2019.04.28-02.38.24:665][  0]LogD3D11RHI: Async texture creation enabled
[2019.04.28-02.38.24:717][  0]LogD3D11RHI: GPU Timing Frequency: 1000.000000 (Debug: 2 1)
[2019.04.28-02.38.26:584][  0]LogTemp: Display: Loaded TP AllDesktopTargetPlatform
[2019.04.28-02.38.26:607][  0]LogTemp: Display: Loaded TP MacClientTargetPlatform
[2019.04.28-02.38.26:636][  0]LogTemp: Display: Loaded TP MacNoEditorTargetPlatform
[2019.04.28-02.38.26:666][  0]LogTemp: Display: Loaded TP MacServerTargetPlatform
[2019.04.28-02.38.26:726][  0]LogTemp: Display: Loaded TP MacTargetPlatform
[2019.04.28-02.38.26:769][  0]LogTemp: Display: Loaded TP WindowsClientTargetPlatform
[2019.04.28-02.38.26:811][  0]LogTemp: Display: Loaded TP WindowsNoEditorTargetPlatform
[2019.04.28-02.38.26:844][  0]LogTemp: Display: Loaded TP WindowsServerTargetPlatform
[2019.04.28-02.38.26:908][  0]LogTemp: Display: Loaded TP WindowsTargetPlatform
[2019.04.28-02.38.27:025][  0]LogTemp: Display: Loaded TP AndroidTargetPlatform
[2019.04.28-02.38.27:025][  0]LogTemp: Display: Loaded TP AndroidTargetPlatform
[2019.04.28-02.38.27:025][  0]LogTemp: Display: Loaded TP AndroidTargetPlatform
[2019.04.28-02.38.27:025][  0]LogTemp: Display: Loaded TP AndroidTargetPlatform
[2019.04.28-02.38.27:025][  0]LogTemp: Display: Loaded TP AndroidTargetPlatform
[2019.04.28-02.38.27:025][  0]LogTemp: Display: Loaded TP AndroidTargetPlatform
[2019.04.28-02.38.27:025][  0]LogTemp: Display: Loaded TP AndroidTargetPlatform
[2019.04.28-02.38.27:025][  0]LogTemp: Display: Loaded TP AndroidTargetPlatform
[2019.04.28-02.38.27:025][  0]LogTemp: Display: Loaded TP AndroidTargetPlatform
[2019.04.28-02.38.27:025][  0]LogTemp: Display: Loaded TP AndroidTargetPlatform
[2019.04.28-02.38.27:025][  0]LogTemp: Display: Loaded TP AndroidTargetPlatform
[2019.04.28-02.38.27:025][  0]LogTemp: Display: Loaded TP AndroidTargetPlatform
[2019.04.28-02.38.27:025][  0]LogTemp: Display: Loaded TP AndroidTargetPlatform
[2019.04.28-02.38.27:025][  0]LogTemp: Display: Loaded TP AndroidTargetPlatform
[2019.04.28-02.38.27:025][  0]LogTemp: Display: Loaded TP AndroidTargetPlatform
[2019.04.28-02.38.27:025][  0]LogTemp: Display: Loaded TP AndroidTargetPlatform
[2019.04.28-02.38.27:025][  0]LogTemp: Display: Loaded TP AndroidTargetPlatform
[2019.04.28-02.38.27:025][  0]LogTemp: Display: Loaded TP AndroidTargetPlatform
[2019.04.28-02.38.27:041][  0]LogTemp: Display: Loaded TP HTML5TargetPlatform
[2019.04.28-02.38.27:198][  0]LogTemp: Display: Loaded TP IOSTargetPlatform
[2019.04.28-02.38.27:198][  0]LogTemp: Display: Loaded TP IOSTargetPlatform
[2019.04.28-02.38.27:265][  0]LogTemp: Display: Loaded TP TVOSTargetPlatform
[2019.04.28-02.38.27:265][  0]LogTemp: Display: Loaded TP TVOSTargetPlatform
[2019.04.28-02.38.27:314][  0]LogTemp: Display: Loaded TP LinuxClientTargetPlatform
[2019.04.28-02.38.27:369][  0]LogTemp: Display: Loaded TP LinuxNoEditorTargetPlatform
[2019.04.28-02.38.27:427][  0]LogTemp: Display: Loaded TP LinuxServerTargetPlatform
[2019.04.28-02.38.27:495][  0]LogTemp: Display: Loaded TP LinuxTargetPlatform
[2019.04.28-02.38.27:594][  0]LogTemp: Display: Loaded TP LuminTargetPlatform
[2019.04.28-02.38.27:594][  0]LogTemp: Display: Loaded TP LuminTargetPlatform
[2019.04.28-02.38.27:594][  0]LogTargetPlatformManager: Display: Building Assets For Windows
[2019.04.28-02.38.28:402][  0]LogShaderCompilers: Guid format shader working directory is -34 characters bigger than the processId version (../../../../../../GitHub/WIZARD_WARS_4000/Wizard_Wars/Intermediate/Shaders/WorkingDirectory/20888/).
[2019.04.28-02.38.28:402][  0]LogShaderCompilers: Cleaned the shader compiler working directory 'E:/Temp/UnrealShaderWorkingDir/0B362C62412B5229B528698CB0B30CCB/'.
[2019.04.28-02.38.28:428][  0]LogXGEController: Cleaning working directory: E:/Temp/UnrealXGEWorkingDir/
[2019.04.28-02.38.28:428][  0]LogXGEController: Cannot use XGE Controller as Incredibuild is not installed on this machine.
[2019.04.28-02.38.28:428][  0]LogShaderCompilers: Cannot use XGE Shader Compiler as Incredibuild is not installed on this machine.
[2019.04.28-02.38.28:429][  0]LogShaderCompilers: Display: Using Local Shader Compiler.
[2019.04.28-02.38.30:955][  0]LogDerivedDataCache: Display: Max Cache Size: 512 MB
[2019.04.28-02.38.31:408][  0]LogDerivedDataCache: Loaded boot cache 0.45s 72MB C:/Users/Shuxing Li/AppData/Local/UnrealEngine/4.21/DerivedDataCache/Boot.ddc.
[2019.04.28-02.38.31:408][  0]LogDerivedDataCache: Display: Loaded Boot cache: C:/Users/Shuxing Li/AppData/Local/UnrealEngine/4.21/DerivedDataCache/Boot.ddc
[2019.04.28-02.38.31:408][  0]LogDerivedDataCache: FDerivedDataBackendGraph:  Pak pak cache file ../../../../../../GitHub/WIZARD_WARS_4000/Wizard_Wars/DerivedDataCache/DDC.ddp not found, will not use a pak cache.
[2019.04.28-02.38.31:408][  0]LogDerivedDataCache: Unable to find inner node Pak for hierarchical cache Hierarchy.
[2019.04.28-02.38.31:408][  0]LogDerivedDataCache: FDerivedDataBackendGraph:  CompressedPak pak cache file ../../../../../../GitHub/WIZARD_WARS_4000/Wizard_Wars/DerivedDataCache/Compressed.ddp not found, will not use a pak cache.
[2019.04.28-02.38.31:408][  0]LogDerivedDataCache: Unable to find inner node CompressedPak for hierarchical cache Hierarchy.
[2019.04.28-02.38.31:493][  0]LogDerivedDataCache: Display: Pak cache opened for reading ../../../Engine/DerivedDataCache/Compressed.ddp.
[2019.04.28-02.38.31:493][  0]LogDerivedDataCache: FDerivedDataBackendGraph:  EnterprisePak pak cache file ../../../Enterprise/DerivedDataCache/Compressed.ddp not found, will not use a pak cache.
[2019.04.28-02.38.31:493][  0]LogDerivedDataCache: Unable to find inner node EnterprisePak for hierarchical cache Hierarchy.
[2019.04.28-02.38.31:643][  0]LogDerivedDataCache: Using Local data cache path C:/Users/Shuxing Li/AppData/Local/UnrealEngine/Common/DerivedDataCache: Writable
[2019.04.28-02.38.31:643][  0]LogDerivedDataCache: Shared data cache path not found in *engine.ini, will not use an Shared cache.
[2019.04.28-02.38.31:643][  0]LogDerivedDataCache: Unable to find inner node Shared for hierarchical cache Hierarchy.
[2019.04.28-02.38.31:674][  0]LogMaterial: Verifying Global Shaders for PCD3D_SM5
[2019.04.28-02.38.31:675][  0]LogSlate: Using FreeType 2.6.0
[2019.04.28-02.38.31:721][  0]LogSlate: SlateFontServices - WITH_FREETYPE: 1, WITH_HARFBUZZ: 1
[2019.04.28-02.38.35:512][  0]LogAssetRegistry: FAssetRegistry took 0.0340 seconds to start up
[2019.04.28-02.38.35:942][  0]LogInit: Selected Device Profile: [Windows]
[2019.04.28-02.38.36:411][  0]LogSimplygon: Simplygon DLL not present - disabling.
[2019.04.28-02.38.36:486][  0]LogMeshReduction: Using SimplygonSwarm for distributed automatic mesh merging
[2019.04.28-02.38.36:486][  0]LogMeshReduction: Using ProxyLODMeshReduction for automatic mesh merging
[2019.04.28-02.38.36:486][  0]LogMeshReduction: Using QuadricMeshReduction for automatic static mesh reduction
[2019.04.28-02.38.36:486][  0]LogMeshReduction: No automatic skeletal mesh reduction module available
[2019.04.28-02.38.36:624][  0]LogNetVersion: Wizard_Wars 1.0.0, NetCL: 4541578, EngineNetVer: 5, GameNetVer: 0 (Checksum: 1501833635)
[2019.04.28-02.38.37:841][  0]LogPackageLocalizationCache: Processed 12 localized package path(s) for 4 prioritized culture(s) in 0.225445 seconds
[2019.04.28-02.38.37:847][  0]LogUObjectArray: 39788 objects as part of root set at end of initial load.
[2019.04.28-02.38.37:847][  0]LogUObjectAllocator: 6917680 out of 0 bytes used by permanent object pool.
[2019.04.28-02.38.37:847][  0]LogUObjectArray: CloseDisregardForGC: 0/0 objects in disregard for GC pool
[2019.04.28-02.39.28:003][  0]LogTcpMessaging: Initializing TcpMessaging bridge
[2019.04.28-02.39.28:081][  0]LogUdpMessaging: Initializing bridge on interface 0.0.0.0:0 to multicast group 230.0.0.1:6666.
[2019.04.28-02.39.32:409][  0]SourceControl: 源码管理已禁用
[2019.04.28-02.39.39:443][  0]LogAndroidPermission: UAndroidPermissionCallbackProxy::GetInstance
[2019.04.28-02.39.39:901][  0]LogOcInput: OculusInput pre-init called
[2019.04.28-02.39.41:065][  0]LogEngine: Initializing Engine...
[2019.04.28-02.39.41:067][  0]LogHMD: Failed to initialize OpenVR with code 110
[2019.04.28-02.39.41:090][  0]LogStats: UGameplayTagsManager::ConstructGameplayTagTree: ImportINI prefixes -  0.000 s
[2019.04.28-02.39.41:090][  0]LogStats: UGameplayTagsManager::ConstructGameplayTagTree: Construct from data asset -  0.000 s
[2019.04.28-02.39.41:091][  0]LogStats: UGameplayTagsManager::ConstructGameplayTagTree: ImportINI -  0.000 s
[2019.04.28-02.39.41:091][  0]LogStats: UGameplayTagsManager::ConstructGameplayTagTree: GameplayTagTreeChangedEvent.Broadcast -  0.000 s
[2019.04.28-02.39.42:662][  0]LogInit: Initializing FReadOnlyCVARCache
[2019.04.28-02.39.43:065][  0]LogAIModule: Creating AISystem for world Untitled
[2019.04.28-02.39.43:134][  0]LogInit: XAudio2 using '扬声器 (Realtek High Definition Audio)' : 2 channels at 48 kHz using 32 bits per sample (channel mask 0x3)
[2019.04.28-02.39.43:348][  0]LogInit: FAudioDevice initialized.
[2019.04.28-02.39.43:348][  0]LogNetVersion: Set ProjectVersion to 1.0.0.0. Version Checksum will be recalculated on next use.
[2019.04.28-02.39.44:607][  0]LogDerivedDataCache: Saved boot cache 1.26s 72MB C:/Users/Shuxing Li/AppData/Local/UnrealEngine/4.21/DerivedDataCache/Boot.ddc.
[2019.04.28-02.39.44:614][  0]LogInit: Texture streaming: Enabled
[2019.04.28-02.39.46:247][  0]LogEngineSessionManager: EngineSessionManager initialized
[2019.04.28-02.39.48:829][  0]LogInit: Transaction tracking system initialized
[2019.04.28-02.39.50:178][  0]BlueprintLog: New page: 编辑器加载
[2019.04.28-02.39.54:088][  0]LocalizationService: 本地化服务已禁用
[2019.04.28-02.39.59:029][  0]LogCook: Display: Max memory allowance for cook 16384mb min free memory 0mb
[2019.04.28-02.39.59:029][  0]LogCook: Display: Mobile HDR setting 1
[2019.04.28-02.39.59:029][  0]LogGameplayTags: Display: UGameplayTagsManager::DoneAddingNativeTags. DelegateIsBound: 0
[2019.04.28-02.39.59:029][  0]LogStats: UGameplayTagsManager::ConstructGameplayTagTree: ImportINI prefixes -  0.000 s
[2019.04.28-02.39.59:029][  0]LogStats: UGameplayTagsManager::ConstructGameplayTagTree: Construct from data asset -  0.000 s
[2019.04.28-02.39.59:029][  0]LogStats: UGameplayTagsManager::ConstructGameplayTagTree: ImportINI -  0.000 s
[2019.04.28-02.39.59:030][  0]LogStats: UGameplayTagsManager::ConstructGameplayTagTree: GameplayTagTreeChangedEvent.Broadcast -  0.000 s
[2019.04.28-02.40.00:072][  0]LogFileCache: Scanning file cache for directory 'D:/GitHub/WIZARD_WARS_4000/Wizard_Wars/Content/' took 0.13s
[2019.04.28-02.40.05:128][  0]Cmd: MAP LOAD FILE="../../../../../../GitHub/WIZARD_WARS_4000/Wizard_Wars/Content/ThirdPersonBP/Maps/ThirdPersonExampleMap.umap" TEMPLATE=0 SHOWPROGRESS=1 FEATURELEVEL=3
[2019.04.28-02.40.05:142][  0]LightingResults: New page: 光照构建
[2019.04.28-02.40.05:240][  0]MapCheck: New page: 地图检测
[2019.04.28-02.40.05:240][  0]LightingResults: New page: 光照构建
[2019.04.28-02.40.35:326][  0]LogNiagara: Emitter /Game/ThirdPersonBP/ParticleSystems/Fire/PSN_Fire.PSN_Fire:NiagaraEmitter_0-PEN_Flames is merging changes from source /Game/ThirdPersonBP/ParticleSystems/Fire/PEN_Flames.PEN_Flames because its Change ID was updated.
[2019.04.28-02.40.35:365][  0]LogNiagaraEditor: 'NiagaraGraph /Engine/Transient.PEN_Flames:NiagaraScriptSource_0.NiagaraGraph_0' changes synchronized with master script in EmitterSpawnScript .. synced guid: FB285E274582B37FDE0C7D9BB2536CBC
[2019.04.28-02.40.35:365][  0]LogNiagaraEditor: 'NiagaraGraph /Engine/Transient.PEN_Flames:NiagaraScriptSource_0.NiagaraGraph_0' changes synchronized with master script in EmitterUpdateScript .. synced guid: 1391AF704EDD8659E894868EFA43276D
[2019.04.28-02.40.35:365][  0]LogNiagaraEditor: 'NiagaraGraph /Engine/Transient.PEN_Flames:NiagaraScriptSource_0.NiagaraGraph_0' changes synchronized with master script in ParticleSpawnScript .. synced guid: BEA3C38848B3F7CFEE7439ABB1F450CC
[2019.04.28-02.40.35:365][  0]LogNiagaraEditor: 'NiagaraGraph /Engine/Transient.PEN_Flames:NiagaraScriptSource_0.NiagaraGraph_0' changes synchronized with master script in ParticleUpdateScript .. synced guid: 325D7D41495047DC5B090D8C38C26E45
[2019.04.28-02.40.35:365][  0]LogNiagaraEditor: 'NiagaraGraph /Engine/Transient.PEN_Flames:NiagaraScriptSource_0.NiagaraGraph_0' changes synchronized with master script in ParticleGPUComputeScript .. synced guid: 9B4D09024A8641ED5374D4903CAADD8A
[2019.04.28-02.40.35:387][  0]LogNiagara: System /Game/ThirdPersonBP/ParticleSystems/Fire/PSN_Fire.PSN_Fire being compiled because there were changes to a system script Change ID.
[2019.04.28-02.40.35:387][  0]LogNiagara: System /Game/ThirdPersonBP/ParticleSystems/Fire/PSN_Fire.PSN_Fire being compiled because graph changes were merged for a base emitter.
[2019.04.28-02.40.35:432][  0]LogNiagara: PostLoad LUT generation is out of sync. Please investigate. /Engine/Transient.NiagaraScriptSource_0:NiagaraGraph_0.NiagaraNodeFunctionCall_25.ColorFromCurve.NiagaraScriptSource_0.NiagaraGraph_0.NiagaraNodeInput_38.NiagaraDataInterfaceColorCurve_1
[2019.04.28-02.40.35:469][  0]LogNiagaraEditor: '/Game/ThirdPersonBP/ParticleSystems/Fire/PSN_Fire' Precompile took 0.081461 sec.
[2019.04.28-02.40.35:470][  0]LogNiagara: Script 'NiagaraScript /Game/ThirdPersonBP/ParticleSystems/Fire/PSN_Fire.PSN_Fire:PEN_Flames_0.SpawnScript' is in-sync skipping compile..
[2019.04.28-02.40.35:470][  0]LogNiagara: Script 'NiagaraScript /Game/ThirdPersonBP/ParticleSystems/Fire/PSN_Fire.PSN_Fire:PEN_Flames_0.UpdateScript' is in-sync skipping compile..
[2019.04.28-02.40.35:470][  0]LogNiagara: Script 'NiagaraScript /Game/ThirdPersonBP/ParticleSystems/Fire/PSN_Fire.PSN_Fire:PEN_Flames_0.EmitterSpawnScript' is in-sync skipping compile..
[2019.04.28-02.40.35:470][  0]LogNiagara: Script 'NiagaraScript /Game/ThirdPersonBP/ParticleSystems/Fire/PSN_Fire.PSN_Fire:PEN_Flames_0.EmitterUpdateScript' is in-sync skipping compile..
[2019.04.28-02.40.36:492][  0]LogNiagaraEditor: Compiling System NiagaraScript /Game/ThirdPersonBP/ParticleSystems/Fire/PSN_Fire.PSN_Fire:SystemUpdateScript ...................................................................
[2019.04.28-02.40.36:492][  0]LogNiagaraEditor: Compiling System NiagaraScript /Game/ThirdPersonBP/ParticleSystems/Fire/PSN_Fire.PSN_Fire:SystemSpawnScript ...................................................................
[2019.04.28-02.40.36:492][  0]LogNiagaraEditor: Compiling System NiagaraScript /Game/ThirdPersonBP/ParticleSystems/Fire/PSN_Fire.PSN_Fire:SystemUpdateScript took 0.541415 sec (0.067812/0.405794)... Status NCS_UpToDate
[2019.04.28-02.40.36:492][  0]LogNiagaraEditor: Compiling System NiagaraScript /Game/ThirdPersonBP/ParticleSystems/Fire/PSN_Fire.PSN_Fire:SystemSpawnScript took 0.553768 sec (0.073097/0.079801)... Status NCS_UpToDate
[2019.04.28-02.40.42:391][  0]LogAIModule: Creating AISystem for world ThirdPersonExampleMap
[2019.04.28-02.40.42:617][  0]LogNiagara: UNiagraScript 'NiagaraScript /Game/ThirdPersonBP/ParticleSystems/Fire/PSN_Fire.PSN_Fire:SystemSpawnScript' was built locally..
[2019.04.28-02.40.42:618][  0]LogNiagara: UNiagraScript 'NiagaraScript /Game/ThirdPersonBP/ParticleSystems/Fire/PSN_Fire.PSN_Fire:SystemUpdateScript' was built locally..
[2019.04.28-02.40.42:641][  0]LogNiagara: Compiling System NiagaraSystem /Game/ThirdPersonBP/ParticleSystems/Fire/PSN_Fire.PSN_Fire took 7.254494 sec (wall time), 1.095183 sec (combined time).
[2019.04.28-02.40.42:871][  0]LogEditorServer: Finished looking for orphan Actors (0.000 secs)
[2019.04.28-02.40.42:955][  0]Cmd: MAP CHECKDEP NOCLEARLOG
[2019.04.28-02.40.42:955][  0]MapCheck: 地图检测完成：0个错误，0 个警告，用时0.174毫秒完成。
[2019.04.28-02.40.42:955][  0]LogFileHelpers: Loading map 'ThirdPersonExampleMap' took 37.828
[2019.04.28-02.40.46:084][  0]LogSlate: Updating window title bar state: overlay mode, drag disabled, window buttons hidden, title bar hidden
[2019.04.28-02.40.46:141][  0]LogSlate: Updating window title bar state: overlay mode, drag disabled, window buttons hidden, title bar hidden
[2019.04.28-02.40.46:150][  0]LogSlate: Updating window title bar state: overlay mode, drag disabled, window buttons hidden, title bar hidden
[2019.04.28-02.40.46:165][  0]LogSlate: Updating window title bar state: overlay mode, drag disabled, window buttons hidden, title bar hidden
[2019.04.28-02.40.46:708][  0]LogCollectionManager: Loaded 0 collections in 0.001756 seconds
[2019.04.28-02.40.47:723][  0]LogFileCache: Scanning file cache for directory 'D:/GitHub/WIZARD_WARS_4000/Wizard_Wars/Saved/Collections/' took 0.01s
[2019.04.28-02.40.47:723][  0]LogFileCache: Scanning file cache for directory 'D:/GitHub/WIZARD_WARS_4000/Wizard_Wars/Content/Developers/ShuxingLi/Collections/' took 0.01s
[2019.04.28-02.40.47:723][  0]LogFileCache: Scanning file cache for directory 'D:/GitHub/WIZARD_WARS_4000/Wizard_Wars/Content/Collections/' took 0.01s
[2019.04.28-02.40.47:723][  0]LogCollectionManager: Rebuilt the GUID cache for 0 collections in 0.000001 seconds
[2019.04.28-02.40.47:932][  0]LogContentBrowser: Native class hierarchy populated in 0.0714 seconds. Added 2770 classes and 636 folders.
[2019.04.28-02.40.48:486][  0]LogContentBrowser: Native class hierarchy updated for 'WidgetCarousel' in 0.0007 seconds. Added 0 classes and 0 folders.
[2019.04.28-02.40.48:860][  0]LogPakFile: Registered encryption key '00000000000000000000000000000000': 0 pak files mounted, 0 remain pending
[2019.04.28-02.40.49:061][  0]LogPakFile: Registered encryption key '00000000000000000000000000000000': 0 pak files mounted, 0 remain pending
[2019.04.28-02.40.49:076][  0]LogPakFile: Registered encryption key '00000000000000000000000000000000': 0 pak files mounted, 0 remain pending
[2019.04.28-02.40.49:199][  0]LogPakFile: Registered encryption key '00000000000000000000000000000000': 0 pak files mounted, 0 remain pending
[2019.04.28-02.40.49:221][  0]LogPakFile: Registered encryption key '00000000000000000000000000000000': 0 pak files mounted, 0 remain pending
[2019.04.28-02.40.49:260][  0]LogPakFile: Registered encryption key '00000000000000000000000000000000': 0 pak files mounted, 0 remain pending
[2019.04.28-02.40.49:340][  0]LogPakFile: Registered encryption key '00000000000000000000000000000000': 0 pak files mounted, 0 remain pending
[2019.04.28-02.40.49:444][  0]LogPakFile: Registered encryption key '00000000000000000000000000000000': 0 pak files mounted, 0 remain pending
[2019.04.28-02.40.49:567][  0]LogPakFile: Registered encryption key '00000000000000000000000000000000': 0 pak files mounted, 0 remain pending
[2019.04.28-02.40.49:624][  0]LogPakFile: Registered encryption key '00000000000000000000000000000000': 0 pak files mounted, 0 remain pending
[2019.04.28-02.40.49:672][  0]LogPakFile: Registered encryption key '00000000000000000000000000000000': 0 pak files mounted, 0 remain pending
[2019.04.28-02.40.49:728][  0]LogPakFile: Registered encryption key '00000000000000000000000000000000': 0 pak files mounted, 0 remain pending
[2019.04.28-02.40.49:771][  0]LogPakFile: Registered encryption key '00000000000000000000000000000000': 0 pak files mounted, 0 remain pending
[2019.04.28-02.40.49:786][  0]LogPakFile: Registered encryption key '00000000000000000000000000000000': 0 pak files mounted, 0 remain pending
[2019.04.28-02.40.49:836][  0]LogPakFile: Registered encryption key '00000000000000000000000000000000': 0 pak files mounted, 0 remain pending
[2019.04.28-02.40.49:870][  0]LogPakFile: Registered encryption key '00000000000000000000000000000000': 0 pak files mounted, 0 remain pending
[2019.04.28-02.40.49:896][  0]LogPakFile: Registered encryption key '00000000000000000000000000000000': 0 pak files mounted, 0 remain pending
[2019.04.28-02.40.49:967][  0]LogPakFile: Registered encryption key '00000000000000000000000000000000': 0 pak files mounted, 0 remain pending
[2019.04.28-02.40.49:985][  0]LogPakFile: Registered encryption key '00000000000000000000000000000000': 0 pak files mounted, 0 remain pending
[2019.04.28-02.40.50:059][  0]LogPakFile: Registered encryption key '00000000000000000000000000000000': 0 pak files mounted, 0 remain pending
[2019.04.28-02.40.50:069][  0]LogPakFile: Registered encryption key '00000000000000000000000000000000': 0 pak files mounted, 0 remain pending
[2019.04.28-02.40.50:081][  0]LogPakFile: Registered encryption key '00000000000000000000000000000000': 0 pak files mounted, 0 remain pending
[2019.04.28-02.40.50:154][  0]LogPakFile: Registered encryption key '00000000000000000000000000000000': 0 pak files mounted, 0 remain pending
[2019.04.28-02.40.50:185][  0]LogPakFile: Registered encryption key '00000000000000000000000000000000': 0 pak files mounted, 0 remain pending
[2019.04.28-02.40.50:357][  0]LogPakFile: Registered encryption key '00000000000000000000000000000000': 0 pak files mounted, 0 remain pending
[2019.04.28-02.40.50:538][  0]LogPakFile: Registered encryption key '00000000000000000000000000000000': 0 pak files mounted, 0 remain pending
[2019.04.28-02.40.51:934][  0]LogContentBrowser: Native class hierarchy updated for 'AddContentDialog' in 0.0004 seconds. Added 0 classes and 0 folders.
[2019.04.28-02.40.52:081][  0]LogContentBrowser: Native class hierarchy updated for 'SceneOutliner' in 0.0006 seconds. Added 1 classes and 2 folders.
[2019.04.28-02.40.52:594][  0]LogSlate: Took 0.020583 seconds to synchronously load lazily loaded font '../../../Engine/Content/Slate/Fonts/Roboto-Regular.ttf' (155K)
[2019.04.28-02.40.52:674][  0]LogSlate: Took 0.037822 seconds to synchronously load lazily loaded font '../../../Engine/Content/Slate/Fonts/DroidSansFallback.ttf' (3848K)
[2019.04.28-02.40.52:721][  0]LogSlate: Took 0.022159 seconds to synchronously load lazily loaded font '../../../Engine/Content/Slate/Fonts/Roboto-Bold.ttf' (160K)
[2019.04.28-02.40.52:945][  0]LogSlate: Took 0.035345 seconds to synchronously load lazily loaded font '../../../Engine/Content/Editor/Slate/Fonts/FontAwesome.ttf' (139K)
[2019.04.28-02.40.53:551][  0]LogRenderer: Reallocating scene render targets to support 1192x668 Format 10 NumSamples 1 (Frame:1).
[2019.04.28-02.40.54:262][  0]LogSlate: Took 0.011743 seconds to synchronously load lazily loaded font '../../../Engine/Content/Slate/Fonts/Roboto-Light.ttf' (167K)
[2019.04.28-02.40.54:740][  0]LogContentBrowser: Native class hierarchy updated for 'HierarchicalLODOutliner' in 0.0004 seconds. Added 0 classes and 0 folders.
[2019.04.28-02.40.54:742][  0]LogLoad: (Engine Initialization) Total time: 170.81 seconds
[2019.04.28-02.40.54:742][  0]LogLoad: (Engine Initialization) Total Blueprint compile time: 0.00 seconds
[2019.04.28-02.40.54:835][  0]LogWindowsTextInputMethodSystem: Display: IME system now deactivated.
[2019.04.28-02.40.55:344][  0]LogContentStreaming: Texture pool size now 1000 MB
[2019.04.28-02.40.55:796][  1]LogFileCache: Retrieving MD5 hashes for directory 'D:/GitHub/WIZARD_WARS_4000/Wizard_Wars/Content/' took 0.89s
[2019.04.28-02.40.55:940][  2]LogNiagara: FNiagaraGlobalReadBuffer::InitRHI
[2019.04.28-02.40.56:704][ 10]LogAssetRegistry: Asset discovery search completed in 141.2129 seconds
[2019.04.28-02.40.56:889][ 10]LogCollectionManager: Rebuilt the object cache for 0 collections in 0.000003 seconds (found 0 objects)
[2019.04.28-02.40.56:889][ 10]LogCollectionManager: Fixed up redirectors for 0 collections in 0.100618 seconds (updated 0 objects)
[2019.04.28-02.41.01:822][284]LogSlate: FSceneViewport::OnFocusLost() reason 0
[2019.04.28-02.41.05:185][482]LogSlate: Window '消息日志' being destroyed
[2019.04.28-02.41.05:190][482]LogSlate: Window '消息日志' being destroyed
[2019.04.28-02.41.06:909][577]LogSlate: FSceneViewport::OnFocusLost() reason 0
[2019.04.28-02.41.21:834][436]LogSlate: Window 'Wizard_Wars - 虚幻编辑器' being destroyed
[2019.04.28-02.41.21:835][436]LogWindowsTextInputMethodSystem: Display: IME system now deactivated.
[2019.04.28-02.41.22:162][437]Cmd: QUIT_EDITOR
[2019.04.28-02.41.22:387][437]LogExit: Preparing to exit.
[2019.04.28-02.41.23:523][437]LogExit: Editor shut down
[2019.04.28-02.41.23:524][437]LogExit: Transaction tracking system shut down
[2019.04.28-02.41.24:444][437]LogExit: Object subsystem successfully closed.
[2019.04.28-02.41.24:489][437]LogShaderCompilers: Display: Shaders left to compile 0
[2019.04.28-02.41.24:491][437]LogD3D11RHI: Shutdown
[2019.04.28-02.41.24:491][437]LogD3D11RHI: CleanupD3DDevice
[2019.04.28-02.41.24:491][437]LogNiagara: FNiagaraGlobalReadBuffer::ReleaseRHI
[2019.04.28-02.41.24:491][437]LogNiagara: FNiagaraGlobalReadBuffer::Cleanup()
[2019.04.28-02.41.24:581][437]LogD3D11RHI: ~FD3D11DynamicRHI
[2019.04.28-02.41.25:775][437]LogModuleManager: Shutting down and abandoning module HierarchicalLODOutliner (634)
[2019.04.28-02.41.25:775][437]LogModuleManager: Shutting down and abandoning module SceneOutliner (632)
[2019.04.28-02.41.25:775][437]LogModuleManager: Shutting down and abandoning module AddContentDialog (630)
[2019.04.28-02.41.25:776][437]LogModuleManager: Shutting down and abandoning module WidgetCarousel (629)
[2019.04.28-02.41.25:776][437]LogModuleManager: Shutting down and abandoning module EditorWidgets (626)
[2019.04.28-02.41.25:776][437]LogModuleManager: Shutting down and abandoning module CollectionManager (624)
[2019.04.28-02.41.25:829][437]LogModuleManager: Shutting down and abandoning module StatsViewer (622)
[2019.04.28-02.41.25:829][437]LogModuleManager: Shutting down and abandoning module FoliageEdit (620)
[2019.04.28-02.41.25:856][437]LogModuleManager: Shutting down and abandoning module LandscapeEditor (618)
[2019.04.28-02.41.25:951][437]LogModuleManager: Shutting down and abandoning module MeshPaintMode (616)
[2019.04.28-02.41.25:961][437]LogModuleManager: Shutting down and abandoning module SceneDepthPickerMode (614)
[2019.04.28-02.41.25:961][437]LogModuleManager: Shutting down and abandoning module ActorPickerMode (612)
[2019.04.28-02.41.25:961][437]LogModuleManager: Shutting down and abandoning module GeometryMode (610)
[2019.04.28-02.41.25:961][437]LogModuleManager: Shutting down and abandoning module TextureAlignMode (608)
[2019.04.28-02.41.25:961][437]LogModuleManager: Shutting down and abandoning module BspMode (606)
[2019.04.28-02.41.25:961][437]LogModuleManager: Shutting down and abandoning module PIEPreviewDeviceProfileSelector (604)
[2019.04.28-02.41.25:962][437]LogModuleManager: Shutting down and abandoning module SequenceRecorderSections (602)
[2019.04.28-02.41.26:061][437]LogModuleManager: Shutting down and abandoning module AutomationWorker (600)
[2019.04.28-02.41.26:061][437]LogModuleManager: Shutting down and abandoning module AudioCaptureEditor (598)
[2019.04.28-02.41.26:061][437]LogModuleManager: Shutting down and abandoning module MatineeToLevelSequence (596)
[2019.04.28-02.41.26:115][437]LogModuleManager: Shutting down and abandoning module LevelSequenceEditor (594)
[2019.04.28-02.41.26:216][437]LogModuleManager: Shutting down and abandoning module PlacementMode (593)
[2019.04.28-02.41.26:216][437]LogModuleManager: Shutting down and abandoning module MaterialEditor (592)
[2019.04.28-02.41.26:216][437]LogModuleManager: Shutting down and abandoning module WmfMediaFactory (588)
[2019.04.28-02.41.26:216][437]LogModuleManager: Shutting down and abandoning module WmfMediaEditor (586)
[2019.04.28-02.41.26:216][437]LogModuleManager: Shutting down and abandoning module WebMMediaFactory (584)
[2019.04.28-02.41.26:216][437]LogModuleManager: Shutting down and abandoning module WebMMediaEditor (582)
[2019.04.28-02.41.26:216][437]LogModuleManager: Shutting down and abandoning module WebMMedia (580)
[2019.04.28-02.41.26:242][437]LogModuleManager: Shutting down and abandoning module MediaPlayerEditor (578)
[2019.04.28-02.41.26:382][437]LogModuleManager: Shutting down and abandoning module MediaCompositingEditor (576)
[2019.04.28-02.41.26:396][437]LogModuleManager: Shutting down and abandoning module SequenceRecorder (575)
[2019.04.28-02.41.26:399][437]LogModuleManager: Shutting down and abandoning module OpenExrWrapper (572)
[2019.04.28-02.41.26:399][437]LogModuleManager: Shutting down and abandoning module ImgMediaFactory (570)
[2019.04.28-02.41.26:399][437]LogModuleManager: Shutting down and abandoning module ImgMediaEditor (568)
[2019.04.28-02.41.26:399][437]LogModuleManager: Shutting down and abandoning module AvfMediaFactory (566)
[2019.04.28-02.41.26:399][437]LogModuleManager: Shutting down and abandoning module AvfMediaEditor (564)
[2019.04.28-02.41.26:399][437]LogModuleManager: Shutting down and abandoning module AndroidMediaFactory (562)
[2019.04.28-02.41.26:399][437]LogModuleManager: Shutting down and abandoning module AndroidMediaEditor (560)
[2019.04.28-02.41.26:399][437]LogModuleManager: Shutting down and abandoning module MagicLeapCameraPreviewFactory (558)
[2019.04.28-02.41.26:399][437]LogModuleManager: Shutting down and abandoning module MagicLeapMediaFactory (556)
[2019.04.28-02.41.26:399][437]LogModuleManager: Shutting down and abandoning module MagicLeapMediaEditor (554)
[2019.04.28-02.41.26:399][437]LogModuleManager: Shutting down and abandoning module CharacterAI (552)
[2019.04.28-02.41.26:399][437]LogModuleManager: Shutting down and abandoning module SmartSnapping (550)
[2019.04.28-02.41.26:399][437]LogModuleManager: Shutting down and abandoning module SessionServices (548)
[2019.04.28-02.41.26:399][437]LogModuleManager: Shutting down and abandoning module ViewportSnapping (546)
[2019.04.28-02.41.26:399][437]LogModuleManager: Shutting down and abandoning module ViewportInteraction (544)
[2019.04.28-02.41.26:399][437]LogModuleManager: Shutting down and abandoning module ClothPainter (542)
[2019.04.28-02.41.26:409][437]LogModuleManager: Shutting down and abandoning module SkeletalMeshEditor (541)
[2019.04.28-02.41.26:419][437]LogModuleManager: Shutting down and abandoning module LogVisualizer (538)
[2019.04.28-02.41.26:434][437]LogModuleManager: Shutting down and abandoning module IntroTutorials (536)
[2019.04.28-02.41.26:471][437]LogModuleManager: Shutting down and abandoning module GameProjectGeneration (535)
[2019.04.28-02.41.26:471][437]LogModuleManager: Shutting down and abandoning module LuminPlatformEditor (532)
[2019.04.28-02.41.26:471][437]LogModuleManager: Shutting down and abandoning module IOSPlatformEditor (530)
[2019.04.28-02.41.26:471][437]LogModuleManager: Shutting down and abandoning module HTML5PlatformEditor (528)
[2019.04.28-02.41.26:471][437]LogModuleManager: Shutting down and abandoning module AndroidPlatformEditor (526)
[2019.04.28-02.41.26:471][437]LogModuleManager: Shutting down and abandoning module AndroidDeviceDetection (525)
[2019.04.28-02.41.26:799][437]LogModuleManager: Shutting down and abandoning module WindowsPlatformEditor (522)
[2019.04.28-02.41.26:799][437]LogModuleManager: Shutting down and abandoning module LuminRuntimeSettings (520)
[2019.04.28-02.41.26:799][437]LogModuleManager: Shutting down and abandoning module IOSRuntimeSettings (518)
[2019.04.28-02.41.26:799][437]LogModuleManager: Shutting down and abandoning module AndroidRuntimeSettings (516)
[2019.04.28-02.41.26:799][437]LogModuleManager: Shutting down and abandoning module TimeManagementEditor (514)
[2019.04.28-02.41.26:799][437]LogModuleManager: Shutting down and abandoning module InputBindingEditor (512)
[2019.04.28-02.41.26:810][437]LogModuleManager: Shutting down and abandoning module MergeActors (510)
[2019.04.28-02.41.26:832][437]LogModuleManager: Shutting down and abandoning module LocalizationDashboard (508)
[2019.04.28-02.41.26:845][437]LogModuleManager: Shutting down and abandoning module LocalizationService (507)
[2019.04.28-02.41.26:852][437]LogModuleManager: Shutting down and abandoning module HardwareTargeting (504)
[2019.04.28-02.41.26:852][437]LogModuleManager: Shutting down and abandoning module DeviceProfileEditor (502)
[2019.04.28-02.41.26:865][437]LogModuleManager: Shutting down and abandoning module UndoHistory (500)
[2019.04.28-02.41.26:880][437]LogModuleManager: Shutting down and abandoning module XmlParser (498)
[2019.04.28-02.41.26:880][437]LogModuleManager: Shutting down and abandoning module Blutility (496)
[2019.04.28-02.41.26:892][437]LogModuleManager: Shutting down and abandoning module ProjectSettingsViewer (494)
[2019.04.28-02.41.26:893][437]LogModuleManager: Shutting down and abandoning module ProjectTargetPlatformEditor (493)
[2019.04.28-02.41.26:893][437]LogModuleManager: Shutting down and abandoning module EditorSettingsViewer (490)
[2019.04.28-02.41.26:893][437]LogModuleManager: Shutting down and abandoning module SettingsEditor (488)
[2019.04.28-02.41.26:908][437]LogModuleManager: Shutting down and abandoning module ProjectLauncher (486)
[2019.04.28-02.41.26:916][437]LogModuleManager: Shutting down and abandoning module SessionFrontend (484)
[2019.04.28-02.41.26:923][437]LogModuleManager: Shutting down and abandoning module ProfilerClient (482)
[2019.04.28-02.41.26:938][437]LogModuleManager: Shutting down and abandoning module DeviceManager (480)
[2019.04.28-02.41.26:951][437]LogModuleManager: Shutting down and abandoning module TargetDeviceServices (479)
[2019.04.28-02.41.27:017][437]LogModuleManager: Shutting down and abandoning module AutomationController (476)
[2019.04.28-02.41.27:037][437]LogModuleManager: Shutting down and abandoning module AutomationWindow (474)
[2019.04.28-02.41.27:047][437]LogModuleManager: Shutting down and abandoning module Layers (472)
[2019.04.28-02.41.27:058][437]LogModuleManager: Shutting down and abandoning module ComponentVisualizers (470)
[2019.04.28-02.41.27:058][437]LogModuleManager: Shutting down and abandoning module DetailCustomizations (468)
[2019.04.28-02.41.27:058][437]LogModuleManager: Shutting down and abandoning module PackagesDialog (466)
[2019.04.28-02.41.27:068][437]LogModuleManager: Shutting down and abandoning module Persona (464)
[2019.04.28-02.41.27:088][437]LogModuleManager: Shutting down and abandoning module AdvancedPreviewScene (463)
[2019.04.28-02.41.27:088][437]LogModuleManager: Shutting down and abandoning module AnimGraph (461)
[2019.04.28-02.41.27:088][437]LogModuleManager: Shutting down and abandoning module Kismet (458)
[2019.04.28-02.41.27:090][437]LogModuleManager: Shutting down and abandoning module GraphEditor (456)
[2019.04.28-02.41.27:090][437]LogModuleManager: Shutting down and abandoning module ClassViewer (454)
[2019.04.28-02.41.27:090][437]LogModuleManager: Shutting down and abandoning module Toolbox (452)
[2019.04.28-02.41.27:090][437]LogModuleManager: Shutting down and abandoning module ModuleUI (450)
[2019.04.28-02.41.27:104][437]LogModuleManager: Shutting down and abandoning module MovieSceneTools (448)
[2019.04.28-02.41.27:104][437]LogModuleManager: Shutting down and abandoning module OutputLog (446)
[2019.04.28-02.41.27:104][437]LogModuleManager: Shutting down and abandoning module GammaUI (444)
[2019.04.28-02.41.27:111][437]LogModuleManager: Shutting down and abandoning module Documentation (442)
[2019.04.28-02.41.27:111][437]LogModuleManager: Shutting down and abandoning module MovieSceneTracks (440)
[2019.04.28-02.41.27:111][437]LogModuleManager: Shutting down and abandoning module MovieScene (438)
[2019.04.28-02.41.27:111][437]LogModuleManager: Shutting down and abandoning module StreamingPauseRendering (436)
[2019.04.28-02.41.27:121][437]LogModuleManager: Shutting down and abandoning module LauncherPlatform (434)
[2019.04.28-02.41.27:121][437]LogModuleManager: Shutting down and abandoning module AnalyticsET (432)
[2019.04.28-02.41.27:121][437]LogModuleManager: Shutting down and abandoning module PortalServices (430)
[2019.04.28-02.41.27:121][437]LogModuleManager: Shutting down and abandoning module PortalRpc (428)
[2019.04.28-02.41.27:121][437]LogModuleManager: Shutting down and abandoning module MessagingRpc (426)
[2019.04.28-02.41.27:121][437]LogModuleManager: Shutting down and abandoning module AIModule (424)
[2019.04.28-02.41.27:121][437]LogModuleManager: Shutting down and abandoning module GameplayDebugger (423)
[2019.04.28-02.41.27:121][437]LogModuleManager: Shutting down and abandoning module AITestSuite (421)
[2019.04.28-02.41.27:121][437]LogModuleManager: Shutting down and abandoning module NavigationSystem (419)
[2019.04.28-02.41.27:121][437]LogModuleManager: Shutting down and abandoning module DesktopPlatform (416)
[2019.04.28-02.41.27:121][437]LogModuleManager: Shutting down and abandoning module ImageWriteQueue (414)
[2019.04.28-02.41.27:127][437]LogModuleManager: Shutting down and abandoning module ProfilerService (412)
[2019.04.28-02.41.27:253][437]LogModuleManager: Shutting down and abandoning module TaskGraph (410)
[2019.04.28-02.41.27:264][437]LogModuleManager: Shutting down and abandoning module SteamVRController (408)
[2019.04.28-02.41.27:264][437]LogModuleManager: Shutting down and abandoning module ProceduralMeshComponentEditor (406)
[2019.04.28-02.41.27:264][437]LogModuleManager: Shutting down and abandoning module ProceduralMeshComponent (404)
[2019.04.28-02.41.27:264][437]LogModuleManager: Shutting down and abandoning module OculusInput (402)
[2019.04.28-02.41.27:264][437]LogModuleManager: Shutting down and abandoning module MobilePatchingUtils (400)
[2019.04.28-02.41.27:264][437]LogModuleManager: Shutting down and abandoning module EditableMesh (398)
[2019.04.28-02.41.27:278][437]LogModuleManager: Shutting down and abandoning module CustomMeshComponent (396)
[2019.04.28-02.41.27:278][437]LogModuleManager: Shutting down and abandoning module CableComponent (394)
[2019.04.28-02.41.27:290][437]LogModuleManager: Shutting down and abandoning module AudioCapture (392)
[2019.04.28-02.41.27:290][437]LogModuleManager: Shutting down and abandoning module ArchVisCharacter (390)
[2019.04.28-02.41.27:290][437]LogModuleManager: Shutting down and abandoning module AndroidPermission (388)
[2019.04.28-02.41.27:290][437]LogModuleManager: Shutting down and abandoning module NUTUnrealEngine4 (386)
[2019.04.28-02.41.27:303][437]LogModuleManager: Shutting down and abandoning module NetcodeUnitTest (384)
[2019.04.28-02.41.27:311][437]LogModuleManager: Shutting down and abandoning module MediaCompositing (382)
[2019.04.28-02.41.27:311][437]LogModuleManager: Shutting down and abandoning module LinearTimecode (380)
[2019.04.28-02.41.27:311][437]LogModuleManager: Shutting down and abandoning module ImgMedia (378)
[2019.04.28-02.41.27:320][437]LogModuleManager: Shutting down and abandoning module NiagaraEditorWidgets (376)
[2019.04.28-02.41.27:334][437]LogModuleManager: Shutting down and abandoning module HTML5Networking (374)
[2019.04.28-02.41.27:334][437]LogModuleManager: Shutting down and abandoning module GeometryCacheTracks (372)
[2019.04.28-02.41.27:334][437]LogModuleManager: Shutting down and abandoning module GeometryCacheSequencer (370)
[2019.04.28-02.41.27:334][437]LogModuleManager: Shutting down and abandoning module BackChannel (368)
[2019.04.28-02.41.27:341][437]LogModuleManager: Shutting down and abandoning module AppleVision (366)
[2019.04.28-02.41.27:341][437]LogModuleManager: Shutting down and abandoning module AppleImageUtilsBlueprintSupport (364)
[2019.04.28-02.41.27:341][437]LogModuleManager: Shutting down and abandoning module AppleImageUtils (362)
[2019.04.28-02.41.27:341][437]LogModuleManager: Shutting down and abandoning module AlembicImporter (360)
[2019.04.28-02.41.27:341][437]LogModuleManager: Shutting down and abandoning module AlembicLibrary (359)
[2019.04.28-02.41.27:341][437]LogModuleManager: Shutting down and abandoning module GeometryCache (358)
[2019.04.28-02.41.27:341][437]LogModuleManager: Shutting down and abandoning module GeometryCacheEd (357)
[2019.04.28-02.41.27:341][437]LogModuleManager: Shutting down and abandoning module VariantManagerContent (352)
[2019.04.28-02.41.27:341][437]LogModuleManager: Shutting down and abandoning module DatasmithContentEditor (350)
[2019.04.28-02.41.27:351][437]LogModuleManager: Shutting down and abandoning module SpeedTreeImporter (348)
[2019.04.28-02.41.27:351][437]LogModuleManager: Shutting down and abandoning module PluginBrowser (346)
[2019.04.28-02.41.27:375][437]LogModuleManager: Shutting down and abandoning module MobileLauncherProfileWizard (344)
[2019.04.28-02.41.27:384][437]LogModuleManager: Shutting down and abandoning module PolygonModeling (342)
[2019.04.28-02.41.27:384][437]LogModuleManager: Shutting down and abandoning module MeshEditor (340)
[2019.04.28-02.41.27:391][437]LogModuleManager: Shutting down and abandoning module CryptoKeysOpenSSL (338)
[2019.04.28-02.41.27:404][437]LogModuleManager: Shutting down and abandoning module CryptoKeys (336)
[2019.04.28-02.41.27:404][437]LogModuleManager: Shutting down and abandoning module VisualStudioSourceCodeAccess (334)
[2019.04.28-02.41.27:404][437]LogModuleManager: Shutting down and abandoning module VisualStudioCodeSourceCodeAccess (332)
[2019.04.28-02.41.27:404][437]LogModuleManager: Shutting down and abandoning module UObjectPlugin (330)
[2019.04.28-02.41.27:404][437]LogModuleManager: Shutting down and abandoning module SubversionSourceControl (328)
[2019.04.28-02.41.27:414][437]LogModuleManager: Shutting down and abandoning module PerforceSourceControl (326)
[2019.04.28-02.41.27:429][437]LogModuleManager: Shutting down and abandoning module GitSourceControl (324)
[2019.04.28-02.41.27:429][437]LogModuleManager: Shutting down and abandoning module SourceControl (323)
[2019.04.28-02.41.27:430][437]LogModuleManager: Shutting down and abandoning module CLionSourceCodeAccess (320)
[2019.04.28-02.41.27:433][437]LogModuleManager: Shutting down and abandoning module ActorLayerUtilitiesEditor (318)
[2019.04.28-02.41.27:433][437]LogModuleManager: Shutting down and abandoning module ActorLayerUtilities (316)
[2019.04.28-02.41.27:433][437]LogModuleManager: Shutting down and abandoning module LightPropagationVolumeEditor (314)
[2019.04.28-02.41.27:433][437]LogModuleManager: Shutting down and abandoning module PaperTiledImporter (312)
[2019.04.28-02.41.27:433][437]LogModuleManager: Shutting down and abandoning module PaperSpriteSheetImporter (310)
[2019.04.28-02.41.27:442][437]LogModuleManager: Shutting down and abandoning module Paper2DEditor (308)
[2019.04.28-02.41.27:487][437]LogModuleManager: Shutting down and abandoning module MeshPaint (307)
[2019.04.28-02.41.27:500][437]LogModuleManager: Shutting down and abandoning module RuntimePhysXCooking (304)
[2019.04.28-02.41.27:500][437]LogModuleManager: Shutting down and abandoning module PhysXVehiclesEditor (302)
[2019.04.28-02.41.27:500][437]LogModuleManager: Shutting down and abandoning module PhysXVehicles (300)
[2019.04.28-02.41.27:500][437]LogModuleManager: Shutting down and abandoning module OculusEditor (298)
[2019.04.28-02.41.27:500][437]LogModuleManager: Shutting down and abandoning module LocationServicesBPLibrary (296)
[2019.04.28-02.41.27:500][437]LogModuleManager: Shutting down and abandoning module ActorSequence (294)
[2019.04.28-02.41.27:500][437]LogModuleManager: Shutting down and abandoning module UdpMessaging (292)
[2019.04.28-02.41.27:601][437]LogModuleManager: Shutting down and abandoning module TcpMessaging (290)
[2019.04.28-02.41.27:717][437]LogModuleManager: Shutting down and abandoning module MagicLeapAudio (288)
[2019.04.28-02.41.27:717][437]LogModuleManager: Shutting down and abandoning module Niagara (286)
[2019.04.28-02.41.27:717][437]LogModuleManager: Shutting down and abandoning module NiagaraEditor (285)
[2019.04.28-02.41.27:734][437]LogModuleManager: Shutting down and abandoning module NiagaraCore (282)
[2019.04.28-02.41.27:734][437]LogModuleManager: Shutting down and abandoning module GameplayTagsEditor (280)
[2019.04.28-02.41.27:741][437]LogModuleManager: Shutting down and abandoning module FacialAnimationEditor (278)
[2019.04.28-02.41.27:741][437]LogModuleManager: Shutting down and abandoning module FacialAnimation (276)
[2019.04.28-02.41.27:741][437]LogModuleManager: Shutting down and abandoning module DataValidation (274)
[2019.04.28-02.41.27:741][437]LogModuleManager: Shutting down and abandoning module AssetManagerEditor (272)
[2019.04.28-02.41.27:754][437]LogModuleManager: Shutting down and abandoning module LevelEditor (271)
[2019.04.28-02.41.27:754][437]LogModuleManager: Shutting down and abandoning module PixelInspectorModule (270)
[2019.04.28-02.41.27:776][437]LogModuleManager: Shutting down and abandoning module CommonMenuExtensions (268)
[2019.04.28-02.41.27:776][437]LogModuleManager: Shutting down and abandoning module MainFrame (266)
[2019.04.28-02.41.27:776][437]LogModuleManager: Shutting down and abandoning module HotReload (265)
[2019.04.28-02.41.27:787][437]LogModuleManager: Shutting down and abandoning module ContentBrowser (261)
[2019.04.28-02.41.27:788][437]LogModuleManager: Shutting down and abandoning module TreeMap (259)
[2019.04.28-02.41.27:796][437]LogModuleManager: Shutting down and abandoning module LightPropagationVolumeRuntime (256)
[2019.04.28-02.41.27:796][437]LogModuleManager: Shutting down and abandoning module AISupportModule (254)
[2019.04.28-02.41.27:796][437]LogModuleManager: Shutting down and abandoning module Paper2D (252)
[2019.04.28-02.41.27:803][437]LogModuleManager: Shutting down and abandoning module WindowsMoviePlayer (250)
[2019.04.28-02.41.27:814][437]LogModuleManager: Shutting down and abandoning module WebMMoviePlayer (248)
[2019.04.28-02.41.27:814][437]LogModuleManager: Shutting down and abandoning module WmfMedia (246)
[2019.04.28-02.41.27:829][437]LogModuleManager: Shutting down and abandoning module Media (245)
[2019.04.28-02.41.27:836][437]LogModuleManager: Shutting down and abandoning module PacketHandler (242)
[2019.04.28-02.41.27:836][437]LogModuleManager: Shutting down and abandoning module ClothingSystemEditor (240)
[2019.04.28-02.41.27:836][437]LogModuleManager: Shutting down and abandoning module ClothingSystemRuntime (238)
[2019.04.28-02.41.27:851][437]LogModuleManager: Shutting down and abandoning module MediaAssets (236)
[2019.04.28-02.41.27:851][437]LogModuleManager: Shutting down and abandoning module Overlay (234)
[2019.04.28-02.41.27:851][437]LogModuleManager: Shutting down and abandoning module OverlayEditor (233)
[2019.04.28-02.41.27:851][437]LogModuleManager: Shutting down and abandoning module VREditor (230)
[2019.04.28-02.41.27:851][437]LogModuleManager: Shutting down and abandoning module StringTableEditor (228)
[2019.04.28-02.41.27:865][437]LogModuleManager: Shutting down and abandoning module GameplayTasksEditor (226)
[2019.04.28-02.41.27:865][437]LogModuleManager: Shutting down and abandoning module BehaviorTreeEditor (224)
[2019.04.28-02.41.27:882][437]LogModuleManager: Shutting down and abandoning module FunctionalTesting (222)
[2019.04.28-02.41.27:904][437]LogModuleManager: Shutting down and abandoning module CollisionAnalyzer (220)
[2019.04.28-02.41.27:924][437]LogModuleManager: Shutting down and abandoning module WorkspaceMenuStructure (219)
[2019.04.28-02.41.27:924][437]LogModuleManager: Shutting down and abandoning module UMG (216)
[2019.04.28-02.41.27:924][437]LogModuleManager: Shutting down and abandoning module UMGEditor (215)
[2019.04.28-02.41.27:924][437]LogModuleManager: Shutting down and abandoning module Sequencer (214)
[2019.04.28-02.41.27:924][437]LogModuleManager: Shutting down and abandoning module MessageLog (211)
[2019.04.28-02.41.27:924][437]LogModuleManager: Shutting down and abandoning module SlateReflector (206)
[2019.04.28-02.41.27:949][437]LogModuleManager: Shutting down and abandoning module Slate (204)
[2019.04.28-02.41.27:949][437]LogModuleManager: Shutting down and abandoning module EditorStyle (202)
[2019.04.28-02.41.27:951][437]LogModuleManager: Shutting down and abandoning module MRMesh (200)
[2019.04.28-02.41.27:951][437]LogModuleManager: Shutting down and abandoning module SourceCodeAccess (198)
[2019.04.28-02.41.27:951][437]LogModuleManager: Shutting down and abandoning module HeadMountedDisplay (196)
[2019.04.28-02.41.27:951][437]LogModuleManager: Shutting down and abandoning module XAudio2 (194)
[2019.04.28-02.41.27:951][437]LogModuleManager: Shutting down and abandoning module Networking (192)
[2019.04.28-02.41.27:951][437]LogModuleManager: Shutting down and abandoning module Core (190)
[2019.04.28-02.41.27:951][437]LogModuleManager: Shutting down and abandoning module LevelSequence (188)
[2019.04.28-02.41.27:951][437]LogModuleManager: Shutting down and abandoning module KismetCompiler (186)
[2019.04.28-02.41.27:951][437]LogModuleManager: Shutting down and abandoning module MeshUtilities (184)
[2019.04.28-02.41.27:951][437]LogModuleManager: Shutting down and abandoning module MeshMergeUtilities (183)
[2019.04.28-02.41.27:951][437]LogModuleManager: Shutting down and abandoning module MeshReductionInterface (182)
[2019.04.28-02.41.27:951][437]LogModuleManager: Shutting down and abandoning module SimplygonSwarm (181)
[2019.04.28-02.41.27:951][437]LogModuleManager: Shutting down and abandoning module ProxyLODMeshReduction (179)
[2019.04.28-02.41.27:951][437]LogModuleManager: Shutting down and abandoning module SimplygonMeshReduction (177)
[2019.04.28-02.41.27:951][437]LogModuleManager: Shutting down and abandoning module QuadricMeshReduction (175)
[2019.04.28-02.41.27:951][437]LogModuleManager: Shutting down and abandoning module MaterialBaking (171)
[2019.04.28-02.41.27:951][437]LogModuleManager: Shutting down and abandoning module DirectoryWatcher (167)
[2019.04.28-02.41.27:951][437]LogModuleManager: Shutting down and abandoning module DerivedDataCache (164)
[2019.04.28-02.41.28:020][437]LogDerivedDataCache: Shutdown
[2019.04.28-02.41.28:021][437]LogModuleManager: Shutting down and abandoning module XGEController (162)
[2019.04.28-02.41.28:021][437]LogXGEController: Cleaning working directory: E:/Temp/UnrealXGEWorkingDir/
[2019.04.28-02.41.28:021][437]LogModuleManager: Shutting down and abandoning module TargetPlatform (160)
[2019.04.28-02.41.28:021][437]LogModuleManager: Shutting down and abandoning module VulkanShaderFormat (159)
[2019.04.28-02.41.28:021][437]LogModuleManager: Shutting down and abandoning module ShaderFormatVectorVM (157)
[2019.04.28-02.41.28:021][437]LogModuleManager: Shutting down and abandoning module ShaderFormatOpenGL (155)
[2019.04.28-02.41.28:021][437]LogModuleManager: Shutting down and abandoning module ShaderFormatD3D (153)
[2019.04.28-02.41.28:021][437]LogModuleManager: Shutting down and abandoning module MetalShaderFormat (151)
[2019.04.28-02.41.28:021][437]LogModuleManager: Shutting down and abandoning module TextureFormatUncompressed (149)
[2019.04.28-02.41.28:021][437]LogModuleManager: Shutting down and abandoning module TextureFormatPVR (147)
[2019.04.28-02.41.28:021][437]LogModuleManager: Shutting down and abandoning module TextureFormatDXT (145)
[2019.04.28-02.41.28:021][437]LogModuleManager: Shutting down and abandoning module TextureFormatIntelISPCTexComp (143)
[2019.04.28-02.41.28:021][437]LogModuleManager: Shutting down and abandoning module TextureFormatASTC (141)
[2019.04.28-02.41.28:021][437]LogModuleManager: Shutting down and abandoning module ImageWrapper (140)
[2019.04.28-02.41.28:021][437]LogModuleManager: Shutting down and abandoning module TextureFormatAndroid (137)
[2019.04.28-02.41.28:021][437]LogModuleManager: Shutting down and abandoning module AudioFormatOpus (135)
[2019.04.28-02.41.28:021][437]LogModuleManager: Shutting down and abandoning module AudioFormatOgg (133)
[2019.04.28-02.41.28:021][437]LogModuleManager: Shutting down and abandoning module AudioFormatADPCM (131)
[2019.04.28-02.41.28:021][437]LogModuleManager: Shutting down and abandoning module LuminTargetPlatform (129)
[2019.04.28-02.41.28:022][437]LogModuleManager: Shutting down and abandoning module LinuxTargetPlatform (127)
[2019.04.28-02.41.28:022][437]LogModuleManager: Shutting down and abandoning module LinuxServerTargetPlatform (125)
[2019.04.28-02.41.28:022][437]LogModuleManager: Shutting down and abandoning module LinuxNoEditorTargetPlatform (123)
[2019.04.28-02.41.28:022][437]LogModuleManager: Shutting down and abandoning module LinuxClientTargetPlatform (121)
[2019.04.28-02.41.28:022][437]LogModuleManager: Shutting down and abandoning module TVOSTargetPlatform (119)
[2019.04.28-02.41.28:023][437]LogModuleManager: Shutting down and abandoning module Messaging (117)
[2019.04.28-02.41.28:023][437]LogModuleManager: Shutting down and abandoning module IOSTargetPlatform (115)
[2019.04.28-02.41.28:024][437]LogModuleManager: Shutting down and abandoning module HTML5TargetPlatform (113)
[2019.04.28-02.41.28:024][437]LogModuleManager: Shutting down and abandoning module AndroidTargetPlatform (111)
[2019.04.28-02.41.28:031][437]LogModuleManager: Shutting down and abandoning module WindowsTargetPlatform (109)
[2019.04.28-02.41.28:031][437]LogModuleManager: Shutting down and abandoning module WindowsServerTargetPlatform (107)
[2019.04.28-02.41.28:031][437]LogModuleManager: Shutting down and abandoning module WindowsNoEditorTargetPlatform (105)
[2019.04.28-02.41.28:031][437]LogModuleManager: Shutting down and abandoning module WindowsClientTargetPlatform (103)
[2019.04.28-02.41.28:032][437]LogModuleManager: Shutting down and abandoning module MacTargetPlatform (101)
[2019.04.28-02.41.28:032][437]LogModuleManager: Shutting down and abandoning module MacServerTargetPlatform (99)
[2019.04.28-02.41.28:032][437]LogModuleManager: Shutting down and abandoning module MacNoEditorTargetPlatform (97)
[2019.04.28-02.41.28:032][437]LogModuleManager: Shutting down and abandoning module MacClientTargetPlatform (95)
[2019.04.28-02.41.28:032][437]LogModuleManager: Shutting down and abandoning module AllDesktopTargetPlatform (93)
[2019.04.28-02.41.28:032][437]LogModuleManager: Shutting down and abandoning module InputCore (90)
[2019.04.28-02.41.28:032][437]LogModuleManager: Shutting down and abandoning module Settings (88)
[2019.04.28-02.41.28:032][437]LogModuleManager: Shutting down and abandoning module PhysXCooking (86)
[2019.04.28-02.41.28:032][437]LogModuleManager: Shutting down and abandoning module SteamVR (84)
[2019.04.28-02.41.28:032][437]LogHMD: Freeing OpenVRDLLHandle.
[2019.04.28-02.41.28:032][437]LogModuleManager: Shutting down and abandoning module OculusHMD (82)
[2019.04.28-02.41.28:032][437]LogModuleManager: Shutting down and abandoning module ExampleDeviceProfileSelector (80)
[2019.04.28-02.41.28:032][437]LogModuleManager: Shutting down and abandoning module LauncherChunkInstaller (78)
[2019.04.28-02.41.28:032][437]LogModuleManager: Shutting down and abandoning module OnlineBlueprintSupport (76)
[2019.04.28-02.41.28:032][437]LogModuleManager: Shutting down and abandoning module OnlineSubsystem (72)
[2019.04.28-02.41.28:035][437]LogModuleManager: Shutting down and abandoning module XMPP (67)
[2019.04.28-02.41.28:036][437]LogModuleManager: Shutting down and abandoning module WebSockets (66)
[2019.04.28-02.41.28:050][437]LogModuleManager: Shutting down and abandoning module HTTP (63)
[2019.04.28-02.41.28:050][437]LogHttp: Display: Http module shutting down, but needs to wait on 1 outstanding Http requests:
[2019.04.28-02.41.28:050][437]LogHttp: Display: 	verb=[POST] url=[https://datarouter.ol.epicgames.com/datarouter/api/v1/public/data?SessionID=%7BC57DBDB3-4C1C-7B95-6584-59ADAB4BD324%7D&AppID=UEEditor.Rocket.Release&AppVersion=4.21.2-4753647%2B%2B%2BUE4%2BRelease-4.21&UserID=8c53539346e276bd12a2c9a9e56cdb1a%7Cc8f3c6b667d2487d99287e9b44301c82%7C12a20741-ba68-4e8f-84c7-ede96bc39eb7&AppEnvironment=datacollector-binary&UploadType=eteventstream] status=Processing
[2019.04.28-02.41.28:061][437]LogModuleManager: Shutting down and abandoning module SSL (62)
[2019.04.28-02.41.28:062][437]LogModuleManager: Shutting down and abandoning module MagicLeapIdentity (58)
[2019.04.28-02.41.28:062][437]LogModuleManager: Shutting down and abandoning module MagicLeapHelperVulkan (56)
[2019.04.28-02.41.28:062][437]LogModuleManager: Shutting down and abandoning module MagicLeapHelperOpenGL (54)
[2019.04.28-02.41.28:062][437]LogModuleManager: Shutting down and abandoning module MagicLeapSecureStorage (52)
[2019.04.28-02.41.28:062][437]LogModuleManager: Shutting down and abandoning module MagicLeapHandTracking (50)
[2019.04.28-02.41.28:062][437]LogModuleManager: Shutting down and abandoning module MagicLeapEyeTracker (48)
[2019.04.28-02.41.28:062][437]LogModuleManager: Shutting down and abandoning module MagicLeapController (46)
[2019.04.28-02.41.28:063][437]LogSlate: Slate User Destroyed.  User Index 0, Is Virtual User: 0
[2019.04.28-02.41.28:063][437]LogModuleManager: Shutting down and abandoning module MagicLeap (44)
[2019.04.28-02.41.28:063][437]LogModuleManager: Shutting down and abandoning module NiagaraVertexFactories (42)
[2019.04.28-02.41.28:063][437]LogModuleManager: Shutting down and abandoning module NiagaraShader (40)
[2019.04.28-02.41.28:063][437]LogModuleManager: Shutting down and abandoning module DatasmithContent (38)
[2019.04.28-02.41.28:064][437]LogModuleManager: Shutting down and abandoning module AnimationModifiers (36)
[2019.04.28-02.41.28:064][437]LogModuleManager: Shutting down and abandoning module PropertyEditor (35)
[2019.04.28-02.41.28:065][437]LogModuleManager: Shutting down and abandoning module AudioEditor (32)
[2019.04.28-02.41.28:065][437]LogModuleManager: Shutting down and abandoning module TextureCompressor (30)
[2019.04.28-02.41.28:080][437]LogModuleManager: Shutting down and abandoning module ShaderCore (28)
[2019.04.28-02.41.28:080][437]LogModuleManager: Shutting down and abandoning module Landscape (26)
[2019.04.28-02.41.28:080][437]LogModuleManager: Shutting down and abandoning module SlateRHIRenderer (24)
[2019.04.28-02.41.28:105][437]LogModuleManager: Shutting down and abandoning module OpenGLDrv (22)
[2019.04.28-02.41.28:105][437]LogModuleManager: Shutting down and abandoning module D3D11RHI (20)
[2019.04.28-02.41.28:105][437]LogModuleManager: Shutting down and abandoning module AnimGraphRuntime (18)
[2019.04.28-02.41.28:105][437]LogModuleManager: Shutting down and abandoning module Renderer (16)
[2019.04.28-02.41.28:105][437]LogModuleManager: Shutting down and abandoning module Engine (14)
[2019.04.28-02.41.28:105][437]LogModuleManager: Shutting down and abandoning module CoreUObject (12)
[2019.04.28-02.41.28:105][437]LogModuleManager: Shutting down and abandoning module NetworkFile (10)
[2019.04.28-02.41.28:105][437]LogModuleManager: Shutting down and abandoning module CookedIterativeFile (8)
[2019.04.28-02.41.28:105][437]LogModuleManager: Shutting down and abandoning module StreamingFile (6)
[2019.04.28-02.41.28:105][437]LogModuleManager: Shutting down and abandoning module SandboxFile (4)
[2019.04.28-02.41.28:105][437]LogModuleManager: Shutting down and abandoning module PakFile (2)
[2019.04.28-02.41.28:134][437]LogExit: Exiting.
[2019.04.28-02.41.28:138][437]Log file closed, 04/27/19 22:41:28
