Log file open, 03/27/19 14:08:41
LogWindows: Failed to load 'aqProf.dll' (GetLastError=126)
LogWindows: File 'aqProf.dll' does not exist
LogWindows: Failed to load 'VtuneApi.dll' (GetLastError=126)
LogWindows: File 'VtuneApi.dll' does not exist
LogWindows: Failed to load 'VtuneApi32e.dll' (GetLastError=126)
LogWindows: File 'VtuneApi32e.dll' does not exist
LogConsoleResponse: Display: Failed to find resolution value strings in scalability ini. Falling back to default.
LogInit: Display: Running engine for game: Wizard_Wars
LogPakFile: Registered encryption key '00000000000000000000000000000000': 0 pak files mounted, 0 remain pending
LogPlatformFile: Not using cached read wrapper
LogTaskGraph: Started task graph with 5 named threads and 23 total threads with 3 sets of task threads.
LogStats: Stats thread started at 0.550626
LogD3D11RHI: Loaded GFSDK_Aftermath_Lib.x64.dll
LogICUInternationalization: ICU TimeZone Detection - Raw Offset: -5:00, Platform Override: ''
LogPluginManager: Mounting plugin Paper2D
LogPluginManager: Mounting plugin AISupport
LogPluginManager: Mounting plugin LightPropagationVolume
LogPluginManager: Mounting plugin ActorLayerUtilities
LogPluginManager: Mounting plugin CLionSourceCodeAccess
LogPluginManager: Mounting plugin CodeLiteSourceCodeAccess
LogPluginManager: Mounting plugin GitSourceControl
LogPluginManager: Mounting plugin KDevelopSourceCodeAccess
LogPluginManager: Mounting plugin NullSourceCodeAccess
LogPluginManager: Mounting plugin PerforceSourceControl
LogPluginManager: Mounting plugin SubversionSourceControl
LogPluginManager: Mounting plugin UObjectPlugin
LogPluginManager: Mounting plugin VisualStudioCodeSourceCodeAccess
LogPluginManager: Mounting plugin VisualStudioSourceCodeAccess
LogPluginManager: Mounting plugin XCodeSourceCodeAccess
LogPluginManager: Mounting plugin AssetManagerEditor
LogPluginManager: Mounting plugin CryptoKeys
LogPluginManager: Mounting plugin DataValidation
LogPluginManager: Mounting plugin FacialAnimation
LogPluginManager: Mounting plugin GameplayTagsEditor
LogPluginManager: Mounting plugin MacGraphicsSwitching
LogPluginManager: Mounting plugin MeshEditor
LogPluginManager: Mounting plugin MobileLauncherProfileWizard
LogPluginManager: Mounting plugin PluginBrowser
LogPluginManager: Mounting plugin SpeedTreeImporter
LogPluginManager: Mounting plugin DatasmithContent
LogPluginManager: Mounting plugin VariantManagerContent
LogPluginManager: Mounting plugin AlembicImporter
LogPluginManager: Mounting plugin AppleImageUtils
LogPluginManager: Mounting plugin AppleVision
LogPluginManager: Mounting plugin BackChannel
LogPluginManager: Mounting plugin CharacterAI
LogPluginManager: Mounting plugin GeometryCache
LogPluginManager: Mounting plugin HTML5Networking
LogPluginManager: Mounting plugin ProxyLODPlugin
LogPluginManager: Mounting plugin MagicLeap
LogPluginManager: Mounting plugin MagicLeapMedia
LogPluginManager: Mounting plugin AndroidMedia
LogPluginManager: Mounting plugin AvfMedia
LogPluginManager: Mounting plugin ImgMedia
LogPluginManager: Mounting plugin LinearTimecode
LogPluginManager: Mounting plugin MediaCompositing
LogPluginManager: Mounting plugin MediaPlayerEditor
LogPluginManager: Mounting plugin WebMMedia
LogPluginManager: Mounting plugin WmfMedia
LogPluginManager: Mounting plugin TcpMessaging
LogPluginManager: Mounting plugin UdpMessaging
LogPluginManager: Mounting plugin ActorSequence
LogPluginManager: Mounting plugin LevelSequenceEditor
LogPluginManager: Mounting plugin MatineeToLevelSequence
LogPluginManager: Mounting plugin NetcodeUnitTest
LogPluginManager: Mounting plugin NUTUnrealEngine4
LogPluginManager: Mounting plugin OnlineSubsystemGooglePlay
LogPluginManager: Mounting plugin OnlineSubsystemIOS
LogPluginManager: Mounting plugin OnlineSubsystem
LogPluginManager: Mounting plugin OnlineSubsystemNull
LogPluginManager: Mounting plugin OnlineSubsystemUtils
LogPluginManager: Mounting plugin LauncherChunkInstaller
LogPluginManager: Mounting plugin AndroidDeviceProfileSelector
LogPluginManager: Mounting plugin AndroidMoviePlayer
LogPluginManager: Mounting plugin AndroidPermission
LogPluginManager: Mounting plugin AppleMoviePlayer
LogPluginManager: Mounting plugin ArchVisCharacter
LogPluginManager: Mounting plugin AudioCapture
LogPluginManager: Mounting plugin CableComponent
LogPluginManager: Mounting plugin CustomMeshComponent
LogPluginManager: Mounting plugin EditableMesh
LogPluginManager: Mounting plugin ExampleDeviceProfileSelector
LogPluginManager: Mounting plugin Firebase
LogPluginManager: Mounting plugin GoogleCloudMessaging
LogPluginManager: Mounting plugin IOSDeviceProfileSelector
LogPluginManager: Mounting plugin LinuxDeviceProfileSelector
LogPluginManager: Mounting plugin LocationServicesBPLibrary
LogPluginManager: Mounting plugin MobilePatchingUtils
LogPluginManager: Mounting plugin OculusVR
LogPluginManager: Mounting plugin PhysXVehicles
LogPluginManager: Mounting plugin ProceduralMeshComponent
LogPluginManager: Mounting plugin RuntimePhysXCooking
LogPluginManager: Mounting plugin SteamVR
LogPluginManager: Mounting plugin WebMMoviePlayer
LogPluginManager: Mounting plugin WindowsMoviePlayer
LogStreaming: Display: Took  0.854s to configure plugins.
LogInit: Using libcurl 7.55.1-DEV
LogInit:  - built for x86_64-pc-win32
LogInit:  - supports SSL with OpenSSL/1.0.2h
LogInit:  - supports HTTP deflate (compression) using libz 1.2.8
LogInit:  - other features:
LogInit:      CURL_VERSION_SSL
LogInit:      CURL_VERSION_LIBZ
LogInit:      CURL_VERSION_IPV6
LogInit:      CURL_VERSION_ASYNCHDNS
LogInit:      CURL_VERSION_LARGEFILE
LogInit:      CURL_VERSION_IDN
LogInit:  CurlRequestOptions (configurable via config and command line):
LogInit:  - bVerifyPeer = true  - Libcurl will verify peer certificate
LogInit:  - bUseHttpProxy = false  - Libcurl will NOT use HTTP proxy
LogInit:  - bDontReuseConnections = false  - Libcurl will reuse connections
LogInit:  - MaxHostConnections = 16  - Libcurl will limit the number of connections to a host
LogInit:  - LocalHostAddr = Default
LogInit:  - BufferSize = 65536
LogInit: WinSock: version 1.1 (2.2), MaxSocks=32767, MaxUdp=65467
LogInit: Build: ++UE4+Release-4.21-CL-4753647
LogInit: Engine Version: 4.21.2-4753647+++UE4+Release-4.21
LogInit: Compatible Engine Version: 4.21.0-4541578+++UE4+Release-4.21
LogInit: Net CL: 4541578
LogInit: OS: Windows 10 (), CPU: Intel(R) Core(TM) i7-6700HQ CPU @ 2.60GHz, GPU: Intel(R) HD Graphics 530
LogInit: Compiled (64-bit): Jan 19 2019 02:07:31
LogInit: Compiled with Visual C++: 19.13.26129.00
LogInit: Build Configuration: Development
LogInit: Branch Name: ++UE4+Release-4.21
LogInit: Command Line:  -EpicPortal -epicusername=GoldenKela -epicuserid=c8f3c6b667d2487d99287e9b44301c82 -epiclocale=zh-CN
LogInit: Base Directory: D:/Program Files/Epic Games/UE_4.21/Engine/Binaries/Win64/
LogInit: Installed Engine Build: 1
LogDevObjectVersion: Number of dev versions registered: 22
LogDevObjectVersion:   Dev-Blueprints (B0D832E4-1F89-4F0D-ACCF-7EB736FD4AA2): 10
LogDevObjectVersion:   Dev-Build (E1C64328-A22C-4D53-A36C-8E866417BD8C): 0
LogDevObjectVersion:   Dev-Core (375EC13C-06E4-48FB-B500-84F0262A717E): 2
LogDevObjectVersion:   Dev-Editor (E4B068ED-F494-42E9-A231-DA0B2E46BB41): 26
LogDevObjectVersion:   Dev-Framework (CFFC743F-43B0-4480-9391-14DF171D2073): 34
LogDevObjectVersion:   Dev-Mobile (B02B49B5-BB20-44E9-A304-32B752E40360): 2
LogDevObjectVersion:   Dev-Networking (A4E4105C-59A1-49B5-A7C5-40C4547EDFEE): 0
LogDevObjectVersion:   Dev-Online (39C831C9-5AE6-47DC-9A44-9C173E1C8E7C): 0
LogDevObjectVersion:   Dev-Physics (78F01B33-EBEA-4F98-B9B4-84EACCB95AA2): 0
LogDevObjectVersion:   Dev-Platform (6631380F-2D4D-43E0-8009-CF276956A95A): 0
LogDevObjectVersion:   Dev-Rendering (12F88B9F-8875-4AFC-A67C-D90C383ABD29): 27
LogDevObjectVersion:   Dev-Sequencer (7B5AE74C-D270-4C10-A958-57980B212A5A): 9
LogDevObjectVersion:   Dev-VR (D7296918-1DD6-4BDD-9DE2-64A83CC13884): 2
LogDevObjectVersion:   Dev-LoadTimes (C2A15278-BFE7-4AFE-6C17-90FF531DF755): 1
LogDevObjectVersion:   Private-Geometry (6EACA3D4-40EC-4CC1-B786-8BED09428FC5): 3
LogDevObjectVersion:   Dev-AnimPhys (29E575DD-E0A3-4627-9D10-D276232CDCEA): 17
LogDevObjectVersion:   Dev-Anim (AF43A65D-7FD3-4947-9873-3E8ED9C1BB05): 2
LogDevObjectVersion:   Dev-ReflectionCapture (6B266CEC-1EC7-4B8F-A30B-E4D90942FC07): 1
LogDevObjectVersion:   Dev-Automation (0DF73D61-A23F-47EA-B727-89E90C41499A): 1
LogDevObjectVersion:   FortniteMain (601D1886-AC64-4F84-AA16-D3DE0DEAC7D6): 17
LogDevObjectVersion:   Dev-Enterprise (9DFFBCD6-494F-0158-E221-12823C92A888): 4
LogDevObjectVersion:   Dev-Niagara (F2AED0AC-9AFE-416F-8664-AA7FFA26D6FC): 1
LogStreaming: Display: Took  0.210s to delete old logs.
LogInit: Presizing for max 8388607 objects, including 0 objects not considered by GC, pre-allocating 0 bytes for permanent pool.
LogInit: Object subsystem initialized
LogConfig: Setting CVar [[con.DebugEarlyDefault:1]]
LogConfig: Setting CVar [[r.setres:1280x720]]
[2019.03.27-18.08.43:294][  0]LogConfig: Setting CVar [[r.VSync:0]]
[2019.03.27-18.08.43:294][  0]LogConfig: Setting CVar [[r.RHICmdBypass:0]]
[2019.03.27-18.08.43:294][  0]LogConfig: Applying CVar settings from Section [/Script/Engine.RendererSettings] File [D:/GitHub/WIZARD_WARS_4000/Wizard_Wars/Saved/Config/Windows/Engine.ini]
[2019.03.27-18.08.43:294][  0]LogConfig: Setting CVar [[r.GPUCrashDebugging:0]]
[2019.03.27-18.08.43:294][  0]LogConfig: Applying CVar settings from Section [/Script/Engine.RendererOverrideSettings] File [D:/GitHub/WIZARD_WARS_4000/Wizard_Wars/Saved/Config/Windows/Engine.ini]
[2019.03.27-18.08.43:294][  0]LogConfig: Applying CVar settings from Section [/Script/Engine.StreamingSettings] File [D:/GitHub/WIZARD_WARS_4000/Wizard_Wars/Saved/Config/Windows/Engine.ini]
[2019.03.27-18.08.43:294][  0]LogConfig: Setting CVar [[s.MinBulkDataSizeForAsyncLoading:131072]]
[2019.03.27-18.08.43:294][  0]LogConfig: Setting CVar [[s.AsyncLoadingThreadEnabled:0]]
[2019.03.27-18.08.43:294][  0]LogConfig: Setting CVar [[s.EventDrivenLoaderEnabled:1]]
[2019.03.27-18.08.43:294][  0]LogConfig: Setting CVar [[s.WarnIfTimeLimitExceeded:0]]
[2019.03.27-18.08.43:294][  0]LogConfig: Setting CVar [[s.TimeLimitExceededMultiplier:1.5]]
[2019.03.27-18.08.43:295][  0]LogConfig: Setting CVar [[s.TimeLimitExceededMinTime:0.005]]
[2019.03.27-18.08.43:295][  0]LogConfig: Setting CVar [[s.UseBackgroundLevelStreaming:1]]
[2019.03.27-18.08.43:295][  0]LogConfig: Setting CVar [[s.PriorityAsyncLoadingExtraTime:15.0]]
[2019.03.27-18.08.43:295][  0]LogConfig: Setting CVar [[s.LevelStreamingActorsUpdateTimeLimit:5.0]]
[2019.03.27-18.08.43:295][  0]LogConfig: Setting CVar [[s.PriorityLevelStreamingActorsUpdateExtraTime:5.0]]
[2019.03.27-18.08.43:295][  0]LogConfig: Setting CVar [[s.LevelStreamingComponentsRegistrationGranularity:10]]
[2019.03.27-18.08.43:295][  0]LogConfig: Setting CVar [[s.UnregisterComponentsTimeLimit:1.0]]
[2019.03.27-18.08.43:295][  0]LogConfig: Setting CVar [[s.LevelStreamingComponentsUnregistrationGranularity:5]]
[2019.03.27-18.08.43:295][  0]LogConfig: Applying CVar settings from Section [/Script/Engine.GarbageCollectionSettings] File [D:/GitHub/WIZARD_WARS_4000/Wizard_Wars/Saved/Config/Windows/Engine.ini]
[2019.03.27-18.08.43:295][  0]LogConfig: Setting CVar [[gc.MaxObjectsNotConsideredByGC:1]]
[2019.03.27-18.08.43:295][  0]LogConfig: Setting CVar [[gc.SizeOfPermanentObjectPool:0]]
[2019.03.27-18.08.43:295][  0]LogConfig: Setting CVar [[gc.FlushStreamingOnGC:0]]
[2019.03.27-18.08.43:295][  0]LogConfig: Setting CVar [[gc.NumRetriesBeforeForcingGC:10]]
[2019.03.27-18.08.43:295][  0]LogConfig: Setting CVar [[gc.AllowParallelGC:1]]
[2019.03.27-18.08.43:295][  0]LogConfig: Setting CVar [[gc.TimeBetweenPurgingPendingKillObjects:61.1]]
[2019.03.27-18.08.43:295][  0]LogConfig: Setting CVar [[gc.MaxObjectsInEditor:8388607]]
[2019.03.27-18.08.43:295][  0]LogConfig: Setting CVar [[gc.IncrementalBeginDestroyEnabled:1]]
[2019.03.27-18.08.43:295][  0]LogConfig: Setting CVar [[gc.CreateGCClusters:1]]
[2019.03.27-18.08.43:295][  0]LogConfig: Setting CVar [[gc.MergeGCClusters:0]]
[2019.03.27-18.08.43:296][  0]LogConfig: Setting CVar [[gc.MinGCClusterSize:5]]
[2019.03.27-18.08.43:296][  0]LogConfig: Setting CVar [[gc.ActorClusteringEnabled:0]]
[2019.03.27-18.08.43:296][  0]LogConfig: Setting CVar [[gc.BlueprintClusteringEnabled:0]]
[2019.03.27-18.08.43:296][  0]LogConfig: Setting CVar [[gc.UseDisregardForGCOnDedicatedServers:0]]
[2019.03.27-18.08.43:296][  0]LogConfig: Applying CVar settings from Section [/Script/Engine.NetworkSettings] File [D:/GitHub/WIZARD_WARS_4000/Wizard_Wars/Saved/Config/Windows/Engine.ini]
[2019.03.27-18.08.43:296][  0]LogConfig: Applying CVar settings from Section [/Script/UnrealEd.CookerSettings] File [D:/GitHub/WIZARD_WARS_4000/Wizard_Wars/Saved/Config/Windows/Engine.ini]
[2019.03.27-18.08.43:308][  0]LogConfig: Applying CVar settings from Section [ViewDistanceQuality@3] File [D:/GitHub/WIZARD_WARS_4000/Wizard_Wars/Saved/Config/Windows/Scalability.ini]
[2019.03.27-18.08.43:308][  0]LogConfig: Setting CVar [[r.SkeletalMeshLODBias:0]]
[2019.03.27-18.08.43:308][  0]LogConfig: Setting CVar [[r.ViewDistanceScale:1.0]]
[2019.03.27-18.08.43:308][  0]LogConfig: Applying CVar settings from Section [AntiAliasingQuality@3] File [D:/GitHub/WIZARD_WARS_4000/Wizard_Wars/Saved/Config/Windows/Scalability.ini]
[2019.03.27-18.08.43:308][  0]LogConfig: Setting CVar [[r.PostProcessAAQuality:4]]
[2019.03.27-18.08.43:308][  0]LogConfig: Applying CVar settings from Section [ShadowQuality@3] File [D:/GitHub/WIZARD_WARS_4000/Wizard_Wars/Saved/Config/Windows/Scalability.ini]
[2019.03.27-18.08.43:308][  0]LogConfig: Setting CVar [[r.LightFunctionQuality:1]]
[2019.03.27-18.08.43:308][  0]LogConfig: Setting CVar [[r.ShadowQuality:5]]
[2019.03.27-18.08.43:309][  0]LogConfig: Setting CVar [[r.Shadow.CSM.MaxCascades:10]]
[2019.03.27-18.08.43:309][  0]LogConfig: Setting CVar [[r.Shadow.MaxResolution:2048]]
[2019.03.27-18.08.43:309][  0]LogConfig: Setting CVar [[r.Shadow.MaxCSMResolution:2048]]
[2019.03.27-18.08.43:309][  0]LogConfig: Setting CVar [[r.Shadow.RadiusThreshold:0.01]]
[2019.03.27-18.08.43:309][  0]LogConfig: Setting CVar [[r.Shadow.DistanceScale:1.0]]
[2019.03.27-18.08.43:309][  0]LogConfig: Setting CVar [[r.Shadow.CSM.TransitionScale:1.0]]
[2019.03.27-18.08.43:309][  0]LogConfig: Setting CVar [[r.Shadow.PreShadowResolutionFactor:1.0]]
[2019.03.27-18.08.43:309][  0]LogConfig: Setting CVar [[r.DistanceFieldShadowing:1]]
[2019.03.27-18.08.43:309][  0]LogConfig: Setting CVar [[r.DistanceFieldAO:1]]
[2019.03.27-18.08.43:309][  0]LogConfig: Setting CVar [[r.AOQuality:2]]
[2019.03.27-18.08.43:309][  0]LogConfig: Setting CVar [[r.VolumetricFog:1]]
[2019.03.27-18.08.43:309][  0]LogConfig: Setting CVar [[r.VolumetricFog.GridPixelSize:8]]
[2019.03.27-18.08.43:309][  0]LogConfig: Setting CVar [[r.VolumetricFog.GridSizeZ:128]]
[2019.03.27-18.08.43:309][  0]LogConfig: Setting CVar [[r.VolumetricFog.HistoryMissSupersampleCount:4]]
[2019.03.27-18.08.43:310][  0]LogConfig: Setting CVar [[r.LightMaxDrawDistanceScale:1]]
[2019.03.27-18.08.43:310][  0]LogConfig: Setting CVar [[r.CapsuleShadows:1]]
[2019.03.27-18.08.43:310][  0]LogConfig: Applying CVar settings from Section [PostProcessQuality@3] File [D:/GitHub/WIZARD_WARS_4000/Wizard_Wars/Saved/Config/Windows/Scalability.ini]
[2019.03.27-18.08.43:310][  0]LogConfig: Setting CVar [[r.MotionBlurQuality:4]]
[2019.03.27-18.08.43:310][  0]LogConfig: Setting CVar [[r.AmbientOcclusionMipLevelFactor:0.4]]
[2019.03.27-18.08.43:310][  0]LogConfig: Setting CVar [[r.AmbientOcclusionMaxQuality:100]]
[2019.03.27-18.08.43:310][  0]LogConfig: Setting CVar [[r.AmbientOcclusionLevels:-1]]
[2019.03.27-18.08.43:310][  0]LogConfig: Setting CVar [[r.AmbientOcclusionRadiusScale:1.0]]
[2019.03.27-18.08.43:310][  0]LogConfig: Setting CVar [[r.DepthOfFieldQuality:2]]
[2019.03.27-18.08.43:310][  0]LogConfig: Setting CVar [[r.RenderTargetPoolMin:400]]
[2019.03.27-18.08.43:310][  0]LogConfig: Setting CVar [[r.LensFlareQuality:2]]
[2019.03.27-18.08.43:310][  0]LogConfig: Setting CVar [[r.SceneColorFringeQuality:1]]
[2019.03.27-18.08.43:310][  0]LogConfig: Setting CVar [[r.EyeAdaptationQuality:2]]
[2019.03.27-18.08.43:310][  0]LogConfig: Setting CVar [[r.BloomQuality:5]]
[2019.03.27-18.08.43:310][  0]LogConfig: Setting CVar [[r.FastBlurThreshold:100]]
[2019.03.27-18.08.43:310][  0]LogConfig: Setting CVar [[r.Upscale.Quality:3]]
[2019.03.27-18.08.43:310][  0]LogConfig: Setting CVar [[r.Tonemapper.GrainQuantization:1]]
[2019.03.27-18.08.43:310][  0]LogConfig: Setting CVar [[r.LightShaftQuality:1]]
[2019.03.27-18.08.43:310][  0]LogConfig: Setting CVar [[r.Filter.SizeScale:1]]
[2019.03.27-18.08.43:310][  0]LogConfig: Setting CVar [[r.Tonemapper.Quality:5]]
[2019.03.27-18.08.43:311][  0]LogConfig: Setting CVar [[r.DOF.Gather.AccumulatorQuality:1        ; higher gathering accumulator quality]]
[2019.03.27-18.08.43:311][  0]LogConfig: Setting CVar [[r.DOF.Gather.PostfilterMethod:1          ; Median3x3 postfilering method]]
[2019.03.27-18.08.43:311][  0]LogConfig: Setting CVar [[r.DOF.Gather.EnableBokehSettings:0       ; no bokeh simulation when gathering]]
[2019.03.27-18.08.43:311][  0]LogConfig: Setting CVar [[r.DOF.Gather.RingCount:4                 ; medium number of samples when gathering]]
[2019.03.27-18.08.43:311][  0]LogConfig: Setting CVar [[r.DOF.Scatter.ForegroundCompositing:1    ; additive foreground scattering]]
[2019.03.27-18.08.43:311][  0]LogConfig: Setting CVar [[r.DOF.Scatter.BackgroundCompositing:2    ; additive background scattering]]
[2019.03.27-18.08.43:311][  0]LogConfig: Setting CVar [[r.DOF.Scatter.EnableBokehSettings:1      ; bokeh simulation when scattering]]
[2019.03.27-18.08.43:311][  0]LogConfig: Setting CVar [[r.DOF.Scatter.MaxSpriteRatio:0.1         ; only a maximum of 10% of scattered bokeh]]
[2019.03.27-18.08.43:311][  0]LogConfig: Setting CVar [[r.DOF.Recombine.Quality:1                ; cheap slight out of focus]]
[2019.03.27-18.08.43:311][  0]LogConfig: Setting CVar [[r.DOF.Recombine.EnableBokehSettings:0    ; no bokeh simulation on slight out of focus]]
[2019.03.27-18.08.43:311][  0]LogConfig: Setting CVar [[r.DOF.TemporalAAQuality:1                ; more stable temporal accumulation]]
[2019.03.27-18.08.43:311][  0]LogConfig: Setting CVar [[r.DOF.Kernel.MaxForegroundRadius:0.025]]
[2019.03.27-18.08.43:311][  0]LogConfig: Setting CVar [[r.DOF.Kernel.MaxBackgroundRadius:0.025]]
[2019.03.27-18.08.43:312][  0]LogConfig: Applying CVar settings from Section [TextureQuality@3] File [D:/GitHub/WIZARD_WARS_4000/Wizard_Wars/Saved/Config/Windows/Scalability.ini]
[2019.03.27-18.08.43:312][  0]LogConfig: Setting CVar [[r.Streaming.MipBias:0]]
[2019.03.27-18.08.43:312][  0]LogConfig: Setting CVar [[r.Streaming.AmortizeCPUToGPUCopy:0]]
[2019.03.27-18.08.43:312][  0]LogConfig: Setting CVar [[r.Streaming.MaxNumTexturesToStreamPerFrame:0]]
[2019.03.27-18.08.43:312][  0]LogConfig: Setting CVar [[r.Streaming.Boost:1]]
[2019.03.27-18.08.43:312][  0]LogConfig: Setting CVar [[r.MaxAnisotropy:8]]
[2019.03.27-18.08.43:312][  0]LogConfig: Setting CVar [[r.Streaming.LimitPoolSizeToVRAM:0]]
[2019.03.27-18.08.43:312][  0]LogConfig: Setting CVar [[r.Streaming.PoolSize:1000]]
[2019.03.27-18.08.43:312][  0]LogConfig: Setting CVar [[r.Streaming.MaxEffectiveScreenSize:0]]
[2019.03.27-18.08.43:312][  0]LogConfig: Applying CVar settings from Section [EffectsQuality@3] File [D:/GitHub/WIZARD_WARS_4000/Wizard_Wars/Saved/Config/Windows/Scalability.ini]
[2019.03.27-18.08.43:312][  0]LogConfig: Setting CVar [[r.TranslucencyLightingVolumeDim:64]]
[2019.03.27-18.08.43:312][  0]LogConfig: Setting CVar [[r.RefractionQuality:2]]
[2019.03.27-18.08.43:312][  0]LogConfig: Setting CVar [[r.SSR.Quality:3]]
[2019.03.27-18.08.43:312][  0]LogConfig: Setting CVar [[r.SceneColorFormat:4]]
[2019.03.27-18.08.43:312][  0]LogConfig: Setting CVar [[r.DetailMode:2]]
[2019.03.27-18.08.43:312][  0]LogConfig: Setting CVar [[r.TranslucencyVolumeBlur:1]]
[2019.03.27-18.08.43:312][  0]LogConfig: Setting CVar [[r.MaterialQualityLevel:1 ; High quality]]
[2019.03.27-18.08.43:312][  0]LogConfig: Setting CVar [[r.SSS.Scale:1]]
[2019.03.27-18.08.43:312][  0]LogConfig: Setting CVar [[r.SSS.SampleSet:2]]
[2019.03.27-18.08.43:312][  0]LogConfig: Setting CVar [[r.SSS.Quality:1]]
[2019.03.27-18.08.43:313][  0]LogConfig: Setting CVar [[r.SSS.HalfRes:1]]
[2019.03.27-18.08.43:313][  0]LogConfig: Setting CVar [[r.EmitterSpawnRateScale:1.0]]
[2019.03.27-18.08.43:313][  0]LogConfig: Setting CVar [[r.ParticleLightQuality:2]]
[2019.03.27-18.08.43:313][  0]LogConfig: Applying CVar settings from Section [FoliageQuality@3] File [D:/GitHub/WIZARD_WARS_4000/Wizard_Wars/Saved/Config/Windows/Scalability.ini]
[2019.03.27-18.08.43:313][  0]LogConfig: Setting CVar [[foliage.DensityScale:1.0]]
[2019.03.27-18.08.43:313][  0]LogConfig: Setting CVar [[grass.DensityScale:1.0]]
[2019.03.27-18.08.43:313][  0]LogInit: Selected Device Profile: [Windows]
[2019.03.27-18.08.43:313][  0]LogInit: Applying CVar settings loaded from the selected device profile: [Windows]
[2019.03.27-18.08.43:479][  0]LogHAL: Display: Platform has ~ 8 GB [8459788288 / 8589934592 / 8], which maps to Default [LargestMinGB=32, LargerMinGB=12, DefaultMinGB=8, SmallerMinGB=6, SmallestMinGB=0)
[2019.03.27-18.08.43:479][  0]LogConfig: Setting CVar [[r.Vulkan.UseRealUBs:1]]
[2019.03.27-18.08.43:479][  0]LogInit: Going up to parent DeviceProfile []
[2019.03.27-18.08.43:480][  0]LogConfig: Applying CVar settings from Section [ViewDistanceQuality@3] File [D:/GitHub/WIZARD_WARS_4000/Wizard_Wars/Saved/Config/Windows/Scalability.ini]
[2019.03.27-18.08.43:480][  0]LogConfig: Setting CVar [[r.SkeletalMeshLODBias:0]]
[2019.03.27-18.08.43:480][  0]LogConfig: Setting CVar [[r.ViewDistanceScale:1.0]]
[2019.03.27-18.08.43:481][  0]LogConfig: Applying CVar settings from Section [AntiAliasingQuality@3] File [D:/GitHub/WIZARD_WARS_4000/Wizard_Wars/Saved/Config/Windows/Scalability.ini]
[2019.03.27-18.08.43:481][  0]LogConfig: Setting CVar [[r.PostProcessAAQuality:4]]
[2019.03.27-18.08.43:481][  0]LogConfig: Applying CVar settings from Section [ShadowQuality@3] File [D:/GitHub/WIZARD_WARS_4000/Wizard_Wars/Saved/Config/Windows/Scalability.ini]
[2019.03.27-18.08.43:481][  0]LogConfig: Setting CVar [[r.LightFunctionQuality:1]]
[2019.03.27-18.08.43:481][  0]LogConfig: Setting CVar [[r.ShadowQuality:5]]
[2019.03.27-18.08.43:481][  0]LogConfig: Setting CVar [[r.Shadow.CSM.MaxCascades:10]]
[2019.03.27-18.08.43:481][  0]LogConfig: Setting CVar [[r.Shadow.MaxResolution:2048]]
[2019.03.27-18.08.43:481][  0]LogConfig: Setting CVar [[r.Shadow.MaxCSMResolution:2048]]
[2019.03.27-18.08.43:481][  0]LogConfig: Setting CVar [[r.Shadow.RadiusThreshold:0.01]]
[2019.03.27-18.08.43:481][  0]LogConfig: Setting CVar [[r.Shadow.DistanceScale:1.0]]
[2019.03.27-18.08.43:481][  0]LogConfig: Setting CVar [[r.Shadow.CSM.TransitionScale:1.0]]
[2019.03.27-18.08.43:481][  0]LogConfig: Setting CVar [[r.Shadow.PreShadowResolutionFactor:1.0]]
[2019.03.27-18.08.43:481][  0]LogConfig: Setting CVar [[r.DistanceFieldShadowing:1]]
[2019.03.27-18.08.43:481][  0]LogConfig: Setting CVar [[r.DistanceFieldAO:1]]
[2019.03.27-18.08.43:481][  0]LogConfig: Setting CVar [[r.AOQuality:2]]
[2019.03.27-18.08.43:481][  0]LogConfig: Setting CVar [[r.VolumetricFog:1]]
[2019.03.27-18.08.43:481][  0]LogConfig: Setting CVar [[r.VolumetricFog.GridPixelSize:8]]
[2019.03.27-18.08.43:481][  0]LogConfig: Setting CVar [[r.VolumetricFog.GridSizeZ:128]]
[2019.03.27-18.08.43:481][  0]LogConfig: Setting CVar [[r.VolumetricFog.HistoryMissSupersampleCount:4]]
[2019.03.27-18.08.43:481][  0]LogConfig: Setting CVar [[r.LightMaxDrawDistanceScale:1]]
[2019.03.27-18.08.43:481][  0]LogConfig: Setting CVar [[r.CapsuleShadows:1]]
[2019.03.27-18.08.43:481][  0]LogConfig: Applying CVar settings from Section [PostProcessQuality@3] File [D:/GitHub/WIZARD_WARS_4000/Wizard_Wars/Saved/Config/Windows/Scalability.ini]
[2019.03.27-18.08.43:481][  0]LogConfig: Setting CVar [[r.MotionBlurQuality:4]]
[2019.03.27-18.08.43:481][  0]LogConfig: Setting CVar [[r.AmbientOcclusionMipLevelFactor:0.4]]
[2019.03.27-18.08.43:481][  0]LogConfig: Setting CVar [[r.AmbientOcclusionMaxQuality:100]]
[2019.03.27-18.08.43:481][  0]LogConfig: Setting CVar [[r.AmbientOcclusionLevels:-1]]
[2019.03.27-18.08.43:481][  0]LogConfig: Setting CVar [[r.AmbientOcclusionRadiusScale:1.0]]
[2019.03.27-18.08.43:481][  0]LogConfig: Setting CVar [[r.DepthOfFieldQuality:2]]
[2019.03.27-18.08.43:481][  0]LogConfig: Setting CVar [[r.RenderTargetPoolMin:400]]
[2019.03.27-18.08.43:481][  0]LogConfig: Setting CVar [[r.LensFlareQuality:2]]
[2019.03.27-18.08.43:481][  0]LogConfig: Setting CVar [[r.SceneColorFringeQuality:1]]
[2019.03.27-18.08.43:481][  0]LogConfig: Setting CVar [[r.EyeAdaptationQuality:2]]
[2019.03.27-18.08.43:481][  0]LogConfig: Setting CVar [[r.BloomQuality:5]]
[2019.03.27-18.08.43:481][  0]LogConfig: Setting CVar [[r.FastBlurThreshold:100]]
[2019.03.27-18.08.43:481][  0]LogConfig: Setting CVar [[r.Upscale.Quality:3]]
[2019.03.27-18.08.43:481][  0]LogConfig: Setting CVar [[r.Tonemapper.GrainQuantization:1]]
[2019.03.27-18.08.43:482][  0]LogConfig: Setting CVar [[r.LightShaftQuality:1]]
[2019.03.27-18.08.43:482][  0]LogConfig: Setting CVar [[r.Filter.SizeScale:1]]
[2019.03.27-18.08.43:482][  0]LogConfig: Setting CVar [[r.Tonemapper.Quality:5]]
[2019.03.27-18.08.43:482][  0]LogConfig: Setting CVar [[r.DOF.Gather.AccumulatorQuality:1        ; higher gathering accumulator quality]]
[2019.03.27-18.08.43:482][  0]LogConfig: Setting CVar [[r.DOF.Gather.PostfilterMethod:1          ; Median3x3 postfilering method]]
[2019.03.27-18.08.43:482][  0]LogConfig: Setting CVar [[r.DOF.Gather.EnableBokehSettings:0       ; no bokeh simulation when gathering]]
[2019.03.27-18.08.43:482][  0]LogConfig: Setting CVar [[r.DOF.Gather.RingCount:4                 ; medium number of samples when gathering]]
[2019.03.27-18.08.43:482][  0]LogConfig: Setting CVar [[r.DOF.Scatter.ForegroundCompositing:1    ; additive foreground scattering]]
[2019.03.27-18.08.43:482][  0]LogConfig: Setting CVar [[r.DOF.Scatter.BackgroundCompositing:2    ; additive background scattering]]
[2019.03.27-18.08.43:482][  0]LogConfig: Setting CVar [[r.DOF.Scatter.EnableBokehSettings:1      ; bokeh simulation when scattering]]
[2019.03.27-18.08.43:482][  0]LogConfig: Setting CVar [[r.DOF.Scatter.MaxSpriteRatio:0.1         ; only a maximum of 10% of scattered bokeh]]
[2019.03.27-18.08.43:482][  0]LogConfig: Setting CVar [[r.DOF.Recombine.Quality:1                ; cheap slight out of focus]]
[2019.03.27-18.08.43:482][  0]LogConfig: Setting CVar [[r.DOF.Recombine.EnableBokehSettings:0    ; no bokeh simulation on slight out of focus]]
[2019.03.27-18.08.43:482][  0]LogConfig: Setting CVar [[r.DOF.TemporalAAQuality:1                ; more stable temporal accumulation]]
[2019.03.27-18.08.43:482][  0]LogConfig: Setting CVar [[r.DOF.Kernel.MaxForegroundRadius:0.025]]
[2019.03.27-18.08.43:482][  0]LogConfig: Setting CVar [[r.DOF.Kernel.MaxBackgroundRadius:0.025]]
[2019.03.27-18.08.43:482][  0]LogConfig: Applying CVar settings from Section [TextureQuality@3] File [D:/GitHub/WIZARD_WARS_4000/Wizard_Wars/Saved/Config/Windows/Scalability.ini]
[2019.03.27-18.08.43:483][  0]LogConfig: Setting CVar [[r.Streaming.MipBias:0]]
[2019.03.27-18.08.43:483][  0]LogConfig: Setting CVar [[r.Streaming.AmortizeCPUToGPUCopy:0]]
[2019.03.27-18.08.43:483][  0]LogConfig: Setting CVar [[r.Streaming.MaxNumTexturesToStreamPerFrame:0]]
[2019.03.27-18.08.43:483][  0]LogConfig: Setting CVar [[r.Streaming.Boost:1]]
[2019.03.27-18.08.43:483][  0]LogConfig: Setting CVar [[r.MaxAnisotropy:8]]
[2019.03.27-18.08.43:483][  0]LogConfig: Setting CVar [[r.Streaming.LimitPoolSizeToVRAM:0]]
[2019.03.27-18.08.43:483][  0]LogConfig: Setting CVar [[r.Streaming.PoolSize:1000]]
[2019.03.27-18.08.43:483][  0]LogConfig: Setting CVar [[r.Streaming.MaxEffectiveScreenSize:0]]
[2019.03.27-18.08.43:483][  0]LogConfig: Applying CVar settings from Section [EffectsQuality@3] File [D:/GitHub/WIZARD_WARS_4000/Wizard_Wars/Saved/Config/Windows/Scalability.ini]
[2019.03.27-18.08.43:483][  0]LogConfig: Setting CVar [[r.TranslucencyLightingVolumeDim:64]]
[2019.03.27-18.08.43:483][  0]LogConfig: Setting CVar [[r.RefractionQuality:2]]
[2019.03.27-18.08.43:483][  0]LogConfig: Setting CVar [[r.SSR.Quality:3]]
[2019.03.27-18.08.43:483][  0]LogConfig: Setting CVar [[r.SceneColorFormat:4]]
[2019.03.27-18.08.43:483][  0]LogConfig: Setting CVar [[r.DetailMode:2]]
[2019.03.27-18.08.43:483][  0]LogConfig: Setting CVar [[r.TranslucencyVolumeBlur:1]]
[2019.03.27-18.08.43:483][  0]LogConfig: Setting CVar [[r.MaterialQualityLevel:1 ; High quality]]
[2019.03.27-18.08.43:483][  0]LogConfig: Setting CVar [[r.SSS.Scale:1]]
[2019.03.27-18.08.43:483][  0]LogConfig: Setting CVar [[r.SSS.SampleSet:2]]
[2019.03.27-18.08.43:483][  0]LogConfig: Setting CVar [[r.SSS.Quality:1]]
[2019.03.27-18.08.43:483][  0]LogConfig: Setting CVar [[r.SSS.HalfRes:1]]
[2019.03.27-18.08.43:484][  0]LogConfig: Setting CVar [[r.EmitterSpawnRateScale:1.0]]
[2019.03.27-18.08.43:484][  0]LogConfig: Setting CVar [[r.ParticleLightQuality:2]]
[2019.03.27-18.08.43:484][  0]LogConfig: Applying CVar settings from Section [FoliageQuality@3] File [D:/GitHub/WIZARD_WARS_4000/Wizard_Wars/Saved/Config/Windows/Scalability.ini]
[2019.03.27-18.08.43:485][  0]LogConfig: Setting CVar [[foliage.DensityScale:1.0]]
[2019.03.27-18.08.43:485][  0]LogConfig: Setting CVar [[grass.DensityScale:1.0]]
[2019.03.27-18.08.43:485][  0]LogConfig: Applying CVar settings from Section [Startup] File [../../../Engine/Config/ConsoleVariables.ini]
[2019.03.27-18.08.43:485][  0]LogConfig: Setting CVar [[net.UseAdaptiveNetUpdateFrequency:0]]
[2019.03.27-18.08.43:485][  0]LogConfig: Applying CVar settings from Section [ConsoleVariables] File [D:/GitHub/WIZARD_WARS_4000/Wizard_Wars/Saved/Config/Windows/Engine.ini]
[2019.03.27-18.08.43:485][  0]LogInit: Computer: DESKTOP-226LAUO
[2019.03.27-18.08.43:485][  0]LogInit: User: ShuxingLi
[2019.03.27-18.08.43:485][  0]LogInit: CPU Page size=4096, Cores=4
[2019.03.27-18.08.43:485][  0]LogInit: High frequency timer resolution =2.531254 MHz
[2019.03.27-18.08.43:487][  0]LogMemory: Memory total: Physical=7.9GB (8GB approx)
[2019.03.27-18.08.43:487][  0]LogMemory: Platform Memory Stats for Windows
[2019.03.27-18.08.43:487][  0]LogMemory: Process Physical Memory: 102.50 MB used, 102.50 MB peak
[2019.03.27-18.08.43:487][  0]LogMemory: Process Virtual Memory: 91.39 MB used, 91.39 MB peak
[2019.03.27-18.08.43:487][  0]LogMemory: Physical Memory: 5833.53 MB used,  2234.35 MB free, 8067.88 MB total
[2019.03.27-18.08.43:487][  0]LogMemory: Virtual Memory: 4653.27 MB used,  134213072.00 MB free, 134217728.00 MB total
[2019.03.27-18.08.43:657][  0]LogInit: Using OS detected language (zh-CN).
[2019.03.27-18.08.43:657][  0]LogInit: Using OS detected locale (zh-CN).
[2019.03.27-18.08.44:471][  0]LogStreaming: Display: Took  0.815s to InitEngineTextLocalization.
[2019.03.27-18.08.44:544][  0]LogSlate: New Slate User Created.  User Index 0, Is Virtual User: 0
[2019.03.27-18.08.44:544][  0]LogSlate: Slate User Registered.  User Index 0, Is Virtual User: 0
[2019.03.27-18.08.45:125][  0]LogHMD: Failed to initialize OpenVR with code 110
[2019.03.27-18.08.45:125][  0]LogD3D11RHI: D3D11 adapters:
[2019.03.27-18.08.45:175][  0]LogD3D11RHI:    0. 'Intel(R) HD Graphics 530' (Feature Level 11_0)
[2019.03.27-18.08.45:175][  0]LogD3D11RHI:       128/0/4033 MB DedicatedVideo/DedicatedSystem/SharedSystem, Outputs:1, VendorId:0x8086
[2019.03.27-18.08.45:364][  0]LogD3D11RHI:    1. 'NVIDIA GeForce GTX 970M' (Feature Level 11_0)
[2019.03.27-18.08.45:364][  0]LogD3D11RHI:       3032/0/4033 MB DedicatedVideo/DedicatedSystem/SharedSystem, Outputs:0, VendorId:0x10de
[2019.03.27-18.08.45:374][  0]LogD3D11RHI:    2. 'Microsoft Basic Render Driver' (Feature Level 11_0)
[2019.03.27-18.08.45:374][  0]LogD3D11RHI:       0/0/4033 MB DedicatedVideo/DedicatedSystem/SharedSystem, Outputs:0, VendorId:0x1414
[2019.03.27-18.08.45:374][  0]LogD3D11RHI: Chosen D3D11 Adapter: 1
[2019.03.27-18.08.45:402][  0]LogD3D11RHI: Creating new Direct3DDevice
[2019.03.27-18.08.45:403][  0]LogD3D11RHI:     GPU DeviceId: 0x13d8 (for the marketing name, search the web for "GPU Device Id")
[2019.03.27-18.08.45:403][  0]LogWindows: EnumDisplayDevices:
[2019.03.27-18.08.45:404][  0]LogWindows:    0. 'Intel(R) HD Graphics 530' (P:1 D:1)
[2019.03.27-18.08.45:407][  0]LogWindows:    1. 'Intel(R) HD Graphics 530' (P:0 D:0)
[2019.03.27-18.08.45:411][  0]LogWindows:    2. 'Intel(R) HD Graphics 530' (P:0 D:0)
[2019.03.27-18.08.45:414][  0]LogWindows: DebugString: PrimaryIsNotTheChoosenAdapter PrimaryIsNotTheChoosenAdapter PrimaryIsNotTheChoosenAdapter FoundDriverCount:0 
[2019.03.27-18.08.45:415][  0]LogD3D11RHI:     Adapter Name: NVIDIA GeForce GTX 970M
[2019.03.27-18.08.45:415][  0]LogD3D11RHI:   Driver Version: Unknown (internal:Unknown, unified:Unknown)
[2019.03.27-18.08.45:415][  0]LogD3D11RHI:      Driver Date: Unknown
[2019.03.27-18.08.45:415][  0]LogRHI: Texture pool is 2122 MB (70% of 3032 MB)
[2019.03.27-18.08.45:608][  0]LogD3D11RHI: Async texture creation enabled
[2019.03.27-18.08.45:668][  0]LogD3D11RHI: GPU Timing Frequency: 1000.000000 (Debug: 2 2)
[2019.03.27-18.08.46:369][  0]LogTemp: Display: Loaded TP AllDesktopTargetPlatform
[2019.03.27-18.08.46:403][  0]LogTemp: Display: Loaded TP MacClientTargetPlatform
[2019.03.27-18.08.46:429][  0]LogTemp: Display: Loaded TP MacNoEditorTargetPlatform
[2019.03.27-18.08.46:450][  0]LogTemp: Display: Loaded TP MacServerTargetPlatform
[2019.03.27-18.08.46:472][  0]LogTemp: Display: Loaded TP MacTargetPlatform
[2019.03.27-18.08.46:499][  0]LogTemp: Display: Loaded TP WindowsClientTargetPlatform
[2019.03.27-18.08.46:525][  0]LogTemp: Display: Loaded TP WindowsNoEditorTargetPlatform
[2019.03.27-18.08.46:547][  0]LogTemp: Display: Loaded TP WindowsServerTargetPlatform
[2019.03.27-18.08.46:555][  0]LogTemp: Display: Loaded TP WindowsTargetPlatform
[2019.03.27-18.08.46:676][  0]LogTemp: Display: Loaded TP AndroidTargetPlatform
[2019.03.27-18.08.46:676][  0]LogTemp: Display: Loaded TP AndroidTargetPlatform
[2019.03.27-18.08.46:676][  0]LogTemp: Display: Loaded TP AndroidTargetPlatform
[2019.03.27-18.08.46:676][  0]LogTemp: Display: Loaded TP AndroidTargetPlatform
[2019.03.27-18.08.46:676][  0]LogTemp: Display: Loaded TP AndroidTargetPlatform
[2019.03.27-18.08.46:676][  0]LogTemp: Display: Loaded TP AndroidTargetPlatform
[2019.03.27-18.08.46:676][  0]LogTemp: Display: Loaded TP AndroidTargetPlatform
[2019.03.27-18.08.46:676][  0]LogTemp: Display: Loaded TP AndroidTargetPlatform
[2019.03.27-18.08.46:676][  0]LogTemp: Display: Loaded TP AndroidTargetPlatform
[2019.03.27-18.08.46:676][  0]LogTemp: Display: Loaded TP AndroidTargetPlatform
[2019.03.27-18.08.46:676][  0]LogTemp: Display: Loaded TP AndroidTargetPlatform
[2019.03.27-18.08.46:676][  0]LogTemp: Display: Loaded TP AndroidTargetPlatform
[2019.03.27-18.08.46:676][  0]LogTemp: Display: Loaded TP AndroidTargetPlatform
[2019.03.27-18.08.46:676][  0]LogTemp: Display: Loaded TP AndroidTargetPlatform
[2019.03.27-18.08.46:676][  0]LogTemp: Display: Loaded TP AndroidTargetPlatform
[2019.03.27-18.08.46:676][  0]LogTemp: Display: Loaded TP AndroidTargetPlatform
[2019.03.27-18.08.46:676][  0]LogTemp: Display: Loaded TP AndroidTargetPlatform
[2019.03.27-18.08.46:676][  0]LogTemp: Display: Loaded TP AndroidTargetPlatform
[2019.03.27-18.08.46:680][  0]LogTemp: Display: Loaded TP HTML5TargetPlatform
[2019.03.27-18.08.46:780][  0]LogTemp: Display: Loaded TP IOSTargetPlatform
[2019.03.27-18.08.46:780][  0]LogTemp: Display: Loaded TP IOSTargetPlatform
[2019.03.27-18.08.46:852][  0]LogTemp: Display: Loaded TP TVOSTargetPlatform
[2019.03.27-18.08.46:852][  0]LogTemp: Display: Loaded TP TVOSTargetPlatform
[2019.03.27-18.08.46:877][  0]LogTemp: Display: Loaded TP LinuxClientTargetPlatform
[2019.03.27-18.08.46:898][  0]LogTemp: Display: Loaded TP LinuxNoEditorTargetPlatform
[2019.03.27-18.08.46:917][  0]LogTemp: Display: Loaded TP LinuxServerTargetPlatform
[2019.03.27-18.08.46:938][  0]LogTemp: Display: Loaded TP LinuxTargetPlatform
[2019.03.27-18.08.47:006][  0]LogTemp: Display: Loaded TP LuminTargetPlatform
[2019.03.27-18.08.47:006][  0]LogTemp: Display: Loaded TP LuminTargetPlatform
[2019.03.27-18.08.47:006][  0]LogTargetPlatformManager: Display: Building Assets For Windows
[2019.03.27-18.08.47:155][  0]LogShaderCompilers: Guid format shader working directory is -34 characters bigger than the processId version (../../../../../../GitHub/WIZARD_WARS_4000/Wizard_Wars/Intermediate/Shaders/WorkingDirectory/18668/).
[2019.03.27-18.08.47:155][  0]LogShaderCompilers: Cleaned the shader compiler working directory 'E:/Temp/UnrealShaderWorkingDir/48E02E0347597563AB05CEBC737F096E/'.
[2019.03.27-18.08.47:158][  0]LogXGEController: Cannot use XGE Controller as Incredibuild is not installed on this machine.
[2019.03.27-18.08.47:158][  0]LogShaderCompilers: Cannot use XGE Shader Compiler as Incredibuild is not installed on this machine.
[2019.03.27-18.08.47:158][  0]LogShaderCompilers: Display: Using Local Shader Compiler.
[2019.03.27-18.08.48:046][  0]LogDerivedDataCache: Display: Max Cache Size: 512 MB
[2019.03.27-18.08.48:150][  0]LogDerivedDataCache: Loaded boot cache 0.10s 71MB C:/Users/Shuxing Li/AppData/Local/UnrealEngine/4.21/DerivedDataCache/Boot.ddc.
[2019.03.27-18.08.48:150][  0]LogDerivedDataCache: Display: Loaded Boot cache: C:/Users/Shuxing Li/AppData/Local/UnrealEngine/4.21/DerivedDataCache/Boot.ddc
[2019.03.27-18.08.48:150][  0]LogDerivedDataCache: FDerivedDataBackendGraph:  Pak pak cache file ../../../../../../GitHub/WIZARD_WARS_4000/Wizard_Wars/DerivedDataCache/DDC.ddp not found, will not use a pak cache.
[2019.03.27-18.08.48:150][  0]LogDerivedDataCache: Unable to find inner node Pak for hierarchical cache Hierarchy.
[2019.03.27-18.08.48:151][  0]LogDerivedDataCache: FDerivedDataBackendGraph:  CompressedPak pak cache file ../../../../../../GitHub/WIZARD_WARS_4000/Wizard_Wars/DerivedDataCache/Compressed.ddp not found, will not use a pak cache.
[2019.03.27-18.08.48:151][  0]LogDerivedDataCache: Unable to find inner node CompressedPak for hierarchical cache Hierarchy.
[2019.03.27-18.08.48:173][  0]LogDerivedDataCache: Display: Pak cache opened for reading ../../../Engine/DerivedDataCache/Compressed.ddp.
[2019.03.27-18.08.48:173][  0]LogDerivedDataCache: FDerivedDataBackendGraph:  EnterprisePak pak cache file ../../../Enterprise/DerivedDataCache/Compressed.ddp not found, will not use a pak cache.
[2019.03.27-18.08.48:173][  0]LogDerivedDataCache: Unable to find inner node EnterprisePak for hierarchical cache Hierarchy.
[2019.03.27-18.08.48:187][  0]LogDerivedDataCache: Using Local data cache path C:/Users/Shuxing Li/AppData/Local/UnrealEngine/Common/DerivedDataCache: Writable
[2019.03.27-18.08.48:187][  0]LogDerivedDataCache: Shared data cache path not found in *engine.ini, will not use an Shared cache.
[2019.03.27-18.08.48:187][  0]LogDerivedDataCache: Unable to find inner node Shared for hierarchical cache Hierarchy.
[2019.03.27-18.08.48:248][  0]LogMaterial: Verifying Global Shaders for PCD3D_SM5
[2019.03.27-18.08.48:255][  0]LogSlate: Using FreeType 2.6.0
[2019.03.27-18.08.48:256][  0]LogSlate: SlateFontServices - WITH_FREETYPE: 1, WITH_HARFBUZZ: 1
[2019.03.27-18.08.48:410][  0]LogAssetRegistry: FAssetRegistry took 0.0389 seconds to start up
[2019.03.27-18.08.48:956][  0]LogInit: Selected Device Profile: [Windows]
[2019.03.27-18.08.49:285][  0]LogSimplygon: Simplygon DLL not present - disabling.
[2019.03.27-18.08.49:297][  0]LogMeshReduction: Using SimplygonSwarm for distributed automatic mesh merging
[2019.03.27-18.08.49:298][  0]LogMeshReduction: Using ProxyLODMeshReduction for automatic mesh merging
[2019.03.27-18.08.49:298][  0]LogMeshReduction: Using QuadricMeshReduction for automatic static mesh reduction
[2019.03.27-18.08.49:298][  0]LogMeshReduction: No automatic skeletal mesh reduction module available
[2019.03.27-18.08.49:346][  0]LogNetVersion: Wizard_Wars 1.0.0, NetCL: 4541578, EngineNetVer: 5, GameNetVer: 0 (Checksum: 1501833635)
[2019.03.27-18.08.50:877][  0]LogPackageLocalizationCache: Processed 11 localized package path(s) for 4 prioritized culture(s) in 0.328571 seconds
[2019.03.27-18.08.50:885][  0]LogUObjectArray: 39775 objects as part of root set at end of initial load.
[2019.03.27-18.08.50:885][  0]LogUObjectAllocator: 6914664 out of 0 bytes used by permanent object pool.
[2019.03.27-18.08.50:885][  0]LogUObjectArray: CloseDisregardForGC: 0/0 objects in disregard for GC pool
[2019.03.27-18.08.52:952][  0]LogTcpMessaging: Initializing TcpMessaging bridge
[2019.03.27-18.08.52:969][  0]LogUdpMessaging: Initializing bridge on interface 0.0.0.0:0 to multicast group 230.0.0.1:6666.
[2019.03.27-18.08.54:467][  0]SourceControl: 源码管理已禁用
[2019.03.27-18.08.57:144][  0]LogAndroidPermission: UAndroidPermissionCallbackProxy::GetInstance
[2019.03.27-18.08.57:504][  0]LogOcInput: OculusInput pre-init called
[2019.03.27-18.08.57:833][  0]LogEngine: Initializing Engine...
[2019.03.27-18.08.57:837][  0]LogHMD: Failed to initialize OpenVR with code 110
[2019.03.27-18.08.57:840][  0]LogStats: UGameplayTagsManager::ConstructGameplayTagTree: ImportINI prefixes -  0.000 s
[2019.03.27-18.08.57:840][  0]LogStats: UGameplayTagsManager::ConstructGameplayTagTree: Construct from data asset -  0.000 s
[2019.03.27-18.08.57:841][  0]LogStats: UGameplayTagsManager::ConstructGameplayTagTree: ImportINI -  0.001 s
[2019.03.27-18.08.57:841][  0]LogStats: UGameplayTagsManager::ConstructGameplayTagTree: GameplayTagTreeChangedEvent.Broadcast -  0.000 s
[2019.03.27-18.08.58:521][  0]LogInit: Initializing FReadOnlyCVARCache
[2019.03.27-18.08.58:539][  0]LogAIModule: Creating AISystem for world Untitled
[2019.03.27-18.08.58:574][  0]LogInit: XAudio2 using '扬声器 (Realtek High Definition Audio)' : 2 channels at 48 kHz using 32 bits per sample (channel mask 0x3)
[2019.03.27-18.08.59:649][  0]LogInit: FAudioDevice initialized.
[2019.03.27-18.08.59:649][  0]LogNetVersion: Set ProjectVersion to 1.0.0.0. Version Checksum will be recalculated on next use.
[2019.03.27-18.08.59:806][  0]LogDerivedDataCache: Saved boot cache 0.16s 71MB C:/Users/Shuxing Li/AppData/Local/UnrealEngine/4.21/DerivedDataCache/Boot.ddc.
[2019.03.27-18.08.59:807][  0]LogInit: Texture streaming: Enabled
[2019.03.27-18.08.59:872][  0]LogEngineSessionManager: EngineSessionManager initialized
[2019.03.27-18.08.59:907][  0]LogInit: Transaction tracking system initialized
[2019.03.27-18.08.59:949][  0]BlueprintLog: New page: 编辑器加载
[2019.03.27-18.09.00:172][  0]LocalizationService: 本地化服务已禁用
[2019.03.27-18.09.01:601][  0]LogFileCache: Scanning file cache for directory 'D:/GitHub/WIZARD_WARS_4000/Wizard_Wars/Content/' took 0.03s
[2019.03.27-18.09.01:601][  0]LogCook: Display: Max memory allowance for cook 16384mb min free memory 0mb
[2019.03.27-18.09.01:601][  0]LogCook: Display: Mobile HDR setting 1
[2019.03.27-18.09.01:601][  0]LogGameplayTags: Display: UGameplayTagsManager::DoneAddingNativeTags. DelegateIsBound: 0
[2019.03.27-18.09.01:601][  0]LogStats: UGameplayTagsManager::ConstructGameplayTagTree: ImportINI prefixes -  0.000 s
[2019.03.27-18.09.01:601][  0]LogStats: UGameplayTagsManager::ConstructGameplayTagTree: Construct from data asset -  0.000 s
[2019.03.27-18.09.01:602][  0]LogStats: UGameplayTagsManager::ConstructGameplayTagTree: ImportINI -  0.000 s
[2019.03.27-18.09.01:602][  0]LogStats: UGameplayTagsManager::ConstructGameplayTagTree: GameplayTagTreeChangedEvent.Broadcast -  0.000 s
[2019.03.27-18.09.02:006][  0]LogWindowsTextInputMethodSystem: Display: IME system now deactivated.
[2019.03.27-18.09.02:008][  0]LogSlate: Took 0.000363 seconds to synchronously load lazily loaded font '../../../Engine/Content/Slate/Fonts/Roboto-Regular.ttf' (155K)
[2019.03.27-18.09.02:012][  0]LogSlate: Took 0.003758 seconds to synchronously load lazily loaded font '../../../Engine/Content/Slate/Fonts/DroidSansFallback.ttf' (3848K)
[2019.03.27-18.09.19:234][  0]LogSlate: Window '恢复包' being destroyed
[2019.03.27-18.09.19:234][  0]LogWindowsTextInputMethodSystem: Display: IME system now deactivated.
[2019.03.27-18.09.19:239][  0]LogWindowsTextInputMethodSystem: Display: IME system now deactivated.
[2019.03.27-18.09.19:607][  0]LogWindowsTextInputMethodSystem: Display: IME system now deactivated.
[2019.03.27-18.09.19:610][  0]LogWindowsTextInputMethodSystem: Display: IME system now deactivated.
[2019.03.27-18.09.19:727][  0]Cmd: MAP LOAD FILE="../../../../../../GitHub/WIZARD_WARS_4000/Wizard_Wars/Content/ThirdPersonBP/Maps/ThirdPersonExampleMap.umap" TEMPLATE=0 SHOWPROGRESS=1 FEATURELEVEL=3
[2019.03.27-18.09.19:729][  0]LightingResults: New page: 光照构建
[2019.03.27-18.09.19:741][  0]MapCheck: New page: 地图检测
[2019.03.27-18.09.19:741][  0]LightingResults: New page: 光照构建
[2019.03.27-18.09.22:082][  0]LogAIModule: Creating AISystem for world ThirdPersonExampleMap
[2019.03.27-18.09.22:117][  0]LogEditorServer: Finished looking for orphan Actors (0.000 secs)
[2019.03.27-18.09.22:199][  0]Cmd: MAP CHECKDEP NOCLEARLOG
[2019.03.27-18.09.22:199][  0]MapCheck: 地图检测完成：0个错误，0 个警告，用时0.503毫秒完成。
[2019.03.27-18.09.22:200][  0]LogFileHelpers: Loading map 'ThirdPersonExampleMap' took 2.472
[2019.03.27-18.09.22:612][  0]LogSlate: Updating window title bar state: overlay mode, drag disabled, window buttons hidden, title bar hidden
[2019.03.27-18.09.22:652][  0]LogSlate: Updating window title bar state: overlay mode, drag disabled, window buttons hidden, title bar hidden
[2019.03.27-18.09.22:671][  0]LogSlate: Updating window title bar state: overlay mode, drag disabled, window buttons hidden, title bar hidden
[2019.03.27-18.09.22:691][  0]LogSlate: Updating window title bar state: overlay mode, drag disabled, window buttons hidden, title bar hidden
[2019.03.27-18.09.22:741][  0]LogCollectionManager: Loaded 0 collections in 0.001533 seconds
[2019.03.27-18.09.22:988][  0]LogFileCache: Scanning file cache for directory 'D:/GitHub/WIZARD_WARS_4000/Wizard_Wars/Saved/Collections/' took 0.01s
[2019.03.27-18.09.22:988][  0]LogFileCache: Scanning file cache for directory 'D:/GitHub/WIZARD_WARS_4000/Wizard_Wars/Content/Developers/ShuxingLi/Collections/' took 0.01s
[2019.03.27-18.09.22:989][  0]LogFileCache: Scanning file cache for directory 'D:/GitHub/WIZARD_WARS_4000/Wizard_Wars/Content/Collections/' took 0.01s
[2019.03.27-18.09.22:989][  0]LogCollectionManager: Rebuilt the GUID cache for 0 collections in 0.000001 seconds
[2019.03.27-18.09.23:106][  0]LogContentBrowser: Native class hierarchy populated in 0.0836 seconds. Added 2651 classes and 620 folders.
[2019.03.27-18.09.23:289][  0]LogContentBrowser: Native class hierarchy updated for 'WidgetCarousel' in 0.0006 seconds. Added 0 classes and 0 folders.
[2019.03.27-18.09.23:944][  0]LogPakFile: Registered encryption key '00000000000000000000000000000000': 0 pak files mounted, 0 remain pending
[2019.03.27-18.09.24:161][  0]LogPakFile: Registered encryption key '00000000000000000000000000000000': 0 pak files mounted, 0 remain pending
[2019.03.27-18.09.24:215][  0]LogPakFile: Registered encryption key '00000000000000000000000000000000': 0 pak files mounted, 0 remain pending
[2019.03.27-18.09.24:391][  0]LogPakFile: Registered encryption key '00000000000000000000000000000000': 0 pak files mounted, 0 remain pending
[2019.03.27-18.09.24:440][  0]LogPakFile: Registered encryption key '00000000000000000000000000000000': 0 pak files mounted, 0 remain pending
[2019.03.27-18.09.24:505][  0]LogPakFile: Registered encryption key '00000000000000000000000000000000': 0 pak files mounted, 0 remain pending
[2019.03.27-18.09.24:576][  0]LogPakFile: Registered encryption key '00000000000000000000000000000000': 0 pak files mounted, 0 remain pending
[2019.03.27-18.09.24:625][  0]LogPakFile: Registered encryption key '00000000000000000000000000000000': 0 pak files mounted, 0 remain pending
[2019.03.27-18.09.24:689][  0]LogPakFile: Registered encryption key '00000000000000000000000000000000': 0 pak files mounted, 0 remain pending
[2019.03.27-18.09.24:807][  0]LogPakFile: Registered encryption key '00000000000000000000000000000000': 0 pak files mounted, 0 remain pending
[2019.03.27-18.09.24:958][  0]LogPakFile: Registered encryption key '00000000000000000000000000000000': 0 pak files mounted, 0 remain pending
[2019.03.27-18.09.25:103][  0]LogPakFile: Registered encryption key '00000000000000000000000000000000': 0 pak files mounted, 0 remain pending
[2019.03.27-18.09.25:300][  0]LogPakFile: Registered encryption key '00000000000000000000000000000000': 0 pak files mounted, 0 remain pending
[2019.03.27-18.09.25:501][  0]LogPakFile: Registered encryption key '00000000000000000000000000000000': 0 pak files mounted, 0 remain pending
[2019.03.27-18.09.25:558][  0]LogPakFile: Registered encryption key '00000000000000000000000000000000': 0 pak files mounted, 0 remain pending
[2019.03.27-18.09.25:640][  0]LogPakFile: Registered encryption key '00000000000000000000000000000000': 0 pak files mounted, 0 remain pending
[2019.03.27-18.09.25:664][  0]LogPakFile: Registered encryption key '00000000000000000000000000000000': 0 pak files mounted, 0 remain pending
[2019.03.27-18.09.25:691][  0]LogPakFile: Registered encryption key '00000000000000000000000000000000': 0 pak files mounted, 0 remain pending
[2019.03.27-18.09.25:743][  0]LogPakFile: Registered encryption key '00000000000000000000000000000000': 0 pak files mounted, 0 remain pending
[2019.03.27-18.09.25:788][  0]LogPakFile: Registered encryption key '00000000000000000000000000000000': 0 pak files mounted, 0 remain pending
[2019.03.27-18.09.25:813][  0]LogPakFile: Registered encryption key '00000000000000000000000000000000': 0 pak files mounted, 0 remain pending
[2019.03.27-18.09.25:879][  0]LogPakFile: Registered encryption key '00000000000000000000000000000000': 0 pak files mounted, 0 remain pending
[2019.03.27-18.09.25:950][  0]LogPakFile: Registered encryption key '00000000000000000000000000000000': 0 pak files mounted, 0 remain pending
[2019.03.27-18.09.26:008][  0]LogPakFile: Registered encryption key '00000000000000000000000000000000': 0 pak files mounted, 0 remain pending
[2019.03.27-18.09.26:130][  0]LogPakFile: Registered encryption key '00000000000000000000000000000000': 0 pak files mounted, 0 remain pending
[2019.03.27-18.09.26:146][  0]LogPakFile: Registered encryption key '00000000000000000000000000000000': 0 pak files mounted, 0 remain pending
[2019.03.27-18.09.27:022][  0]LogContentBrowser: Native class hierarchy updated for 'AddContentDialog' in 0.0012 seconds. Added 0 classes and 0 folders.
[2019.03.27-18.09.27:084][  0]LogContentBrowser: Native class hierarchy updated for 'SceneOutliner' in 0.0016 seconds. Added 1 classes and 2 folders.
[2019.03.27-18.09.27:255][  0]LogSlate: Took 0.000570 seconds to synchronously load lazily loaded font '../../../Engine/Content/Slate/Fonts/Roboto-Bold.ttf' (160K)
[2019.03.27-18.09.27:274][  0]LogSlate: Took 0.008307 seconds to synchronously load lazily loaded font '../../../Engine/Content/Editor/Slate/Fonts/FontAwesome.ttf' (139K)
[2019.03.27-18.09.27:528][  0]LogRenderer: Reallocating scene render targets to support 1060x576 Format 10 NumSamples 1 (Frame:1).
[2019.03.27-18.09.27:943][  0]LogContentBrowser: Native class hierarchy updated for 'HierarchicalLODOutliner' in 0.0005 seconds. Added 0 classes and 0 folders.
[2019.03.27-18.09.27:943][  0]LogLoad: (Engine Initialization) Total time: 50.70 seconds
[2019.03.27-18.09.27:943][  0]LogLoad: (Engine Initialization) Total Blueprint compile time: 0.00 seconds
[2019.03.27-18.09.28:085][  0]LogContentStreaming: Texture pool size now 1000 MB
[2019.03.27-18.09.28:157][  0]LogSlate: Took 0.013626 seconds to synchronously load lazily loaded font '../../../Engine/Content/Slate/Fonts/Roboto-Light.ttf' (167K)
[2019.03.27-18.09.28:551][  4]LogAssetRegistry: Asset discovery search completed in 40.1642 seconds
[2019.03.27-18.09.28:554][  4]LogCollectionManager: Rebuilt the object cache for 0 collections in 0.000000 seconds (found 0 objects)
[2019.03.27-18.09.28:554][  4]LogCollectionManager: Fixed up redirectors for 0 collections in 0.000111 seconds (updated 0 objects)
[2019.03.27-18.09.29:028][ 20]LogSlate: Took 0.000301 seconds to synchronously load lazily loaded font '../../../Engine/Content/Slate/Fonts/Roboto-Light.ttf' (167K)
[2019.03.27-18.10.00:857][973]LogEditorViewport: Clicking on Actor (LMB): StaticMeshActor (Floor)
[2019.03.27-18.10.05:792][ 82]LogSlate: FSceneViewport::OnFocusLost() reason 0
[2019.03.27-18.10.10:815][214]LogAssetEditorManager: Opening Asset editor for WidgetBlueprint /Game/ThirdPersonBP/SpellCombinationMenu/Widget/SpellCombinationWidget.SpellCombinationWidget
[2019.03.27-18.10.12:304][214]LogContentBrowser: Native class hierarchy updated for 'BlueprintGraph' in 0.0028 seconds. Added 117 classes and 0 folders.
[2019.03.27-18.10.14:795][214]LogSlate: Took 0.016798 seconds to synchronously load lazily loaded font '../../../Engine/Content/Slate/Fonts/Roboto-BoldCondensed.ttf' (158K)
[2019.03.27-18.10.43:239][686]LogD3D11RHI: Timed out while waiting for GPU to catch up. (0.5 s)
[2019.03.27-18.10.43:259][686]LogD3D11RHI: Error: Result failed 
 at D:\Build\++UE4\Sync\Engine\Source\Runtime\Windows\D3D11RHI\Private\D3D11Query.cpp:140 
 with error DXGI_ERROR_DEVICE_REMOVED DXGI_ERROR_DEVICE_HUNG
[2019.03.27-18.10.43:259][686]LogD3D11RHI: [Aftermath] GDynamicRHI=0000021BD4C10080, GDX11NVAfterMathEnabled=0, Result=0xFFFFFFFF, bDeviceActive=0
[2019.03.27-18.10.43:259][686]LogWindows: Windows GetLastError: 操作成功完成。 (0)
[2019.03.27-18.10.52:164][686]LogOutputDevice: Warning: 

Script Stack (0 frames):

[2019.03.27-18.10.52:164][686]LogRHI: Error: SyncInterval 0
[2019.03.27-18.10.52:164][686]LogRHI: Error: SwapChainDesc.BufferDesc.Width 1587
[2019.03.27-18.10.52:164][686]LogRHI: Error: SwapChainDesc.BufferDesc.Height 873
[2019.03.27-18.10.52:164][686]LogRHI: Error: SwapChainDesc.BufferDesc.RefreshRate.Numerator 0
[2019.03.27-18.10.52:165][686]LogRHI: Error: SwapChainDesc.BufferDesc.RefreshRate.Denominator 0
[2019.03.27-18.10.52:165][686]LogRHI: Error: SwapChainDesc.BufferDesc.Format 24
[2019.03.27-18.10.52:165][686]LogRHI: Error: SwapChainDesc.BufferDesc.ScanlineOrdering 0
[2019.03.27-18.10.52:165][686]LogRHI: Error: SwapChainDesc.BufferDesc.Scaling 0
[2019.03.27-18.10.52:165][686]LogRHI: Error: SwapChainDesc.SampleDesc.Count 1
[2019.03.27-18.10.52:165][686]LogWindows: Windows GetLastError: 操作成功完成。 (0)
[2019.03.27-18.10.52:193][686]LogRHI: Error: SwapChainDesc.SampleDesc.Quality 0
[2019.03.27-18.10.52:193][686]LogRHI: Error: SwapChainDesc.BufferUsage 48
[2019.03.27-18.10.52:193][686]LogRHI: Error: SwapChainDesc.BufferCount 1
[2019.03.27-18.10.52:193][686]LogRHI: Error: SwapChainDesc.OutputWindow 00000000000C04D0
[2019.03.27-18.10.52:194][686]LogRHI: Error: SwapChainDesc.Windowed true
[2019.03.27-18.10.52:194][686]LogRHI: Error: SwapChainDesc.SwapEffect 0
[2019.03.27-18.10.52:194][686]LogRHI: Error: SwapChainDesc.Flags 2
[2019.03.27-18.10.52:194][686]LogD3D11RHI: Error: Result failed 
 at D:\Build\++UE4\Sync\Engine\Source\Runtime\Windows\D3D11RHI\Private\D3D11Viewport.cpp:361 
 with error DXGI_ERROR_DEVICE_REMOVED DXGI_ERROR_DEVICE_HUNG
[2019.03.27-18.10.52:194][686]LogD3D11RHI: [Aftermath] GDynamicRHI=0000021BD4C10080, GDX11NVAfterMathEnabled=0, Result=0xFFFFFFFF, bDeviceActive=0
[2019.03.27-18.10.52:194][686]LogWindows: FPlatformMisc::RequestExit(1)
[2019.03.27-18.10.52:199][686]Log file closed, 03/27/19 14:10:52
