Log file open, 03/27/19 12:51:49
LogWindows: Failed to load 'aqProf.dll' (GetLastError=126)
LogWindows: File 'aqProf.dll' does not exist
LogWindows: Failed to load 'VtuneApi.dll' (GetLastError=126)
LogWindows: File 'VtuneApi.dll' does not exist
LogWindows: Failed to load 'VtuneApi32e.dll' (GetLastError=126)
LogWindows: File 'VtuneApi32e.dll' does not exist
LogConsoleResponse: Display: Failed to find resolution value strings in scalability ini. Falling back to default.
LogInit: Display: Running engine for game: Wizard_Wars
LogPakFile: Registered encryption key '00000000000000000000000000000000': 0 pak files mounted, 0 remain pending
LogPlatformFile: Not using cached read wrapper
LogTaskGraph: Started task graph with 5 named threads and 23 total threads with 3 sets of task threads.
LogStats: Stats thread started at 0.324052
LogD3D11RHI: Loaded GFSDK_Aftermath_Lib.x64.dll
LogICUInternationalization: ICU TimeZone Detection - Raw Offset: -5:00, Platform Override: ''
LogPluginManager: Mounting plugin Paper2D
LogPluginManager: Mounting plugin AISupport
LogPluginManager: Mounting plugin LightPropagationVolume
LogPluginManager: Mounting plugin ActorLayerUtilities
LogPluginManager: Mounting plugin CLionSourceCodeAccess
LogPluginManager: Mounting plugin CodeLiteSourceCodeAccess
LogPluginManager: Mounting plugin GitSourceControl
LogPluginManager: Mounting plugin KDevelopSourceCodeAccess
LogPluginManager: Mounting plugin NullSourceCodeAccess
LogPluginManager: Mounting plugin PerforceSourceControl
LogPluginManager: Mounting plugin SubversionSourceControl
LogPluginManager: Mounting plugin UObjectPlugin
LogPluginManager: Mounting plugin VisualStudioCodeSourceCodeAccess
LogPluginManager: Mounting plugin VisualStudioSourceCodeAccess
LogPluginManager: Mounting plugin XCodeSourceCodeAccess
LogPluginManager: Mounting plugin AssetManagerEditor
LogPluginManager: Mounting plugin CryptoKeys
LogPluginManager: Mounting plugin DataValidation
LogPluginManager: Mounting plugin FacialAnimation
LogPluginManager: Mounting plugin GameplayTagsEditor
LogPluginManager: Mounting plugin MacGraphicsSwitching
LogPluginManager: Mounting plugin MeshEditor
LogPluginManager: Mounting plugin MobileLauncherProfileWizard
LogPluginManager: Mounting plugin PluginBrowser
LogPluginManager: Mounting plugin SpeedTreeImporter
LogPluginManager: Mounting plugin DatasmithContent
LogPluginManager: Mounting plugin VariantManagerContent
LogPluginManager: Mounting plugin AlembicImporter
LogPluginManager: Mounting plugin AppleImageUtils
LogPluginManager: Mounting plugin AppleVision
LogPluginManager: Mounting plugin BackChannel
LogPluginManager: Mounting plugin CharacterAI
LogPluginManager: Mounting plugin GeometryCache
LogPluginManager: Mounting plugin HTML5Networking
LogPluginManager: Mounting plugin ProxyLODPlugin
LogPluginManager: Mounting plugin MagicLeap
LogPluginManager: Mounting plugin MagicLeapMedia
LogPluginManager: Mounting plugin AndroidMedia
LogPluginManager: Mounting plugin AvfMedia
LogPluginManager: Mounting plugin ImgMedia
LogPluginManager: Mounting plugin LinearTimecode
LogPluginManager: Mounting plugin MediaCompositing
LogPluginManager: Mounting plugin MediaPlayerEditor
LogPluginManager: Mounting plugin WebMMedia
LogPluginManager: Mounting plugin WmfMedia
LogPluginManager: Mounting plugin TcpMessaging
LogPluginManager: Mounting plugin UdpMessaging
LogPluginManager: Mounting plugin ActorSequence
LogPluginManager: Mounting plugin LevelSequenceEditor
LogPluginManager: Mounting plugin MatineeToLevelSequence
LogPluginManager: Mounting plugin NetcodeUnitTest
LogPluginManager: Mounting plugin NUTUnrealEngine4
LogPluginManager: Mounting plugin OnlineSubsystemGooglePlay
LogPluginManager: Mounting plugin OnlineSubsystemIOS
LogPluginManager: Mounting plugin OnlineSubsystem
LogPluginManager: Mounting plugin OnlineSubsystemNull
LogPluginManager: Mounting plugin OnlineSubsystemUtils
LogPluginManager: Mounting plugin LauncherChunkInstaller
LogPluginManager: Mounting plugin AndroidDeviceProfileSelector
LogPluginManager: Mounting plugin AndroidMoviePlayer
LogPluginManager: Mounting plugin AndroidPermission
LogPluginManager: Mounting plugin AppleMoviePlayer
LogPluginManager: Mounting plugin ArchVisCharacter
LogPluginManager: Mounting plugin AudioCapture
LogPluginManager: Mounting plugin CableComponent
LogPluginManager: Mounting plugin CustomMeshComponent
LogPluginManager: Mounting plugin EditableMesh
LogPluginManager: Mounting plugin ExampleDeviceProfileSelector
LogPluginManager: Mounting plugin Firebase
LogPluginManager: Mounting plugin GoogleCloudMessaging
LogPluginManager: Mounting plugin IOSDeviceProfileSelector
LogPluginManager: Mounting plugin LinuxDeviceProfileSelector
LogPluginManager: Mounting plugin LocationServicesBPLibrary
LogPluginManager: Mounting plugin MobilePatchingUtils
LogPluginManager: Mounting plugin OculusVR
LogPluginManager: Mounting plugin PhysXVehicles
LogPluginManager: Mounting plugin ProceduralMeshComponent
LogPluginManager: Mounting plugin RuntimePhysXCooking
LogPluginManager: Mounting plugin SteamVR
LogPluginManager: Mounting plugin WebMMoviePlayer
LogPluginManager: Mounting plugin WindowsMoviePlayer
LogStreaming: Display: Took  0.386s to configure plugins.
LogInit: Using libcurl 7.55.1-DEV
LogInit:  - built for x86_64-pc-win32
LogInit:  - supports SSL with OpenSSL/1.0.2h
LogInit:  - supports HTTP deflate (compression) using libz 1.2.8
LogInit:  - other features:
LogInit:      CURL_VERSION_SSL
LogInit:      CURL_VERSION_LIBZ
LogInit:      CURL_VERSION_IPV6
LogInit:      CURL_VERSION_ASYNCHDNS
LogInit:      CURL_VERSION_LARGEFILE
LogInit:      CURL_VERSION_IDN
LogInit:  CurlRequestOptions (configurable via config and command line):
LogInit:  - bVerifyPeer = true  - Libcurl will verify peer certificate
LogInit:  - bUseHttpProxy = false  - Libcurl will NOT use HTTP proxy
LogInit:  - bDontReuseConnections = false  - Libcurl will reuse connections
LogInit:  - MaxHostConnections = 16  - Libcurl will limit the number of connections to a host
LogInit:  - LocalHostAddr = Default
LogInit:  - BufferSize = 65536
LogInit: WinSock: version 1.1 (2.2), MaxSocks=32767, MaxUdp=65467
LogInit: Build: ++UE4+Release-4.21-CL-4753647
LogInit: Engine Version: 4.21.2-4753647+++UE4+Release-4.21
LogInit: Compatible Engine Version: 4.21.0-4541578+++UE4+Release-4.21
LogInit: Net CL: 4541578
LogInit: OS: Windows 10 (), CPU: Intel(R) Core(TM) i7-6700HQ CPU @ 2.60GHz, GPU: Intel(R) HD Graphics 530
LogInit: Compiled (64-bit): Jan 19 2019 02:07:31
LogInit: Compiled with Visual C++: 19.13.26129.00
LogInit: Build Configuration: Development
LogInit: Branch Name: ++UE4+Release-4.21
LogInit: Command Line:  -EpicPortal -epicusername=GoldenKela -epicuserid=c8f3c6b667d2487d99287e9b44301c82 -epiclocale=zh-CN
LogInit: Base Directory: D:/Program Files/Epic Games/UE_4.21/Engine/Binaries/Win64/
LogInit: Installed Engine Build: 1
LogDevObjectVersion: Number of dev versions registered: 22
LogDevObjectVersion:   Dev-Blueprints (B0D832E4-1F89-4F0D-ACCF-7EB736FD4AA2): 10
LogDevObjectVersion:   Dev-Build (E1C64328-A22C-4D53-A36C-8E866417BD8C): 0
LogDevObjectVersion:   Dev-Core (375EC13C-06E4-48FB-B500-84F0262A717E): 2
LogDevObjectVersion:   Dev-Editor (E4B068ED-F494-42E9-A231-DA0B2E46BB41): 26
LogDevObjectVersion:   Dev-Framework (CFFC743F-43B0-4480-9391-14DF171D2073): 34
LogDevObjectVersion:   Dev-Mobile (B02B49B5-BB20-44E9-A304-32B752E40360): 2
LogDevObjectVersion:   Dev-Networking (A4E4105C-59A1-49B5-A7C5-40C4547EDFEE): 0
LogDevObjectVersion:   Dev-Online (39C831C9-5AE6-47DC-9A44-9C173E1C8E7C): 0
LogDevObjectVersion:   Dev-Physics (78F01B33-EBEA-4F98-B9B4-84EACCB95AA2): 0
LogDevObjectVersion:   Dev-Platform (6631380F-2D4D-43E0-8009-CF276956A95A): 0
LogDevObjectVersion:   Dev-Rendering (12F88B9F-8875-4AFC-A67C-D90C383ABD29): 27
LogDevObjectVersion:   Dev-Sequencer (7B5AE74C-D270-4C10-A958-57980B212A5A): 9
LogDevObjectVersion:   Dev-VR (D7296918-1DD6-4BDD-9DE2-64A83CC13884): 2
LogDevObjectVersion:   Dev-LoadTimes (C2A15278-BFE7-4AFE-6C17-90FF531DF755): 1
LogDevObjectVersion:   Private-Geometry (6EACA3D4-40EC-4CC1-B786-8BED09428FC5): 3
LogDevObjectVersion:   Dev-AnimPhys (29E575DD-E0A3-4627-9D10-D276232CDCEA): 17
LogDevObjectVersion:   Dev-Anim (AF43A65D-7FD3-4947-9873-3E8ED9C1BB05): 2
LogDevObjectVersion:   Dev-ReflectionCapture (6B266CEC-1EC7-4B8F-A30B-E4D90942FC07): 1
LogDevObjectVersion:   Dev-Automation (0DF73D61-A23F-47EA-B727-89E90C41499A): 1
LogDevObjectVersion:   FortniteMain (601D1886-AC64-4F84-AA16-D3DE0DEAC7D6): 17
LogDevObjectVersion:   Dev-Enterprise (9DFFBCD6-494F-0158-E221-12823C92A888): 4
LogDevObjectVersion:   Dev-Niagara (F2AED0AC-9AFE-416F-8664-AA7FFA26D6FC): 1
LogStreaming: Display: Took  0.009s to delete old logs.
LogInit: Presizing for max 8388607 objects, including 0 objects not considered by GC, pre-allocating 0 bytes for permanent pool.
LogInit: Object subsystem initialized
LogConfig: Setting CVar [[con.DebugEarlyDefault:1]]
LogConfig: Setting CVar [[r.setres:1280x720]]
[2019.03.27-16.51.49:768][  0]LogConfig: Setting CVar [[r.VSync:0]]
[2019.03.27-16.51.49:768][  0]LogConfig: Setting CVar [[r.RHICmdBypass:0]]
[2019.03.27-16.51.49:768][  0]LogConfig: Applying CVar settings from Section [/Script/Engine.RendererSettings] File [D:/GitHub/WIZARD_WARS_4000/Wizard_Wars/Saved/Config/Windows/Engine.ini]
[2019.03.27-16.51.49:768][  0]LogConfig: Setting CVar [[r.GPUCrashDebugging:0]]
[2019.03.27-16.51.49:768][  0]LogConfig: Applying CVar settings from Section [/Script/Engine.RendererOverrideSettings] File [D:/GitHub/WIZARD_WARS_4000/Wizard_Wars/Saved/Config/Windows/Engine.ini]
[2019.03.27-16.51.49:768][  0]LogConfig: Applying CVar settings from Section [/Script/Engine.StreamingSettings] File [D:/GitHub/WIZARD_WARS_4000/Wizard_Wars/Saved/Config/Windows/Engine.ini]
[2019.03.27-16.51.49:768][  0]LogConfig: Setting CVar [[s.MinBulkDataSizeForAsyncLoading:131072]]
[2019.03.27-16.51.49:768][  0]LogConfig: Setting CVar [[s.AsyncLoadingThreadEnabled:0]]
[2019.03.27-16.51.49:769][  0]LogConfig: Setting CVar [[s.EventDrivenLoaderEnabled:1]]
[2019.03.27-16.51.49:769][  0]LogConfig: Setting CVar [[s.WarnIfTimeLimitExceeded:0]]
[2019.03.27-16.51.49:769][  0]LogConfig: Setting CVar [[s.TimeLimitExceededMultiplier:1.5]]
[2019.03.27-16.51.49:769][  0]LogConfig: Setting CVar [[s.TimeLimitExceededMinTime:0.005]]
[2019.03.27-16.51.49:769][  0]LogConfig: Setting CVar [[s.UseBackgroundLevelStreaming:1]]
[2019.03.27-16.51.49:769][  0]LogConfig: Setting CVar [[s.PriorityAsyncLoadingExtraTime:15.0]]
[2019.03.27-16.51.49:769][  0]LogConfig: Setting CVar [[s.LevelStreamingActorsUpdateTimeLimit:5.0]]
[2019.03.27-16.51.49:769][  0]LogConfig: Setting CVar [[s.PriorityLevelStreamingActorsUpdateExtraTime:5.0]]
[2019.03.27-16.51.49:769][  0]LogConfig: Setting CVar [[s.LevelStreamingComponentsRegistrationGranularity:10]]
[2019.03.27-16.51.49:769][  0]LogConfig: Setting CVar [[s.UnregisterComponentsTimeLimit:1.0]]
[2019.03.27-16.51.49:769][  0]LogConfig: Setting CVar [[s.LevelStreamingComponentsUnregistrationGranularity:5]]
[2019.03.27-16.51.49:769][  0]LogConfig: Applying CVar settings from Section [/Script/Engine.GarbageCollectionSettings] File [D:/GitHub/WIZARD_WARS_4000/Wizard_Wars/Saved/Config/Windows/Engine.ini]
[2019.03.27-16.51.49:769][  0]LogConfig: Setting CVar [[gc.MaxObjectsNotConsideredByGC:1]]
[2019.03.27-16.51.49:769][  0]LogConfig: Setting CVar [[gc.SizeOfPermanentObjectPool:0]]
[2019.03.27-16.51.49:769][  0]LogConfig: Setting CVar [[gc.FlushStreamingOnGC:0]]
[2019.03.27-16.51.49:769][  0]LogConfig: Setting CVar [[gc.NumRetriesBeforeForcingGC:10]]
[2019.03.27-16.51.49:769][  0]LogConfig: Setting CVar [[gc.AllowParallelGC:1]]
[2019.03.27-16.51.49:769][  0]LogConfig: Setting CVar [[gc.TimeBetweenPurgingPendingKillObjects:61.1]]
[2019.03.27-16.51.49:769][  0]LogConfig: Setting CVar [[gc.MaxObjectsInEditor:8388607]]
[2019.03.27-16.51.49:769][  0]LogConfig: Setting CVar [[gc.IncrementalBeginDestroyEnabled:1]]
[2019.03.27-16.51.49:769][  0]LogConfig: Setting CVar [[gc.CreateGCClusters:1]]
[2019.03.27-16.51.49:769][  0]LogConfig: Setting CVar [[gc.MergeGCClusters:0]]
[2019.03.27-16.51.49:769][  0]LogConfig: Setting CVar [[gc.MinGCClusterSize:5]]
[2019.03.27-16.51.49:769][  0]LogConfig: Setting CVar [[gc.ActorClusteringEnabled:0]]
[2019.03.27-16.51.49:769][  0]LogConfig: Setting CVar [[gc.BlueprintClusteringEnabled:0]]
[2019.03.27-16.51.49:769][  0]LogConfig: Setting CVar [[gc.UseDisregardForGCOnDedicatedServers:0]]
[2019.03.27-16.51.49:769][  0]LogConfig: Applying CVar settings from Section [/Script/Engine.NetworkSettings] File [D:/GitHub/WIZARD_WARS_4000/Wizard_Wars/Saved/Config/Windows/Engine.ini]
[2019.03.27-16.51.49:769][  0]LogConfig: Applying CVar settings from Section [/Script/UnrealEd.CookerSettings] File [D:/GitHub/WIZARD_WARS_4000/Wizard_Wars/Saved/Config/Windows/Engine.ini]
[2019.03.27-16.51.49:772][  0]LogConfig: Applying CVar settings from Section [ViewDistanceQuality@3] File [D:/GitHub/WIZARD_WARS_4000/Wizard_Wars/Saved/Config/Windows/Scalability.ini]
[2019.03.27-16.51.49:772][  0]LogConfig: Setting CVar [[r.SkeletalMeshLODBias:0]]
[2019.03.27-16.51.49:772][  0]LogConfig: Setting CVar [[r.ViewDistanceScale:1.0]]
[2019.03.27-16.51.49:772][  0]LogConfig: Applying CVar settings from Section [AntiAliasingQuality@3] File [D:/GitHub/WIZARD_WARS_4000/Wizard_Wars/Saved/Config/Windows/Scalability.ini]
[2019.03.27-16.51.49:772][  0]LogConfig: Setting CVar [[r.PostProcessAAQuality:4]]
[2019.03.27-16.51.49:772][  0]LogConfig: Applying CVar settings from Section [ShadowQuality@3] File [D:/GitHub/WIZARD_WARS_4000/Wizard_Wars/Saved/Config/Windows/Scalability.ini]
[2019.03.27-16.51.49:772][  0]LogConfig: Setting CVar [[r.LightFunctionQuality:1]]
[2019.03.27-16.51.49:772][  0]LogConfig: Setting CVar [[r.ShadowQuality:5]]
[2019.03.27-16.51.49:772][  0]LogConfig: Setting CVar [[r.Shadow.CSM.MaxCascades:10]]
[2019.03.27-16.51.49:772][  0]LogConfig: Setting CVar [[r.Shadow.MaxResolution:2048]]
[2019.03.27-16.51.49:772][  0]LogConfig: Setting CVar [[r.Shadow.MaxCSMResolution:2048]]
[2019.03.27-16.51.49:772][  0]LogConfig: Setting CVar [[r.Shadow.RadiusThreshold:0.01]]
[2019.03.27-16.51.49:772][  0]LogConfig: Setting CVar [[r.Shadow.DistanceScale:1.0]]
[2019.03.27-16.51.49:772][  0]LogConfig: Setting CVar [[r.Shadow.CSM.TransitionScale:1.0]]
[2019.03.27-16.51.49:772][  0]LogConfig: Setting CVar [[r.Shadow.PreShadowResolutionFactor:1.0]]
[2019.03.27-16.51.49:772][  0]LogConfig: Setting CVar [[r.DistanceFieldShadowing:1]]
[2019.03.27-16.51.49:772][  0]LogConfig: Setting CVar [[r.DistanceFieldAO:1]]
[2019.03.27-16.51.49:772][  0]LogConfig: Setting CVar [[r.AOQuality:2]]
[2019.03.27-16.51.49:772][  0]LogConfig: Setting CVar [[r.VolumetricFog:1]]
[2019.03.27-16.51.49:772][  0]LogConfig: Setting CVar [[r.VolumetricFog.GridPixelSize:8]]
[2019.03.27-16.51.49:772][  0]LogConfig: Setting CVar [[r.VolumetricFog.GridSizeZ:128]]
[2019.03.27-16.51.49:772][  0]LogConfig: Setting CVar [[r.VolumetricFog.HistoryMissSupersampleCount:4]]
[2019.03.27-16.51.49:772][  0]LogConfig: Setting CVar [[r.LightMaxDrawDistanceScale:1]]
[2019.03.27-16.51.49:773][  0]LogConfig: Setting CVar [[r.CapsuleShadows:1]]
[2019.03.27-16.51.49:773][  0]LogConfig: Applying CVar settings from Section [PostProcessQuality@3] File [D:/GitHub/WIZARD_WARS_4000/Wizard_Wars/Saved/Config/Windows/Scalability.ini]
[2019.03.27-16.51.49:773][  0]LogConfig: Setting CVar [[r.MotionBlurQuality:4]]
[2019.03.27-16.51.49:773][  0]LogConfig: Setting CVar [[r.AmbientOcclusionMipLevelFactor:0.4]]
[2019.03.27-16.51.49:773][  0]LogConfig: Setting CVar [[r.AmbientOcclusionMaxQuality:100]]
[2019.03.27-16.51.49:773][  0]LogConfig: Setting CVar [[r.AmbientOcclusionLevels:-1]]
[2019.03.27-16.51.49:773][  0]LogConfig: Setting CVar [[r.AmbientOcclusionRadiusScale:1.0]]
[2019.03.27-16.51.49:773][  0]LogConfig: Setting CVar [[r.DepthOfFieldQuality:2]]
[2019.03.27-16.51.49:773][  0]LogConfig: Setting CVar [[r.RenderTargetPoolMin:400]]
[2019.03.27-16.51.49:773][  0]LogConfig: Setting CVar [[r.LensFlareQuality:2]]
[2019.03.27-16.51.49:773][  0]LogConfig: Setting CVar [[r.SceneColorFringeQuality:1]]
[2019.03.27-16.51.49:773][  0]LogConfig: Setting CVar [[r.EyeAdaptationQuality:2]]
[2019.03.27-16.51.49:773][  0]LogConfig: Setting CVar [[r.BloomQuality:5]]
[2019.03.27-16.51.49:773][  0]LogConfig: Setting CVar [[r.FastBlurThreshold:100]]
[2019.03.27-16.51.49:773][  0]LogConfig: Setting CVar [[r.Upscale.Quality:3]]
[2019.03.27-16.51.49:773][  0]LogConfig: Setting CVar [[r.Tonemapper.GrainQuantization:1]]
[2019.03.27-16.51.49:773][  0]LogConfig: Setting CVar [[r.LightShaftQuality:1]]
[2019.03.27-16.51.49:773][  0]LogConfig: Setting CVar [[r.Filter.SizeScale:1]]
[2019.03.27-16.51.49:773][  0]LogConfig: Setting CVar [[r.Tonemapper.Quality:5]]
[2019.03.27-16.51.49:773][  0]LogConfig: Setting CVar [[r.DOF.Gather.AccumulatorQuality:1        ; higher gathering accumulator quality]]
[2019.03.27-16.51.49:773][  0]LogConfig: Setting CVar [[r.DOF.Gather.PostfilterMethod:1          ; Median3x3 postfilering method]]
[2019.03.27-16.51.49:773][  0]LogConfig: Setting CVar [[r.DOF.Gather.EnableBokehSettings:0       ; no bokeh simulation when gathering]]
[2019.03.27-16.51.49:773][  0]LogConfig: Setting CVar [[r.DOF.Gather.RingCount:4                 ; medium number of samples when gathering]]
[2019.03.27-16.51.49:773][  0]LogConfig: Setting CVar [[r.DOF.Scatter.ForegroundCompositing:1    ; additive foreground scattering]]
[2019.03.27-16.51.49:773][  0]LogConfig: Setting CVar [[r.DOF.Scatter.BackgroundCompositing:2    ; additive background scattering]]
[2019.03.27-16.51.49:773][  0]LogConfig: Setting CVar [[r.DOF.Scatter.EnableBokehSettings:1      ; bokeh simulation when scattering]]
[2019.03.27-16.51.49:773][  0]LogConfig: Setting CVar [[r.DOF.Scatter.MaxSpriteRatio:0.1         ; only a maximum of 10% of scattered bokeh]]
[2019.03.27-16.51.49:773][  0]LogConfig: Setting CVar [[r.DOF.Recombine.Quality:1                ; cheap slight out of focus]]
[2019.03.27-16.51.49:773][  0]LogConfig: Setting CVar [[r.DOF.Recombine.EnableBokehSettings:0    ; no bokeh simulation on slight out of focus]]
[2019.03.27-16.51.49:773][  0]LogConfig: Setting CVar [[r.DOF.TemporalAAQuality:1                ; more stable temporal accumulation]]
[2019.03.27-16.51.49:773][  0]LogConfig: Setting CVar [[r.DOF.Kernel.MaxForegroundRadius:0.025]]
[2019.03.27-16.51.49:773][  0]LogConfig: Setting CVar [[r.DOF.Kernel.MaxBackgroundRadius:0.025]]
[2019.03.27-16.51.49:773][  0]LogConfig: Applying CVar settings from Section [TextureQuality@3] File [D:/GitHub/WIZARD_WARS_4000/Wizard_Wars/Saved/Config/Windows/Scalability.ini]
[2019.03.27-16.51.49:773][  0]LogConfig: Setting CVar [[r.Streaming.MipBias:0]]
[2019.03.27-16.51.49:773][  0]LogConfig: Setting CVar [[r.Streaming.AmortizeCPUToGPUCopy:0]]
[2019.03.27-16.51.49:773][  0]LogConfig: Setting CVar [[r.Streaming.MaxNumTexturesToStreamPerFrame:0]]
[2019.03.27-16.51.49:773][  0]LogConfig: Setting CVar [[r.Streaming.Boost:1]]
[2019.03.27-16.51.49:773][  0]LogConfig: Setting CVar [[r.MaxAnisotropy:8]]
[2019.03.27-16.51.49:773][  0]LogConfig: Setting CVar [[r.Streaming.LimitPoolSizeToVRAM:0]]
[2019.03.27-16.51.49:773][  0]LogConfig: Setting CVar [[r.Streaming.PoolSize:1000]]
[2019.03.27-16.51.49:773][  0]LogConfig: Setting CVar [[r.Streaming.MaxEffectiveScreenSize:0]]
[2019.03.27-16.51.49:773][  0]LogConfig: Applying CVar settings from Section [EffectsQuality@3] File [D:/GitHub/WIZARD_WARS_4000/Wizard_Wars/Saved/Config/Windows/Scalability.ini]
[2019.03.27-16.51.49:773][  0]LogConfig: Setting CVar [[r.TranslucencyLightingVolumeDim:64]]
[2019.03.27-16.51.49:773][  0]LogConfig: Setting CVar [[r.RefractionQuality:2]]
[2019.03.27-16.51.49:773][  0]LogConfig: Setting CVar [[r.SSR.Quality:3]]
[2019.03.27-16.51.49:773][  0]LogConfig: Setting CVar [[r.SceneColorFormat:4]]
[2019.03.27-16.51.49:773][  0]LogConfig: Setting CVar [[r.DetailMode:2]]
[2019.03.27-16.51.49:773][  0]LogConfig: Setting CVar [[r.TranslucencyVolumeBlur:1]]
[2019.03.27-16.51.49:773][  0]LogConfig: Setting CVar [[r.MaterialQualityLevel:1 ; High quality]]
[2019.03.27-16.51.49:773][  0]LogConfig: Setting CVar [[r.SSS.Scale:1]]
[2019.03.27-16.51.49:773][  0]LogConfig: Setting CVar [[r.SSS.SampleSet:2]]
[2019.03.27-16.51.49:773][  0]LogConfig: Setting CVar [[r.SSS.Quality:1]]
[2019.03.27-16.51.49:773][  0]LogConfig: Setting CVar [[r.SSS.HalfRes:1]]
[2019.03.27-16.51.49:773][  0]LogConfig: Setting CVar [[r.EmitterSpawnRateScale:1.0]]
[2019.03.27-16.51.49:773][  0]LogConfig: Setting CVar [[r.ParticleLightQuality:2]]
[2019.03.27-16.51.49:773][  0]LogConfig: Applying CVar settings from Section [FoliageQuality@3] File [D:/GitHub/WIZARD_WARS_4000/Wizard_Wars/Saved/Config/Windows/Scalability.ini]
[2019.03.27-16.51.49:773][  0]LogConfig: Setting CVar [[foliage.DensityScale:1.0]]
[2019.03.27-16.51.49:773][  0]LogConfig: Setting CVar [[grass.DensityScale:1.0]]
[2019.03.27-16.51.49:774][  0]LogInit: Selected Device Profile: [Windows]
[2019.03.27-16.51.49:774][  0]LogInit: Applying CVar settings loaded from the selected device profile: [Windows]
[2019.03.27-16.51.49:788][  0]LogHAL: Display: Platform has ~ 8 GB [8459788288 / 8589934592 / 8], which maps to Default [LargestMinGB=32, LargerMinGB=12, DefaultMinGB=8, SmallerMinGB=6, SmallestMinGB=0)
[2019.03.27-16.51.49:788][  0]LogConfig: Setting CVar [[r.Vulkan.UseRealUBs:1]]
[2019.03.27-16.51.49:788][  0]LogInit: Going up to parent DeviceProfile []
[2019.03.27-16.51.49:788][  0]LogConfig: Applying CVar settings from Section [ViewDistanceQuality@3] File [D:/GitHub/WIZARD_WARS_4000/Wizard_Wars/Saved/Config/Windows/Scalability.ini]
[2019.03.27-16.51.49:788][  0]LogConfig: Setting CVar [[r.SkeletalMeshLODBias:0]]
[2019.03.27-16.51.49:788][  0]LogConfig: Setting CVar [[r.ViewDistanceScale:1.0]]
[2019.03.27-16.51.49:788][  0]LogConfig: Applying CVar settings from Section [AntiAliasingQuality@3] File [D:/GitHub/WIZARD_WARS_4000/Wizard_Wars/Saved/Config/Windows/Scalability.ini]
[2019.03.27-16.51.49:788][  0]LogConfig: Setting CVar [[r.PostProcessAAQuality:4]]
[2019.03.27-16.51.49:788][  0]LogConfig: Applying CVar settings from Section [ShadowQuality@3] File [D:/GitHub/WIZARD_WARS_4000/Wizard_Wars/Saved/Config/Windows/Scalability.ini]
[2019.03.27-16.51.49:788][  0]LogConfig: Setting CVar [[r.LightFunctionQuality:1]]
[2019.03.27-16.51.49:788][  0]LogConfig: Setting CVar [[r.ShadowQuality:5]]
[2019.03.27-16.51.49:788][  0]LogConfig: Setting CVar [[r.Shadow.CSM.MaxCascades:10]]
[2019.03.27-16.51.49:788][  0]LogConfig: Setting CVar [[r.Shadow.MaxResolution:2048]]
[2019.03.27-16.51.49:788][  0]LogConfig: Setting CVar [[r.Shadow.MaxCSMResolution:2048]]
[2019.03.27-16.51.49:788][  0]LogConfig: Setting CVar [[r.Shadow.RadiusThreshold:0.01]]
[2019.03.27-16.51.49:788][  0]LogConfig: Setting CVar [[r.Shadow.DistanceScale:1.0]]
[2019.03.27-16.51.49:788][  0]LogConfig: Setting CVar [[r.Shadow.CSM.TransitionScale:1.0]]
[2019.03.27-16.51.49:788][  0]LogConfig: Setting CVar [[r.Shadow.PreShadowResolutionFactor:1.0]]
[2019.03.27-16.51.49:788][  0]LogConfig: Setting CVar [[r.DistanceFieldShadowing:1]]
[2019.03.27-16.51.49:788][  0]LogConfig: Setting CVar [[r.DistanceFieldAO:1]]
[2019.03.27-16.51.49:788][  0]LogConfig: Setting CVar [[r.AOQuality:2]]
[2019.03.27-16.51.49:788][  0]LogConfig: Setting CVar [[r.VolumetricFog:1]]
[2019.03.27-16.51.49:788][  0]LogConfig: Setting CVar [[r.VolumetricFog.GridPixelSize:8]]
[2019.03.27-16.51.49:788][  0]LogConfig: Setting CVar [[r.VolumetricFog.GridSizeZ:128]]
[2019.03.27-16.51.49:788][  0]LogConfig: Setting CVar [[r.VolumetricFog.HistoryMissSupersampleCount:4]]
[2019.03.27-16.51.49:788][  0]LogConfig: Setting CVar [[r.LightMaxDrawDistanceScale:1]]
[2019.03.27-16.51.49:788][  0]LogConfig: Setting CVar [[r.CapsuleShadows:1]]
[2019.03.27-16.51.49:788][  0]LogConfig: Applying CVar settings from Section [PostProcessQuality@3] File [D:/GitHub/WIZARD_WARS_4000/Wizard_Wars/Saved/Config/Windows/Scalability.ini]
[2019.03.27-16.51.49:788][  0]LogConfig: Setting CVar [[r.MotionBlurQuality:4]]
[2019.03.27-16.51.49:788][  0]LogConfig: Setting CVar [[r.AmbientOcclusionMipLevelFactor:0.4]]
[2019.03.27-16.51.49:788][  0]LogConfig: Setting CVar [[r.AmbientOcclusionMaxQuality:100]]
[2019.03.27-16.51.49:788][  0]LogConfig: Setting CVar [[r.AmbientOcclusionLevels:-1]]
[2019.03.27-16.51.49:789][  0]LogConfig: Setting CVar [[r.AmbientOcclusionRadiusScale:1.0]]
[2019.03.27-16.51.49:789][  0]LogConfig: Setting CVar [[r.DepthOfFieldQuality:2]]
[2019.03.27-16.51.49:789][  0]LogConfig: Setting CVar [[r.RenderTargetPoolMin:400]]
[2019.03.27-16.51.49:789][  0]LogConfig: Setting CVar [[r.LensFlareQuality:2]]
[2019.03.27-16.51.49:789][  0]LogConfig: Setting CVar [[r.SceneColorFringeQuality:1]]
[2019.03.27-16.51.49:789][  0]LogConfig: Setting CVar [[r.EyeAdaptationQuality:2]]
[2019.03.27-16.51.49:789][  0]LogConfig: Setting CVar [[r.BloomQuality:5]]
[2019.03.27-16.51.49:789][  0]LogConfig: Setting CVar [[r.FastBlurThreshold:100]]
[2019.03.27-16.51.49:789][  0]LogConfig: Setting CVar [[r.Upscale.Quality:3]]
[2019.03.27-16.51.49:789][  0]LogConfig: Setting CVar [[r.Tonemapper.GrainQuantization:1]]
[2019.03.27-16.51.49:789][  0]LogConfig: Setting CVar [[r.LightShaftQuality:1]]
[2019.03.27-16.51.49:789][  0]LogConfig: Setting CVar [[r.Filter.SizeScale:1]]
[2019.03.27-16.51.49:789][  0]LogConfig: Setting CVar [[r.Tonemapper.Quality:5]]
[2019.03.27-16.51.49:789][  0]LogConfig: Setting CVar [[r.DOF.Gather.AccumulatorQuality:1        ; higher gathering accumulator quality]]
[2019.03.27-16.51.49:789][  0]LogConfig: Setting CVar [[r.DOF.Gather.PostfilterMethod:1          ; Median3x3 postfilering method]]
[2019.03.27-16.51.49:789][  0]LogConfig: Setting CVar [[r.DOF.Gather.EnableBokehSettings:0       ; no bokeh simulation when gathering]]
[2019.03.27-16.51.49:789][  0]LogConfig: Setting CVar [[r.DOF.Gather.RingCount:4                 ; medium number of samples when gathering]]
[2019.03.27-16.51.49:789][  0]LogConfig: Setting CVar [[r.DOF.Scatter.ForegroundCompositing:1    ; additive foreground scattering]]
[2019.03.27-16.51.49:789][  0]LogConfig: Setting CVar [[r.DOF.Scatter.BackgroundCompositing:2    ; additive background scattering]]
[2019.03.27-16.51.49:789][  0]LogConfig: Setting CVar [[r.DOF.Scatter.EnableBokehSettings:1      ; bokeh simulation when scattering]]
[2019.03.27-16.51.49:789][  0]LogConfig: Setting CVar [[r.DOF.Scatter.MaxSpriteRatio:0.1         ; only a maximum of 10% of scattered bokeh]]
[2019.03.27-16.51.49:789][  0]LogConfig: Setting CVar [[r.DOF.Recombine.Quality:1                ; cheap slight out of focus]]
[2019.03.27-16.51.49:789][  0]LogConfig: Setting CVar [[r.DOF.Recombine.EnableBokehSettings:0    ; no bokeh simulation on slight out of focus]]
[2019.03.27-16.51.49:789][  0]LogConfig: Setting CVar [[r.DOF.TemporalAAQuality:1                ; more stable temporal accumulation]]
[2019.03.27-16.51.49:789][  0]LogConfig: Setting CVar [[r.DOF.Kernel.MaxForegroundRadius:0.025]]
[2019.03.27-16.51.49:789][  0]LogConfig: Setting CVar [[r.DOF.Kernel.MaxBackgroundRadius:0.025]]
[2019.03.27-16.51.49:789][  0]LogConfig: Applying CVar settings from Section [TextureQuality@3] File [D:/GitHub/WIZARD_WARS_4000/Wizard_Wars/Saved/Config/Windows/Scalability.ini]
[2019.03.27-16.51.49:789][  0]LogConfig: Setting CVar [[r.Streaming.MipBias:0]]
[2019.03.27-16.51.49:789][  0]LogConfig: Setting CVar [[r.Streaming.AmortizeCPUToGPUCopy:0]]
[2019.03.27-16.51.49:789][  0]LogConfig: Setting CVar [[r.Streaming.MaxNumTexturesToStreamPerFrame:0]]
[2019.03.27-16.51.49:789][  0]LogConfig: Setting CVar [[r.Streaming.Boost:1]]
[2019.03.27-16.51.49:789][  0]LogConfig: Setting CVar [[r.MaxAnisotropy:8]]
[2019.03.27-16.51.49:789][  0]LogConfig: Setting CVar [[r.Streaming.LimitPoolSizeToVRAM:0]]
[2019.03.27-16.51.49:789][  0]LogConfig: Setting CVar [[r.Streaming.PoolSize:1000]]
[2019.03.27-16.51.49:789][  0]LogConfig: Setting CVar [[r.Streaming.MaxEffectiveScreenSize:0]]
[2019.03.27-16.51.49:789][  0]LogConfig: Applying CVar settings from Section [EffectsQuality@3] File [D:/GitHub/WIZARD_WARS_4000/Wizard_Wars/Saved/Config/Windows/Scalability.ini]
[2019.03.27-16.51.49:789][  0]LogConfig: Setting CVar [[r.TranslucencyLightingVolumeDim:64]]
[2019.03.27-16.51.49:789][  0]LogConfig: Setting CVar [[r.RefractionQuality:2]]
[2019.03.27-16.51.49:789][  0]LogConfig: Setting CVar [[r.SSR.Quality:3]]
[2019.03.27-16.51.49:789][  0]LogConfig: Setting CVar [[r.SceneColorFormat:4]]
[2019.03.27-16.51.49:789][  0]LogConfig: Setting CVar [[r.DetailMode:2]]
[2019.03.27-16.51.49:789][  0]LogConfig: Setting CVar [[r.TranslucencyVolumeBlur:1]]
[2019.03.27-16.51.49:789][  0]LogConfig: Setting CVar [[r.MaterialQualityLevel:1 ; High quality]]
[2019.03.27-16.51.49:789][  0]LogConfig: Setting CVar [[r.SSS.Scale:1]]
[2019.03.27-16.51.49:789][  0]LogConfig: Setting CVar [[r.SSS.SampleSet:2]]
[2019.03.27-16.51.49:789][  0]LogConfig: Setting CVar [[r.SSS.Quality:1]]
[2019.03.27-16.51.49:789][  0]LogConfig: Setting CVar [[r.SSS.HalfRes:1]]
[2019.03.27-16.51.49:789][  0]LogConfig: Setting CVar [[r.EmitterSpawnRateScale:1.0]]
[2019.03.27-16.51.49:789][  0]LogConfig: Setting CVar [[r.ParticleLightQuality:2]]
[2019.03.27-16.51.49:789][  0]LogConfig: Applying CVar settings from Section [FoliageQuality@3] File [D:/GitHub/WIZARD_WARS_4000/Wizard_Wars/Saved/Config/Windows/Scalability.ini]
[2019.03.27-16.51.49:789][  0]LogConfig: Setting CVar [[foliage.DensityScale:1.0]]
[2019.03.27-16.51.49:789][  0]LogConfig: Setting CVar [[grass.DensityScale:1.0]]
[2019.03.27-16.51.49:789][  0]LogConfig: Applying CVar settings from Section [Startup] File [../../../Engine/Config/ConsoleVariables.ini]
[2019.03.27-16.51.49:790][  0]LogConfig: Setting CVar [[net.UseAdaptiveNetUpdateFrequency:0]]
[2019.03.27-16.51.49:790][  0]LogConfig: Applying CVar settings from Section [ConsoleVariables] File [D:/GitHub/WIZARD_WARS_4000/Wizard_Wars/Saved/Config/Windows/Engine.ini]
[2019.03.27-16.51.49:790][  0]LogInit: Computer: DESKTOP-226LAUO
[2019.03.27-16.51.49:790][  0]LogInit: User: ShuxingLi
[2019.03.27-16.51.49:790][  0]LogInit: CPU Page size=4096, Cores=4
[2019.03.27-16.51.49:790][  0]LogInit: High frequency timer resolution =2.531254 MHz
[2019.03.27-16.51.49:790][  0]LogMemory: Memory total: Physical=7.9GB (8GB approx)
[2019.03.27-16.51.49:790][  0]LogMemory: Platform Memory Stats for Windows
[2019.03.27-16.51.49:790][  0]LogMemory: Process Physical Memory: 102.82 MB used, 102.82 MB peak
[2019.03.27-16.51.49:790][  0]LogMemory: Process Virtual Memory: 91.44 MB used, 91.44 MB peak
[2019.03.27-16.51.49:790][  0]LogMemory: Physical Memory: 5399.59 MB used,  2668.29 MB free, 8067.88 MB total
[2019.03.27-16.51.49:790][  0]LogMemory: Virtual Memory: 4653.27 MB used,  134213072.00 MB free, 134217728.00 MB total
[2019.03.27-16.51.49:841][  0]LogInit: Using OS detected language (zh-CN).
[2019.03.27-16.51.49:841][  0]LogInit: Using OS detected locale (zh-CN).
[2019.03.27-16.51.50:252][  0]LogStreaming: Display: Took  0.411s to InitEngineTextLocalization.
[2019.03.27-16.51.50:304][  0]LogSlate: New Slate User Created.  User Index 0, Is Virtual User: 0
[2019.03.27-16.51.50:304][  0]LogSlate: Slate User Registered.  User Index 0, Is Virtual User: 0
[2019.03.27-16.51.50:724][  0]LogHMD: Failed to initialize OpenVR with code 110
[2019.03.27-16.51.50:724][  0]LogD3D11RHI: D3D11 adapters:
[2019.03.27-16.51.50:821][  0]LogD3D11RHI:    0. 'NVIDIA GeForce GTX 970M' (Feature Level 11_0)
[2019.03.27-16.51.50:821][  0]LogD3D11RHI:       3032/0/4033 MB DedicatedVideo/DedicatedSystem/SharedSystem, Outputs:1, VendorId:0x10de
[2019.03.27-16.51.50:838][  0]LogD3D11RHI:    1. 'Intel(R) HD Graphics 530' (Feature Level 11_0)
[2019.03.27-16.51.50:838][  0]LogD3D11RHI:       128/0/4033 MB DedicatedVideo/DedicatedSystem/SharedSystem, Outputs:0, VendorId:0x8086
[2019.03.27-16.51.50:841][  0]LogD3D11RHI:    2. 'Microsoft Basic Render Driver' (Feature Level 11_0)
[2019.03.27-16.51.50:841][  0]LogD3D11RHI:       0/0/4033 MB DedicatedVideo/DedicatedSystem/SharedSystem, Outputs:0, VendorId:0x1414
[2019.03.27-16.51.50:841][  0]LogD3D11RHI: Chosen D3D11 Adapter: 0
[2019.03.27-16.51.50:888][  0]LogD3D11RHI: Creating new Direct3DDevice
[2019.03.27-16.51.50:888][  0]LogD3D11RHI:     GPU DeviceId: 0x13d8 (for the marketing name, search the web for "GPU Device Id")
[2019.03.27-16.51.50:888][  0]LogWindows: EnumDisplayDevices:
[2019.03.27-16.51.50:888][  0]LogWindows:    0. 'Intel(R) HD Graphics 530' (P:1 D:1)
[2019.03.27-16.51.50:889][  0]LogWindows:    1. 'Intel(R) HD Graphics 530' (P:0 D:0)
[2019.03.27-16.51.50:890][  0]LogWindows:    2. 'Intel(R) HD Graphics 530' (P:0 D:0)
[2019.03.27-16.51.50:891][  0]LogWindows: DebugString: PrimaryIsNotTheChoosenAdapter PrimaryIsNotTheChoosenAdapter PrimaryIsNotTheChoosenAdapter FoundDriverCount:0 
[2019.03.27-16.51.50:891][  0]LogD3D11RHI:     Adapter Name: NVIDIA GeForce GTX 970M
[2019.03.27-16.51.50:891][  0]LogD3D11RHI:   Driver Version: Unknown (internal:Unknown, unified:Unknown)
[2019.03.27-16.51.50:891][  0]LogD3D11RHI:      Driver Date: Unknown
[2019.03.27-16.51.50:891][  0]LogRHI: Texture pool is 2122 MB (70% of 3032 MB)
[2019.03.27-16.51.50:955][  0]LogD3D11RHI: Async texture creation enabled
[2019.03.27-16.51.51:291][  0]LogD3D11RHI: GPU Timing Frequency: 1000.000000 (Debug: 2 2)
[2019.03.27-16.51.51:799][  0]LogTemp: Display: Loaded TP AllDesktopTargetPlatform
[2019.03.27-16.51.51:814][  0]LogTemp: Display: Loaded TP MacClientTargetPlatform
[2019.03.27-16.51.51:829][  0]LogTemp: Display: Loaded TP MacNoEditorTargetPlatform
[2019.03.27-16.51.51:843][  0]LogTemp: Display: Loaded TP MacServerTargetPlatform
[2019.03.27-16.51.51:858][  0]LogTemp: Display: Loaded TP MacTargetPlatform
[2019.03.27-16.51.51:873][  0]LogTemp: Display: Loaded TP WindowsClientTargetPlatform
[2019.03.27-16.51.51:888][  0]LogTemp: Display: Loaded TP WindowsNoEditorTargetPlatform
[2019.03.27-16.51.51:902][  0]LogTemp: Display: Loaded TP WindowsServerTargetPlatform
[2019.03.27-16.51.51:910][  0]LogTemp: Display: Loaded TP WindowsTargetPlatform
[2019.03.27-16.51.51:998][  0]LogTemp: Display: Loaded TP AndroidTargetPlatform
[2019.03.27-16.51.51:998][  0]LogTemp: Display: Loaded TP AndroidTargetPlatform
[2019.03.27-16.51.51:998][  0]LogTemp: Display: Loaded TP AndroidTargetPlatform
[2019.03.27-16.51.51:998][  0]LogTemp: Display: Loaded TP AndroidTargetPlatform
[2019.03.27-16.51.51:998][  0]LogTemp: Display: Loaded TP AndroidTargetPlatform
[2019.03.27-16.51.51:998][  0]LogTemp: Display: Loaded TP AndroidTargetPlatform
[2019.03.27-16.51.51:998][  0]LogTemp: Display: Loaded TP AndroidTargetPlatform
[2019.03.27-16.51.51:998][  0]LogTemp: Display: Loaded TP AndroidTargetPlatform
[2019.03.27-16.51.51:998][  0]LogTemp: Display: Loaded TP AndroidTargetPlatform
[2019.03.27-16.51.51:998][  0]LogTemp: Display: Loaded TP AndroidTargetPlatform
[2019.03.27-16.51.51:998][  0]LogTemp: Display: Loaded TP AndroidTargetPlatform
[2019.03.27-16.51.51:998][  0]LogTemp: Display: Loaded TP AndroidTargetPlatform
[2019.03.27-16.51.51:998][  0]LogTemp: Display: Loaded TP AndroidTargetPlatform
[2019.03.27-16.51.51:998][  0]LogTemp: Display: Loaded TP AndroidTargetPlatform
[2019.03.27-16.51.51:998][  0]LogTemp: Display: Loaded TP AndroidTargetPlatform
[2019.03.27-16.51.51:998][  0]LogTemp: Display: Loaded TP AndroidTargetPlatform
[2019.03.27-16.51.51:998][  0]LogTemp: Display: Loaded TP AndroidTargetPlatform
[2019.03.27-16.51.51:998][  0]LogTemp: Display: Loaded TP AndroidTargetPlatform
[2019.03.27-16.51.52:002][  0]LogTemp: Display: Loaded TP HTML5TargetPlatform
[2019.03.27-16.51.52:072][  0]LogTemp: Display: Loaded TP IOSTargetPlatform
[2019.03.27-16.51.52:072][  0]LogTemp: Display: Loaded TP IOSTargetPlatform
[2019.03.27-16.51.52:100][  0]LogTemp: Display: Loaded TP TVOSTargetPlatform
[2019.03.27-16.51.52:101][  0]LogTemp: Display: Loaded TP TVOSTargetPlatform
[2019.03.27-16.51.52:115][  0]LogTemp: Display: Loaded TP LinuxClientTargetPlatform
[2019.03.27-16.51.52:130][  0]LogTemp: Display: Loaded TP LinuxNoEditorTargetPlatform
[2019.03.27-16.51.52:144][  0]LogTemp: Display: Loaded TP LinuxServerTargetPlatform
[2019.03.27-16.51.52:160][  0]LogTemp: Display: Loaded TP LinuxTargetPlatform
[2019.03.27-16.51.52:211][  0]LogTemp: Display: Loaded TP LuminTargetPlatform
[2019.03.27-16.51.52:211][  0]LogTemp: Display: Loaded TP LuminTargetPlatform
[2019.03.27-16.51.52:211][  0]LogTargetPlatformManager: Display: Building Assets For Windows
[2019.03.27-16.51.52:310][  0]LogShaderCompilers: Guid format shader working directory is -34 characters bigger than the processId version (../../../../../../GitHub/WIZARD_WARS_4000/Wizard_Wars/Intermediate/Shaders/WorkingDirectory/19508/).
[2019.03.27-16.51.52:310][  0]LogShaderCompilers: Cleaned the shader compiler working directory 'E:/Temp/UnrealShaderWorkingDir/DF248C7F4FA02591F49F729642E77546/'.
[2019.03.27-16.51.52:312][  0]LogXGEController: Cannot use XGE Controller as Incredibuild is not installed on this machine.
[2019.03.27-16.51.52:312][  0]LogShaderCompilers: Cannot use XGE Shader Compiler as Incredibuild is not installed on this machine.
[2019.03.27-16.51.52:312][  0]LogShaderCompilers: Display: Using Local Shader Compiler.
[2019.03.27-16.51.52:907][  0]LogDerivedDataCache: Display: Max Cache Size: 512 MB
[2019.03.27-16.51.52:996][  0]LogDerivedDataCache: Loaded boot cache 0.09s 87MB C:/Users/Shuxing Li/AppData/Local/UnrealEngine/4.21/DerivedDataCache/Boot.ddc.
[2019.03.27-16.51.52:996][  0]LogDerivedDataCache: Display: Loaded Boot cache: C:/Users/Shuxing Li/AppData/Local/UnrealEngine/4.21/DerivedDataCache/Boot.ddc
[2019.03.27-16.51.52:996][  0]LogDerivedDataCache: FDerivedDataBackendGraph:  Pak pak cache file ../../../../../../GitHub/WIZARD_WARS_4000/Wizard_Wars/DerivedDataCache/DDC.ddp not found, will not use a pak cache.
[2019.03.27-16.51.52:996][  0]LogDerivedDataCache: Unable to find inner node Pak for hierarchical cache Hierarchy.
[2019.03.27-16.51.52:996][  0]LogDerivedDataCache: FDerivedDataBackendGraph:  CompressedPak pak cache file ../../../../../../GitHub/WIZARD_WARS_4000/Wizard_Wars/DerivedDataCache/Compressed.ddp not found, will not use a pak cache.
[2019.03.27-16.51.52:996][  0]LogDerivedDataCache: Unable to find inner node CompressedPak for hierarchical cache Hierarchy.
[2019.03.27-16.51.53:017][  0]LogDerivedDataCache: Display: Pak cache opened for reading ../../../Engine/DerivedDataCache/Compressed.ddp.
[2019.03.27-16.51.53:018][  0]LogDerivedDataCache: FDerivedDataBackendGraph:  EnterprisePak pak cache file ../../../Enterprise/DerivedDataCache/Compressed.ddp not found, will not use a pak cache.
[2019.03.27-16.51.53:018][  0]LogDerivedDataCache: Unable to find inner node EnterprisePak for hierarchical cache Hierarchy.
[2019.03.27-16.51.53:032][  0]LogDerivedDataCache: Using Local data cache path C:/Users/Shuxing Li/AppData/Local/UnrealEngine/Common/DerivedDataCache: Writable
[2019.03.27-16.51.53:032][  0]LogDerivedDataCache: Shared data cache path not found in *engine.ini, will not use an Shared cache.
[2019.03.27-16.51.53:032][  0]LogDerivedDataCache: Unable to find inner node Shared for hierarchical cache Hierarchy.
[2019.03.27-16.51.53:071][  0]LogMaterial: Verifying Global Shaders for PCD3D_SM5
[2019.03.27-16.51.53:074][  0]LogSlate: Using FreeType 2.6.0
[2019.03.27-16.51.53:076][  0]LogSlate: SlateFontServices - WITH_FREETYPE: 1, WITH_HARFBUZZ: 1
[2019.03.27-16.51.53:204][  0]LogAssetRegistry: FAssetRegistry took 0.0359 seconds to start up
[2019.03.27-16.51.53:622][  0]LogInit: Selected Device Profile: [Windows]
[2019.03.27-16.51.53:721][  0]LogSimplygon: Simplygon DLL not present - disabling.
[2019.03.27-16.51.53:728][  0]LogMeshReduction: Using SimplygonSwarm for distributed automatic mesh merging
[2019.03.27-16.51.53:728][  0]LogMeshReduction: Using ProxyLODMeshReduction for automatic mesh merging
[2019.03.27-16.51.53:728][  0]LogMeshReduction: Using QuadricMeshReduction for automatic static mesh reduction
[2019.03.27-16.51.53:728][  0]LogMeshReduction: No automatic skeletal mesh reduction module available
[2019.03.27-16.51.53:836][  0]LogNetVersion: Wizard_Wars 1.0.0, NetCL: 4541578, EngineNetVer: 5, GameNetVer: 0 (Checksum: 1501833635)
[2019.03.27-16.51.54:663][  0]LogPackageLocalizationCache: Processed 11 localized package path(s) for 4 prioritized culture(s) in 0.251806 seconds
[2019.03.27-16.51.54:671][  0]LogUObjectArray: 39775 objects as part of root set at end of initial load.
[2019.03.27-16.51.54:671][  0]LogUObjectAllocator: 6914656 out of 0 bytes used by permanent object pool.
[2019.03.27-16.51.54:671][  0]LogUObjectArray: CloseDisregardForGC: 0/0 objects in disregard for GC pool
[2019.03.27-16.51.55:830][  0]LogTcpMessaging: Initializing TcpMessaging bridge
[2019.03.27-16.51.55:845][  0]LogUdpMessaging: Initializing bridge on interface 0.0.0.0:0 to multicast group 230.0.0.1:6666.
[2019.03.27-16.51.56:844][  0]SourceControl: 源码管理已禁用
[2019.03.27-16.51.58:885][  0]LogAndroidPermission: UAndroidPermissionCallbackProxy::GetInstance
[2019.03.27-16.51.58:981][  0]LogOcInput: OculusInput pre-init called
[2019.03.27-16.51.59:130][  0]LogEngine: Initializing Engine...
[2019.03.27-16.51.59:132][  0]LogHMD: Failed to initialize OpenVR with code 110
[2019.03.27-16.51.59:133][  0]LogStats: UGameplayTagsManager::ConstructGameplayTagTree: ImportINI prefixes -  0.000 s
[2019.03.27-16.51.59:133][  0]LogStats: UGameplayTagsManager::ConstructGameplayTagTree: Construct from data asset -  0.000 s
[2019.03.27-16.51.59:134][  0]LogStats: UGameplayTagsManager::ConstructGameplayTagTree: ImportINI -  0.000 s
[2019.03.27-16.51.59:134][  0]LogStats: UGameplayTagsManager::ConstructGameplayTagTree: GameplayTagTreeChangedEvent.Broadcast -  0.000 s
[2019.03.27-16.51.59:413][  0]LogInit: Initializing FReadOnlyCVARCache
[2019.03.27-16.51.59:428][  0]LogAIModule: Creating AISystem for world Untitled
[2019.03.27-16.51.59:456][  0]LogInit: XAudio2 using '扬声器 (Realtek High Definition Audio)' : 2 channels at 48 kHz using 32 bits per sample (channel mask 0x3)
[2019.03.27-16.51.59:871][  0]LogInit: FAudioDevice initialized.
[2019.03.27-16.51.59:871][  0]LogNetVersion: Set ProjectVersion to 1.0.0.0. Version Checksum will be recalculated on next use.
[2019.03.27-16.52.00:001][  0]LogDerivedDataCache: Saved boot cache 0.13s 87MB C:/Users/Shuxing Li/AppData/Local/UnrealEngine/4.21/DerivedDataCache/Boot.ddc.
[2019.03.27-16.52.00:015][  0]LogInit: Texture streaming: Enabled
[2019.03.27-16.52.00:037][  0]LogEngineSessionManager: EngineSessionManager initialized
[2019.03.27-16.52.00:065][  0]LogInit: Transaction tracking system initialized
[2019.03.27-16.52.00:094][  0]BlueprintLog: New page: 编辑器加载
[2019.03.27-16.52.00:189][  0]LocalizationService: 本地化服务已禁用
[2019.03.27-16.52.00:815][  0]LogFileCache: Scanning file cache for directory 'D:/GitHub/WIZARD_WARS_4000/Wizard_Wars/Content/' took 0.04s
[2019.03.27-16.52.00:815][  0]LogCook: Display: Max memory allowance for cook 16384mb min free memory 0mb
[2019.03.27-16.52.00:815][  0]LogCook: Display: Mobile HDR setting 1
[2019.03.27-16.52.00:815][  0]LogGameplayTags: Display: UGameplayTagsManager::DoneAddingNativeTags. DelegateIsBound: 0
[2019.03.27-16.52.00:815][  0]LogStats: UGameplayTagsManager::ConstructGameplayTagTree: ImportINI prefixes -  0.000 s
[2019.03.27-16.52.00:815][  0]LogStats: UGameplayTagsManager::ConstructGameplayTagTree: Construct from data asset -  0.000 s
[2019.03.27-16.52.00:816][  0]LogStats: UGameplayTagsManager::ConstructGameplayTagTree: ImportINI -  0.000 s
[2019.03.27-16.52.00:816][  0]LogStats: UGameplayTagsManager::ConstructGameplayTagTree: GameplayTagTreeChangedEvent.Broadcast -  0.000 s
[2019.03.27-16.52.01:034][  0]Cmd: MAP LOAD FILE="../../../../../../GitHub/WIZARD_WARS_4000/Wizard_Wars/Content/ThirdPersonBP/Maps/ThirdPersonExampleMap.umap" TEMPLATE=0 SHOWPROGRESS=1 FEATURELEVEL=3
[2019.03.27-16.52.01:034][  0]LightingResults: New page: 光照构建
[2019.03.27-16.52.01:037][  0]MapCheck: New page: 地图检测
[2019.03.27-16.52.01:037][  0]LightingResults: New page: 光照构建
[2019.03.27-16.52.04:752][  0]LogAIModule: Creating AISystem for world ThirdPersonExampleMap
[2019.03.27-16.52.04:901][  0]LogEditorServer: Finished looking for orphan Actors (0.000 secs)
[2019.03.27-16.52.04:929][  0]Cmd: MAP CHECKDEP NOCLEARLOG
[2019.03.27-16.52.04:930][  0]MapCheck: 地图检测完成：0个错误，0 个警告，用时0.561毫秒完成。
[2019.03.27-16.52.04:930][  0]LogFileHelpers: Loading map 'ThirdPersonExampleMap' took 3.896
[2019.03.27-16.52.05:425][  0]LogSlate: Updating window title bar state: overlay mode, drag disabled, window buttons hidden, title bar hidden
[2019.03.27-16.52.05:434][  0]LogSlate: Updating window title bar state: overlay mode, drag disabled, window buttons hidden, title bar hidden
[2019.03.27-16.52.05:443][  0]LogSlate: Updating window title bar state: overlay mode, drag disabled, window buttons hidden, title bar hidden
[2019.03.27-16.52.05:452][  0]LogSlate: Updating window title bar state: overlay mode, drag disabled, window buttons hidden, title bar hidden
[2019.03.27-16.52.05:593][  0]LogCollectionManager: Loaded 0 collections in 0.001173 seconds
[2019.03.27-16.52.05:787][  0]LogFileCache: Scanning file cache for directory 'D:/GitHub/WIZARD_WARS_4000/Wizard_Wars/Saved/Collections/' took 0.01s
[2019.03.27-16.52.05:787][  0]LogFileCache: Scanning file cache for directory 'D:/GitHub/WIZARD_WARS_4000/Wizard_Wars/Content/Developers/ShuxingLi/Collections/' took 0.01s
[2019.03.27-16.52.05:787][  0]LogFileCache: Scanning file cache for directory 'D:/GitHub/WIZARD_WARS_4000/Wizard_Wars/Content/Collections/' took 0.01s
[2019.03.27-16.52.05:787][  0]LogCollectionManager: Rebuilt the GUID cache for 0 collections in 0.000000 seconds
[2019.03.27-16.52.05:798][  0]LogContentBrowser: Native class hierarchy populated in 0.0099 seconds. Added 2651 classes and 620 folders.
[2019.03.27-16.52.05:913][  0]LogContentBrowser: Native class hierarchy updated for 'WidgetCarousel' in 0.0004 seconds. Added 0 classes and 0 folders.
[2019.03.27-16.52.05:993][  0]LogPakFile: Registered encryption key '00000000000000000000000000000000': 0 pak files mounted, 0 remain pending
[2019.03.27-16.52.06:043][  0]LogPakFile: Registered encryption key '00000000000000000000000000000000': 0 pak files mounted, 0 remain pending
[2019.03.27-16.52.06:058][  0]LogPakFile: Registered encryption key '00000000000000000000000000000000': 0 pak files mounted, 0 remain pending
[2019.03.27-16.52.06:108][  0]LogPakFile: Registered encryption key '00000000000000000000000000000000': 0 pak files mounted, 0 remain pending
[2019.03.27-16.52.06:116][  0]LogPakFile: Registered encryption key '00000000000000000000000000000000': 0 pak files mounted, 0 remain pending
[2019.03.27-16.52.06:130][  0]LogPakFile: Registered encryption key '00000000000000000000000000000000': 0 pak files mounted, 0 remain pending
[2019.03.27-16.52.06:155][  0]LogPakFile: Registered encryption key '00000000000000000000000000000000': 0 pak files mounted, 0 remain pending
[2019.03.27-16.52.06:182][  0]LogPakFile: Registered encryption key '00000000000000000000000000000000': 0 pak files mounted, 0 remain pending
[2019.03.27-16.52.06:197][  0]LogPakFile: Registered encryption key '00000000000000000000000000000000': 0 pak files mounted, 0 remain pending
[2019.03.27-16.52.06:210][  0]LogPakFile: Registered encryption key '00000000000000000000000000000000': 0 pak files mounted, 0 remain pending
[2019.03.27-16.52.06:225][  0]LogPakFile: Registered encryption key '00000000000000000000000000000000': 0 pak files mounted, 0 remain pending
[2019.03.27-16.52.06:240][  0]LogPakFile: Registered encryption key '00000000000000000000000000000000': 0 pak files mounted, 0 remain pending
[2019.03.27-16.52.06:252][  0]LogPakFile: Registered encryption key '00000000000000000000000000000000': 0 pak files mounted, 0 remain pending
[2019.03.27-16.52.06:254][  0]LogPakFile: Registered encryption key '00000000000000000000000000000000': 0 pak files mounted, 0 remain pending
[2019.03.27-16.52.06:264][  0]LogPakFile: Registered encryption key '00000000000000000000000000000000': 0 pak files mounted, 0 remain pending
[2019.03.27-16.52.06:272][  0]LogPakFile: Registered encryption key '00000000000000000000000000000000': 0 pak files mounted, 0 remain pending
[2019.03.27-16.52.06:274][  0]LogPakFile: Registered encryption key '00000000000000000000000000000000': 0 pak files mounted, 0 remain pending
[2019.03.27-16.52.06:276][  0]LogPakFile: Registered encryption key '00000000000000000000000000000000': 0 pak files mounted, 0 remain pending
[2019.03.27-16.52.06:287][  0]LogPakFile: Registered encryption key '00000000000000000000000000000000': 0 pak files mounted, 0 remain pending
[2019.03.27-16.52.06:295][  0]LogPakFile: Registered encryption key '00000000000000000000000000000000': 0 pak files mounted, 0 remain pending
[2019.03.27-16.52.06:306][  0]LogPakFile: Registered encryption key '00000000000000000000000000000000': 0 pak files mounted, 0 remain pending
[2019.03.27-16.52.06:308][  0]LogPakFile: Registered encryption key '00000000000000000000000000000000': 0 pak files mounted, 0 remain pending
[2019.03.27-16.52.06:310][  0]LogPakFile: Registered encryption key '00000000000000000000000000000000': 0 pak files mounted, 0 remain pending
[2019.03.27-16.52.06:326][  0]LogPakFile: Registered encryption key '00000000000000000000000000000000': 0 pak files mounted, 0 remain pending
[2019.03.27-16.52.06:338][  0]LogPakFile: Registered encryption key '00000000000000000000000000000000': 0 pak files mounted, 0 remain pending
[2019.03.27-16.52.06:341][  0]LogPakFile: Registered encryption key '00000000000000000000000000000000': 0 pak files mounted, 0 remain pending
[2019.03.27-16.52.07:079][  0]LogContentBrowser: Native class hierarchy updated for 'AddContentDialog' in 0.0010 seconds. Added 0 classes and 0 folders.
[2019.03.27-16.52.07:134][  0]LogContentBrowser: Native class hierarchy updated for 'SceneOutliner' in 0.0005 seconds. Added 1 classes and 2 folders.
[2019.03.27-16.52.07:588][  0]LogSlate: Took 0.000382 seconds to synchronously load lazily loaded font '../../../Engine/Content/Slate/Fonts/Roboto-Regular.ttf' (155K)
[2019.03.27-16.52.07:593][  0]LogSlate: Took 0.002993 seconds to synchronously load lazily loaded font '../../../Engine/Content/Slate/Fonts/DroidSansFallback.ttf' (3848K)
[2019.03.27-16.52.07:594][  0]LogSlate: Took 0.000324 seconds to synchronously load lazily loaded font '../../../Engine/Content/Slate/Fonts/Roboto-Bold.ttf' (160K)
[2019.03.27-16.52.07:632][  0]LogSlate: Took 0.009324 seconds to synchronously load lazily loaded font '../../../Engine/Content/Editor/Slate/Fonts/FontAwesome.ttf' (139K)
[2019.03.27-16.52.08:165][  0]LogRenderer: Reallocating scene render targets to support 1060x576 Format 10 NumSamples 1 (Frame:1).
[2019.03.27-16.52.08:735][  0]LogContentBrowser: Native class hierarchy updated for 'HierarchicalLODOutliner' in 0.0004 seconds. Added 0 classes and 0 folders.
[2019.03.27-16.52.08:735][  0]LogLoad: (Engine Initialization) Total time: 22.33 seconds
[2019.03.27-16.52.08:735][  0]LogLoad: (Engine Initialization) Total Blueprint compile time: 0.00 seconds
[2019.03.27-16.52.08:889][  0]LogContentStreaming: Texture pool size now 1000 MB
[2019.03.27-16.52.09:280][  2]LogAssetRegistry: Asset discovery search completed in 16.0997 seconds
[2019.03.27-16.52.09:283][  2]LogCollectionManager: Rebuilt the object cache for 0 collections in 0.000000 seconds (found 0 objects)
[2019.03.27-16.52.09:283][  2]LogCollectionManager: Fixed up redirectors for 0 collections in 0.000092 seconds (updated 0 objects)
[2019.03.27-16.52.13:315][ 14]LogSlate: Took 0.023077 seconds to synchronously load lazily loaded font '../../../Engine/Content/Slate/Fonts/Roboto-Light.ttf' (167K)
[2019.03.27-16.53.10:948][241]LogEditorViewport: Clicking on Actor (LMB): StaticMeshActor (Floor)
[2019.03.27-16.53.12:143][242]LogSlate: Took 0.022199 seconds to synchronously load lazily loaded font '../../../Engine/Content/Slate/Fonts/Roboto-Italic.ttf' (157K)
[2019.03.27-16.53.12:844][265]LogSlate: FSceneViewport::OnFocusLost() reason 0
[2019.03.27-16.53.27:833][ 61]LogSlate: Took 0.000281 seconds to synchronously load lazily loaded font '../../../Engine/Content/Slate/Fonts/Roboto-Light.ttf' (167K)
[2019.03.27-16.53.27:861][ 61]LogAssetEditorManager: Opening Asset editor for UserDefinedStruct /Game/ThirdPersonBP/DataStructures/SpellCombinations.SpellCombinations
[2019.03.27-16.53.33:139][308]LogSlate: Took 0.022109 seconds to synchronously load lazily loaded font '../../../Engine/Content/Slate/Fonts/Roboto-BoldCondensedItalic.ttf' (160K)
[2019.03.27-16.54.07:165][276]LogSlate: Window 'SpellCombinations*' being destroyed
[2019.03.27-16.54.12:506][427]LogSlate: Window 'Delete Assets' being destroyed
[2019.03.27-16.54.25:076][132]LogAssetEditorManager: Opening Asset editor for UserDefinedEnum /Game/ThirdPersonBP/DataStructures/SpellsEnum.SpellsEnum
[2019.03.27-16.58.19:571][251]LogSlate: Window 'SpellsEnum*' being destroyed
[2019.03.27-16.58.19:579][251]LogSlate: Window 'SpellsEnum*' being destroyed
[2019.03.27-16.58.20:339][273]Cmd: OBJ SAVEPACKAGE PACKAGE="/Game/ThirdPersonBP/DataStructures/SpellsEnum" FILE="../../../../../../GitHub/WIZARD_WARS_4000/Wizard_Wars/Content/ThirdPersonBP/DataStructures/SpellsEnum.uasset" SILENT=true
[2019.03.27-16.58.20:422][273]LogSavePackage: Moving '../../../../../../GitHub/WIZARD_WARS_4000/Wizard_Wars/Saved/SpellsEnum7811CAB947606E7873628DBA141DD3C6.tmp' to '../../../../../../GitHub/WIZARD_WARS_4000/Wizard_Wars/Content/ThirdPersonBP/DataStructures/SpellsEnum.uasset'
[2019.03.27-16.58.31:926][915]LogAssetEditorManager: Opening Asset editor for UserDefinedStruct /Game/ThirdPersonBP/DataStructures/AllSpells.AllSpells
[2019.03.27-16.58.49:272][924]LogSlate: Window 'AllSpells*' being destroyed
[2019.03.27-16.58.49:279][924]LogSlate: Window 'AllSpells*' being destroyed
[2019.03.27-16.58.53:577][107]LogSlate: Window 'Delete Assets' being destroyed
[2019.03.27-16.58.54:214][107]SourceControl: rm 'Wizard_Wars/Content/ThirdPersonBP/DataStructures/Spells.uasset'
[2019.03.27-16.58.55:290][171]LogAssetEditorManager: Opening Asset editor for UserDefinedEnum /Game/ThirdPersonBP/DataStructures/SpellsEnum.SpellsEnum
[2019.03.27-16.59.06:415][796]Cmd: OBJ SAVEPACKAGE PACKAGE="/Game/ThirdPersonBP/DataStructures/SpellsEnum" FILE="../../../../../../GitHub/WIZARD_WARS_4000/Wizard_Wars/Content/ThirdPersonBP/DataStructures/SpellsEnum.uasset" SILENT=true
[2019.03.27-16.59.06:464][796]LogSavePackage: Moving '../../../../../../GitHub/WIZARD_WARS_4000/Wizard_Wars/Saved/SpellsEnumA15743EE452CAFDBC6D41BA44E0A4FAA.tmp' to '../../../../../../GitHub/WIZARD_WARS_4000/Wizard_Wars/Content/ThirdPersonBP/DataStructures/SpellsEnum.uasset'
[2019.03.27-16.59.07:234][840]LogSlate: Window 'SpellsEnum' being destroyed
[2019.03.27-16.59.07:242][840]LogSlate: Window 'SpellsEnum' being destroyed
[2019.03.27-17.01.15:949][990]LogAssetEditorManager: Opening Asset editor for UserDefinedStruct /Game/ThirdPersonBP/DataStructures/SpellCombinations.SpellCombinations
[2019.03.27-17.01.20:263][236]LogAssetEditorManager: Opening Asset editor for UserDefinedEnum /Game/ThirdPersonBP/DataStructures/SpellsEnum.SpellsEnum
[2019.03.27-17.01.42:261][507]LogSlate: Window 'SpellsEnum*' being destroyed
[2019.03.27-17.01.42:270][507]LogSlate: Window 'SpellsEnum*' being destroyed
[2019.03.27-17.01.43:709][578]Cmd: OBJ SAVEPACKAGE PACKAGE="/Game/ThirdPersonBP/DataStructures/SpellsEnum" FILE="../../../../../../GitHub/WIZARD_WARS_4000/Wizard_Wars/Content/ThirdPersonBP/DataStructures/SpellsEnum.uasset" SILENT=true
[2019.03.27-17.01.43:715][578]LogSavePackage: Moving '../../../../../../GitHub/WIZARD_WARS_4000/Wizard_Wars/Saved/SpellsEnum2D0677A747739DFCB36021AE757D9898.tmp' to '../../../../../../GitHub/WIZARD_WARS_4000/Wizard_Wars/Content/ThirdPersonBP/DataStructures/SpellsEnum.uasset'
[2019.03.27-17.01.44:203][604]LogAssetEditorManager: Opening Asset editor for UserDefinedStruct /Game/ThirdPersonBP/DataStructures/SpellCombinations.SpellCombinations
[2019.03.27-17.02.15:234][396]LogSavePackage: Moving '../../../../../../GitHub/WIZARD_WARS_4000/Wizard_Wars/Saved/SpellCombinations136DC74C4C6CA3BB73C59CA30E022C25.tmp' to '../../../../../../GitHub/WIZARD_WARS_4000/Wizard_Wars/Content/ThirdPersonBP/DataStructures/SpellCombinations.uasset'
[2019.03.27-17.02.16:883][473]LogSlate: Window 'SpellCombinations' being destroyed
[2019.03.27-17.02.16:891][473]LogSlate: Window 'SpellCombinations' being destroyed
[2019.03.27-17.02.18:139][546]LogAssetEditorManager: Opening Asset editor for UserDefinedEnum /Game/ThirdPersonBP/DataStructures/SpellsEnum.SpellsEnum
[2019.03.27-17.02.36:571][592]Cmd: OBJ SAVEPACKAGE PACKAGE="/Game/ThirdPersonBP/DataStructures/SpellsEnum" FILE="../../../../../../GitHub/WIZARD_WARS_4000/Wizard_Wars/Content/ThirdPersonBP/DataStructures/SpellsEnum.uasset" SILENT=true
[2019.03.27-17.02.36:595][592]LogSavePackage: Moving '../../../../../../GitHub/WIZARD_WARS_4000/Wizard_Wars/Saved/SpellsEnum78D5A09F4501325BD2CC59BE539C31E3.tmp' to '../../../../../../GitHub/WIZARD_WARS_4000/Wizard_Wars/Content/ThirdPersonBP/DataStructures/SpellsEnum.uasset'
[2019.03.27-17.02.37:871][665]LogSlate: Window 'SpellsEnum' being destroyed
[2019.03.27-17.02.37:882][665]LogSlate: Window 'SpellsEnum' being destroyed
[2019.03.27-17.02.39:125][738]LogAssetEditorManager: Opening Asset editor for UserDefinedStruct /Game/ThirdPersonBP/DataStructures/SpellCombinations.SpellCombinations
[2019.03.27-17.02.42:709][927]LogSavePackage: Moving '../../../../../../GitHub/WIZARD_WARS_4000/Wizard_Wars/Saved/SpellCombinations1237F2794E7EBB06E64A948A8AC71600.tmp' to '../../../../../../GitHub/WIZARD_WARS_4000/Wizard_Wars/Content/ThirdPersonBP/DataStructures/SpellCombinations.uasset'
[2019.03.27-17.02.49:522][313]LogSavePackage: Moving '../../../../../../GitHub/WIZARD_WARS_4000/Wizard_Wars/Saved/SpellCombinations7018D1D7440F23D6A9A9F8BCA91E2489.tmp' to '../../../../../../GitHub/WIZARD_WARS_4000/Wizard_Wars/Content/ThirdPersonBP/DataStructures/SpellCombinations.uasset'
[2019.03.27-17.02.50:374][362]LogSlate: Window 'SpellCombinations' being destroyed
[2019.03.27-17.02.50:381][362]LogSlate: Window 'SpellCombinations' being destroyed
[2019.03.27-17.04.14:084][502]LogFileHelpers: Editor autosave (incl. sublevels) for '/Game/ThirdPersonBP/Maps/ThirdPersonExampleMap' took 0.029
[2019.03.27-17.04.14:114][502]OBJ SavePackage: Generating thumbnails for [0] asset(s) in package [/Game/ThirdPersonBP/SpellCombinationMenu/Widget/NewWidgetBlueprint] ([1] browsable assets)...
[2019.03.27-17.04.14:114][502]OBJ SavePackage: Finished generating thumbnails for package [/Game/ThirdPersonBP/SpellCombinationMenu/Widget/NewWidgetBlueprint]
[2019.03.27-17.04.14:157][502]LogSavePackage: Moving '../../../../../../GitHub/WIZARD_WARS_4000/Wizard_Wars/Saved/NewWidgetBlueprint_Auto132ABE6CB4667295B6B1CBC80F2ECA442.tmp' to '../../../../../../GitHub/WIZARD_WARS_4000/Wizard_Wars/Saved/Autosaves/Game/ThirdPersonBP/SpellCombinationMenu/Widget/NewWidgetBlueprint_Auto1.uasset'
[2019.03.27-17.04.14:161][502]LogFileHelpers: Auto-saving content packages took 0.076
[2019.03.27-17.04.52:476][221]LogMetaData: Removing '/Game/ThirdPersonBP/SpellCombinationMenu/Widget/SpellCombinationUI.SKEL_SpellCombinationUI_C' ref from Metadata '/Game/ThirdPersonBP/SpellCombinationMenu/Widget/NewWidgetBlueprint.PackageMetaData'
[2019.03.27-17.04.52:476][221]LogMetaData: Removing '/Game/ThirdPersonBP/SpellCombinationMenu/Widget/SpellCombinationUI.SpellCombinationUI_C' ref from Metadata '/Game/ThirdPersonBP/SpellCombinationMenu/Widget/NewWidgetBlueprint.PackageMetaData'
[2019.03.27-17.04.52:476][221]LogMetaData: Removing '/Game/ThirdPersonBP/SpellCombinationMenu/Widget/SpellCombinationUI.SpellCombinationUI:EventGraph.K2Node_Event_0' ref from Metadata '/Game/ThirdPersonBP/SpellCombinationMenu/Widget/NewWidgetBlueprint.PackageMetaData'
[2019.03.27-17.04.52:477][221]LogMetaData: Removing '/Game/ThirdPersonBP/SpellCombinationMenu/Widget/SpellCombinationUI.SpellCombinationUI:EventGraph.K2Node_Event_1' ref from Metadata '/Game/ThirdPersonBP/SpellCombinationMenu/Widget/NewWidgetBlueprint.PackageMetaData'
[2019.03.27-17.04.52:477][221]LogMetaData: Removing '/Game/ThirdPersonBP/SpellCombinationMenu/Widget/SpellCombinationUI.SpellCombinationUI:EventGraph.K2Node_Event_2' ref from Metadata '/Game/ThirdPersonBP/SpellCombinationMenu/Widget/NewWidgetBlueprint.PackageMetaData'
[2019.03.27-17.04.52:543][221]LogSavePackage: Moving '../../../../../../GitHub/WIZARD_WARS_4000/Wizard_Wars/Saved/SpellCombinationUIAED9BA8648C2BDEF706AB68114C93E55.tmp' to '../../../../../../GitHub/WIZARD_WARS_4000/Wizard_Wars/Content/ThirdPersonBP/SpellCombinationMenu/Widget/SpellCombinationUI.uasset'
[2019.03.27-17.04.59:332][525]LogMetaData: Removing '/Game/ThirdPersonBP/SpellCombinationMenu/Widget/SpellCombinationWidget.SpellCombinationWidget_C' ref from Metadata '/Game/ThirdPersonBP/SpellCombinationMenu/Widget/SpellCombinationUI.PackageMetaData'
[2019.03.27-17.04.59:332][525]LogMetaData: Removing '/Game/ThirdPersonBP/SpellCombinationMenu/Widget/SpellCombinationWidget.SKEL_SpellCombinationWidget_C' ref from Metadata '/Game/ThirdPersonBP/SpellCombinationMenu/Widget/SpellCombinationUI.PackageMetaData'
[2019.03.27-17.04.59:332][525]LogMetaData: Removing '/Game/ThirdPersonBP/SpellCombinationMenu/Widget/SpellCombinationWidget.SpellCombinationWidget:EventGraph.K2Node_Event_0' ref from Metadata '/Game/ThirdPersonBP/SpellCombinationMenu/Widget/SpellCombinationUI.PackageMetaData'
[2019.03.27-17.04.59:332][525]LogMetaData: Removing '/Game/ThirdPersonBP/SpellCombinationMenu/Widget/SpellCombinationWidget.SpellCombinationWidget:EventGraph.K2Node_Event_1' ref from Metadata '/Game/ThirdPersonBP/SpellCombinationMenu/Widget/SpellCombinationUI.PackageMetaData'
[2019.03.27-17.04.59:332][525]LogMetaData: Removing '/Game/ThirdPersonBP/SpellCombinationMenu/Widget/SpellCombinationWidget.SpellCombinationWidget:EventGraph.K2Node_Event_2' ref from Metadata '/Game/ThirdPersonBP/SpellCombinationMenu/Widget/SpellCombinationUI.PackageMetaData'
[2019.03.27-17.04.59:368][525]LogSavePackage: Moving '../../../../../../GitHub/WIZARD_WARS_4000/Wizard_Wars/Saved/SpellCombinationWidget56A338B54A63ADF479E350BC205E45FA.tmp' to '../../../../../../GitHub/WIZARD_WARS_4000/Wizard_Wars/Content/ThirdPersonBP/SpellCombinationMenu/Widget/SpellCombinationWidget.uasset'
[2019.03.27-17.05.00:465][525]SourceControl: rm 'Wizard_Wars/Content/ThirdPersonBP/SpellCombinationMenu/Widget/SpellCombinationUI.uasset'
[2019.03.27-17.05.01:022][556]LogAssetEditorManager: Opening Asset editor for WidgetBlueprint /Game/ThirdPersonBP/SpellCombinationMenu/Widget/SpellCombinationWidget.SpellCombinationWidget
[2019.03.27-17.05.02:303][556]LogContentBrowser: Native class hierarchy updated for 'BlueprintGraph' in 0.0007 seconds. Added 117 classes and 0 folders.
[2019.03.27-17.05.04:673][556]LogSlate: Took 0.028582 seconds to synchronously load lazily loaded font '../../../Engine/Content/Slate/Fonts/Roboto-BoldCondensed.ttf' (158K)
[2019.03.27-17.05.57:087][ 68]Cmd: TRANSACTION UNDO
[2019.03.27-17.05.57:087][ 68]LogEditorTransaction: Undo 插入子项
[2019.03.27-17.06.39:351][884]LogSavePackage: Moving '../../../../../../GitHub/WIZARD_WARS_4000/Wizard_Wars/Saved/ThirdPersonExampleMap1C5A5A034F1AA575D92040A1445550EB.tmp' to '../../../../../../GitHub/WIZARD_WARS_4000/Wizard_Wars/Content/ThirdPersonBP/Maps/ThirdPersonExampleMap.umap'
[2019.03.27-17.06.39:801][884]LogSavePackage: Moving '../../../../../../GitHub/WIZARD_WARS_4000/Wizard_Wars/Saved/ThirdPersonExampleMap_BuiltData49DA123B4E571BA5D628238141BD92AD.tmp' to '../../../../../../GitHub/WIZARD_WARS_4000/Wizard_Wars/Content/ThirdPersonBP/Maps/ThirdPersonExampleMap_BuiltData.uasset'
[2019.03.27-17.06.58:693][489]Cmd: TRANSACTION UNDO
[2019.03.27-17.06.58:693][489]LogEditorTransaction: Undo 编辑Size
[2019.03.27-17.07.00:577][553]Cmd: TRANSACTION UNDO
[2019.03.27-17.07.00:577][553]LogEditorTransaction: Undo 编辑Size
[2019.03.27-17.07.19:919][315]LogSlate: Window 'SpellCombinationWidget*' being destroyed
[2019.03.27-17.07.19:929][315]LogSlate: Window 'SpellCombinationWidget*' being destroyed
[2019.03.27-17.07.22:682][445]LogSavePackage: Moving '../../../../../../GitHub/WIZARD_WARS_4000/Wizard_Wars/Saved/SpellCombinationWidget90D76C1A421FFEA1CBC923BE166C78F8.tmp' to '../../../../../../GitHub/WIZARD_WARS_4000/Wizard_Wars/Content/ThirdPersonBP/SpellCombinationMenu/Widget/SpellCombinationWidget.uasset'
[2019.03.27-17.07.22:904][457]LogAssetEditorManager: Opening Asset editor for WidgetBlueprint /Game/ThirdPersonBP/SpellCombinationMenu/Widget/SpellCombinationWidget.SpellCombinationWidget
[2019.03.27-17.07.26:792][540]LogTemp: Repeating last play command: 选中的视口
[2019.03.27-17.07.26:832][540]LogBlueprintUserMessages: Early PlayInEditor Detection: Level '/Game/ThirdPersonBP/Maps/ThirdPersonExampleMap.ThirdPersonExampleMap:PersistentLevel' has LevelScriptBlueprint '/Game/ThirdPersonBP/Maps/ThirdPersonExampleMap.ThirdPersonExampleMap:PersistentLevel.ThirdPersonExampleMap' with GeneratedClass '/Game/ThirdPersonBP/Maps/ThirdPersonExampleMap.ThirdPersonExampleMap_C' with ClassGeneratedBy '/Game/ThirdPersonBP/Maps/ThirdPersonExampleMap.ThirdPersonExampleMap:PersistentLevel.ThirdPersonExampleMap'
[2019.03.27-17.07.26:861][540]BlueprintLog: New page: 运行前自动重新编译
[2019.03.27-17.07.26:862][540]LogPlayLevel: [PlayLevel] Compiling SpellCombinationWidget before play...
[2019.03.27-17.07.27:397][540]LogPlayLevel: PlayLevel: Blueprint regeneration took 536 ms (1 blueprints)
[2019.03.27-17.07.27:484][540]PIE: New page: PIE会话: ThirdPersonExampleMap (2019年3月27日 上午9:07:27)
[2019.03.27-17.07.27:567][540]LogPlayLevel: Creating play world package: /Game/ThirdPersonBP/Maps/UEDPIE_0_ThirdPersonExampleMap
[2019.03.27-17.07.27:599][540]LogPlayLevel: PIE: StaticDuplicateObject took: (0.031391s)
[2019.03.27-17.07.27:599][540]LogAIModule: Creating AISystem for world ThirdPersonExampleMap
[2019.03.27-17.07.27:608][540]LogPlayLevel: PIE: World Init took: (0.009726s)
[2019.03.27-17.07.27:609][540]LogPlayLevel: PIE: Created PIE world by copying editor world from /Game/ThirdPersonBP/Maps/ThirdPersonExampleMap.ThirdPersonExampleMap to /Game/ThirdPersonBP/Maps/UEDPIE_0_ThirdPersonExampleMap.ThirdPersonExampleMap (0.042544s)
[2019.03.27-17.07.27:675][540]LogInit: XAudio2 using '扬声器 (Realtek High Definition Audio)' : 2 channels at 48 kHz using 32 bits per sample (channel mask 0x3)
[2019.03.27-17.07.27:831][540]LogInit: FAudioDevice initialized.
[2019.03.27-17.07.27:918][540]LogLoad: Game class is 'MenuGameMode_C'
[2019.03.27-17.07.27:929][540]LogWorld: Bringing World /Game/ThirdPersonBP/Maps/UEDPIE_0_ThirdPersonExampleMap.ThirdPersonExampleMap up for play (max tick rate 60) at 2019.03.27-13.07.27
[2019.03.27-17.07.27:948][540]LogWorld: Bringing up level for play took: 0.028291
[2019.03.27-17.07.28:126][540]LogContentBrowser: Native class hierarchy updated for 'MovieSceneCapture' in 0.0005 seconds. Added 20 classes and 0 folders.
[2019.03.27-17.07.28:165][540]PIE: /Game/ThirdPersonBP/Maps/UEDPIE_0_ThirdPersonExampleMap的‘在编辑器中播放’的起始时间1.215
[2019.03.27-17.07.28:165][540]LogBlueprintUserMessages: Late PlayInEditor Detection: Level '/Game/ThirdPersonBP/Maps/ThirdPersonExampleMap.ThirdPersonExampleMap:PersistentLevel' has LevelScriptBlueprint '/Game/ThirdPersonBP/Maps/ThirdPersonExampleMap.ThirdPersonExampleMap:PersistentLevel.ThirdPersonExampleMap' with GeneratedClass '/Game/ThirdPersonBP/Maps/ThirdPersonExampleMap.ThirdPersonExampleMap_C' with ClassGeneratedBy '/Game/ThirdPersonBP/Maps/ThirdPersonExampleMap.ThirdPersonExampleMap:PersistentLevel.ThirdPersonExampleMap'
[2019.03.27-17.07.31:537][669]LogSlate: FSceneViewport::OnFocusLost() reason 2
[2019.03.27-17.07.36:407][859]LogBlueprintUserMessages: Early EndPlayMap Detection: Level '/Game/ThirdPersonBP/Maps/ThirdPersonExampleMap.ThirdPersonExampleMap:PersistentLevel' has LevelScriptBlueprint '/Game/ThirdPersonBP/Maps/ThirdPersonExampleMap.ThirdPersonExampleMap:PersistentLevel.ThirdPersonExampleMap' with GeneratedClass '/Game/ThirdPersonBP/Maps/ThirdPersonExampleMap.ThirdPersonExampleMap_C' with ClassGeneratedBy '/Game/ThirdPersonBP/Maps/ThirdPersonExampleMap.ThirdPersonExampleMap:PersistentLevel.ThirdPersonExampleMap'
[2019.03.27-17.07.36:419][859]LogSlate: Updating window title bar state: overlay mode, drag disabled, window buttons hidden, title bar hidden
[2019.03.27-17.07.36:526][859]LogPlayLevel: Display: Shutting down PIE online subsystems
[2019.03.27-17.07.36:535][859]LogBlueprintUserMessages: Late EndPlayMap Detection: Level '/Game/ThirdPersonBP/Maps/ThirdPersonExampleMap.ThirdPersonExampleMap:PersistentLevel' has LevelScriptBlueprint '/Game/ThirdPersonBP/Maps/ThirdPersonExampleMap.ThirdPersonExampleMap:PersistentLevel.ThirdPersonExampleMap' with GeneratedClass '/Game/ThirdPersonBP/Maps/ThirdPersonExampleMap.ThirdPersonExampleMap_C' with ClassGeneratedBy '/Game/ThirdPersonBP/Maps/ThirdPersonExampleMap.ThirdPersonExampleMap:PersistentLevel.ThirdPersonExampleMap'
[2019.03.27-17.07.36:569][859]LogSlate: Updating window title bar state: overlay mode, drag disabled, window buttons hidden, title bar hidden
[2019.03.27-17.07.36:604][860]LogPlayLevel: Display: Destroying online subsystem :Context_8
[2019.03.27-17.08.09:178][320]LogUObjectHash: Warning: Ambiguous search, could be HorizontalBox /Game/ThirdPersonBP/SpellCombinationMenu/Widget/SpellCombinationWidget.SpellCombinationWidget:WidgetTree.HorizontalBox_121 or HorizontalBox /Engine/Transient.World_6:SpellCombinationWidget_C_6.WidgetTree_0.HorizontalBox_121
[2019.03.27-17.08.09:178][320]LogUObjectHash: Warning: Ambiguous search, could be HorizontalBox /Game/ThirdPersonBP/SpellCombinationMenu/Widget/SpellCombinationWidget.SpellCombinationWidget:WidgetTree.HorizontalBox_121 or HorizontalBox /Engine/Transient.World_6:SpellCombinationWidget_C_7.WidgetTree_0.HorizontalBox_121
[2019.03.27-17.08.09:178][320]LogUObjectHash: Warning: Ambiguous search, could be HorizontalBox /Game/ThirdPersonBP/SpellCombinationMenu/Widget/SpellCombinationWidget.SpellCombinationWidget:WidgetTree.HorizontalBox_121 or HorizontalBox /Engine/Transient.World_6:SpellCombinationWidget_C_8.WidgetTree_0.HorizontalBox_121
[2019.03.27-17.08.09:178][320]LogProperty: Warning: Illegal TEXT reference to a private object in external package (HorizontalBoxSlot /Game/ThirdPersonBP/SpellCombinationMenu/Widget/SpellCombinationWidget.SpellCombinationWidget:WidgetTree.HorizontalBox_121.HorizontalBoxSlot_0) from referencer (ComboBoxString /Engine/UMG/Editor/Transient.ComboBoxString_30).  Import failed...
[2019.03.27-17.08.09:178][320]LogProperty: Warning: ObjectProperty /Script/UMG.Widget:Slot: unresolved reference to 'HorizontalBoxSlot'"HorizontalBox_121.HorizontalBoxSlot_0"''
[2019.03.27-17.08.09:724][326]SourceControl: fatal: D:/Program Files/Epic Games/UE_4.21/Engine/Content/UMG/Editor: 'D:/Program Files/Epic Games/UE_4.21/Engine/Content/UMG/Editor' is outside repository
[2019.03.27-17.10.23:195][914]LogSavePackage: Moving '../../../../../../GitHub/WIZARD_WARS_4000/Wizard_Wars/Saved/SpellCombinationWidgetDC3E69894B3CD817AD1C85AEF365E707.tmp' to '../../../../../../GitHub/WIZARD_WARS_4000/Wizard_Wars/Content/ThirdPersonBP/SpellCombinationMenu/Widget/SpellCombinationWidget.uasset'
[2019.03.27-17.10.37:589][723]LogAssetEditorManager: Opening Asset editor for Blueprint /Game/ThirdPersonBP/Blueprints/ThirdPersonCharacter.ThirdPersonCharacter
[2019.03.27-17.13.37:244][733]LogSavePackage: Moving '../../../../../../GitHub/WIZARD_WARS_4000/Wizard_Wars/Saved/ThirdPersonCharacterA7F3D18F4D6A6CD7F5CAC5A4DE6A3FAB.tmp' to '../../../../../../GitHub/WIZARD_WARS_4000/Wizard_Wars/Content/ThirdPersonBP/Blueprints/ThirdPersonCharacter.uasset'
[2019.03.27-17.14.42:720][150]LogSavePackage: Moving '../../../../../../GitHub/WIZARD_WARS_4000/Wizard_Wars/Saved/ThirdPersonCharacter136F352D4BBD7C92E8642D91D56B8C1C.tmp' to '../../../../../../GitHub/WIZARD_WARS_4000/Wizard_Wars/Content/ThirdPersonBP/Blueprints/ThirdPersonCharacter.uasset'
[2019.03.27-17.15.09:652][400]LogSlate: Window 'ThirdPersonCharacter' being destroyed
[2019.03.27-17.15.09:658][400]LogSlate: Window 'ThirdPersonCharacter' being destroyed
[2019.03.27-17.15.11:240][456]LogSavePackage: Moving '../../../../../../GitHub/WIZARD_WARS_4000/Wizard_Wars/Saved/ThirdPersonExampleMap21704D8C47ED50FAD51155B58AEA77CA.tmp' to '../../../../../../GitHub/WIZARD_WARS_4000/Wizard_Wars/Content/ThirdPersonBP/Maps/ThirdPersonExampleMap.umap'
[2019.03.27-17.15.11:600][456]LogSavePackage: Moving '../../../../../../GitHub/WIZARD_WARS_4000/Wizard_Wars/Saved/ThirdPersonExampleMap_BuiltData9E8C19794B5F8A75E6EA949E04A81428.tmp' to '../../../../../../GitHub/WIZARD_WARS_4000/Wizard_Wars/Content/ThirdPersonBP/Maps/ThirdPersonExampleMap_BuiltData.uasset'
[2019.03.27-17.15.18:479][867]LogAssetEditorManager: Opening Asset editor for WidgetBlueprint /Game/ThirdPersonBP/SpellCombinationMenu/Widget/SpellCombinationWidget.SpellCombinationWidget
[2019.03.27-17.16.17:148][434]LogSavePackage: Moving '../../../../../../GitHub/WIZARD_WARS_4000/Wizard_Wars/Saved/SpellCombinationWidget71D8588841408151D69F15BA63AB0795.tmp' to '../../../../../../GitHub/WIZARD_WARS_4000/Wizard_Wars/Content/ThirdPersonBP/SpellCombinationMenu/Widget/SpellCombinationWidget.uasset'
[2019.03.27-17.17.00:988][167]LogSavePackage: Moving '../../../../../../GitHub/WIZARD_WARS_4000/Wizard_Wars/Saved/SpellCombinationWidgetA7137C3B45A15C5B6C683D805E769CB6.tmp' to '../../../../../../GitHub/WIZARD_WARS_4000/Wizard_Wars/Content/ThirdPersonBP/SpellCombinationMenu/Widget/SpellCombinationWidget.uasset'
[2019.03.27-17.17.03:213][247]LogSavePackage: Moving '../../../../../../GitHub/WIZARD_WARS_4000/Wizard_Wars/Saved/SpellCombinationWidget53F788FC47B5BE90F86FF08C9AC4EE9C.tmp' to '../../../../../../GitHub/WIZARD_WARS_4000/Wizard_Wars/Content/ThirdPersonBP/SpellCombinationMenu/Widget/SpellCombinationWidget.uasset'
[2019.03.27-17.17.29:324][312]LogSlate: Window '取色器' being destroyed
[2019.03.27-17.17.56:942][381]Cmd: TRANSACTION UNDO
[2019.03.27-17.17.56:942][381]LogEditorTransaction: Undo 编辑Size
[2019.03.27-17.18.00:309][498]LogSavePackage: Moving '../../../../../../GitHub/WIZARD_WARS_4000/Wizard_Wars/Saved/SpellCombinationWidget7809BA2C4A0F49892AFF3D836A4BEE6C.tmp' to '../../../../../../GitHub/WIZARD_WARS_4000/Wizard_Wars/Content/ThirdPersonBP/SpellCombinationMenu/Widget/SpellCombinationWidget.uasset'
[2019.03.27-17.18.04:983][742]LogSlate: Window 'SpellCombinationWidget' being destroyed
[2019.03.27-17.18.04:989][742]LogSlate: Window 'SpellCombinationWidget' being destroyed
[2019.03.27-17.18.08:628][956]LogEditorViewport: Clicking on Actor (LMB): ThirdPersonCharacter_C (ThirdPersonCharacter)
[2019.03.27-17.18.10:614][ 56]LogSlate: FSceneViewport::OnFocusLost() reason 0
[2019.03.27-17.18.26:920][993]LogAssetEditorManager: Opening Asset editor for Blueprint /Game/ThirdPersonBP/Blueprints/ThirdPersonCharacter.ThirdPersonCharacter
[2019.03.27-17.19.54:385][985]LogSavePackage: Moving '../../../../../../GitHub/WIZARD_WARS_4000/Wizard_Wars/Saved/ThirdPersonCharacterFE8471044432300024050DB8DD929990.tmp' to '../../../../../../GitHub/WIZARD_WARS_4000/Wizard_Wars/Content/ThirdPersonBP/Blueprints/ThirdPersonCharacter.uasset'
[2019.03.27-17.33.50:047][286]LogAssetEditorManager: Opening Asset editor for WidgetBlueprint /Game/ThirdPersonBP/SpellCombinationMenu/Widget/SpellCombinationWidget.SpellCombinationWidget
[2019.03.27-17.38.14:627][932]LogFileHelpers: Editor autosave (incl. sublevels) for '/Game/ThirdPersonBP/Maps/ThirdPersonExampleMap' took 0.048
[2019.03.27-17.38.14:629][932]OBJ SavePackage: Generating thumbnails for [0] asset(s) in package [/Game/ThirdPersonBP/SpellCombinationMenu/Widget/SpellCombinationWidget] ([1] browsable assets)...
[2019.03.27-17.38.14:630][932]OBJ SavePackage: Finished generating thumbnails for package [/Game/ThirdPersonBP/SpellCombinationMenu/Widget/SpellCombinationWidget]
[2019.03.27-17.38.14:651][932]LogSavePackage: Moving '../../../../../../GitHub/WIZARD_WARS_4000/Wizard_Wars/Saved/SpellCombinationWidget_Auto290BC72DA46420F13AF0ED19561741EAC.tmp' to '../../../../../../GitHub/WIZARD_WARS_4000/Wizard_Wars/Saved/Autosaves/Game/ThirdPersonBP/SpellCombinationMenu/Widget/SpellCombinationWidget_Auto2.uasset'
[2019.03.27-17.38.14:654][932]LogFileHelpers: Auto-saving content packages took 0.026
[2019.03.27-17.42.49:426][377]LogSlate: Window 'SpellCombinationWidget*' being destroyed
[2019.03.27-17.42.49:435][377]LogSlate: Window 'SpellCombinationWidget*' being destroyed
[2019.03.27-17.42.50:842][413]LogSavePackage: Moving '../../../../../../GitHub/WIZARD_WARS_4000/Wizard_Wars/Saved/ThirdPersonExampleMap0366CABD4C3F0500967FABAC157AC15E.tmp' to '../../../../../../GitHub/WIZARD_WARS_4000/Wizard_Wars/Content/ThirdPersonBP/Maps/ThirdPersonExampleMap.umap'
[2019.03.27-17.42.51:188][413]LogSavePackage: Moving '../../../../../../GitHub/WIZARD_WARS_4000/Wizard_Wars/Saved/ThirdPersonExampleMap_BuiltData9499ECC54AD633D5D388448C48EF726D.tmp' to '../../../../../../GitHub/WIZARD_WARS_4000/Wizard_Wars/Content/ThirdPersonBP/Maps/ThirdPersonExampleMap_BuiltData.uasset'
[2019.03.27-17.42.55:150][643]LogAssetEditorManager: Opening Asset editor for UserDefinedStruct /Game/ThirdPersonBP/DataStructures/SpellCombinations.SpellCombinations
[2019.03.27-17.43.01:570][974]LogSlate: Window 'SpellCombinations' being destroyed
[2019.03.27-17.43.01:578][974]LogSlate: Window 'SpellCombinations' being destroyed
[2019.03.27-17.45.54:165][708]LogWindowsTextInputMethodSystem: Display: IME system now deactivated.
[2019.03.27-17.45.54:217][708]LogWindowsTextInputMethodSystem: Display: IME system now activated using TSF (Google Japanese Input).
[2019.03.27-17.46.07:036][412]LogSlate: FSceneViewport::OnFocusLost() reason 0
[2019.03.27-17.46.08:614][504]LogAssetEditorManager: Opening Asset editor for WidgetBlueprint /Game/ThirdPersonBP/SpellCombinationMenu/Widget/SpellCombinationWidget.SpellCombinationWidget
[2019.03.27-17.46.10:294][541]LogSavePackage: Moving '../../../../../../GitHub/WIZARD_WARS_4000/Wizard_Wars/Saved/SpellCombinationWidgetFDED2AA2438F02005F80F49F3AEC4105.tmp' to '../../../../../../GitHub/WIZARD_WARS_4000/Wizard_Wars/Content/ThirdPersonBP/SpellCombinationMenu/Widget/SpellCombinationWidget.uasset'
[2019.03.27-17.46.30:927][492]LogSlate: Window 'SpellCombinationWidget' being destroyed
[2019.03.27-17.46.30:938][492]LogSlate: Window 'SpellCombinationWidget' being destroyed
[2019.03.27-17.46.40:728][ 62]LogAssetEditorManager: Opening Asset editor for Blueprint /Game/ThirdPersonBP/Blueprints/ThirdPersonCharacter.ThirdPersonCharacter
[2019.03.27-17.47.10:292][376]LogSlate: Window 'ThirdPersonCharacter*' being destroyed
[2019.03.27-17.47.10:303][376]LogSlate: Window 'ThirdPersonCharacter*' being destroyed
[2019.03.27-17.47.13:951][579]LogAssetEditorManager: Opening Asset editor for WidgetBlueprint /Game/ThirdPersonBP/SpellCombinationMenu/Widget/SpellCombinationWidget.SpellCombinationWidget
[2019.03.27-17.47.56:858][583]LogAssetEditorManager: Opening Asset editor for Blueprint /Game/ThirdPersonBP/Blueprints/ThirdPersonCharacter.ThirdPersonCharacter
[2019.03.27-17.49.01:529][470]LogWindowsTextInputMethodSystem: Display: IME system now deactivated.
[2019.03.27-17.49.01:530][470]LogWindowsTextInputMethodSystem: Display: IME system now deactivated.
[2019.03.27-17.49.22:163][401]LogSavePackage: Moving '../../../../../../GitHub/WIZARD_WARS_4000/Wizard_Wars/Saved/ThirdPersonCharacter4D8E9DE342DABEB49306DB878F1C00A5.tmp' to '../../../../../../GitHub/WIZARD_WARS_4000/Wizard_Wars/Content/ThirdPersonBP/Blueprints/ThirdPersonCharacter.uasset'
[2019.03.27-17.52.52:518][ 36]LogSavePackage: Moving '../../../../../../GitHub/WIZARD_WARS_4000/Wizard_Wars/Saved/ThirdPersonExampleMap_Auto39F9A1EA34BD5C72426C7F29845BDB6B8.tmp' to '../../../../../../GitHub/WIZARD_WARS_4000/Wizard_Wars/Saved/Autosaves/Game/ThirdPersonBP/Maps/ThirdPersonExampleMap_Auto3.umap'
[2019.03.27-17.52.52:551][ 36]LogFileHelpers: Editor autosave (incl. sublevels) for '/Game/ThirdPersonBP/Maps/ThirdPersonExampleMap' took 1.210
[2019.03.27-17.52.52:551][ 36]LogFileHelpers: Editor autosave (incl. sublevels) for all levels took 1.210
[2019.03.27-18.01.47:758][110]LogUnrealEdMisc: Warning: Heartbeat event firing too frequently (0.000 sec). This should never happen. Something is wrong with the timer delegate!
[2019.03.27-18.01.47:758][110]LogUnrealEdMisc: Warning: Heartbeat event firing too frequently (0.000 sec). This should never happen. Something is wrong with the timer delegate!
[2019.03.27-18.01.47:758][110]LogUnrealEdMisc: Warning: Heartbeat event firing too frequently (0.000 sec). This should never happen. Something is wrong with the timer delegate!
[2019.03.27-18.01.47:758][110]LogUnrealEdMisc: Warning: Heartbeat event firing too frequently (0.000 sec). This should never happen. Something is wrong with the timer delegate!
[2019.03.27-18.01.47:758][110]LogUnrealEdMisc: Warning: Heartbeat event firing too frequently (0.000 sec). This should never happen. Something is wrong with the timer delegate!
[2019.03.27-18.01.47:758][110]LogUnrealEdMisc: Warning: Heartbeat event firing too frequently (0.000 sec). This should never happen. Something is wrong with the timer delegate!
[2019.03.27-18.01.47:758][110]LogUnrealEdMisc: Warning: Heartbeat event firing too frequently (0.000 sec). This should never happen. Something is wrong with the timer delegate!
[2019.03.27-18.02.08:848][165]LogUnrealEdMisc: Warning: Heartbeat event firing too frequently (21.089 sec). This should never happen. Something is wrong with the timer delegate!
[2019.03.27-18.02.10:536][171]LogHttp: Warning: 0000018C1A97EC00: request failed, libcurl error: 6 (Couldn't resolve host name)
[2019.03.27-18.02.10:536][171]LogHttp: Warning: 0000018C1A97EC00: libcurl info message cache 0 (Found bundle for host datarouter.ol.epicgames.com: 0x18c284bffa0 [can pipeline])
[2019.03.27-18.02.10:536][171]LogHttp: Warning: 0000018C1A97EC00: libcurl info message cache 1 (Re-using existing connection! (#36) with host datarouter.ol.epicgames.com)
[2019.03.27-18.02.10:536][171]LogHttp: Warning: 0000018C1A97EC00: libcurl info message cache 2 (Connected to datarouter.ol.epicgames.com (100.25.57.141) port 443 (#36))
[2019.03.27-18.02.10:536][171]LogHttp: Warning: 0000018C1A97EC00: libcurl info message cache 3 (upload completely sent off: 371 out of 371 bytes)
[2019.03.27-18.02.10:536][171]LogHttp: Warning: 0000018C1A97EC00: libcurl info message cache 4 (OpenSSL SSL_read: SSL_ERROR_SYSCALL, errno 10054)
[2019.03.27-18.02.10:536][171]LogHttp: Warning: 0000018C1A97EC00: libcurl info message cache 5 (Connection died, retrying a fresh connect)
[2019.03.27-18.02.10:536][171]LogHttp: Warning: 0000018C1A97EC00: libcurl info message cache 6 (Closing connection 36)
[2019.03.27-18.02.10:536][171]LogHttp: Warning: 0000018C1A97EC00: libcurl info message cache 7 (Issue another request to this URL: 'https://datarouter.ol.epicgames.com/datarouter/api/v1/public/data?SessionID=%7B4BA26051-4660-01B5-026F-DF9B81923F20%7D&AppID=UEEditor.Rocket.Release&AppVersion=4.21.2-4753647%2B%2B%2BUE4%2BRelease-4.21&UserID=8c53539346e276bd12a2c9a9e56cdb1a%7Cc8f3c6b667d2487d99287e9b44301c82%7C12a20741-ba68-4e8f-84c7-ede96bc39eb7&AppEnvironment=datacollector-binary&UploadType=eteventstream')
[2019.03.27-18.02.10:536][171]LogHttp: Warning: 0000018C1A97EC00: libcurl info message cache 8 (Could not resolve host: datarouter.ol.epicgames.com)
[2019.03.27-18.02.10:536][171]LogHttp: Warning: 0000018C1A97EC00: libcurl info message cache 9 (Closing connection 37)
[2019.03.27-18.02.10:865][172]LogHttp: Warning: Retry exhausted on https://datarouter.ol.epicgames.com/datarouter/api/v1/public/data?SessionID=%7B4BA26051-4660-01B5-026F-DF9B81923F20%7D&AppID=UEEditor.Rocket.Release&AppVersion=4.21.2-4753647%2B%2B%2BUE4%2BRelease-4.21&UserID=8c53539346e276bd12a2c9a9e56cdb1a%7Cc8f3c6b667d2487d99287e9b44301c82%7C12a20741-ba68-4e8f-84c7-ede96bc39eb7&AppEnvironment=datacollector-binary&UploadType=eteventstream
[2019.03.27-18.03.02:555][326]LogWindowsTextInputMethodSystem: Display: IME system now deactivated.
[2019.03.27-18.03.02:709][326]LogWindowsTextInputMethodSystem: Display: IME system now activated using TSF (搜狗拼音输入法).
[2019.03.27-18.03.46:238][514]LogWindowsTextInputMethodSystem: Display: IME system now deactivated.
[2019.03.27-18.03.46:238][514]LogWindowsTextInputMethodSystem: Display: IME system now deactivated.
[2019.03.27-18.03.55:979][621]LogSavePackage: Moving '../../../../../../GitHub/WIZARD_WARS_4000/Wizard_Wars/Saved/ThirdPersonCharacterA86A96BC4BB0CCCFE31F12801C7B11A3.tmp' to '../../../../../../GitHub/WIZARD_WARS_4000/Wizard_Wars/Content/ThirdPersonBP/Blueprints/ThirdPersonCharacter.uasset'
[2019.03.27-18.04.40:875][ 91]LogSavePackage: Moving '../../../../../../GitHub/WIZARD_WARS_4000/Wizard_Wars/Saved/ThirdPersonExampleMap_Auto431F1F5C14AEFB7244BF32CBF6DA32B2C.tmp' to '../../../../../../GitHub/WIZARD_WARS_4000/Wizard_Wars/Saved/Autosaves/Game/ThirdPersonBP/Maps/ThirdPersonExampleMap_Auto4.umap'
[2019.03.27-18.04.40:880][ 91]LogFileHelpers: Editor autosave (incl. sublevels) for '/Game/ThirdPersonBP/Maps/ThirdPersonExampleMap' took 1.181
[2019.03.27-18.04.40:880][ 91]LogFileHelpers: Editor autosave (incl. sublevels) for all levels took 1.181
[2019.03.27-18.05.45:719][960]LogD3D11RHI: Error: Result failed 
 at D:\Build\++UE4\Sync\Engine\Source\Runtime\Windows\D3D11RHI\Private\D3D11Query.cpp:140 
 with error DXGI_ERROR_DEVICE_REMOVED DXGI_ERROR_DEVICE_HUNG
[2019.03.27-18.05.45:873][960]LogD3D11RHI: [Aftermath] GDynamicRHI=0000018C2E6E8100, GDX11NVAfterMathEnabled=0, Result=0xFFFFFFFF, bDeviceActive=0
[2019.03.27-18.05.46:085][960]LogWindows: Windows GetLastError: 操作成功完成。 (0)
