Log file open, 04/21/19 18:36:27
LogWindows: Failed to load 'aqProf.dll' (GetLastError=126)
LogWindows: File 'aqProf.dll' does not exist
LogWindows: Failed to load 'VtuneApi.dll' (GetLastError=126)
LogWindows: File 'VtuneApi.dll' does not exist
LogWindows: Failed to load 'VtuneApi32e.dll' (GetLastError=126)
LogWindows: File 'VtuneApi32e.dll' does not exist
LogConsoleResponse: Display: Failed to find resolution value strings in scalability ini. Falling back to default.
LogInit: Display: Running engine for game: Wizard_Wars
LogPakFile: Registered encryption key '00000000000000000000000000000000': 0 pak files mounted, 0 remain pending
LogPlatformFile: Not using cached read wrapper
LogTaskGraph: Started task graph with 5 named threads and 23 total threads with 3 sets of task threads.
LogStats: Stats thread started at 0.303924
LogD3D11RHI: Loaded GFSDK_Aftermath_Lib.x64.dll
LogICUInternationalization: ICU TimeZone Detection - Raw Offset: -5:00, Platform Override: ''
LogPluginManager: Mounting plugin Paper2D
LogPluginManager: Mounting plugin AISupport
LogPluginManager: Mounting plugin LightPropagationVolume
LogPluginManager: Mounting plugin ActorLayerUtilities
LogPluginManager: Mounting plugin CLionSourceCodeAccess
LogPluginManager: Mounting plugin CodeLiteSourceCodeAccess
LogPluginManager: Mounting plugin GitSourceControl
LogPluginManager: Mounting plugin KDevelopSourceCodeAccess
LogPluginManager: Mounting plugin NullSourceCodeAccess
LogPluginManager: Mounting plugin PerforceSourceControl
LogPluginManager: Mounting plugin SubversionSourceControl
LogPluginManager: Mounting plugin UObjectPlugin
LogPluginManager: Mounting plugin VisualStudioCodeSourceCodeAccess
LogPluginManager: Mounting plugin VisualStudioSourceCodeAccess
LogPluginManager: Mounting plugin XCodeSourceCodeAccess
LogPluginManager: Mounting plugin AssetManagerEditor
LogPluginManager: Mounting plugin CryptoKeys
LogPluginManager: Mounting plugin DataValidation
LogPluginManager: Mounting plugin FacialAnimation
LogPluginManager: Mounting plugin GameplayTagsEditor
LogPluginManager: Mounting plugin MacGraphicsSwitching
LogPluginManager: Mounting plugin MeshEditor
LogPluginManager: Mounting plugin MobileLauncherProfileWizard
LogPluginManager: Mounting plugin PluginBrowser
LogPluginManager: Mounting plugin SpeedTreeImporter
LogPluginManager: Mounting plugin DatasmithContent
LogPluginManager: Mounting plugin VariantManagerContent
LogPluginManager: Mounting plugin AlembicImporter
LogPluginManager: Mounting plugin AppleImageUtils
LogPluginManager: Mounting plugin AppleVision
LogPluginManager: Mounting plugin BackChannel
LogPluginManager: Mounting plugin CharacterAI
LogPluginManager: Mounting plugin GeometryCache
LogPluginManager: Mounting plugin HTML5Networking
LogPluginManager: Mounting plugin ProxyLODPlugin
LogPluginManager: Mounting plugin Niagara
LogPluginManager: Mounting plugin MagicLeap
LogPluginManager: Mounting plugin MagicLeapMedia
LogPluginManager: Mounting plugin AndroidMedia
LogPluginManager: Mounting plugin AvfMedia
LogPluginManager: Mounting plugin ImgMedia
LogPluginManager: Mounting plugin LinearTimecode
LogPluginManager: Mounting plugin MediaCompositing
LogPluginManager: Mounting plugin MediaPlayerEditor
LogPluginManager: Mounting plugin WebMMedia
LogPluginManager: Mounting plugin WmfMedia
LogPluginManager: Mounting plugin TcpMessaging
LogPluginManager: Mounting plugin UdpMessaging
LogPluginManager: Mounting plugin ActorSequence
LogPluginManager: Mounting plugin LevelSequenceEditor
LogPluginManager: Mounting plugin MatineeToLevelSequence
LogPluginManager: Mounting plugin NetcodeUnitTest
LogPluginManager: Mounting plugin NUTUnrealEngine4
LogPluginManager: Mounting plugin OnlineSubsystemGooglePlay
LogPluginManager: Mounting plugin OnlineSubsystemIOS
LogPluginManager: Mounting plugin OnlineSubsystem
LogPluginManager: Mounting plugin OnlineSubsystemNull
LogPluginManager: Mounting plugin OnlineSubsystemUtils
LogPluginManager: Mounting plugin LauncherChunkInstaller
LogPluginManager: Mounting plugin AndroidDeviceProfileSelector
LogPluginManager: Mounting plugin AndroidMoviePlayer
LogPluginManager: Mounting plugin AndroidPermission
LogPluginManager: Mounting plugin AppleMoviePlayer
LogPluginManager: Mounting plugin ArchVisCharacter
LogPluginManager: Mounting plugin AudioCapture
LogPluginManager: Mounting plugin CableComponent
LogPluginManager: Mounting plugin CustomMeshComponent
LogPluginManager: Mounting plugin EditableMesh
LogPluginManager: Mounting plugin ExampleDeviceProfileSelector
LogPluginManager: Mounting plugin Firebase
LogPluginManager: Mounting plugin GoogleCloudMessaging
LogPluginManager: Mounting plugin IOSDeviceProfileSelector
LogPluginManager: Mounting plugin LinuxDeviceProfileSelector
LogPluginManager: Mounting plugin LocationServicesBPLibrary
LogPluginManager: Mounting plugin MobilePatchingUtils
LogPluginManager: Mounting plugin OculusVR
LogPluginManager: Mounting plugin PhysXVehicles
LogPluginManager: Mounting plugin ProceduralMeshComponent
LogPluginManager: Mounting plugin RuntimePhysXCooking
LogPluginManager: Mounting plugin SteamVR
LogPluginManager: Mounting plugin WebMMoviePlayer
LogPluginManager: Mounting plugin WindowsMoviePlayer
LogStreaming: Display: Took  0.169s to configure plugins.
LogInit: Using libcurl 7.55.1-DEV
LogInit:  - built for x86_64-pc-win32
LogInit:  - supports SSL with OpenSSL/1.0.2h
LogInit:  - supports HTTP deflate (compression) using libz 1.2.8
LogInit:  - other features:
LogInit:      CURL_VERSION_SSL
LogInit:      CURL_VERSION_LIBZ
LogInit:      CURL_VERSION_IPV6
LogInit:      CURL_VERSION_ASYNCHDNS
LogInit:      CURL_VERSION_LARGEFILE
LogInit:      CURL_VERSION_IDN
LogInit:  CurlRequestOptions (configurable via config and command line):
LogInit:  - bVerifyPeer = true  - Libcurl will verify peer certificate
LogInit:  - bUseHttpProxy = false  - Libcurl will NOT use HTTP proxy
LogInit:  - bDontReuseConnections = false  - Libcurl will reuse connections
LogInit:  - MaxHostConnections = 16  - Libcurl will limit the number of connections to a host
LogInit:  - LocalHostAddr = Default
LogInit:  - BufferSize = 65536
LogInit: WinSock: version 1.1 (2.2), MaxSocks=32767, MaxUdp=65467
LogInit: Build: ++UE4+Release-4.21-CL-4753647
LogInit: Engine Version: 4.21.2-4753647+++UE4+Release-4.21
LogInit: Compatible Engine Version: 4.21.0-4541578+++UE4+Release-4.21
LogInit: Net CL: 4541578
LogInit: OS: Windows 10 (), CPU: Intel(R) Core(TM) i7-6700HQ CPU @ 2.60GHz, GPU: Intel(R) HD Graphics 530
LogInit: Compiled (64-bit): Jan 19 2019 02:07:31
LogInit: Compiled with Visual C++: 19.13.26129.00
LogInit: Build Configuration: Development
LogInit: Branch Name: ++UE4+Release-4.21
LogInit: Command Line: 
LogInit: Base Directory: D:/Epic/UE_4.21/Engine/Binaries/Win64/
LogInit: Installed Engine Build: 1
LogDevObjectVersion: Number of dev versions registered: 22
LogDevObjectVersion:   Dev-Blueprints (B0D832E4-1F89-4F0D-ACCF-7EB736FD4AA2): 10
LogDevObjectVersion:   Dev-Build (E1C64328-A22C-4D53-A36C-8E866417BD8C): 0
LogDevObjectVersion:   Dev-Core (375EC13C-06E4-48FB-B500-84F0262A717E): 2
LogDevObjectVersion:   Dev-Editor (E4B068ED-F494-42E9-A231-DA0B2E46BB41): 26
LogDevObjectVersion:   Dev-Framework (CFFC743F-43B0-4480-9391-14DF171D2073): 34
LogDevObjectVersion:   Dev-Mobile (B02B49B5-BB20-44E9-A304-32B752E40360): 2
LogDevObjectVersion:   Dev-Networking (A4E4105C-59A1-49B5-A7C5-40C4547EDFEE): 0
LogDevObjectVersion:   Dev-Online (39C831C9-5AE6-47DC-9A44-9C173E1C8E7C): 0
LogDevObjectVersion:   Dev-Physics (78F01B33-EBEA-4F98-B9B4-84EACCB95AA2): 0
LogDevObjectVersion:   Dev-Platform (6631380F-2D4D-43E0-8009-CF276956A95A): 0
LogDevObjectVersion:   Dev-Rendering (12F88B9F-8875-4AFC-A67C-D90C383ABD29): 27
LogDevObjectVersion:   Dev-Sequencer (7B5AE74C-D270-4C10-A958-57980B212A5A): 9
LogDevObjectVersion:   Dev-VR (D7296918-1DD6-4BDD-9DE2-64A83CC13884): 2
LogDevObjectVersion:   Dev-LoadTimes (C2A15278-BFE7-4AFE-6C17-90FF531DF755): 1
LogDevObjectVersion:   Private-Geometry (6EACA3D4-40EC-4CC1-B786-8BED09428FC5): 3
LogDevObjectVersion:   Dev-AnimPhys (29E575DD-E0A3-4627-9D10-D276232CDCEA): 17
LogDevObjectVersion:   Dev-Anim (AF43A65D-7FD3-4947-9873-3E8ED9C1BB05): 2
LogDevObjectVersion:   Dev-ReflectionCapture (6B266CEC-1EC7-4B8F-A30B-E4D90942FC07): 1
LogDevObjectVersion:   Dev-Automation (0DF73D61-A23F-47EA-B727-89E90C41499A): 1
LogDevObjectVersion:   FortniteMain (601D1886-AC64-4F84-AA16-D3DE0DEAC7D6): 17
LogDevObjectVersion:   Dev-Enterprise (9DFFBCD6-494F-0158-E221-12823C92A888): 4
LogDevObjectVersion:   Dev-Niagara (F2AED0AC-9AFE-416F-8664-AA7FFA26D6FC): 1
LogStreaming: Display: Took  0.001s to delete old logs.
LogInit: Presizing for max 8388607 objects, including 0 objects not considered by GC, pre-allocating 0 bytes for permanent pool.
LogInit: Object subsystem initialized
LogConfig: Setting CVar [[con.DebugEarlyDefault:1]]
LogConfig: Setting CVar [[r.setres:1280x720]]
[2019.04.21-22.36.28:145][  0]LogConfig: Setting CVar [[r.VSync:0]]
[2019.04.21-22.36.28:145][  0]LogConfig: Setting CVar [[r.RHICmdBypass:0]]
[2019.04.21-22.36.28:145][  0]LogConfig: Applying CVar settings from Section [/Script/Engine.RendererSettings] File [../../../Projects/WIZARD_WARS_4000/Wizard_Wars/Saved/Config/Windows/Engine.ini]
[2019.04.21-22.36.28:145][  0]LogConfig: Setting CVar [[r.GPUCrashDebugging:0]]
[2019.04.21-22.36.28:145][  0]LogConfig: Applying CVar settings from Section [/Script/Engine.RendererOverrideSettings] File [../../../Projects/WIZARD_WARS_4000/Wizard_Wars/Saved/Config/Windows/Engine.ini]
[2019.04.21-22.36.28:145][  0]LogConfig: Applying CVar settings from Section [/Script/Engine.StreamingSettings] File [../../../Projects/WIZARD_WARS_4000/Wizard_Wars/Saved/Config/Windows/Engine.ini]
[2019.04.21-22.36.28:145][  0]LogConfig: Setting CVar [[s.MinBulkDataSizeForAsyncLoading:131072]]
[2019.04.21-22.36.28:145][  0]LogConfig: Setting CVar [[s.AsyncLoadingThreadEnabled:0]]
[2019.04.21-22.36.28:145][  0]LogConfig: Setting CVar [[s.EventDrivenLoaderEnabled:1]]
[2019.04.21-22.36.28:145][  0]LogConfig: Setting CVar [[s.WarnIfTimeLimitExceeded:0]]
[2019.04.21-22.36.28:145][  0]LogConfig: Setting CVar [[s.TimeLimitExceededMultiplier:1.5]]
[2019.04.21-22.36.28:145][  0]LogConfig: Setting CVar [[s.TimeLimitExceededMinTime:0.005]]
[2019.04.21-22.36.28:145][  0]LogConfig: Setting CVar [[s.UseBackgroundLevelStreaming:1]]
[2019.04.21-22.36.28:145][  0]LogConfig: Setting CVar [[s.PriorityAsyncLoadingExtraTime:15.0]]
[2019.04.21-22.36.28:145][  0]LogConfig: Setting CVar [[s.LevelStreamingActorsUpdateTimeLimit:5.0]]
[2019.04.21-22.36.28:145][  0]LogConfig: Setting CVar [[s.PriorityLevelStreamingActorsUpdateExtraTime:5.0]]
[2019.04.21-22.36.28:145][  0]LogConfig: Setting CVar [[s.LevelStreamingComponentsRegistrationGranularity:10]]
[2019.04.21-22.36.28:146][  0]LogConfig: Setting CVar [[s.UnregisterComponentsTimeLimit:1.0]]
[2019.04.21-22.36.28:146][  0]LogConfig: Setting CVar [[s.LevelStreamingComponentsUnregistrationGranularity:5]]
[2019.04.21-22.36.28:146][  0]LogConfig: Applying CVar settings from Section [/Script/Engine.GarbageCollectionSettings] File [../../../Projects/WIZARD_WARS_4000/Wizard_Wars/Saved/Config/Windows/Engine.ini]
[2019.04.21-22.36.28:146][  0]LogConfig: Setting CVar [[gc.MaxObjectsNotConsideredByGC:1]]
[2019.04.21-22.36.28:146][  0]LogConfig: Setting CVar [[gc.SizeOfPermanentObjectPool:0]]
[2019.04.21-22.36.28:146][  0]LogConfig: Setting CVar [[gc.FlushStreamingOnGC:0]]
[2019.04.21-22.36.28:146][  0]LogConfig: Setting CVar [[gc.NumRetriesBeforeForcingGC:10]]
[2019.04.21-22.36.28:146][  0]LogConfig: Setting CVar [[gc.AllowParallelGC:1]]
[2019.04.21-22.36.28:146][  0]LogConfig: Setting CVar [[gc.TimeBetweenPurgingPendingKillObjects:61.1]]
[2019.04.21-22.36.28:146][  0]LogConfig: Setting CVar [[gc.MaxObjectsInEditor:8388607]]
[2019.04.21-22.36.28:146][  0]LogConfig: Setting CVar [[gc.IncrementalBeginDestroyEnabled:1]]
[2019.04.21-22.36.28:146][  0]LogConfig: Setting CVar [[gc.CreateGCClusters:1]]
[2019.04.21-22.36.28:146][  0]LogConfig: Setting CVar [[gc.MergeGCClusters:0]]
[2019.04.21-22.36.28:146][  0]LogConfig: Setting CVar [[gc.MinGCClusterSize:5]]
[2019.04.21-22.36.28:146][  0]LogConfig: Setting CVar [[gc.ActorClusteringEnabled:0]]
[2019.04.21-22.36.28:146][  0]LogConfig: Setting CVar [[gc.BlueprintClusteringEnabled:0]]
[2019.04.21-22.36.28:146][  0]LogConfig: Setting CVar [[gc.UseDisregardForGCOnDedicatedServers:0]]
[2019.04.21-22.36.28:146][  0]LogConfig: Applying CVar settings from Section [/Script/Engine.NetworkSettings] File [../../../Projects/WIZARD_WARS_4000/Wizard_Wars/Saved/Config/Windows/Engine.ini]
[2019.04.21-22.36.28:146][  0]LogConfig: Applying CVar settings from Section [/Script/UnrealEd.CookerSettings] File [../../../Projects/WIZARD_WARS_4000/Wizard_Wars/Saved/Config/Windows/Engine.ini]
[2019.04.21-22.36.28:152][  0]LogConfig: Applying CVar settings from Section [ViewDistanceQuality@3] File [../../../Projects/WIZARD_WARS_4000/Wizard_Wars/Saved/Config/Windows/Scalability.ini]
[2019.04.21-22.36.28:152][  0]LogConfig: Setting CVar [[r.SkeletalMeshLODBias:0]]
[2019.04.21-22.36.28:152][  0]LogConfig: Setting CVar [[r.ViewDistanceScale:1.0]]
[2019.04.21-22.36.28:152][  0]LogConfig: Applying CVar settings from Section [AntiAliasingQuality@3] File [../../../Projects/WIZARD_WARS_4000/Wizard_Wars/Saved/Config/Windows/Scalability.ini]
[2019.04.21-22.36.28:152][  0]LogConfig: Setting CVar [[r.PostProcessAAQuality:4]]
[2019.04.21-22.36.28:153][  0]LogConfig: Applying CVar settings from Section [ShadowQuality@3] File [../../../Projects/WIZARD_WARS_4000/Wizard_Wars/Saved/Config/Windows/Scalability.ini]
[2019.04.21-22.36.28:153][  0]LogConfig: Setting CVar [[r.LightFunctionQuality:1]]
[2019.04.21-22.36.28:153][  0]LogConfig: Setting CVar [[r.ShadowQuality:5]]
[2019.04.21-22.36.28:153][  0]LogConfig: Setting CVar [[r.Shadow.CSM.MaxCascades:10]]
[2019.04.21-22.36.28:153][  0]LogConfig: Setting CVar [[r.Shadow.MaxResolution:2048]]
[2019.04.21-22.36.28:153][  0]LogConfig: Setting CVar [[r.Shadow.MaxCSMResolution:2048]]
[2019.04.21-22.36.28:153][  0]LogConfig: Setting CVar [[r.Shadow.RadiusThreshold:0.01]]
[2019.04.21-22.36.28:153][  0]LogConfig: Setting CVar [[r.Shadow.DistanceScale:1.0]]
[2019.04.21-22.36.28:153][  0]LogConfig: Setting CVar [[r.Shadow.CSM.TransitionScale:1.0]]
[2019.04.21-22.36.28:153][  0]LogConfig: Setting CVar [[r.Shadow.PreShadowResolutionFactor:1.0]]
[2019.04.21-22.36.28:153][  0]LogConfig: Setting CVar [[r.DistanceFieldShadowing:1]]
[2019.04.21-22.36.28:153][  0]LogConfig: Setting CVar [[r.DistanceFieldAO:1]]
[2019.04.21-22.36.28:153][  0]LogConfig: Setting CVar [[r.AOQuality:2]]
[2019.04.21-22.36.28:153][  0]LogConfig: Setting CVar [[r.VolumetricFog:1]]
[2019.04.21-22.36.28:153][  0]LogConfig: Setting CVar [[r.VolumetricFog.GridPixelSize:8]]
[2019.04.21-22.36.28:153][  0]LogConfig: Setting CVar [[r.VolumetricFog.GridSizeZ:128]]
[2019.04.21-22.36.28:153][  0]LogConfig: Setting CVar [[r.VolumetricFog.HistoryMissSupersampleCount:4]]
[2019.04.21-22.36.28:153][  0]LogConfig: Setting CVar [[r.LightMaxDrawDistanceScale:1]]
[2019.04.21-22.36.28:153][  0]LogConfig: Setting CVar [[r.CapsuleShadows:1]]
[2019.04.21-22.36.28:153][  0]LogConfig: Applying CVar settings from Section [PostProcessQuality@3] File [../../../Projects/WIZARD_WARS_4000/Wizard_Wars/Saved/Config/Windows/Scalability.ini]
[2019.04.21-22.36.28:153][  0]LogConfig: Setting CVar [[r.MotionBlurQuality:4]]
[2019.04.21-22.36.28:153][  0]LogConfig: Setting CVar [[r.AmbientOcclusionMipLevelFactor:0.4]]
[2019.04.21-22.36.28:154][  0]LogConfig: Setting CVar [[r.AmbientOcclusionMaxQuality:100]]
[2019.04.21-22.36.28:154][  0]LogConfig: Setting CVar [[r.AmbientOcclusionLevels:-1]]
[2019.04.21-22.36.28:154][  0]LogConfig: Setting CVar [[r.AmbientOcclusionRadiusScale:1.0]]
[2019.04.21-22.36.28:154][  0]LogConfig: Setting CVar [[r.DepthOfFieldQuality:2]]
[2019.04.21-22.36.28:154][  0]LogConfig: Setting CVar [[r.RenderTargetPoolMin:400]]
[2019.04.21-22.36.28:154][  0]LogConfig: Setting CVar [[r.LensFlareQuality:2]]
[2019.04.21-22.36.28:154][  0]LogConfig: Setting CVar [[r.SceneColorFringeQuality:1]]
[2019.04.21-22.36.28:154][  0]LogConfig: Setting CVar [[r.EyeAdaptationQuality:2]]
[2019.04.21-22.36.28:154][  0]LogConfig: Setting CVar [[r.BloomQuality:5]]
[2019.04.21-22.36.28:154][  0]LogConfig: Setting CVar [[r.FastBlurThreshold:100]]
[2019.04.21-22.36.28:154][  0]LogConfig: Setting CVar [[r.Upscale.Quality:3]]
[2019.04.21-22.36.28:154][  0]LogConfig: Setting CVar [[r.Tonemapper.GrainQuantization:1]]
[2019.04.21-22.36.28:154][  0]LogConfig: Setting CVar [[r.LightShaftQuality:1]]
[2019.04.21-22.36.28:154][  0]LogConfig: Setting CVar [[r.Filter.SizeScale:1]]
[2019.04.21-22.36.28:154][  0]LogConfig: Setting CVar [[r.Tonemapper.Quality:5]]
[2019.04.21-22.36.28:154][  0]LogConfig: Setting CVar [[r.DOF.Gather.AccumulatorQuality:1        ; higher gathering accumulator quality]]
[2019.04.21-22.36.28:154][  0]LogConfig: Setting CVar [[r.DOF.Gather.PostfilterMethod:1          ; Median3x3 postfilering method]]
[2019.04.21-22.36.28:154][  0]LogConfig: Setting CVar [[r.DOF.Gather.EnableBokehSettings:0       ; no bokeh simulation when gathering]]
[2019.04.21-22.36.28:155][  0]LogConfig: Setting CVar [[r.DOF.Gather.RingCount:4                 ; medium number of samples when gathering]]
[2019.04.21-22.36.28:155][  0]LogConfig: Setting CVar [[r.DOF.Scatter.ForegroundCompositing:1    ; additive foreground scattering]]
[2019.04.21-22.36.28:155][  0]LogConfig: Setting CVar [[r.DOF.Scatter.BackgroundCompositing:2    ; additive background scattering]]
[2019.04.21-22.36.28:155][  0]LogConfig: Setting CVar [[r.DOF.Scatter.EnableBokehSettings:1      ; bokeh simulation when scattering]]
[2019.04.21-22.36.28:155][  0]LogConfig: Setting CVar [[r.DOF.Scatter.MaxSpriteRatio:0.1         ; only a maximum of 10% of scattered bokeh]]
[2019.04.21-22.36.28:155][  0]LogConfig: Setting CVar [[r.DOF.Recombine.Quality:1                ; cheap slight out of focus]]
[2019.04.21-22.36.28:155][  0]LogConfig: Setting CVar [[r.DOF.Recombine.EnableBokehSettings:0    ; no bokeh simulation on slight out of focus]]
[2019.04.21-22.36.28:155][  0]LogConfig: Setting CVar [[r.DOF.TemporalAAQuality:1                ; more stable temporal accumulation]]
[2019.04.21-22.36.28:155][  0]LogConfig: Setting CVar [[r.DOF.Kernel.MaxForegroundRadius:0.025]]
[2019.04.21-22.36.28:155][  0]LogConfig: Setting CVar [[r.DOF.Kernel.MaxBackgroundRadius:0.025]]
[2019.04.21-22.36.28:155][  0]LogConfig: Applying CVar settings from Section [TextureQuality@3] File [../../../Projects/WIZARD_WARS_4000/Wizard_Wars/Saved/Config/Windows/Scalability.ini]
[2019.04.21-22.36.28:155][  0]LogConfig: Setting CVar [[r.Streaming.MipBias:0]]
[2019.04.21-22.36.28:155][  0]LogConfig: Setting CVar [[r.Streaming.AmortizeCPUToGPUCopy:0]]
[2019.04.21-22.36.28:155][  0]LogConfig: Setting CVar [[r.Streaming.MaxNumTexturesToStreamPerFrame:0]]
[2019.04.21-22.36.28:155][  0]LogConfig: Setting CVar [[r.Streaming.Boost:1]]
[2019.04.21-22.36.28:155][  0]LogConfig: Setting CVar [[r.MaxAnisotropy:8]]
[2019.04.21-22.36.28:155][  0]LogConfig: Setting CVar [[r.Streaming.LimitPoolSizeToVRAM:0]]
[2019.04.21-22.36.28:155][  0]LogConfig: Setting CVar [[r.Streaming.PoolSize:1000]]
[2019.04.21-22.36.28:155][  0]LogConfig: Setting CVar [[r.Streaming.MaxEffectiveScreenSize:0]]
[2019.04.21-22.36.28:155][  0]LogConfig: Applying CVar settings from Section [EffectsQuality@3] File [../../../Projects/WIZARD_WARS_4000/Wizard_Wars/Saved/Config/Windows/Scalability.ini]
[2019.04.21-22.36.28:155][  0]LogConfig: Setting CVar [[r.TranslucencyLightingVolumeDim:64]]
[2019.04.21-22.36.28:156][  0]LogConfig: Setting CVar [[r.RefractionQuality:2]]
[2019.04.21-22.36.28:156][  0]LogConfig: Setting CVar [[r.SSR.Quality:3]]
[2019.04.21-22.36.28:156][  0]LogConfig: Setting CVar [[r.SceneColorFormat:4]]
[2019.04.21-22.36.28:156][  0]LogConfig: Setting CVar [[r.DetailMode:2]]
[2019.04.21-22.36.28:156][  0]LogConfig: Setting CVar [[r.TranslucencyVolumeBlur:1]]
[2019.04.21-22.36.28:156][  0]LogConfig: Setting CVar [[r.MaterialQualityLevel:1 ; High quality]]
[2019.04.21-22.36.28:156][  0]LogConfig: Setting CVar [[r.SSS.Scale:1]]
[2019.04.21-22.36.28:156][  0]LogConfig: Setting CVar [[r.SSS.SampleSet:2]]
[2019.04.21-22.36.28:156][  0]LogConfig: Setting CVar [[r.SSS.Quality:1]]
[2019.04.21-22.36.28:156][  0]LogConfig: Setting CVar [[r.SSS.HalfRes:1]]
[2019.04.21-22.36.28:156][  0]LogConfig: Setting CVar [[r.EmitterSpawnRateScale:1.0]]
[2019.04.21-22.36.28:156][  0]LogConfig: Setting CVar [[r.ParticleLightQuality:2]]
[2019.04.21-22.36.28:156][  0]LogConfig: Applying CVar settings from Section [FoliageQuality@3] File [../../../Projects/WIZARD_WARS_4000/Wizard_Wars/Saved/Config/Windows/Scalability.ini]
[2019.04.21-22.36.28:156][  0]LogConfig: Setting CVar [[foliage.DensityScale:1.0]]
[2019.04.21-22.36.28:156][  0]LogConfig: Setting CVar [[grass.DensityScale:1.0]]
[2019.04.21-22.36.28:156][  0]LogInit: Selected Device Profile: [Windows]
[2019.04.21-22.36.28:156][  0]LogInit: Applying CVar settings loaded from the selected device profile: [Windows]
[2019.04.21-22.36.28:192][  0]LogHAL: Display: Platform has ~ 16 GB [17074601984 / 17179869184 / 16], which maps to Larger [LargestMinGB=32, LargerMinGB=12, DefaultMinGB=8, SmallerMinGB=6, SmallestMinGB=0)
[2019.04.21-22.36.28:193][  0]LogConfig: Setting CVar [[r.Vulkan.UseRealUBs:1]]
[2019.04.21-22.36.28:193][  0]LogInit: Going up to parent DeviceProfile []
[2019.04.21-22.36.28:193][  0]LogConfig: Applying CVar settings from Section [ViewDistanceQuality@3] File [../../../Projects/WIZARD_WARS_4000/Wizard_Wars/Saved/Config/Windows/Scalability.ini]
[2019.04.21-22.36.28:193][  0]LogConfig: Setting CVar [[r.SkeletalMeshLODBias:0]]
[2019.04.21-22.36.28:193][  0]LogConfig: Setting CVar [[r.ViewDistanceScale:1.0]]
[2019.04.21-22.36.28:193][  0]LogConfig: Applying CVar settings from Section [AntiAliasingQuality@3] File [../../../Projects/WIZARD_WARS_4000/Wizard_Wars/Saved/Config/Windows/Scalability.ini]
[2019.04.21-22.36.28:193][  0]LogConfig: Setting CVar [[r.PostProcessAAQuality:4]]
[2019.04.21-22.36.28:193][  0]LogConfig: Applying CVar settings from Section [ShadowQuality@3] File [../../../Projects/WIZARD_WARS_4000/Wizard_Wars/Saved/Config/Windows/Scalability.ini]
[2019.04.21-22.36.28:193][  0]LogConfig: Setting CVar [[r.LightFunctionQuality:1]]
[2019.04.21-22.36.28:193][  0]LogConfig: Setting CVar [[r.ShadowQuality:5]]
[2019.04.21-22.36.28:193][  0]LogConfig: Setting CVar [[r.Shadow.CSM.MaxCascades:10]]
[2019.04.21-22.36.28:193][  0]LogConfig: Setting CVar [[r.Shadow.MaxResolution:2048]]
[2019.04.21-22.36.28:193][  0]LogConfig: Setting CVar [[r.Shadow.MaxCSMResolution:2048]]
[2019.04.21-22.36.28:193][  0]LogConfig: Setting CVar [[r.Shadow.RadiusThreshold:0.01]]
[2019.04.21-22.36.28:193][  0]LogConfig: Setting CVar [[r.Shadow.DistanceScale:1.0]]
[2019.04.21-22.36.28:193][  0]LogConfig: Setting CVar [[r.Shadow.CSM.TransitionScale:1.0]]
[2019.04.21-22.36.28:193][  0]LogConfig: Setting CVar [[r.Shadow.PreShadowResolutionFactor:1.0]]
[2019.04.21-22.36.28:193][  0]LogConfig: Setting CVar [[r.DistanceFieldShadowing:1]]
[2019.04.21-22.36.28:194][  0]LogConfig: Setting CVar [[r.DistanceFieldAO:1]]
[2019.04.21-22.36.28:194][  0]LogConfig: Setting CVar [[r.AOQuality:2]]
[2019.04.21-22.36.28:194][  0]LogConfig: Setting CVar [[r.VolumetricFog:1]]
[2019.04.21-22.36.28:194][  0]LogConfig: Setting CVar [[r.VolumetricFog.GridPixelSize:8]]
[2019.04.21-22.36.28:194][  0]LogConfig: Setting CVar [[r.VolumetricFog.GridSizeZ:128]]
[2019.04.21-22.36.28:194][  0]LogConfig: Setting CVar [[r.VolumetricFog.HistoryMissSupersampleCount:4]]
[2019.04.21-22.36.28:194][  0]LogConfig: Setting CVar [[r.LightMaxDrawDistanceScale:1]]
[2019.04.21-22.36.28:194][  0]LogConfig: Setting CVar [[r.CapsuleShadows:1]]
[2019.04.21-22.36.28:194][  0]LogConfig: Applying CVar settings from Section [PostProcessQuality@3] File [../../../Projects/WIZARD_WARS_4000/Wizard_Wars/Saved/Config/Windows/Scalability.ini]
[2019.04.21-22.36.28:194][  0]LogConfig: Setting CVar [[r.MotionBlurQuality:4]]
[2019.04.21-22.36.28:194][  0]LogConfig: Setting CVar [[r.AmbientOcclusionMipLevelFactor:0.4]]
[2019.04.21-22.36.28:194][  0]LogConfig: Setting CVar [[r.AmbientOcclusionMaxQuality:100]]
[2019.04.21-22.36.28:194][  0]LogConfig: Setting CVar [[r.AmbientOcclusionLevels:-1]]
[2019.04.21-22.36.28:194][  0]LogConfig: Setting CVar [[r.AmbientOcclusionRadiusScale:1.0]]
[2019.04.21-22.36.28:194][  0]LogConfig: Setting CVar [[r.DepthOfFieldQuality:2]]
[2019.04.21-22.36.28:194][  0]LogConfig: Setting CVar [[r.RenderTargetPoolMin:400]]
[2019.04.21-22.36.28:194][  0]LogConfig: Setting CVar [[r.LensFlareQuality:2]]
[2019.04.21-22.36.28:194][  0]LogConfig: Setting CVar [[r.SceneColorFringeQuality:1]]
[2019.04.21-22.36.28:194][  0]LogConfig: Setting CVar [[r.EyeAdaptationQuality:2]]
[2019.04.21-22.36.28:194][  0]LogConfig: Setting CVar [[r.BloomQuality:5]]
[2019.04.21-22.36.28:194][  0]LogConfig: Setting CVar [[r.FastBlurThreshold:100]]
[2019.04.21-22.36.28:194][  0]LogConfig: Setting CVar [[r.Upscale.Quality:3]]
[2019.04.21-22.36.28:194][  0]LogConfig: Setting CVar [[r.Tonemapper.GrainQuantization:1]]
[2019.04.21-22.36.28:194][  0]LogConfig: Setting CVar [[r.LightShaftQuality:1]]
[2019.04.21-22.36.28:194][  0]LogConfig: Setting CVar [[r.Filter.SizeScale:1]]
[2019.04.21-22.36.28:195][  0]LogConfig: Setting CVar [[r.Tonemapper.Quality:5]]
[2019.04.21-22.36.28:195][  0]LogConfig: Setting CVar [[r.DOF.Gather.AccumulatorQuality:1        ; higher gathering accumulator quality]]
[2019.04.21-22.36.28:195][  0]LogConfig: Setting CVar [[r.DOF.Gather.PostfilterMethod:1          ; Median3x3 postfilering method]]
[2019.04.21-22.36.28:195][  0]LogConfig: Setting CVar [[r.DOF.Gather.EnableBokehSettings:0       ; no bokeh simulation when gathering]]
[2019.04.21-22.36.28:195][  0]LogConfig: Setting CVar [[r.DOF.Gather.RingCount:4                 ; medium number of samples when gathering]]
[2019.04.21-22.36.28:195][  0]LogConfig: Setting CVar [[r.DOF.Scatter.ForegroundCompositing:1    ; additive foreground scattering]]
[2019.04.21-22.36.28:195][  0]LogConfig: Setting CVar [[r.DOF.Scatter.BackgroundCompositing:2    ; additive background scattering]]
[2019.04.21-22.36.28:195][  0]LogConfig: Setting CVar [[r.DOF.Scatter.EnableBokehSettings:1      ; bokeh simulation when scattering]]
[2019.04.21-22.36.28:195][  0]LogConfig: Setting CVar [[r.DOF.Scatter.MaxSpriteRatio:0.1         ; only a maximum of 10% of scattered bokeh]]
[2019.04.21-22.36.28:195][  0]LogConfig: Setting CVar [[r.DOF.Recombine.Quality:1                ; cheap slight out of focus]]
[2019.04.21-22.36.28:195][  0]LogConfig: Setting CVar [[r.DOF.Recombine.EnableBokehSettings:0    ; no bokeh simulation on slight out of focus]]
[2019.04.21-22.36.28:195][  0]LogConfig: Setting CVar [[r.DOF.TemporalAAQuality:1                ; more stable temporal accumulation]]
[2019.04.21-22.36.28:195][  0]LogConfig: Setting CVar [[r.DOF.Kernel.MaxForegroundRadius:0.025]]
[2019.04.21-22.36.28:195][  0]LogConfig: Setting CVar [[r.DOF.Kernel.MaxBackgroundRadius:0.025]]
[2019.04.21-22.36.28:195][  0]LogConfig: Applying CVar settings from Section [TextureQuality@3] File [../../../Projects/WIZARD_WARS_4000/Wizard_Wars/Saved/Config/Windows/Scalability.ini]
[2019.04.21-22.36.28:195][  0]LogConfig: Setting CVar [[r.Streaming.MipBias:0]]
[2019.04.21-22.36.28:195][  0]LogConfig: Setting CVar [[r.Streaming.AmortizeCPUToGPUCopy:0]]
[2019.04.21-22.36.28:195][  0]LogConfig: Setting CVar [[r.Streaming.MaxNumTexturesToStreamPerFrame:0]]
[2019.04.21-22.36.28:195][  0]LogConfig: Setting CVar [[r.Streaming.Boost:1]]
[2019.04.21-22.36.28:195][  0]LogConfig: Setting CVar [[r.MaxAnisotropy:8]]
[2019.04.21-22.36.28:195][  0]LogConfig: Setting CVar [[r.Streaming.LimitPoolSizeToVRAM:0]]
[2019.04.21-22.36.28:195][  0]LogConfig: Setting CVar [[r.Streaming.PoolSize:1000]]
[2019.04.21-22.36.28:195][  0]LogConfig: Setting CVar [[r.Streaming.MaxEffectiveScreenSize:0]]
[2019.04.21-22.36.28:195][  0]LogConfig: Applying CVar settings from Section [EffectsQuality@3] File [../../../Projects/WIZARD_WARS_4000/Wizard_Wars/Saved/Config/Windows/Scalability.ini]
[2019.04.21-22.36.28:195][  0]LogConfig: Setting CVar [[r.TranslucencyLightingVolumeDim:64]]
[2019.04.21-22.36.28:195][  0]LogConfig: Setting CVar [[r.RefractionQuality:2]]
[2019.04.21-22.36.28:195][  0]LogConfig: Setting CVar [[r.SSR.Quality:3]]
[2019.04.21-22.36.28:195][  0]LogConfig: Setting CVar [[r.SceneColorFormat:4]]
[2019.04.21-22.36.28:195][  0]LogConfig: Setting CVar [[r.DetailMode:2]]
[2019.04.21-22.36.28:195][  0]LogConfig: Setting CVar [[r.TranslucencyVolumeBlur:1]]
[2019.04.21-22.36.28:195][  0]LogConfig: Setting CVar [[r.MaterialQualityLevel:1 ; High quality]]
[2019.04.21-22.36.28:195][  0]LogConfig: Setting CVar [[r.SSS.Scale:1]]
[2019.04.21-22.36.28:196][  0]LogConfig: Setting CVar [[r.SSS.SampleSet:2]]
[2019.04.21-22.36.28:196][  0]LogConfig: Setting CVar [[r.SSS.Quality:1]]
[2019.04.21-22.36.28:196][  0]LogConfig: Setting CVar [[r.SSS.HalfRes:1]]
[2019.04.21-22.36.28:196][  0]LogConfig: Setting CVar [[r.EmitterSpawnRateScale:1.0]]
[2019.04.21-22.36.28:196][  0]LogConfig: Setting CVar [[r.ParticleLightQuality:2]]
[2019.04.21-22.36.28:196][  0]LogConfig: Applying CVar settings from Section [FoliageQuality@3] File [../../../Projects/WIZARD_WARS_4000/Wizard_Wars/Saved/Config/Windows/Scalability.ini]
[2019.04.21-22.36.28:196][  0]LogConfig: Setting CVar [[foliage.DensityScale:1.0]]
[2019.04.21-22.36.28:196][  0]LogConfig: Setting CVar [[grass.DensityScale:1.0]]
[2019.04.21-22.36.28:196][  0]LogConfig: Applying CVar settings from Section [Startup] File [../../../Engine/Config/ConsoleVariables.ini]
[2019.04.21-22.36.28:196][  0]LogConfig: Setting CVar [[net.UseAdaptiveNetUpdateFrequency:0]]
[2019.04.21-22.36.28:196][  0]LogConfig: Applying CVar settings from Section [ConsoleVariables] File [../../../Projects/WIZARD_WARS_4000/Wizard_Wars/Saved/Config/Windows/Engine.ini]
[2019.04.21-22.36.28:196][  0]LogInit: Computer: DESKTOP-O52NV3O
[2019.04.21-22.36.28:196][  0]LogInit: User: kjtro
[2019.04.21-22.36.28:196][  0]LogInit: CPU Page size=4096, Cores=4
[2019.04.21-22.36.28:196][  0]LogInit: High frequency timer resolution =2.531255 MHz
[2019.04.21-22.36.28:197][  0]LogMemory: Memory total: Physical=15.9GB (16GB approx)
[2019.04.21-22.36.28:197][  0]LogMemory: Platform Memory Stats for Windows
[2019.04.21-22.36.28:197][  0]LogMemory: Process Physical Memory: 102.71 MB used, 102.71 MB peak
[2019.04.21-22.36.28:197][  0]LogMemory: Process Virtual Memory: 89.87 MB used, 89.87 MB peak
[2019.04.21-22.36.28:197][  0]LogMemory: Physical Memory: 5572.02 MB used,  10711.59 MB free, 16283.61 MB total
[2019.04.21-22.36.28:197][  0]LogMemory: Virtual Memory: 4652.04 MB used,  134213072.00 MB free, 134217728.00 MB total
[2019.04.21-22.36.28:228][  0]LogInit: Using OS detected language (en-US).
[2019.04.21-22.36.28:228][  0]LogInit: Using OS detected locale (en-US).
[2019.04.21-22.36.28:229][  0]LogTextLocalizationManager: No specific localization for 'en-US' exists, so the 'en' localization will be used.
[2019.04.21-22.36.28:622][  0]LogStreaming: Display: Took  0.394s to InitEngineTextLocalization.
[2019.04.21-22.36.28:622][  0]LogInit: Setting process to per monitor DPI aware
[2019.04.21-22.36.28:663][  0]LogSlate: New Slate User Created.  User Index 0, Is Virtual User: 0
[2019.04.21-22.36.28:663][  0]LogSlate: Slate User Registered.  User Index 0, Is Virtual User: 0
[2019.04.21-22.36.28:869][  0]LogHMD: Failed to initialize OpenVR with code 110
[2019.04.21-22.36.28:869][  0]LogD3D11RHI: D3D11 adapters:
[2019.04.21-22.36.28:917][  0]LogD3D11RHI:    0. 'NVIDIA GeForce GTX 970M' (Feature Level 11_0)
[2019.04.21-22.36.28:917][  0]LogD3D11RHI:       3029/0/8141 MB DedicatedVideo/DedicatedSystem/SharedSystem, Outputs:1, VendorId:0x10de
[2019.04.21-22.36.28:927][  0]LogD3D11RHI:    1. 'Intel(R) HD Graphics 530' (Feature Level 11_0)
[2019.04.21-22.36.28:927][  0]LogD3D11RHI:       128/0/8141 MB DedicatedVideo/DedicatedSystem/SharedSystem, Outputs:0, VendorId:0x8086
[2019.04.21-22.36.28:929][  0]LogD3D11RHI:    2. 'Microsoft Basic Render Driver' (Feature Level 11_0)
[2019.04.21-22.36.28:929][  0]LogD3D11RHI:       0/0/8141 MB DedicatedVideo/DedicatedSystem/SharedSystem, Outputs:0, VendorId:0x1414
[2019.04.21-22.36.28:929][  0]LogD3D11RHI: Chosen D3D11 Adapter: 0
[2019.04.21-22.36.28:947][  0]LogD3D11RHI: Creating new Direct3DDevice
[2019.04.21-22.36.28:947][  0]LogD3D11RHI:     GPU DeviceId: 0x13d8 (for the marketing name, search the web for "GPU Device Id")
[2019.04.21-22.36.28:947][  0]LogWindows: EnumDisplayDevices:
[2019.04.21-22.36.28:947][  0]LogWindows:    0. 'Intel(R) HD Graphics 530' (P:1 D:1)
[2019.04.21-22.36.28:947][  0]LogWindows:    1. 'Intel(R) HD Graphics 530' (P:0 D:0)
[2019.04.21-22.36.28:947][  0]LogWindows:    2. 'Intel(R) HD Graphics 530' (P:0 D:0)
[2019.04.21-22.36.28:947][  0]LogWindows:    3. 'NVIDIA GeForce GTX 970M' (P:0 D:0)
[2019.04.21-22.36.28:947][  0]LogWindows: DebugString: PrimaryIsNotTheChoosenAdapter PrimaryIsNotTheChoosenAdapter PrimaryIsNotTheChoosenAdapter 
[2019.04.21-22.36.28:947][  0]LogD3D11RHI:     Adapter Name: NVIDIA GeForce GTX 970M
[2019.04.21-22.36.28:947][  0]LogD3D11RHI:   Driver Version: 391.25 (internal:23.21.13.9125, unified:391.25)
[2019.04.21-22.36.28:947][  0]LogD3D11RHI:      Driver Date: 3-16-2018
[2019.04.21-22.36.28:947][  0]LogRHI: Texture pool is 2120 MB (70% of 3029 MB)
[2019.04.21-22.36.28:983][  0]LogD3D11RHI: Async texture creation enabled
[2019.04.21-22.36.29:003][  0]LogD3D11RHI: GPU Timing Frequency: 1000.000000 (Debug: 2 2)
[2019.04.21-22.36.29:282][  0]LogTemp: Display: Loaded TP AllDesktopTargetPlatform
[2019.04.21-22.36.29:294][  0]LogTemp: Display: Loaded TP MacClientTargetPlatform
[2019.04.21-22.36.29:307][  0]LogTemp: Display: Loaded TP MacNoEditorTargetPlatform
[2019.04.21-22.36.29:319][  0]LogTemp: Display: Loaded TP MacServerTargetPlatform
[2019.04.21-22.36.29:331][  0]LogTemp: Display: Loaded TP MacTargetPlatform
[2019.04.21-22.36.29:344][  0]LogTemp: Display: Loaded TP WindowsClientTargetPlatform
[2019.04.21-22.36.29:356][  0]LogTemp: Display: Loaded TP WindowsNoEditorTargetPlatform
[2019.04.21-22.36.29:368][  0]LogTemp: Display: Loaded TP WindowsServerTargetPlatform
[2019.04.21-22.36.29:373][  0]LogTemp: Display: Loaded TP WindowsTargetPlatform
[2019.04.21-22.36.29:450][  0]LogTemp: Display: Loaded TP AndroidTargetPlatform
[2019.04.21-22.36.29:450][  0]LogTemp: Display: Loaded TP AndroidTargetPlatform
[2019.04.21-22.36.29:450][  0]LogTemp: Display: Loaded TP AndroidTargetPlatform
[2019.04.21-22.36.29:450][  0]LogTemp: Display: Loaded TP AndroidTargetPlatform
[2019.04.21-22.36.29:450][  0]LogTemp: Display: Loaded TP AndroidTargetPlatform
[2019.04.21-22.36.29:450][  0]LogTemp: Display: Loaded TP AndroidTargetPlatform
[2019.04.21-22.36.29:450][  0]LogTemp: Display: Loaded TP AndroidTargetPlatform
[2019.04.21-22.36.29:450][  0]LogTemp: Display: Loaded TP AndroidTargetPlatform
[2019.04.21-22.36.29:450][  0]LogTemp: Display: Loaded TP AndroidTargetPlatform
[2019.04.21-22.36.29:450][  0]LogTemp: Display: Loaded TP AndroidTargetPlatform
[2019.04.21-22.36.29:450][  0]LogTemp: Display: Loaded TP AndroidTargetPlatform
[2019.04.21-22.36.29:450][  0]LogTemp: Display: Loaded TP AndroidTargetPlatform
[2019.04.21-22.36.29:450][  0]LogTemp: Display: Loaded TP AndroidTargetPlatform
[2019.04.21-22.36.29:450][  0]LogTemp: Display: Loaded TP AndroidTargetPlatform
[2019.04.21-22.36.29:450][  0]LogTemp: Display: Loaded TP AndroidTargetPlatform
[2019.04.21-22.36.29:450][  0]LogTemp: Display: Loaded TP AndroidTargetPlatform
[2019.04.21-22.36.29:450][  0]LogTemp: Display: Loaded TP AndroidTargetPlatform
[2019.04.21-22.36.29:450][  0]LogTemp: Display: Loaded TP AndroidTargetPlatform
[2019.04.21-22.36.29:451][  0]LogTemp: Display: Loaded TP HTML5TargetPlatform
[2019.04.21-22.36.29:511][  0]LogTemp: Display: Loaded TP IOSTargetPlatform
[2019.04.21-22.36.29:511][  0]LogTemp: Display: Loaded TP IOSTargetPlatform
[2019.04.21-22.36.29:553][  0]LogTemp: Display: Loaded TP TVOSTargetPlatform
[2019.04.21-22.36.29:553][  0]LogTemp: Display: Loaded TP TVOSTargetPlatform
[2019.04.21-22.36.29:564][  0]LogTemp: Display: Loaded TP LinuxClientTargetPlatform
[2019.04.21-22.36.29:576][  0]LogTemp: Display: Loaded TP LinuxNoEditorTargetPlatform
[2019.04.21-22.36.29:587][  0]LogTemp: Display: Loaded TP LinuxServerTargetPlatform
[2019.04.21-22.36.29:599][  0]LogTemp: Display: Loaded TP LinuxTargetPlatform
[2019.04.21-22.36.29:643][  0]LogTemp: Display: Loaded TP LuminTargetPlatform
[2019.04.21-22.36.29:643][  0]LogTemp: Display: Loaded TP LuminTargetPlatform
[2019.04.21-22.36.29:643][  0]LogTargetPlatformManager: Display: Building Assets For Windows
[2019.04.21-22.36.29:680][  0]LogShaderCompilers: Guid format shader working directory is -1 characters bigger than the processId version (../../../Projects/WIZARD_WARS_4000/Wizard_Wars/Intermediate/Shaders/WorkingDirectory/20816/).
[2019.04.21-22.36.29:680][  0]LogShaderCompilers: Cleaned the shader compiler working directory 'C:/Users/kjtro/AppData/Local/Temp/UnrealShaderWorkingDir/5F955BE14D11BD3B23C66499A79B2480/'.
[2019.04.21-22.36.29:681][  0]LogXGEController: Cannot use XGE Controller as Incredibuild is not installed on this machine.
[2019.04.21-22.36.29:681][  0]LogShaderCompilers: Cannot use XGE Shader Compiler as Incredibuild is not installed on this machine.
[2019.04.21-22.36.29:681][  0]LogShaderCompilers: Display: Using Local Shader Compiler.
[2019.04.21-22.36.30:249][  0]LogDerivedDataCache: Display: Max Cache Size: 512 MB
[2019.04.21-22.36.30:303][  0]LogDerivedDataCache: Loaded boot cache 0.05s 79MB C:/Users/kjtro/AppData/Local/UnrealEngine/4.21/DerivedDataCache/Boot.ddc.
[2019.04.21-22.36.30:303][  0]LogDerivedDataCache: Display: Loaded Boot cache: C:/Users/kjtro/AppData/Local/UnrealEngine/4.21/DerivedDataCache/Boot.ddc
[2019.04.21-22.36.30:303][  0]LogDerivedDataCache: FDerivedDataBackendGraph:  Pak pak cache file ../../../Projects/WIZARD_WARS_4000/Wizard_Wars/DerivedDataCache/DDC.ddp not found, will not use a pak cache.
[2019.04.21-22.36.30:303][  0]LogDerivedDataCache: Unable to find inner node Pak for hierarchical cache Hierarchy.
[2019.04.21-22.36.30:303][  0]LogDerivedDataCache: FDerivedDataBackendGraph:  CompressedPak pak cache file ../../../Projects/WIZARD_WARS_4000/Wizard_Wars/DerivedDataCache/Compressed.ddp not found, will not use a pak cache.
[2019.04.21-22.36.30:303][  0]LogDerivedDataCache: Unable to find inner node CompressedPak for hierarchical cache Hierarchy.
[2019.04.21-22.36.30:319][  0]LogDerivedDataCache: Display: Pak cache opened for reading ../../../Engine/DerivedDataCache/Compressed.ddp.
[2019.04.21-22.36.30:319][  0]LogDerivedDataCache: FDerivedDataBackendGraph:  EnterprisePak pak cache file ../../../Enterprise/DerivedDataCache/Compressed.ddp not found, will not use a pak cache.
[2019.04.21-22.36.30:319][  0]LogDerivedDataCache: Unable to find inner node EnterprisePak for hierarchical cache Hierarchy.
[2019.04.21-22.36.30:331][  0]LogDerivedDataCache: Using Local data cache path C:/Users/kjtro/AppData/Local/UnrealEngine/Common/DerivedDataCache: Writable
[2019.04.21-22.36.30:331][  0]LogDerivedDataCache: Shared data cache path not found in *engine.ini, will not use an Shared cache.
[2019.04.21-22.36.30:331][  0]LogDerivedDataCache: Unable to find inner node Shared for hierarchical cache Hierarchy.
[2019.04.21-22.36.30:358][  0]LogMaterial: Verifying Global Shaders for PCD3D_SM5
[2019.04.21-22.36.30:360][  0]LogSlate: Using FreeType 2.6.0
[2019.04.21-22.36.30:360][  0]LogSlate: SlateFontServices - WITH_FREETYPE: 1, WITH_HARFBUZZ: 1
[2019.04.21-22.36.30:443][  0]LogAssetRegistry: FAssetRegistry took 0.0323 seconds to start up
[2019.04.21-22.36.30:780][  0]LogInit: Selected Device Profile: [Windows]
[2019.04.21-22.36.30:940][  0]LogSimplygon: Simplygon DLL not present - disabling.
[2019.04.21-22.36.30:943][  0]LogMeshReduction: Using SimplygonSwarm for distributed automatic mesh merging
[2019.04.21-22.36.30:943][  0]LogMeshReduction: Using ProxyLODMeshReduction for automatic mesh merging
[2019.04.21-22.36.30:943][  0]LogMeshReduction: Using QuadricMeshReduction for automatic static mesh reduction
[2019.04.21-22.36.30:943][  0]LogMeshReduction: No automatic skeletal mesh reduction module available
[2019.04.21-22.36.30:964][  0]LogNetVersion: Wizard_Wars 1.0.0, NetCL: 4541578, EngineNetVer: 5, GameNetVer: 0 (Checksum: 1501833635)
[2019.04.21-22.36.31:542][  0]LogPackageLocalizationCache: Processed 12 localized package path(s) for 2 prioritized culture(s) in 0.109590 seconds
[2019.04.21-22.36.31:547][  0]LogUObjectArray: 39788 objects as part of root set at end of initial load.
[2019.04.21-22.36.31:547][  0]LogUObjectAllocator: 6917680 out of 0 bytes used by permanent object pool.
[2019.04.21-22.36.31:547][  0]LogUObjectArray: CloseDisregardForGC: 0/0 objects in disregard for GC pool
[2019.04.21-22.36.32:451][  0]LogTcpMessaging: Initializing TcpMessaging bridge
[2019.04.21-22.36.32:465][  0]LogUdpMessaging: Initializing bridge on interface 0.0.0.0:0 to multicast group 230.0.0.1:6666.
[2019.04.21-22.36.33:207][  0]SourceControl: Source control is disabled
[2019.04.21-22.36.33:207][  0]LogWindows: Warning: CreateProc failed: The system cannot find the file specified. (0x00000002)
[2019.04.21-22.36.33:208][  0]LogWindows: Warning: URL: C:/Program Files/Git/bin/git.exe version
[2019.04.21-22.36.33:208][  0]LogWindows: Warning: CreateProc failed: The system cannot find the file specified. (0x00000002)
[2019.04.21-22.36.33:208][  0]LogWindows: Warning: URL: C:/Program Files (x86)/Git/bin/git.exe version
[2019.04.21-22.36.33:208][  0]LogWindows: Warning: CreateProc failed: The system cannot find the file specified. (0x00000002)
[2019.04.21-22.36.33:208][  0]LogWindows: Warning: URL: C:\Users\kjtro\AppData\Local/Programs/Git/cmd/git.exe version
[2019.04.21-22.36.33:208][  0]LogWindows: Warning: CreateProc failed: The system cannot find the file specified. (0x00000002)
[2019.04.21-22.36.33:208][  0]LogWindows: Warning: URL: C:/Program Files (x86)/SmartGit/git/bin/git.exe version
[2019.04.21-22.36.33:208][  0]LogWindows: Warning: CreateProc failed: The system cannot find the file specified. (0x00000002)
[2019.04.21-22.36.33:208][  0]LogWindows: Warning: URL: C:/Program Files (x86)/SmartGit/bin/git.exe version
[2019.04.21-22.36.33:208][  0]LogWindows: Warning: CreateProc failed: The system cannot find the file specified. (0x00000002)
[2019.04.21-22.36.33:208][  0]LogWindows: Warning: URL: C:\Users\kjtro\AppData\Local/Atlassian/SourceTree/git_local/bin/git.exe version
[2019.04.21-22.36.33:208][  0]LogWindows: Warning: CreateProc failed: The system cannot find the file specified. (0x00000002)
[2019.04.21-22.36.33:208][  0]LogWindows: Warning: URL: C:/Program Files (x86)/fournova/Tower/vendor/Git/bin/git.exe version
[2019.04.21-22.36.33:210][  0]LogWindows: Warning: CreateProc failed: The system cannot find the file specified. (0x00000002)
[2019.04.21-22.36.33:210][  0]LogWindows: Warning: URL: C:/Program Files/Git/bin/git.exe version
[2019.04.21-22.36.33:210][  0]LogWindows: Warning: CreateProc failed: The system cannot find the file specified. (0x00000002)
[2019.04.21-22.36.33:210][  0]LogWindows: Warning: URL: C:/Program Files (x86)/Git/bin/git.exe version
[2019.04.21-22.36.33:210][  0]LogWindows: Warning: CreateProc failed: The system cannot find the file specified. (0x00000002)
[2019.04.21-22.36.33:210][  0]LogWindows: Warning: URL: C:\Users\kjtro\AppData\Local/Programs/Git/cmd/git.exe version
[2019.04.21-22.36.33:210][  0]LogWindows: Warning: CreateProc failed: The system cannot find the file specified. (0x00000002)
[2019.04.21-22.36.33:210][  0]LogWindows: Warning: URL: C:/Program Files (x86)/SmartGit/git/bin/git.exe version
[2019.04.21-22.36.33:210][  0]LogWindows: Warning: CreateProc failed: The system cannot find the file specified. (0x00000002)
[2019.04.21-22.36.33:210][  0]LogWindows: Warning: URL: C:/Program Files (x86)/SmartGit/bin/git.exe version
[2019.04.21-22.36.33:210][  0]LogWindows: Warning: CreateProc failed: The system cannot find the file specified. (0x00000002)
[2019.04.21-22.36.33:210][  0]LogWindows: Warning: URL: C:\Users\kjtro\AppData\Local/Atlassian/SourceTree/git_local/bin/git.exe version
[2019.04.21-22.36.33:211][  0]LogWindows: Warning: CreateProc failed: The system cannot find the file specified. (0x00000002)
[2019.04.21-22.36.33:211][  0]LogWindows: Warning: URL: C:/Program Files (x86)/fournova/Tower/vendor/Git/bin/git.exe version
[2019.04.21-22.36.33:212][  0]LogWindows: Warning: CreateProc failed: The system cannot find the file specified. (0x00000002)
[2019.04.21-22.36.33:212][  0]LogWindows: Warning: URL: C:/Program Files/Git/bin/git.exe version
[2019.04.21-22.36.33:212][  0]LogWindows: Warning: CreateProc failed: The system cannot find the file specified. (0x00000002)
[2019.04.21-22.36.33:212][  0]LogWindows: Warning: URL: C:/Program Files (x86)/Git/bin/git.exe version
[2019.04.21-22.36.33:212][  0]LogWindows: Warning: CreateProc failed: The system cannot find the file specified. (0x00000002)
[2019.04.21-22.36.33:212][  0]LogWindows: Warning: URL: C:\Users\kjtro\AppData\Local/Programs/Git/cmd/git.exe version
[2019.04.21-22.36.33:212][  0]LogWindows: Warning: CreateProc failed: The system cannot find the file specified. (0x00000002)
[2019.04.21-22.36.33:212][  0]LogWindows: Warning: URL: C:/Program Files (x86)/SmartGit/git/bin/git.exe version
[2019.04.21-22.36.33:212][  0]LogWindows: Warning: CreateProc failed: The system cannot find the file specified. (0x00000002)
[2019.04.21-22.36.33:212][  0]LogWindows: Warning: URL: C:/Program Files (x86)/SmartGit/bin/git.exe version
[2019.04.21-22.36.33:212][  0]LogWindows: Warning: CreateProc failed: The system cannot find the file specified. (0x00000002)
[2019.04.21-22.36.33:212][  0]LogWindows: Warning: URL: C:\Users\kjtro\AppData\Local/Atlassian/SourceTree/git_local/bin/git.exe version
[2019.04.21-22.36.33:212][  0]LogWindows: Warning: CreateProc failed: The system cannot find the file specified. (0x00000002)
[2019.04.21-22.36.33:212][  0]LogWindows: Warning: URL: C:/Program Files (x86)/fournova/Tower/vendor/Git/bin/git.exe version
[2019.04.21-22.36.33:387][  0]LogAndroidPermission: UAndroidPermissionCallbackProxy::GetInstance
[2019.04.21-22.36.33:462][  0]LogOcInput: OculusInput pre-init called
[2019.04.21-22.36.33:617][  0]LogEngine: Initializing Engine...
[2019.04.21-22.36.33:618][  0]LogHMD: Failed to initialize OpenVR with code 110
[2019.04.21-22.36.33:619][  0]LogStats: UGameplayTagsManager::ConstructGameplayTagTree: ImportINI prefixes -  0.000 s
[2019.04.21-22.36.33:619][  0]LogStats: UGameplayTagsManager::ConstructGameplayTagTree: Construct from data asset -  0.000 s
[2019.04.21-22.36.33:619][  0]LogStats: UGameplayTagsManager::ConstructGameplayTagTree: ImportINI -  0.000 s
[2019.04.21-22.36.33:619][  0]LogStats: UGameplayTagsManager::ConstructGameplayTagTree: GameplayTagTreeChangedEvent.Broadcast -  0.000 s
[2019.04.21-22.36.33:880][  0]LogInit: Initializing FReadOnlyCVARCache
[2019.04.21-22.36.33:888][  0]LogAIModule: Creating AISystem for world Untitled
[2019.04.21-22.36.33:906][  0]LogInit: XAudio2 using 'Speakers (Sound Blaster Recon3Di)' : 2 channels at 48 kHz using 32 bits per sample (channel mask 0x3)
[2019.04.21-22.36.33:931][  0]LogInit: FAudioDevice initialized.
[2019.04.21-22.36.33:931][  0]LogNetVersion: Set ProjectVersion to 1.0.0.0. Version Checksum will be recalculated on next use.
[2019.04.21-22.36.34:071][  0]LogDerivedDataCache: Saved boot cache 0.14s 79MB C:/Users/kjtro/AppData/Local/UnrealEngine/4.21/DerivedDataCache/Boot.ddc.
[2019.04.21-22.36.34:108][  0]LogInit: Texture streaming: Enabled
[2019.04.21-22.36.34:127][  0]LogEngineSessionManager: EngineSessionManager initialized
[2019.04.21-22.36.34:140][  0]LogInit: Transaction tracking system initialized
[2019.04.21-22.36.34:155][  0]BlueprintLog: New page: Editor Load
[2019.04.21-22.36.34:209][  0]LocalizationService: Localization service is disabled
[2019.04.21-22.36.34:653][  0]LogCook: Display: Max memory allowance for cook 16384mb min free memory 0mb
[2019.04.21-22.36.34:653][  0]LogCook: Display: Mobile HDR setting 1
[2019.04.21-22.36.34:653][  0]LogGameplayTags: Display: UGameplayTagsManager::DoneAddingNativeTags. DelegateIsBound: 0
[2019.04.21-22.36.34:653][  0]LogStats: UGameplayTagsManager::ConstructGameplayTagTree: ImportINI prefixes -  0.000 s
[2019.04.21-22.36.34:653][  0]LogStats: UGameplayTagsManager::ConstructGameplayTagTree: Construct from data asset -  0.000 s
[2019.04.21-22.36.34:654][  0]LogStats: UGameplayTagsManager::ConstructGameplayTagTree: ImportINI -  0.000 s
[2019.04.21-22.36.34:654][  0]LogStats: UGameplayTagsManager::ConstructGameplayTagTree: GameplayTagTreeChangedEvent.Broadcast -  0.000 s
[2019.04.21-22.36.34:749][  0]LogFileCache: Scanning file cache for directory 'D:/Epic/UE_4.21/Projects/WIZARD_WARS_4000/Wizard_Wars/Content/' took 0.02s
[2019.04.21-22.36.34:749][  0]LogWindows: Warning: CreateProc failed: The system cannot find the file specified. (0x00000002)
[2019.04.21-22.36.34:749][  0]LogWindows: Warning: URL: C:/Program Files/Git/bin/git.exe version
[2019.04.21-22.36.34:749][  0]LogWindows: Warning: CreateProc failed: The system cannot find the file specified. (0x00000002)
[2019.04.21-22.36.34:749][  0]LogWindows: Warning: URL: C:/Program Files (x86)/Git/bin/git.exe version
[2019.04.21-22.36.34:749][  0]LogWindows: Warning: CreateProc failed: The system cannot find the file specified. (0x00000002)
[2019.04.21-22.36.34:749][  0]LogWindows: Warning: URL: C:\Users\kjtro\AppData\Local/Programs/Git/cmd/git.exe version
[2019.04.21-22.36.34:750][  0]LogWindows: Warning: CreateProc failed: The system cannot find the file specified. (0x00000002)
[2019.04.21-22.36.34:750][  0]LogWindows: Warning: URL: C:/Program Files (x86)/SmartGit/git/bin/git.exe version
[2019.04.21-22.36.34:750][  0]LogWindows: Warning: CreateProc failed: The system cannot find the file specified. (0x00000002)
[2019.04.21-22.36.34:750][  0]LogWindows: Warning: URL: C:/Program Files (x86)/SmartGit/bin/git.exe version
[2019.04.21-22.36.34:750][  0]LogWindows: Warning: CreateProc failed: The system cannot find the file specified. (0x00000002)
[2019.04.21-22.36.34:750][  0]LogWindows: Warning: URL: C:\Users\kjtro\AppData\Local/Atlassian/SourceTree/git_local/bin/git.exe version
[2019.04.21-22.36.34:750][  0]LogWindows: Warning: CreateProc failed: The system cannot find the file specified. (0x00000002)
[2019.04.21-22.36.34:750][  0]LogWindows: Warning: URL: C:/Program Files (x86)/fournova/Tower/vendor/Git/bin/git.exe version
[2019.04.21-22.36.34:750][  0]Cmd: MAP LOAD FILE="../../../Projects/WIZARD_WARS_4000/Wizard_Wars/Content/ThirdPersonBP/Maps/ThirdPersonExampleMap.umap" TEMPLATE=0 SHOWPROGRESS=1 FEATURELEVEL=3
[2019.04.21-22.36.34:750][  0]LightingResults: New page: Lighting Build
[2019.04.21-22.36.34:752][  0]MapCheck: New page: Map Check
[2019.04.21-22.36.34:752][  0]LightingResults: New page: Lighting Build
[2019.04.21-22.36.36:979][  0]LogAIModule: Creating AISystem for world ThirdPersonExampleMap
[2019.04.21-22.36.36:996][  0]LogEditorServer: Finished looking for orphan Actors (0.000 secs)
[2019.04.21-22.36.37:027][  0]Cmd: MAP CHECKDEP NOCLEARLOG
[2019.04.21-22.36.37:027][  0]MapCheck: Map check complete: 0 Error(s), 0 Warning(s), took 0.116ms to complete.
[2019.04.21-22.36.37:027][  0]LogFileHelpers: Loading map 'ThirdPersonExampleMap' took 2.278
[2019.04.21-22.36.37:127][  0]LogSlate: Updating window title bar state: overlay mode, drag disabled, window buttons hidden, title bar hidden
[2019.04.21-22.36.37:137][  0]LogSlate: Updating window title bar state: overlay mode, drag disabled, window buttons hidden, title bar hidden
[2019.04.21-22.36.37:146][  0]LogSlate: Updating window title bar state: overlay mode, drag disabled, window buttons hidden, title bar hidden
[2019.04.21-22.36.37:155][  0]LogSlate: Updating window title bar state: overlay mode, drag disabled, window buttons hidden, title bar hidden
[2019.04.21-22.36.37:162][  0]LogCollectionManager: Loaded 0 collections in 0.000835 seconds
[2019.04.21-22.36.37:183][  0]LogFileCache: Scanning file cache for directory 'D:/Epic/UE_4.21/Projects/WIZARD_WARS_4000/Wizard_Wars/Saved/Collections/' took 0.01s
[2019.04.21-22.36.37:183][  0]LogFileCache: Scanning file cache for directory 'D:/Epic/UE_4.21/Projects/WIZARD_WARS_4000/Wizard_Wars/Content/Developers/kjtro/Collections/' took 0.00s
[2019.04.21-22.36.37:184][  0]LogFileCache: Scanning file cache for directory 'D:/Epic/UE_4.21/Projects/WIZARD_WARS_4000/Wizard_Wars/Content/Collections/' took 0.00s
[2019.04.21-22.36.37:184][  0]LogCollectionManager: Rebuilt the GUID cache for 0 collections in 0.000000 seconds
[2019.04.21-22.36.37:199][  0]LogContentBrowser: Native class hierarchy populated in 0.0151 seconds. Added 2770 classes and 636 folders.
[2019.04.21-22.36.37:209][  0]LogContentBrowser: Native class hierarchy updated for 'WidgetCarousel' in 0.0004 seconds. Added 0 classes and 0 folders.
[2019.04.21-22.36.37:213][  0]LogPakFile: Registered encryption key '00000000000000000000000000000000': 0 pak files mounted, 0 remain pending
[2019.04.21-22.36.37:214][  0]LogPakFile: Registered encryption key '00000000000000000000000000000000': 0 pak files mounted, 0 remain pending
[2019.04.21-22.36.37:214][  0]LogPakFile: Registered encryption key '00000000000000000000000000000000': 0 pak files mounted, 0 remain pending
[2019.04.21-22.36.37:215][  0]LogPakFile: Registered encryption key '00000000000000000000000000000000': 0 pak files mounted, 0 remain pending
[2019.04.21-22.36.37:215][  0]LogPakFile: Registered encryption key '00000000000000000000000000000000': 0 pak files mounted, 0 remain pending
[2019.04.21-22.36.37:216][  0]LogPakFile: Registered encryption key '00000000000000000000000000000000': 0 pak files mounted, 0 remain pending
[2019.04.21-22.36.37:216][  0]LogPakFile: Registered encryption key '00000000000000000000000000000000': 0 pak files mounted, 0 remain pending
[2019.04.21-22.36.37:217][  0]LogPakFile: Registered encryption key '00000000000000000000000000000000': 0 pak files mounted, 0 remain pending
[2019.04.21-22.36.37:218][  0]LogPakFile: Registered encryption key '00000000000000000000000000000000': 0 pak files mounted, 0 remain pending
[2019.04.21-22.36.37:219][  0]LogPakFile: Registered encryption key '00000000000000000000000000000000': 0 pak files mounted, 0 remain pending
[2019.04.21-22.36.37:219][  0]LogPakFile: Registered encryption key '00000000000000000000000000000000': 0 pak files mounted, 0 remain pending
[2019.04.21-22.36.37:220][  0]LogPakFile: Registered encryption key '00000000000000000000000000000000': 0 pak files mounted, 0 remain pending
[2019.04.21-22.36.37:221][  0]LogPakFile: Registered encryption key '00000000000000000000000000000000': 0 pak files mounted, 0 remain pending
[2019.04.21-22.36.37:221][  0]LogPakFile: Registered encryption key '00000000000000000000000000000000': 0 pak files mounted, 0 remain pending
[2019.04.21-22.36.37:222][  0]LogPakFile: Registered encryption key '00000000000000000000000000000000': 0 pak files mounted, 0 remain pending
[2019.04.21-22.36.37:223][  0]LogPakFile: Registered encryption key '00000000000000000000000000000000': 0 pak files mounted, 0 remain pending
[2019.04.21-22.36.37:223][  0]LogPakFile: Registered encryption key '00000000000000000000000000000000': 0 pak files mounted, 0 remain pending
[2019.04.21-22.36.37:224][  0]LogPakFile: Registered encryption key '00000000000000000000000000000000': 0 pak files mounted, 0 remain pending
[2019.04.21-22.36.37:225][  0]LogPakFile: Registered encryption key '00000000000000000000000000000000': 0 pak files mounted, 0 remain pending
[2019.04.21-22.36.37:225][  0]LogPakFile: Registered encryption key '00000000000000000000000000000000': 0 pak files mounted, 0 remain pending
[2019.04.21-22.36.37:226][  0]LogPakFile: Registered encryption key '00000000000000000000000000000000': 0 pak files mounted, 0 remain pending
[2019.04.21-22.36.37:226][  0]LogPakFile: Registered encryption key '00000000000000000000000000000000': 0 pak files mounted, 0 remain pending
[2019.04.21-22.36.37:227][  0]LogPakFile: Registered encryption key '00000000000000000000000000000000': 0 pak files mounted, 0 remain pending
[2019.04.21-22.36.37:228][  0]LogPakFile: Registered encryption key '00000000000000000000000000000000': 0 pak files mounted, 0 remain pending
[2019.04.21-22.36.37:228][  0]LogPakFile: Registered encryption key '00000000000000000000000000000000': 0 pak files mounted, 0 remain pending
[2019.04.21-22.36.37:229][  0]LogPakFile: Registered encryption key '00000000000000000000000000000000': 0 pak files mounted, 0 remain pending
[2019.04.21-22.36.37:262][  0]LogContentBrowser: Native class hierarchy updated for 'AddContentDialog' in 0.0004 seconds. Added 0 classes and 0 folders.
[2019.04.21-22.36.37:270][  0]LogContentBrowser: Native class hierarchy updated for 'SceneOutliner' in 0.0005 seconds. Added 1 classes and 2 folders.
[2019.04.21-22.36.37:302][  0]LogSlate: Took 0.000208 seconds to synchronously load lazily loaded font '../../../Engine/Content/Slate/Fonts/Roboto-Regular.ttf' (155K)
[2019.04.21-22.36.37:305][  0]LogSlate: Took 0.000648 seconds to synchronously load lazily loaded font '../../../Engine/Content/Slate/Fonts/Roboto-Bold.ttf' (160K)
[2019.04.21-22.36.37:312][  0]LogSlate: Took 0.000155 seconds to synchronously load lazily loaded font '../../../Engine/Content/Editor/Slate/Fonts/FontAwesome.ttf' (139K)
[2019.04.21-22.36.37:426][  0]LogRenderer: Reallocating scene render targets to support 964x436 Format 10 NumSamples 1 (Frame:1).
[2019.04.21-22.36.37:602][  0]LogContentBrowser: Native class hierarchy updated for 'HierarchicalLODOutliner' in 0.0003 seconds. Added 0 classes and 0 folders.
[2019.04.21-22.36.37:604][  0]LogLoad: (Engine Initialization) Total time: 11.01 seconds
[2019.04.21-22.36.37:604][  0]LogLoad: (Engine Initialization) Total Blueprint compile time: 0.00 seconds
[2019.04.21-22.36.37:617][  0]LogWindowsTextInputMethodSystem: Display: IME system now deactivated.
[2019.04.21-22.36.37:723][  0]LogContentStreaming: Texture pool size now 1000 MB
[2019.04.21-22.36.37:758][  1]LogFileCache: Retrieving MD5 hashes for directory 'D:/Epic/UE_4.21/Projects/WIZARD_WARS_4000/Wizard_Wars/Content/' took 0.13s
[2019.04.21-22.36.37:923][  3]LogSlate: Took 0.000136 seconds to synchronously load lazily loaded font '../../../Engine/Content/Slate/Fonts/Roboto-Light.ttf' (167K)
[2019.04.21-22.36.37:972][  4]LogAssetRegistry: Asset discovery search completed in 7.5505 seconds
[2019.04.21-22.36.37:974][  4]LogCollectionManager: Rebuilt the object cache for 0 collections in 0.000000 seconds (found 0 objects)
[2019.04.21-22.36.37:974][  4]LogCollectionManager: Fixed up redirectors for 0 collections in 0.000044 seconds (updated 0 objects)
[2019.04.21-22.36.39:876][223]LogSlate: FSceneViewport::OnFocusLost() reason 0
[2019.04.21-22.36.39:893][225]LogSlate: Window 'Plugins' being destroyed
[2019.04.21-22.36.39:898][225]LogSlate: Window 'Plugins' being destroyed
[2019.04.21-22.36.39:899][225]LogDirectoryWatcher: A directory notification for '../../../Engine/Plugins/' was aborted.
[2019.04.21-22.37.27:524][889]LogSlate: FSceneViewport::OnFocusLost() reason 0
[2019.04.21-22.37.27:726][894]LogNiagara: Emitter /Game/ThirdPersonBP/ParticleSystems/Fire/PSN_Fire.PSN_Fire:NiagaraEmitter_0-PEN_Flames is merging changes from source /Game/ThirdPersonBP/ParticleSystems/Fire/PEN_Flames.PEN_Flames because its Change ID was updated.
[2019.04.21-22.37.27:744][894]LogNiagaraEditor: 'NiagaraGraph /Engine/Transient.PEN_Flames:NiagaraScriptSource_0.NiagaraGraph_0' changes synchronized with master script in EmitterSpawnScript .. synced guid: FB285E274582B37FDE0C7D9BB2536CBC
[2019.04.21-22.37.27:744][894]LogNiagaraEditor: 'NiagaraGraph /Engine/Transient.PEN_Flames:NiagaraScriptSource_0.NiagaraGraph_0' changes synchronized with master script in EmitterUpdateScript .. synced guid: 1391AF704EDD8659E894868EFA43276D
[2019.04.21-22.37.27:744][894]LogNiagaraEditor: 'NiagaraGraph /Engine/Transient.PEN_Flames:NiagaraScriptSource_0.NiagaraGraph_0' changes synchronized with master script in ParticleSpawnScript .. synced guid: BEA3C38848B3F7CFEE7439ABB1F450CC
[2019.04.21-22.37.27:744][894]LogNiagaraEditor: 'NiagaraGraph /Engine/Transient.PEN_Flames:NiagaraScriptSource_0.NiagaraGraph_0' changes synchronized with master script in ParticleUpdateScript .. synced guid: 325D7D41495047DC5B090D8C38C26E45
[2019.04.21-22.37.27:744][894]LogNiagaraEditor: 'NiagaraGraph /Engine/Transient.PEN_Flames:NiagaraScriptSource_0.NiagaraGraph_0' changes synchronized with master script in ParticleGPUComputeScript .. synced guid: 9B4D09024A8641ED5374D4903CAADD8A
[2019.04.21-22.37.27:760][894]LogNiagara: System /Game/ThirdPersonBP/ParticleSystems/Fire/PSN_Fire.PSN_Fire being compiled because there were changes to a system script Change ID.
[2019.04.21-22.37.27:760][894]LogNiagara: System /Game/ThirdPersonBP/ParticleSystems/Fire/PSN_Fire.PSN_Fire being compiled because graph changes were merged for a base emitter.
[2019.04.21-22.37.27:799][894]LogNiagara: PostLoad LUT generation is out of sync. Please investigate. /Engine/Transient.NiagaraScriptSource_0:NiagaraGraph_0.NiagaraNodeFunctionCall_25.ColorFromCurve.NiagaraScriptSource_0.NiagaraGraph_0.NiagaraNodeInput_38.NiagaraDataInterfaceColorCurve_1
[2019.04.21-22.37.27:813][894]LogNiagaraEditor: '/Game/ThirdPersonBP/ParticleSystems/Fire/PSN_Fire' Precompile took 0.052692 sec.
[2019.04.21-22.37.27:813][894]LogNiagara: Script 'NiagaraScript /Game/ThirdPersonBP/ParticleSystems/Fire/PSN_Fire.PSN_Fire:PEN_Flames_0.SpawnScript' is in-sync skipping compile..
[2019.04.21-22.37.27:813][894]LogNiagara: Script 'NiagaraScript /Game/ThirdPersonBP/ParticleSystems/Fire/PSN_Fire.PSN_Fire:PEN_Flames_0.UpdateScript' is in-sync skipping compile..
[2019.04.21-22.37.27:813][894]LogNiagara: Script 'NiagaraScript /Game/ThirdPersonBP/ParticleSystems/Fire/PSN_Fire.PSN_Fire:PEN_Flames_0.EmitterSpawnScript' is in-sync skipping compile..
[2019.04.21-22.37.27:813][894]LogNiagara: Script 'NiagaraScript /Game/ThirdPersonBP/ParticleSystems/Fire/PSN_Fire.PSN_Fire:PEN_Flames_0.EmitterUpdateScript' is in-sync skipping compile..
[2019.04.21-22.37.27:819][894]LogNiagaraEditor: Compiling System NiagaraScript /Game/ThirdPersonBP/ParticleSystems/Fire/PSN_Fire.PSN_Fire:SystemSpawnScript ...................................................................
[2019.04.21-22.37.27:819][894]LogNiagaraEditor: Compiling System NiagaraScript /Game/ThirdPersonBP/ParticleSystems/Fire/PSN_Fire.PSN_Fire:SystemUpdateScript ...................................................................
[2019.04.21-22.37.27:909][901]LogNiagaraEditor: Compiling System NiagaraScript /Game/ThirdPersonBP/ParticleSystems/Fire/PSN_Fire.PSN_Fire:SystemSpawnScript took 0.092550 sec (0.004317/0.088039)... Status NCS_UpToDate
[2019.04.21-22.37.28:365][955]LogNiagaraEditor: Compiling System NiagaraScript /Game/ThirdPersonBP/ParticleSystems/Fire/PSN_Fire.PSN_Fire:SystemUpdateScript took 0.544848 sec (0.015609/0.452353)... Status NCS_UpToDate
[2019.04.21-22.37.29:376][ 75]LogNiagara: UNiagraScript 'NiagaraScript /Game/ThirdPersonBP/ParticleSystems/Fire/PSN_Fire.PSN_Fire:SystemSpawnScript' was built locally..
[2019.04.21-22.37.29:376][ 75]LogNiagara: UNiagraScript 'NiagaraScript /Game/ThirdPersonBP/ParticleSystems/Fire/PSN_Fire.PSN_Fire:SystemUpdateScript' was built locally..
[2019.04.21-22.37.29:382][ 75]LogNiagara: Compiling System NiagaraSystem /Game/ThirdPersonBP/ParticleSystems/Fire/PSN_Fire.PSN_Fire took 1.622169 sec (wall time), 0.637398 sec (combined time).
[2019.04.21-22.37.29:465][ 76]LogNiagara: FNiagaraGlobalReadBuffer::InitRHI
[2019.04.21-22.37.37:005][954]LogSlate: FSceneViewport::OnFocusLost() reason 0
[2019.04.21-22.37.45:886][936]LogSlate: FSceneViewport::OnFocusLost() reason 0
[2019.04.21-22.38.11:243][809]LogSlate: FSceneViewport::OnFocusLost() reason 0
[2019.04.21-22.38.15:315][269]LogNiagara: Emitter /Game/ThirdPersonBP/ParticleSystems/Water_Drops/PSN_Water_Drops.PSN_Water_Drops:NiagaraEmitter_0-PEN_Water_Drops is merging changes from source /Game/ThirdPersonBP/ParticleSystems/Water_Drops/PEN_Water_Drops.PEN_Water_Drops because its Change ID was updated.
[2019.04.21-22.38.15:330][269]LogNiagaraEditor: 'NiagaraGraph /Engine/Transient.PEN_Water_Drops:NiagaraScriptSource_0.NiagaraGraph_0' changes synchronized with master script in EmitterSpawnScript .. synced guid: FB285E274582B37FDE0C7D9BB2536CBC
[2019.04.21-22.38.15:330][269]LogNiagaraEditor: 'NiagaraGraph /Engine/Transient.PEN_Water_Drops:NiagaraScriptSource_0.NiagaraGraph_0' changes synchronized with master script in EmitterUpdateScript .. synced guid: B3C8F76846BC1D39D556B69F3ED15226
[2019.04.21-22.38.15:330][269]LogNiagaraEditor: 'NiagaraGraph /Engine/Transient.PEN_Water_Drops:NiagaraScriptSource_0.NiagaraGraph_0' changes synchronized with master script in ParticleSpawnScript .. synced guid: E9DD0C07461E16B80E09C4AAC197D56D
[2019.04.21-22.38.15:330][269]LogNiagaraEditor: 'NiagaraGraph /Engine/Transient.PEN_Water_Drops:NiagaraScriptSource_0.NiagaraGraph_0' changes synchronized with master script in ParticleUpdateScript .. synced guid: A2B7506640394C21507832836A1EE442
[2019.04.21-22.38.15:330][269]LogNiagaraEditor: 'NiagaraGraph /Engine/Transient.PEN_Water_Drops:NiagaraScriptSource_0.NiagaraGraph_0' changes synchronized with master script in ParticleGPUComputeScript .. synced guid: 6E12A0564001A9A19D3FC2864546E54D
[2019.04.21-22.38.15:345][269]LogNiagara: System /Game/ThirdPersonBP/ParticleSystems/Water_Drops/PSN_Water_Drops.PSN_Water_Drops being compiled because there were changes to a system script Change ID.
[2019.04.21-22.38.15:345][269]LogNiagara: System /Game/ThirdPersonBP/ParticleSystems/Water_Drops/PSN_Water_Drops.PSN_Water_Drops being compiled because graph changes were merged for a base emitter.
[2019.04.21-22.38.15:378][269]LogNiagara: PostLoad LUT generation is out of sync. Please investigate. /Engine/Transient.NiagaraScriptSource_1:NiagaraGraph_0.NiagaraNodeFunctionCall_14.Vector2DFromCurve.NiagaraScriptSource_0.NiagaraGraph_0.NiagaraNodeInput_33.DefaultCurve
[2019.04.21-22.38.15:390][269]LogNiagaraEditor: '/Game/ThirdPersonBP/ParticleSystems/Water_Drops/PSN_Water_Drops' Precompile took 0.044506 sec.
[2019.04.21-22.38.15:390][269]LogNiagara: Script 'NiagaraScript /Game/ThirdPersonBP/ParticleSystems/Water_Drops/PSN_Water_Drops.PSN_Water_Drops:PEN_Water_Drops_0.SpawnScript' is in-sync skipping compile..
[2019.04.21-22.38.15:390][269]LogNiagara: Script 'NiagaraScript /Game/ThirdPersonBP/ParticleSystems/Water_Drops/PSN_Water_Drops.PSN_Water_Drops:PEN_Water_Drops_0.UpdateScript' is in-sync skipping compile..
[2019.04.21-22.38.15:390][269]LogNiagara: Script 'NiagaraScript /Game/ThirdPersonBP/ParticleSystems/Water_Drops/PSN_Water_Drops.PSN_Water_Drops:PEN_Water_Drops_0.EmitterSpawnScript' is in-sync skipping compile..
[2019.04.21-22.38.15:390][269]LogNiagara: Script 'NiagaraScript /Game/ThirdPersonBP/ParticleSystems/Water_Drops/PSN_Water_Drops.PSN_Water_Drops:PEN_Water_Drops_0.EmitterUpdateScript' is in-sync skipping compile..
[2019.04.21-22.38.15:400][269]LogNiagaraEditor: Compiling System NiagaraScript /Game/ThirdPersonBP/ParticleSystems/Water_Drops/PSN_Water_Drops.PSN_Water_Drops:SystemSpawnScript ...................................................................
[2019.04.21-22.38.15:401][269]LogNiagaraEditor: Compiling System NiagaraScript /Game/ThirdPersonBP/ParticleSystems/Water_Drops/PSN_Water_Drops.PSN_Water_Drops:SystemUpdateScript ...................................................................
[2019.04.21-22.38.15:492][274]LogNiagaraEditor: Compiling System NiagaraScript /Game/ThirdPersonBP/ParticleSystems/Water_Drops/PSN_Water_Drops.PSN_Water_Drops:SystemSpawnScript took 0.091703 sec (0.002876/0.088749)... Status NCS_UpToDate
[2019.04.21-22.38.15:802][300]LogNiagaraEditor: Compiling System NiagaraScript /Game/ThirdPersonBP/ParticleSystems/Water_Drops/PSN_Water_Drops.PSN_Water_Drops:SystemUpdateScript took 0.407197 sec (0.013182/0.315513)... Status NCS_UpToDate
[2019.04.21-22.38.16:647][389]LogNiagara: UNiagraScript 'NiagaraScript /Game/ThirdPersonBP/ParticleSystems/Water_Drops/PSN_Water_Drops.PSN_Water_Drops:SystemSpawnScript' was built locally..
[2019.04.21-22.38.16:648][389]LogNiagara: UNiagraScript 'NiagaraScript /Game/ThirdPersonBP/ParticleSystems/Water_Drops/PSN_Water_Drops.PSN_Water_Drops:SystemUpdateScript' was built locally..
[2019.04.21-22.38.16:651][389]LogNiagara: Compiling System NiagaraSystem /Game/ThirdPersonBP/ParticleSystems/Water_Drops/PSN_Water_Drops.PSN_Water_Drops took 1.305829 sec (wall time), 0.498900 sec (combined time).
[2019.04.21-22.38.27:806][680]LogSlate: FSceneViewport::OnFocusLost() reason 0
[2019.04.21-22.38.32:427][200]LogSlate: FSceneViewport::OnFocusLost() reason 0
[2019.04.21-22.38.52:610][459]LogSlate: FSceneViewport::OnFocusLost() reason 0
[2019.04.21-22.39.03:521][720]LogSlate: FSceneViewport::OnFocusLost() reason 0
[2019.04.21-22.39.36:396][625]LogSlate: FSceneViewport::OnFocusLost() reason 0
[2019.04.21-22.39.38:684][885]LogSlate: Took 0.000169 seconds to synchronously load lazily loaded font '../../../Engine/Content/Slate/Fonts/Roboto-Light.ttf' (167K)
[2019.04.21-22.39.38:698][885]LogAssetEditorManager: Opening Asset editor for NiagaraEmitter /Game/ThirdPersonBP/ParticleSystems/Water_Drops/PEN_Water_Drops.PEN_Water_Drops
[2019.04.21-22.39.40:390][885]LogNiagara: Warning: Failed to activate Niagara System due to invalid asset!
[2019.04.21-22.39.40:972][885]LogNiagaraEditor: '/Engine/Transient' Precompile took 0.103297 sec.
[2019.04.21-22.39.40:972][885]LogNiagara: Script 'NiagaraScript /Engine/Transient.NiagaraEmitter_0:SpawnScript' is in-sync skipping compile..
[2019.04.21-22.39.40:973][885]LogNiagara: Script 'NiagaraScript /Engine/Transient.NiagaraEmitter_0:UpdateScript' is in-sync skipping compile..
[2019.04.21-22.39.40:973][885]LogNiagara: Script 'NiagaraScript /Engine/Transient.NiagaraEmitter_0:EmitterSpawnScript' is in-sync skipping compile..
[2019.04.21-22.39.40:973][885]LogNiagara: Script 'NiagaraScript /Engine/Transient.NiagaraEmitter_0:EmitterUpdateScript' is in-sync skipping compile..
[2019.04.21-22.39.41:039][885]LogNiagaraEditor: Compiling System NiagaraScript /Engine/Transient.NiagaraSystem_0:SystemSpawnScript ...................................................................
[2019.04.21-22.39.41:039][885]LogNiagaraEditor: Compiling System NiagaraScript /Engine/Transient.NiagaraSystem_0:SystemUpdateScript ...................................................................
[2019.04.21-22.39.41:056][885]LogNiagaraEditor: Compiling System NiagaraScript /Engine/Transient.NiagaraSystem_0:SystemSpawnScript took 0.077103 sec (0.005328/0.071711)... Status NCS_UpToDate
[2019.04.21-22.39.41:217][886]LogNiagara: UNiagraScript 'NiagaraScript /Engine/Transient.NiagaraSystem_0:SystemSpawnScript' was built locally..
[2019.04.21-22.39.41:262][889]LogNiagaraEditor: Compiling System NiagaraScript /Engine/Transient.NiagaraSystem_0:SystemUpdateScript took 0.285021 sec (0.018111/0.207953)... Status NCS_UpToDate
[2019.04.21-22.39.41:266][889]LogNiagara: UNiagraScript 'NiagaraScript /Engine/Transient.NiagaraSystem_0:SystemUpdateScript' was built locally..
[2019.04.21-22.39.41:277][889]LogNiagara: Compiling System NiagaraSystem /Engine/Transient.NiagaraSystem_0 took 0.408122 sec (wall time), 0.362124 sec (combined time).
[2019.04.21-22.39.45:716][251]LogRenderer: Reallocating scene render targets to support 964x504 Format 10 NumSamples 1 (Frame:361).
[2019.04.21-22.40.09:329][ 63]LogNiagaraEditor: Saving and Compiling NiagaraEmitter PEN_Water_Drops
[2019.04.21-22.40.09:370][ 63]LogNiagara: Emitter /Game/ThirdPersonBP/ParticleSystems/Water_Drops/PSN_Water_Drops.PSN_Water_Drops:PEN_Water_Drops_0-PEN_Water_Drops is merging changes from source /Game/ThirdPersonBP/ParticleSystems/Water_Drops/PEN_Water_Drops.PEN_Water_Drops because its Change ID was updated.
[2019.04.21-22.40.09:383][ 63]LogNiagaraEditor: 'NiagaraGraph /Engine/Transient.NiagaraEmitter_1:NiagaraScriptSource_0.NiagaraGraph_0' changes synchronized with master script in EmitterSpawnScript .. synced guid: FB285E274582B37FDE0C7D9BB2536CBC
[2019.04.21-22.40.09:383][ 63]LogNiagaraEditor: 'NiagaraGraph /Engine/Transient.NiagaraEmitter_1:NiagaraScriptSource_0.NiagaraGraph_0' changes synchronized with master script in EmitterUpdateScript .. synced guid: B3C8F76846BC1D39D556B69F3ED15226
[2019.04.21-22.40.09:383][ 63]LogNiagaraEditor: 'NiagaraGraph /Engine/Transient.NiagaraEmitter_1:NiagaraScriptSource_0.NiagaraGraph_0' changes synchronized with master script in ParticleSpawnScript .. synced guid: E9DD0C07461E16B80E09C4AAC197D56D
[2019.04.21-22.40.09:383][ 63]LogNiagaraEditor: 'NiagaraGraph /Engine/Transient.NiagaraEmitter_1:NiagaraScriptSource_0.NiagaraGraph_0' changes synchronized with master script in ParticleUpdateScript .. synced guid: A2B7506640394C21507832836A1EE442
[2019.04.21-22.40.09:383][ 63]LogNiagaraEditor: 'NiagaraGraph /Engine/Transient.NiagaraEmitter_1:NiagaraScriptSource_0.NiagaraGraph_0' changes synchronized with master script in ParticleGPUComputeScript .. synced guid: 6E12A0564001A9A19D3FC2864546E54D
[2019.04.21-22.40.09:439][ 63]LogNiagaraEditor: '/Game/ThirdPersonBP/ParticleSystems/Water_Drops/PSN_Water_Drops' Precompile took 0.039663 sec.
[2019.04.21-22.40.09:439][ 63]LogNiagara: Script 'NiagaraScript /Game/ThirdPersonBP/ParticleSystems/Water_Drops/PSN_Water_Drops.PSN_Water_Drops:PEN_Water_Drops_2.SpawnScript' is in-sync skipping compile..
[2019.04.21-22.40.09:439][ 63]LogNiagara: Script 'NiagaraScript /Game/ThirdPersonBP/ParticleSystems/Water_Drops/PSN_Water_Drops.PSN_Water_Drops:PEN_Water_Drops_2.UpdateScript' is in-sync skipping compile..
[2019.04.21-22.40.09:439][ 63]LogNiagara: Script 'NiagaraScript /Game/ThirdPersonBP/ParticleSystems/Water_Drops/PSN_Water_Drops.PSN_Water_Drops:PEN_Water_Drops_2.EmitterSpawnScript' is in-sync skipping compile..
[2019.04.21-22.40.09:439][ 63]LogNiagara: Script 'NiagaraScript /Game/ThirdPersonBP/ParticleSystems/Water_Drops/PSN_Water_Drops.PSN_Water_Drops:PEN_Water_Drops_2.EmitterUpdateScript' is in-sync skipping compile..
[2019.04.21-22.40.09:439][ 63]LogNiagara: Script 'NiagaraScript /Game/ThirdPersonBP/ParticleSystems/Water_Drops/PSN_Water_Drops.PSN_Water_Drops:SystemSpawnScript' is in-sync skipping compile..
[2019.04.21-22.40.09:439][ 63]LogNiagara: Script 'NiagaraScript /Game/ThirdPersonBP/ParticleSystems/Water_Drops/PSN_Water_Drops.PSN_Water_Drops:SystemUpdateScript' is in-sync skipping compile..
[2019.04.21-22.40.09:442][ 63]LogNiagara: Compiling System NiagaraSystem /Game/ThirdPersonBP/ParticleSystems/Water_Drops/PSN_Water_Drops.PSN_Water_Drops took 0.042181 sec (wall time), 0.000000 sec (combined time).
[2019.04.21-22.40.09:691][ 63]LogSavePackage: Moving '../../../Projects/WIZARD_WARS_4000/Wizard_Wars/Saved/PEN_Water_Drops3796A3DF4C53BADA08346093533EF25D.tmp' to '../../../Projects/WIZARD_WARS_4000/Wizard_Wars/Content/ThirdPersonBP/ParticleSystems/Water_Drops/PEN_Water_Drops.uasset'
[2019.04.21-22.40.12:630][278]LogSlate: Window 'PEN_Water_Drops' being destroyed
[2019.04.21-22.40.12:658][278]LogNiagaraEditor: Warning: Cleanup System view model 0000014708389400
[2019.04.21-22.40.12:730][278]LogNiagaraEditor: Warning: Cleanup System view model 0000014708389400
[2019.04.21-22.40.12:730][278]LogNiagaraEditor: Warning: Deleting System view model 0000014708389400
[2019.04.21-22.41.07:528][175]LogSlate: FSceneViewport::OnFocusLost() reason 0
[2019.04.21-22.41.09:526][283]LogSavePackage: Moving '../../../Projects/WIZARD_WARS_4000/Wizard_Wars/Saved/ThirdPersonExampleMap834440CD446D3C668D9157885089EB46.tmp' to '../../../Projects/WIZARD_WARS_4000/Wizard_Wars/Content/ThirdPersonBP/Maps/ThirdPersonExampleMap.umap'
[2019.04.21-22.41.10:392][283]LogSavePackage: Moving '../../../Projects/WIZARD_WARS_4000/Wizard_Wars/Saved/ThirdPersonExampleMap_BuiltData8F7E3DBB49DDCAEB1EA946BCC16FBFD0.tmp' to '../../../Projects/WIZARD_WARS_4000/Wizard_Wars/Content/ThirdPersonBP/Maps/ThirdPersonExampleMap_BuiltData.uasset'
