Log file open, 04/18/19 14:24:13
LogWindows: Failed to load 'aqProf.dll' (GetLastError=126)
LogWindows: File 'aqProf.dll' does not exist
LogWindows: Failed to load 'VtuneApi.dll' (GetLastError=126)
LogWindows: File 'VtuneApi.dll' does not exist
LogWindows: Failed to load 'VtuneApi32e.dll' (GetLastError=126)
LogWindows: File 'VtuneApi32e.dll' does not exist
LogConsoleResponse: Display: Failed to find resolution value strings in scalability ini. Falling back to default.
LogInit: Display: Running engine for game: Wizard_Wars
LogPakFile: Registered encryption key '00000000000000000000000000000000': 0 pak files mounted, 0 remain pending
LogPlatformFile: Not using cached read wrapper
LogTaskGraph: Started task graph with 5 named threads and 23 total threads with 3 sets of task threads.
LogStats: Stats thread started at 0.551117
LogD3D11RHI: Loaded GFSDK_Aftermath_Lib.x64.dll
LogICUInternationalization: ICU TimeZone Detection - Raw Offset: -5:00, Platform Override: ''
LogPluginManager: Mounting plugin Paper2D
LogPluginManager: Mounting plugin AISupport
LogPluginManager: Mounting plugin LightPropagationVolume
LogPluginManager: Mounting plugin ActorLayerUtilities
LogPluginManager: Mounting plugin CLionSourceCodeAccess
LogPluginManager: Mounting plugin CodeLiteSourceCodeAccess
LogPluginManager: Mounting plugin GitSourceControl
LogPluginManager: Mounting plugin KDevelopSourceCodeAccess
LogPluginManager: Mounting plugin NullSourceCodeAccess
LogPluginManager: Mounting plugin PerforceSourceControl
LogPluginManager: Mounting plugin SubversionSourceControl
LogPluginManager: Mounting plugin UObjectPlugin
LogPluginManager: Mounting plugin VisualStudioCodeSourceCodeAccess
LogPluginManager: Mounting plugin VisualStudioSourceCodeAccess
LogPluginManager: Mounting plugin XCodeSourceCodeAccess
LogPluginManager: Mounting plugin AssetManagerEditor
LogPluginManager: Mounting plugin CryptoKeys
LogPluginManager: Mounting plugin DataValidation
LogPluginManager: Mounting plugin FacialAnimation
LogPluginManager: Mounting plugin GameplayTagsEditor
LogPluginManager: Mounting plugin MacGraphicsSwitching
LogPluginManager: Mounting plugin MeshEditor
LogPluginManager: Mounting plugin MobileLauncherProfileWizard
LogPluginManager: Mounting plugin PluginBrowser
LogPluginManager: Mounting plugin SpeedTreeImporter
LogPluginManager: Mounting plugin DatasmithContent
LogPluginManager: Mounting plugin VariantManagerContent
LogPluginManager: Mounting plugin AlembicImporter
LogPluginManager: Mounting plugin AppleImageUtils
LogPluginManager: Mounting plugin AppleVision
LogPluginManager: Mounting plugin BackChannel
LogPluginManager: Mounting plugin CharacterAI
LogPluginManager: Mounting plugin GeometryCache
LogPluginManager: Mounting plugin HTML5Networking
LogPluginManager: Mounting plugin ProxyLODPlugin
LogPluginManager: Mounting plugin MagicLeap
LogPluginManager: Mounting plugin MagicLeapMedia
LogPluginManager: Mounting plugin AndroidMedia
LogPluginManager: Mounting plugin AvfMedia
LogPluginManager: Mounting plugin ImgMedia
LogPluginManager: Mounting plugin LinearTimecode
LogPluginManager: Mounting plugin MediaCompositing
LogPluginManager: Mounting plugin MediaPlayerEditor
LogPluginManager: Mounting plugin WebMMedia
LogPluginManager: Mounting plugin WmfMedia
LogPluginManager: Mounting plugin TcpMessaging
LogPluginManager: Mounting plugin UdpMessaging
LogPluginManager: Mounting plugin ActorSequence
LogPluginManager: Mounting plugin LevelSequenceEditor
LogPluginManager: Mounting plugin MatineeToLevelSequence
LogPluginManager: Mounting plugin NetcodeUnitTest
LogPluginManager: Mounting plugin NUTUnrealEngine4
LogPluginManager: Mounting plugin OnlineSubsystemGooglePlay
LogPluginManager: Mounting plugin OnlineSubsystemIOS
LogPluginManager: Mounting plugin OnlineSubsystem
LogPluginManager: Mounting plugin OnlineSubsystemNull
LogPluginManager: Mounting plugin OnlineSubsystemUtils
LogPluginManager: Mounting plugin LauncherChunkInstaller
LogPluginManager: Mounting plugin AndroidDeviceProfileSelector
LogPluginManager: Mounting plugin AndroidMoviePlayer
LogPluginManager: Mounting plugin AndroidPermission
LogPluginManager: Mounting plugin AppleMoviePlayer
LogPluginManager: Mounting plugin ArchVisCharacter
LogPluginManager: Mounting plugin AudioCapture
LogPluginManager: Mounting plugin CableComponent
LogPluginManager: Mounting plugin CustomMeshComponent
LogPluginManager: Mounting plugin EditableMesh
LogPluginManager: Mounting plugin ExampleDeviceProfileSelector
LogPluginManager: Mounting plugin Firebase
LogPluginManager: Mounting plugin GoogleCloudMessaging
LogPluginManager: Mounting plugin IOSDeviceProfileSelector
LogPluginManager: Mounting plugin LinuxDeviceProfileSelector
LogPluginManager: Mounting plugin LocationServicesBPLibrary
LogPluginManager: Mounting plugin MobilePatchingUtils
LogPluginManager: Mounting plugin OculusVR
LogPluginManager: Mounting plugin PhysXVehicles
LogPluginManager: Mounting plugin ProceduralMeshComponent
LogPluginManager: Mounting plugin RuntimePhysXCooking
LogPluginManager: Mounting plugin SteamVR
LogPluginManager: Mounting plugin WebMMoviePlayer
LogPluginManager: Mounting plugin WindowsMoviePlayer
LogStreaming: Display: Took  2.258s to configure plugins.
LogInit: Using libcurl 7.55.1-DEV
LogInit:  - built for x86_64-pc-win32
LogInit:  - supports SSL with OpenSSL/1.0.2h
LogInit:  - supports HTTP deflate (compression) using libz 1.2.8
LogInit:  - other features:
LogInit:      CURL_VERSION_SSL
LogInit:      CURL_VERSION_LIBZ
LogInit:      CURL_VERSION_IPV6
LogInit:      CURL_VERSION_ASYNCHDNS
LogInit:      CURL_VERSION_LARGEFILE
LogInit:      CURL_VERSION_IDN
LogInit:  CurlRequestOptions (configurable via config and command line):
LogInit:  - bVerifyPeer = true  - Libcurl will verify peer certificate
LogInit:  - bUseHttpProxy = false  - Libcurl will NOT use HTTP proxy
LogInit:  - bDontReuseConnections = false  - Libcurl will reuse connections
LogInit:  - MaxHostConnections = 16  - Libcurl will limit the number of connections to a host
LogInit:  - LocalHostAddr = Default
LogInit:  - BufferSize = 65536
LogInit: WinSock: version 1.1 (2.2), MaxSocks=32767, MaxUdp=65467
LogInit: Build: ++UE4+Release-4.21-CL-4753647
LogInit: Engine Version: 4.21.2-4753647+++UE4+Release-4.21
LogInit: Compatible Engine Version: 4.21.0-4541578+++UE4+Release-4.21
LogInit: Net CL: 4541578
LogInit: OS: Windows 10 (), CPU: Intel(R) Core(TM) i7-6700HQ CPU @ 2.60GHz, GPU: Intel(R) HD Graphics 530
LogInit: Compiled (64-bit): Jan 19 2019 02:07:31
LogInit: Compiled with Visual C++: 19.13.26129.00
LogInit: Build Configuration: Development
LogInit: Branch Name: ++UE4+Release-4.21
LogInit: Command Line:  -EpicPortal -epicusername=GoldenKela -epicuserid=c8f3c6b667d2487d99287e9b44301c82 -epiclocale=zh-CN
LogInit: Base Directory: D:/Program Files/Epic Games/UE_4.21/Engine/Binaries/Win64/
LogInit: Installed Engine Build: 1
LogDevObjectVersion: Number of dev versions registered: 22
LogDevObjectVersion:   Dev-Blueprints (B0D832E4-1F89-4F0D-ACCF-7EB736FD4AA2): 10
LogDevObjectVersion:   Dev-Build (E1C64328-A22C-4D53-A36C-8E866417BD8C): 0
LogDevObjectVersion:   Dev-Core (375EC13C-06E4-48FB-B500-84F0262A717E): 2
LogDevObjectVersion:   Dev-Editor (E4B068ED-F494-42E9-A231-DA0B2E46BB41): 26
LogDevObjectVersion:   Dev-Framework (CFFC743F-43B0-4480-9391-14DF171D2073): 34
LogDevObjectVersion:   Dev-Mobile (B02B49B5-BB20-44E9-A304-32B752E40360): 2
LogDevObjectVersion:   Dev-Networking (A4E4105C-59A1-49B5-A7C5-40C4547EDFEE): 0
LogDevObjectVersion:   Dev-Online (39C831C9-5AE6-47DC-9A44-9C173E1C8E7C): 0
LogDevObjectVersion:   Dev-Physics (78F01B33-EBEA-4F98-B9B4-84EACCB95AA2): 0
LogDevObjectVersion:   Dev-Platform (6631380F-2D4D-43E0-8009-CF276956A95A): 0
LogDevObjectVersion:   Dev-Rendering (12F88B9F-8875-4AFC-A67C-D90C383ABD29): 27
LogDevObjectVersion:   Dev-Sequencer (7B5AE74C-D270-4C10-A958-57980B212A5A): 9
LogDevObjectVersion:   Dev-VR (D7296918-1DD6-4BDD-9DE2-64A83CC13884): 2
LogDevObjectVersion:   Dev-LoadTimes (C2A15278-BFE7-4AFE-6C17-90FF531DF755): 1
LogDevObjectVersion:   Private-Geometry (6EACA3D4-40EC-4CC1-B786-8BED09428FC5): 3
LogDevObjectVersion:   Dev-AnimPhys (29E575DD-E0A3-4627-9D10-D276232CDCEA): 17
LogDevObjectVersion:   Dev-Anim (AF43A65D-7FD3-4947-9873-3E8ED9C1BB05): 2
LogDevObjectVersion:   Dev-ReflectionCapture (6B266CEC-1EC7-4B8F-A30B-E4D90942FC07): 1
LogDevObjectVersion:   Dev-Automation (0DF73D61-A23F-47EA-B727-89E90C41499A): 1
LogDevObjectVersion:   FortniteMain (601D1886-AC64-4F84-AA16-D3DE0DEAC7D6): 17
LogDevObjectVersion:   Dev-Enterprise (9DFFBCD6-494F-0158-E221-12823C92A888): 4
LogDevObjectVersion:   Dev-Niagara (F2AED0AC-9AFE-416F-8664-AA7FFA26D6FC): 1
LogStreaming: Display: Took  0.293s to delete old logs.
LogInit: Presizing for max 8388607 objects, including 0 objects not considered by GC, pre-allocating 0 bytes for permanent pool.
LogInit: Object subsystem initialized
LogConfig: Setting CVar [[con.DebugEarlyDefault:1]]
LogConfig: Setting CVar [[r.setres:1280x720]]
[2019.04.18-18.24.16:759][  0]LogConfig: Setting CVar [[r.VSync:0]]
[2019.04.18-18.24.16:759][  0]LogConfig: Setting CVar [[r.RHICmdBypass:0]]
[2019.04.18-18.24.16:759][  0]LogConfig: Applying CVar settings from Section [/Script/Engine.RendererSettings] File [D:/GitHub/WIZARD_WARS_4000/Wizard_Wars/Saved/Config/Windows/Engine.ini]
[2019.04.18-18.24.16:760][  0]LogConfig: Setting CVar [[r.GPUCrashDebugging:0]]
[2019.04.18-18.24.16:760][  0]LogConfig: Applying CVar settings from Section [/Script/Engine.RendererOverrideSettings] File [D:/GitHub/WIZARD_WARS_4000/Wizard_Wars/Saved/Config/Windows/Engine.ini]
[2019.04.18-18.24.16:760][  0]LogConfig: Applying CVar settings from Section [/Script/Engine.StreamingSettings] File [D:/GitHub/WIZARD_WARS_4000/Wizard_Wars/Saved/Config/Windows/Engine.ini]
[2019.04.18-18.24.16:760][  0]LogConfig: Setting CVar [[s.MinBulkDataSizeForAsyncLoading:131072]]
[2019.04.18-18.24.16:760][  0]LogConfig: Setting CVar [[s.AsyncLoadingThreadEnabled:0]]
[2019.04.18-18.24.16:760][  0]LogConfig: Setting CVar [[s.EventDrivenLoaderEnabled:1]]
[2019.04.18-18.24.16:760][  0]LogConfig: Setting CVar [[s.WarnIfTimeLimitExceeded:0]]
[2019.04.18-18.24.16:760][  0]LogConfig: Setting CVar [[s.TimeLimitExceededMultiplier:1.5]]
[2019.04.18-18.24.16:760][  0]LogConfig: Setting CVar [[s.TimeLimitExceededMinTime:0.005]]
[2019.04.18-18.24.16:760][  0]LogConfig: Setting CVar [[s.UseBackgroundLevelStreaming:1]]
[2019.04.18-18.24.16:760][  0]LogConfig: Setting CVar [[s.PriorityAsyncLoadingExtraTime:15.0]]
[2019.04.18-18.24.16:760][  0]LogConfig: Setting CVar [[s.LevelStreamingActorsUpdateTimeLimit:5.0]]
[2019.04.18-18.24.16:760][  0]LogConfig: Setting CVar [[s.PriorityLevelStreamingActorsUpdateExtraTime:5.0]]
[2019.04.18-18.24.16:760][  0]LogConfig: Setting CVar [[s.LevelStreamingComponentsRegistrationGranularity:10]]
[2019.04.18-18.24.16:760][  0]LogConfig: Setting CVar [[s.UnregisterComponentsTimeLimit:1.0]]
[2019.04.18-18.24.16:761][  0]LogConfig: Setting CVar [[s.LevelStreamingComponentsUnregistrationGranularity:5]]
[2019.04.18-18.24.16:761][  0]LogConfig: Applying CVar settings from Section [/Script/Engine.GarbageCollectionSettings] File [D:/GitHub/WIZARD_WARS_4000/Wizard_Wars/Saved/Config/Windows/Engine.ini]
[2019.04.18-18.24.16:761][  0]LogConfig: Setting CVar [[gc.MaxObjectsNotConsideredByGC:1]]
[2019.04.18-18.24.16:761][  0]LogConfig: Setting CVar [[gc.SizeOfPermanentObjectPool:0]]
[2019.04.18-18.24.16:761][  0]LogConfig: Setting CVar [[gc.FlushStreamingOnGC:0]]
[2019.04.18-18.24.16:761][  0]LogConfig: Setting CVar [[gc.NumRetriesBeforeForcingGC:10]]
[2019.04.18-18.24.16:761][  0]LogConfig: Setting CVar [[gc.AllowParallelGC:1]]
[2019.04.18-18.24.16:761][  0]LogConfig: Setting CVar [[gc.TimeBetweenPurgingPendingKillObjects:61.1]]
[2019.04.18-18.24.16:762][  0]LogConfig: Setting CVar [[gc.MaxObjectsInEditor:8388607]]
[2019.04.18-18.24.16:762][  0]LogConfig: Setting CVar [[gc.IncrementalBeginDestroyEnabled:1]]
[2019.04.18-18.24.16:762][  0]LogConfig: Setting CVar [[gc.CreateGCClusters:1]]
[2019.04.18-18.24.16:762][  0]LogConfig: Setting CVar [[gc.MergeGCClusters:0]]
[2019.04.18-18.24.16:762][  0]LogConfig: Setting CVar [[gc.MinGCClusterSize:5]]
[2019.04.18-18.24.16:762][  0]LogConfig: Setting CVar [[gc.ActorClusteringEnabled:0]]
[2019.04.18-18.24.16:762][  0]LogConfig: Setting CVar [[gc.BlueprintClusteringEnabled:0]]
[2019.04.18-18.24.16:762][  0]LogConfig: Setting CVar [[gc.UseDisregardForGCOnDedicatedServers:0]]
[2019.04.18-18.24.16:762][  0]LogConfig: Applying CVar settings from Section [/Script/Engine.NetworkSettings] File [D:/GitHub/WIZARD_WARS_4000/Wizard_Wars/Saved/Config/Windows/Engine.ini]
[2019.04.18-18.24.16:762][  0]LogConfig: Applying CVar settings from Section [/Script/UnrealEd.CookerSettings] File [D:/GitHub/WIZARD_WARS_4000/Wizard_Wars/Saved/Config/Windows/Engine.ini]
[2019.04.18-18.24.16:774][  0]LogConfig: Applying CVar settings from Section [ViewDistanceQuality@3] File [D:/GitHub/WIZARD_WARS_4000/Wizard_Wars/Saved/Config/Windows/Scalability.ini]
[2019.04.18-18.24.16:774][  0]LogConfig: Setting CVar [[r.SkeletalMeshLODBias:0]]
[2019.04.18-18.24.16:774][  0]LogConfig: Setting CVar [[r.ViewDistanceScale:1.0]]
[2019.04.18-18.24.16:774][  0]LogConfig: Applying CVar settings from Section [AntiAliasingQuality@3] File [D:/GitHub/WIZARD_WARS_4000/Wizard_Wars/Saved/Config/Windows/Scalability.ini]
[2019.04.18-18.24.16:775][  0]LogConfig: Setting CVar [[r.PostProcessAAQuality:4]]
[2019.04.18-18.24.16:775][  0]LogConfig: Applying CVar settings from Section [ShadowQuality@3] File [D:/GitHub/WIZARD_WARS_4000/Wizard_Wars/Saved/Config/Windows/Scalability.ini]
[2019.04.18-18.24.16:775][  0]LogConfig: Setting CVar [[r.LightFunctionQuality:1]]
[2019.04.18-18.24.16:775][  0]LogConfig: Setting CVar [[r.ShadowQuality:5]]
[2019.04.18-18.24.16:775][  0]LogConfig: Setting CVar [[r.Shadow.CSM.MaxCascades:10]]
[2019.04.18-18.24.16:775][  0]LogConfig: Setting CVar [[r.Shadow.MaxResolution:2048]]
[2019.04.18-18.24.16:775][  0]LogConfig: Setting CVar [[r.Shadow.MaxCSMResolution:2048]]
[2019.04.18-18.24.16:775][  0]LogConfig: Setting CVar [[r.Shadow.RadiusThreshold:0.01]]
[2019.04.18-18.24.16:775][  0]LogConfig: Setting CVar [[r.Shadow.DistanceScale:1.0]]
[2019.04.18-18.24.16:775][  0]LogConfig: Setting CVar [[r.Shadow.CSM.TransitionScale:1.0]]
[2019.04.18-18.24.16:775][  0]LogConfig: Setting CVar [[r.Shadow.PreShadowResolutionFactor:1.0]]
[2019.04.18-18.24.16:775][  0]LogConfig: Setting CVar [[r.DistanceFieldShadowing:1]]
[2019.04.18-18.24.16:775][  0]LogConfig: Setting CVar [[r.DistanceFieldAO:1]]
[2019.04.18-18.24.16:775][  0]LogConfig: Setting CVar [[r.AOQuality:2]]
[2019.04.18-18.24.16:775][  0]LogConfig: Setting CVar [[r.VolumetricFog:1]]
[2019.04.18-18.24.16:775][  0]LogConfig: Setting CVar [[r.VolumetricFog.GridPixelSize:8]]
[2019.04.18-18.24.16:776][  0]LogConfig: Setting CVar [[r.VolumetricFog.GridSizeZ:128]]
[2019.04.18-18.24.16:776][  0]LogConfig: Setting CVar [[r.VolumetricFog.HistoryMissSupersampleCount:4]]
[2019.04.18-18.24.16:776][  0]LogConfig: Setting CVar [[r.LightMaxDrawDistanceScale:1]]
[2019.04.18-18.24.16:776][  0]LogConfig: Setting CVar [[r.CapsuleShadows:1]]
[2019.04.18-18.24.16:776][  0]LogConfig: Applying CVar settings from Section [PostProcessQuality@3] File [D:/GitHub/WIZARD_WARS_4000/Wizard_Wars/Saved/Config/Windows/Scalability.ini]
[2019.04.18-18.24.16:776][  0]LogConfig: Setting CVar [[r.MotionBlurQuality:4]]
[2019.04.18-18.24.16:776][  0]LogConfig: Setting CVar [[r.AmbientOcclusionMipLevelFactor:0.4]]
[2019.04.18-18.24.16:776][  0]LogConfig: Setting CVar [[r.AmbientOcclusionMaxQuality:100]]
[2019.04.18-18.24.16:776][  0]LogConfig: Setting CVar [[r.AmbientOcclusionLevels:-1]]
[2019.04.18-18.24.16:776][  0]LogConfig: Setting CVar [[r.AmbientOcclusionRadiusScale:1.0]]
[2019.04.18-18.24.16:776][  0]LogConfig: Setting CVar [[r.DepthOfFieldQuality:2]]
[2019.04.18-18.24.16:776][  0]LogConfig: Setting CVar [[r.RenderTargetPoolMin:400]]
[2019.04.18-18.24.16:776][  0]LogConfig: Setting CVar [[r.LensFlareQuality:2]]
[2019.04.18-18.24.16:776][  0]LogConfig: Setting CVar [[r.SceneColorFringeQuality:1]]
[2019.04.18-18.24.16:776][  0]LogConfig: Setting CVar [[r.EyeAdaptationQuality:2]]
[2019.04.18-18.24.16:776][  0]LogConfig: Setting CVar [[r.BloomQuality:5]]
[2019.04.18-18.24.16:776][  0]LogConfig: Setting CVar [[r.FastBlurThreshold:100]]
[2019.04.18-18.24.16:776][  0]LogConfig: Setting CVar [[r.Upscale.Quality:3]]
[2019.04.18-18.24.16:776][  0]LogConfig: Setting CVar [[r.Tonemapper.GrainQuantization:1]]
[2019.04.18-18.24.16:777][  0]LogConfig: Setting CVar [[r.LightShaftQuality:1]]
[2019.04.18-18.24.16:777][  0]LogConfig: Setting CVar [[r.Filter.SizeScale:1]]
[2019.04.18-18.24.16:777][  0]LogConfig: Setting CVar [[r.Tonemapper.Quality:5]]
[2019.04.18-18.24.16:777][  0]LogConfig: Setting CVar [[r.DOF.Gather.AccumulatorQuality:1        ; higher gathering accumulator quality]]
[2019.04.18-18.24.16:777][  0]LogConfig: Setting CVar [[r.DOF.Gather.PostfilterMethod:1          ; Median3x3 postfilering method]]
[2019.04.18-18.24.16:777][  0]LogConfig: Setting CVar [[r.DOF.Gather.EnableBokehSettings:0       ; no bokeh simulation when gathering]]
[2019.04.18-18.24.16:777][  0]LogConfig: Setting CVar [[r.DOF.Gather.RingCount:4                 ; medium number of samples when gathering]]
[2019.04.18-18.24.16:777][  0]LogConfig: Setting CVar [[r.DOF.Scatter.ForegroundCompositing:1    ; additive foreground scattering]]
[2019.04.18-18.24.16:777][  0]LogConfig: Setting CVar [[r.DOF.Scatter.BackgroundCompositing:2    ; additive background scattering]]
[2019.04.18-18.24.16:777][  0]LogConfig: Setting CVar [[r.DOF.Scatter.EnableBokehSettings:1      ; bokeh simulation when scattering]]
[2019.04.18-18.24.16:777][  0]LogConfig: Setting CVar [[r.DOF.Scatter.MaxSpriteRatio:0.1         ; only a maximum of 10% of scattered bokeh]]
[2019.04.18-18.24.16:777][  0]LogConfig: Setting CVar [[r.DOF.Recombine.Quality:1                ; cheap slight out of focus]]
[2019.04.18-18.24.16:778][  0]LogConfig: Setting CVar [[r.DOF.Recombine.EnableBokehSettings:0    ; no bokeh simulation on slight out of focus]]
[2019.04.18-18.24.16:778][  0]LogConfig: Setting CVar [[r.DOF.TemporalAAQuality:1                ; more stable temporal accumulation]]
[2019.04.18-18.24.16:778][  0]LogConfig: Setting CVar [[r.DOF.Kernel.MaxForegroundRadius:0.025]]
[2019.04.18-18.24.16:778][  0]LogConfig: Setting CVar [[r.DOF.Kernel.MaxBackgroundRadius:0.025]]
[2019.04.18-18.24.16:778][  0]LogConfig: Applying CVar settings from Section [TextureQuality@3] File [D:/GitHub/WIZARD_WARS_4000/Wizard_Wars/Saved/Config/Windows/Scalability.ini]
[2019.04.18-18.24.16:778][  0]LogConfig: Setting CVar [[r.Streaming.MipBias:0]]
[2019.04.18-18.24.16:778][  0]LogConfig: Setting CVar [[r.Streaming.AmortizeCPUToGPUCopy:0]]
[2019.04.18-18.24.16:778][  0]LogConfig: Setting CVar [[r.Streaming.MaxNumTexturesToStreamPerFrame:0]]
[2019.04.18-18.24.16:778][  0]LogConfig: Setting CVar [[r.Streaming.Boost:1]]
[2019.04.18-18.24.16:778][  0]LogConfig: Setting CVar [[r.MaxAnisotropy:8]]
[2019.04.18-18.24.16:778][  0]LogConfig: Setting CVar [[r.Streaming.LimitPoolSizeToVRAM:0]]
[2019.04.18-18.24.16:778][  0]LogConfig: Setting CVar [[r.Streaming.PoolSize:1000]]
[2019.04.18-18.24.16:779][  0]LogConfig: Setting CVar [[r.Streaming.MaxEffectiveScreenSize:0]]
[2019.04.18-18.24.16:779][  0]LogConfig: Applying CVar settings from Section [EffectsQuality@3] File [D:/GitHub/WIZARD_WARS_4000/Wizard_Wars/Saved/Config/Windows/Scalability.ini]
[2019.04.18-18.24.16:779][  0]LogConfig: Setting CVar [[r.TranslucencyLightingVolumeDim:64]]
[2019.04.18-18.24.16:779][  0]LogConfig: Setting CVar [[r.RefractionQuality:2]]
[2019.04.18-18.24.16:779][  0]LogConfig: Setting CVar [[r.SSR.Quality:3]]
[2019.04.18-18.24.16:779][  0]LogConfig: Setting CVar [[r.SceneColorFormat:4]]
[2019.04.18-18.24.16:779][  0]LogConfig: Setting CVar [[r.DetailMode:2]]
[2019.04.18-18.24.16:779][  0]LogConfig: Setting CVar [[r.TranslucencyVolumeBlur:1]]
[2019.04.18-18.24.16:779][  0]LogConfig: Setting CVar [[r.MaterialQualityLevel:1 ; High quality]]
[2019.04.18-18.24.16:779][  0]LogConfig: Setting CVar [[r.SSS.Scale:1]]
[2019.04.18-18.24.16:779][  0]LogConfig: Setting CVar [[r.SSS.SampleSet:2]]
[2019.04.18-18.24.16:779][  0]LogConfig: Setting CVar [[r.SSS.Quality:1]]
[2019.04.18-18.24.16:779][  0]LogConfig: Setting CVar [[r.SSS.HalfRes:1]]
[2019.04.18-18.24.16:780][  0]LogConfig: Setting CVar [[r.EmitterSpawnRateScale:1.0]]
[2019.04.18-18.24.16:780][  0]LogConfig: Setting CVar [[r.ParticleLightQuality:2]]
[2019.04.18-18.24.16:780][  0]LogConfig: Applying CVar settings from Section [FoliageQuality@3] File [D:/GitHub/WIZARD_WARS_4000/Wizard_Wars/Saved/Config/Windows/Scalability.ini]
[2019.04.18-18.24.16:780][  0]LogConfig: Setting CVar [[foliage.DensityScale:1.0]]
[2019.04.18-18.24.16:780][  0]LogConfig: Setting CVar [[grass.DensityScale:1.0]]
[2019.04.18-18.24.16:780][  0]LogInit: Selected Device Profile: [Windows]
[2019.04.18-18.24.16:780][  0]LogInit: Applying CVar settings loaded from the selected device profile: [Windows]
[2019.04.18-18.24.16:869][  0]LogHAL: Display: Platform has ~ 8 GB [8459788288 / 8589934592 / 8], which maps to Default [LargestMinGB=32, LargerMinGB=12, DefaultMinGB=8, SmallerMinGB=6, SmallestMinGB=0)
[2019.04.18-18.24.16:870][  0]LogConfig: Setting CVar [[r.Vulkan.UseRealUBs:1]]
[2019.04.18-18.24.16:870][  0]LogInit: Going up to parent DeviceProfile []
[2019.04.18-18.24.16:870][  0]LogConfig: Applying CVar settings from Section [ViewDistanceQuality@3] File [D:/GitHub/WIZARD_WARS_4000/Wizard_Wars/Saved/Config/Windows/Scalability.ini]
[2019.04.18-18.24.16:870][  0]LogConfig: Setting CVar [[r.SkeletalMeshLODBias:0]]
[2019.04.18-18.24.16:870][  0]LogConfig: Setting CVar [[r.ViewDistanceScale:1.0]]
[2019.04.18-18.24.16:870][  0]LogConfig: Applying CVar settings from Section [AntiAliasingQuality@3] File [D:/GitHub/WIZARD_WARS_4000/Wizard_Wars/Saved/Config/Windows/Scalability.ini]
[2019.04.18-18.24.16:870][  0]LogConfig: Setting CVar [[r.PostProcessAAQuality:4]]
[2019.04.18-18.24.16:870][  0]LogConfig: Applying CVar settings from Section [ShadowQuality@3] File [D:/GitHub/WIZARD_WARS_4000/Wizard_Wars/Saved/Config/Windows/Scalability.ini]
[2019.04.18-18.24.16:870][  0]LogConfig: Setting CVar [[r.LightFunctionQuality:1]]
[2019.04.18-18.24.16:870][  0]LogConfig: Setting CVar [[r.ShadowQuality:5]]
[2019.04.18-18.24.16:870][  0]LogConfig: Setting CVar [[r.Shadow.CSM.MaxCascades:10]]
[2019.04.18-18.24.16:871][  0]LogConfig: Setting CVar [[r.Shadow.MaxResolution:2048]]
[2019.04.18-18.24.16:871][  0]LogConfig: Setting CVar [[r.Shadow.MaxCSMResolution:2048]]
[2019.04.18-18.24.16:871][  0]LogConfig: Setting CVar [[r.Shadow.RadiusThreshold:0.01]]
[2019.04.18-18.24.16:871][  0]LogConfig: Setting CVar [[r.Shadow.DistanceScale:1.0]]
[2019.04.18-18.24.16:871][  0]LogConfig: Setting CVar [[r.Shadow.CSM.TransitionScale:1.0]]
[2019.04.18-18.24.16:871][  0]LogConfig: Setting CVar [[r.Shadow.PreShadowResolutionFactor:1.0]]
[2019.04.18-18.24.16:871][  0]LogConfig: Setting CVar [[r.DistanceFieldShadowing:1]]
[2019.04.18-18.24.16:871][  0]LogConfig: Setting CVar [[r.DistanceFieldAO:1]]
[2019.04.18-18.24.16:871][  0]LogConfig: Setting CVar [[r.AOQuality:2]]
[2019.04.18-18.24.16:871][  0]LogConfig: Setting CVar [[r.VolumetricFog:1]]
[2019.04.18-18.24.16:871][  0]LogConfig: Setting CVar [[r.VolumetricFog.GridPixelSize:8]]
[2019.04.18-18.24.16:871][  0]LogConfig: Setting CVar [[r.VolumetricFog.GridSizeZ:128]]
[2019.04.18-18.24.16:871][  0]LogConfig: Setting CVar [[r.VolumetricFog.HistoryMissSupersampleCount:4]]
[2019.04.18-18.24.16:871][  0]LogConfig: Setting CVar [[r.LightMaxDrawDistanceScale:1]]
[2019.04.18-18.24.16:871][  0]LogConfig: Setting CVar [[r.CapsuleShadows:1]]
[2019.04.18-18.24.16:871][  0]LogConfig: Applying CVar settings from Section [PostProcessQuality@3] File [D:/GitHub/WIZARD_WARS_4000/Wizard_Wars/Saved/Config/Windows/Scalability.ini]
[2019.04.18-18.24.16:871][  0]LogConfig: Setting CVar [[r.MotionBlurQuality:4]]
[2019.04.18-18.24.16:872][  0]LogConfig: Setting CVar [[r.AmbientOcclusionMipLevelFactor:0.4]]
[2019.04.18-18.24.16:872][  0]LogConfig: Setting CVar [[r.AmbientOcclusionMaxQuality:100]]
[2019.04.18-18.24.16:872][  0]LogConfig: Setting CVar [[r.AmbientOcclusionLevels:-1]]
[2019.04.18-18.24.16:872][  0]LogConfig: Setting CVar [[r.AmbientOcclusionRadiusScale:1.0]]
[2019.04.18-18.24.16:872][  0]LogConfig: Setting CVar [[r.DepthOfFieldQuality:2]]
[2019.04.18-18.24.16:872][  0]LogConfig: Setting CVar [[r.RenderTargetPoolMin:400]]
[2019.04.18-18.24.16:872][  0]LogConfig: Setting CVar [[r.LensFlareQuality:2]]
[2019.04.18-18.24.16:872][  0]LogConfig: Setting CVar [[r.SceneColorFringeQuality:1]]
[2019.04.18-18.24.16:872][  0]LogConfig: Setting CVar [[r.EyeAdaptationQuality:2]]
[2019.04.18-18.24.16:872][  0]LogConfig: Setting CVar [[r.BloomQuality:5]]
[2019.04.18-18.24.16:872][  0]LogConfig: Setting CVar [[r.FastBlurThreshold:100]]
[2019.04.18-18.24.16:872][  0]LogConfig: Setting CVar [[r.Upscale.Quality:3]]
[2019.04.18-18.24.16:872][  0]LogConfig: Setting CVar [[r.Tonemapper.GrainQuantization:1]]
[2019.04.18-18.24.16:872][  0]LogConfig: Setting CVar [[r.LightShaftQuality:1]]
[2019.04.18-18.24.16:872][  0]LogConfig: Setting CVar [[r.Filter.SizeScale:1]]
[2019.04.18-18.24.16:872][  0]LogConfig: Setting CVar [[r.Tonemapper.Quality:5]]
[2019.04.18-18.24.16:872][  0]LogConfig: Setting CVar [[r.DOF.Gather.AccumulatorQuality:1        ; higher gathering accumulator quality]]
[2019.04.18-18.24.16:872][  0]LogConfig: Setting CVar [[r.DOF.Gather.PostfilterMethod:1          ; Median3x3 postfilering method]]
[2019.04.18-18.24.16:872][  0]LogConfig: Setting CVar [[r.DOF.Gather.EnableBokehSettings:0       ; no bokeh simulation when gathering]]
[2019.04.18-18.24.16:873][  0]LogConfig: Setting CVar [[r.DOF.Gather.RingCount:4                 ; medium number of samples when gathering]]
[2019.04.18-18.24.16:873][  0]LogConfig: Setting CVar [[r.DOF.Scatter.ForegroundCompositing:1    ; additive foreground scattering]]
[2019.04.18-18.24.16:873][  0]LogConfig: Setting CVar [[r.DOF.Scatter.BackgroundCompositing:2    ; additive background scattering]]
[2019.04.18-18.24.16:873][  0]LogConfig: Setting CVar [[r.DOF.Scatter.EnableBokehSettings:1      ; bokeh simulation when scattering]]
[2019.04.18-18.24.16:873][  0]LogConfig: Setting CVar [[r.DOF.Scatter.MaxSpriteRatio:0.1         ; only a maximum of 10% of scattered bokeh]]
[2019.04.18-18.24.16:873][  0]LogConfig: Setting CVar [[r.DOF.Recombine.Quality:1                ; cheap slight out of focus]]
[2019.04.18-18.24.16:873][  0]LogConfig: Setting CVar [[r.DOF.Recombine.EnableBokehSettings:0    ; no bokeh simulation on slight out of focus]]
[2019.04.18-18.24.16:873][  0]LogConfig: Setting CVar [[r.DOF.TemporalAAQuality:1                ; more stable temporal accumulation]]
[2019.04.18-18.24.16:873][  0]LogConfig: Setting CVar [[r.DOF.Kernel.MaxForegroundRadius:0.025]]
[2019.04.18-18.24.16:873][  0]LogConfig: Setting CVar [[r.DOF.Kernel.MaxBackgroundRadius:0.025]]
[2019.04.18-18.24.16:873][  0]LogConfig: Applying CVar settings from Section [TextureQuality@3] File [D:/GitHub/WIZARD_WARS_4000/Wizard_Wars/Saved/Config/Windows/Scalability.ini]
[2019.04.18-18.24.16:873][  0]LogConfig: Setting CVar [[r.Streaming.MipBias:0]]
[2019.04.18-18.24.16:873][  0]LogConfig: Setting CVar [[r.Streaming.AmortizeCPUToGPUCopy:0]]
[2019.04.18-18.24.16:873][  0]LogConfig: Setting CVar [[r.Streaming.MaxNumTexturesToStreamPerFrame:0]]
[2019.04.18-18.24.16:873][  0]LogConfig: Setting CVar [[r.Streaming.Boost:1]]
[2019.04.18-18.24.16:873][  0]LogConfig: Setting CVar [[r.MaxAnisotropy:8]]
[2019.04.18-18.24.16:873][  0]LogConfig: Setting CVar [[r.Streaming.LimitPoolSizeToVRAM:0]]
[2019.04.18-18.24.16:874][  0]LogConfig: Setting CVar [[r.Streaming.PoolSize:1000]]
[2019.04.18-18.24.16:874][  0]LogConfig: Setting CVar [[r.Streaming.MaxEffectiveScreenSize:0]]
[2019.04.18-18.24.16:874][  0]LogConfig: Applying CVar settings from Section [EffectsQuality@3] File [D:/GitHub/WIZARD_WARS_4000/Wizard_Wars/Saved/Config/Windows/Scalability.ini]
[2019.04.18-18.24.16:874][  0]LogConfig: Setting CVar [[r.TranslucencyLightingVolumeDim:64]]
[2019.04.18-18.24.16:874][  0]LogConfig: Setting CVar [[r.RefractionQuality:2]]
[2019.04.18-18.24.16:874][  0]LogConfig: Setting CVar [[r.SSR.Quality:3]]
[2019.04.18-18.24.16:874][  0]LogConfig: Setting CVar [[r.SceneColorFormat:4]]
[2019.04.18-18.24.16:874][  0]LogConfig: Setting CVar [[r.DetailMode:2]]
[2019.04.18-18.24.16:874][  0]LogConfig: Setting CVar [[r.TranslucencyVolumeBlur:1]]
[2019.04.18-18.24.16:874][  0]LogConfig: Setting CVar [[r.MaterialQualityLevel:1 ; High quality]]
[2019.04.18-18.24.16:874][  0]LogConfig: Setting CVar [[r.SSS.Scale:1]]
[2019.04.18-18.24.16:874][  0]LogConfig: Setting CVar [[r.SSS.SampleSet:2]]
[2019.04.18-18.24.16:874][  0]LogConfig: Setting CVar [[r.SSS.Quality:1]]
[2019.04.18-18.24.16:874][  0]LogConfig: Setting CVar [[r.SSS.HalfRes:1]]
[2019.04.18-18.24.16:874][  0]LogConfig: Setting CVar [[r.EmitterSpawnRateScale:1.0]]
[2019.04.18-18.24.16:874][  0]LogConfig: Setting CVar [[r.ParticleLightQuality:2]]
[2019.04.18-18.24.16:874][  0]LogConfig: Applying CVar settings from Section [FoliageQuality@3] File [D:/GitHub/WIZARD_WARS_4000/Wizard_Wars/Saved/Config/Windows/Scalability.ini]
[2019.04.18-18.24.16:874][  0]LogConfig: Setting CVar [[foliage.DensityScale:1.0]]
[2019.04.18-18.24.16:875][  0]LogConfig: Setting CVar [[grass.DensityScale:1.0]]
[2019.04.18-18.24.16:875][  0]LogConfig: Applying CVar settings from Section [Startup] File [../../../Engine/Config/ConsoleVariables.ini]
[2019.04.18-18.24.16:876][  0]LogConfig: Setting CVar [[net.UseAdaptiveNetUpdateFrequency:0]]
[2019.04.18-18.24.16:876][  0]LogConfig: Applying CVar settings from Section [ConsoleVariables] File [D:/GitHub/WIZARD_WARS_4000/Wizard_Wars/Saved/Config/Windows/Engine.ini]
[2019.04.18-18.24.16:877][  0]LogInit: Computer: DESKTOP-226LAUO
[2019.04.18-18.24.16:877][  0]LogInit: User: ShuxingLi
[2019.04.18-18.24.16:877][  0]LogInit: CPU Page size=4096, Cores=4
[2019.04.18-18.24.16:877][  0]LogInit: High frequency timer resolution =2.531250 MHz
[2019.04.18-18.24.16:878][  0]LogMemory: Memory total: Physical=7.9GB (8GB approx)
[2019.04.18-18.24.16:878][  0]LogMemory: Platform Memory Stats for Windows
[2019.04.18-18.24.16:878][  0]LogMemory: Process Physical Memory: 103.82 MB used, 103.82 MB peak
[2019.04.18-18.24.16:878][  0]LogMemory: Process Virtual Memory: 90.19 MB used, 90.19 MB peak
[2019.04.18-18.24.16:878][  0]LogMemory: Physical Memory: 5682.82 MB used,  2385.07 MB free, 8067.88 MB total
[2019.04.18-18.24.16:878][  0]LogMemory: Virtual Memory: 4651.67 MB used,  134213080.00 MB free, 134217728.00 MB total
[2019.04.18-18.24.16:993][  0]LogInit: Using OS detected language (zh-CN).
[2019.04.18-18.24.16:993][  0]LogInit: Using OS detected locale (zh-CN).
[2019.04.18-18.24.17:944][  0]LogStreaming: Display: Took  0.950s to InitEngineTextLocalization.
[2019.04.18-18.24.18:039][  0]LogSlate: New Slate User Created.  User Index 0, Is Virtual User: 0
[2019.04.18-18.24.18:039][  0]LogSlate: Slate User Registered.  User Index 0, Is Virtual User: 0
[2019.04.18-18.24.18:604][  0]LogHMD: Failed to initialize OpenVR with code 110
[2019.04.18-18.24.18:604][  0]LogD3D11RHI: D3D11 adapters:
[2019.04.18-18.24.18:699][  0]LogD3D11RHI:    0. 'Intel(R) HD Graphics 530' (Feature Level 11_0)
[2019.04.18-18.24.18:699][  0]LogD3D11RHI:       128/0/4033 MB DedicatedVideo/DedicatedSystem/SharedSystem, Outputs:1, VendorId:0x8086
[2019.04.18-18.24.19:007][  0]LogD3D11RHI:    1. 'NVIDIA GeForce GTX 970M' (Feature Level 11_0)
[2019.04.18-18.24.19:007][  0]LogD3D11RHI:       3032/0/4033 MB DedicatedVideo/DedicatedSystem/SharedSystem, Outputs:0, VendorId:0x10de
[2019.04.18-18.24.19:020][  0]LogD3D11RHI:    2. 'Microsoft Basic Render Driver' (Feature Level 11_0)
[2019.04.18-18.24.19:020][  0]LogD3D11RHI:       0/0/4033 MB DedicatedVideo/DedicatedSystem/SharedSystem, Outputs:0, VendorId:0x1414
[2019.04.18-18.24.19:020][  0]LogD3D11RHI: Chosen D3D11 Adapter: 1
[2019.04.18-18.24.19:052][  0]LogD3D11RHI: Creating new Direct3DDevice
[2019.04.18-18.24.19:052][  0]LogD3D11RHI:     GPU DeviceId: 0x13d8 (for the marketing name, search the web for "GPU Device Id")
[2019.04.18-18.24.19:052][  0]LogWindows: EnumDisplayDevices:
[2019.04.18-18.24.19:055][  0]LogWindows:    0. 'Intel(R) HD Graphics 530' (P:1 D:1)
[2019.04.18-18.24.19:058][  0]LogWindows:    1. 'Intel(R) HD Graphics 530' (P:0 D:0)
[2019.04.18-18.24.19:062][  0]LogWindows:    2. 'Intel(R) HD Graphics 530' (P:0 D:0)
[2019.04.18-18.24.19:065][  0]LogWindows: DebugString: PrimaryIsNotTheChoosenAdapter PrimaryIsNotTheChoosenAdapter PrimaryIsNotTheChoosenAdapter FoundDriverCount:0 
[2019.04.18-18.24.19:065][  0]LogD3D11RHI:     Adapter Name: NVIDIA GeForce GTX 970M
[2019.04.18-18.24.19:065][  0]LogD3D11RHI:   Driver Version: Unknown (internal:Unknown, unified:Unknown)
[2019.04.18-18.24.19:065][  0]LogD3D11RHI:      Driver Date: Unknown
[2019.04.18-18.24.19:065][  0]LogRHI: Texture pool is 2122 MB (70% of 3032 MB)
[2019.04.18-18.24.19:190][  0]LogD3D11RHI: Async texture creation enabled
[2019.04.18-18.24.19:410][  0]LogD3D11RHI: GPU Timing Frequency: 1000.000000 (Debug: 2 1)
[2019.04.18-18.24.20:518][  0]LogTemp: Display: Loaded TP AllDesktopTargetPlatform
[2019.04.18-18.24.20:539][  0]LogTemp: Display: Loaded TP MacClientTargetPlatform
[2019.04.18-18.24.20:563][  0]LogTemp: Display: Loaded TP MacNoEditorTargetPlatform
[2019.04.18-18.24.20:582][  0]LogTemp: Display: Loaded TP MacServerTargetPlatform
[2019.04.18-18.24.20:646][  0]LogTemp: Display: Loaded TP MacTargetPlatform
[2019.04.18-18.24.20:669][  0]LogTemp: Display: Loaded TP WindowsClientTargetPlatform
[2019.04.18-18.24.20:714][  0]LogTemp: Display: Loaded TP WindowsNoEditorTargetPlatform
[2019.04.18-18.24.20:749][  0]LogTemp: Display: Loaded TP WindowsServerTargetPlatform
[2019.04.18-18.24.20:773][  0]LogTemp: Display: Loaded TP WindowsTargetPlatform
[2019.04.18-18.24.20:905][  0]LogTemp: Display: Loaded TP AndroidTargetPlatform
[2019.04.18-18.24.20:905][  0]LogTemp: Display: Loaded TP AndroidTargetPlatform
[2019.04.18-18.24.20:905][  0]LogTemp: Display: Loaded TP AndroidTargetPlatform
[2019.04.18-18.24.20:905][  0]LogTemp: Display: Loaded TP AndroidTargetPlatform
[2019.04.18-18.24.20:905][  0]LogTemp: Display: Loaded TP AndroidTargetPlatform
[2019.04.18-18.24.20:905][  0]LogTemp: Display: Loaded TP AndroidTargetPlatform
[2019.04.18-18.24.20:905][  0]LogTemp: Display: Loaded TP AndroidTargetPlatform
[2019.04.18-18.24.20:905][  0]LogTemp: Display: Loaded TP AndroidTargetPlatform
[2019.04.18-18.24.20:905][  0]LogTemp: Display: Loaded TP AndroidTargetPlatform
[2019.04.18-18.24.20:906][  0]LogTemp: Display: Loaded TP AndroidTargetPlatform
[2019.04.18-18.24.20:906][  0]LogTemp: Display: Loaded TP AndroidTargetPlatform
[2019.04.18-18.24.20:906][  0]LogTemp: Display: Loaded TP AndroidTargetPlatform
[2019.04.18-18.24.20:906][  0]LogTemp: Display: Loaded TP AndroidTargetPlatform
[2019.04.18-18.24.20:906][  0]LogTemp: Display: Loaded TP AndroidTargetPlatform
[2019.04.18-18.24.20:906][  0]LogTemp: Display: Loaded TP AndroidTargetPlatform
[2019.04.18-18.24.20:906][  0]LogTemp: Display: Loaded TP AndroidTargetPlatform
[2019.04.18-18.24.20:906][  0]LogTemp: Display: Loaded TP AndroidTargetPlatform
[2019.04.18-18.24.20:906][  0]LogTemp: Display: Loaded TP AndroidTargetPlatform
[2019.04.18-18.24.20:910][  0]LogTemp: Display: Loaded TP HTML5TargetPlatform
[2019.04.18-18.24.21:047][  0]LogTemp: Display: Loaded TP IOSTargetPlatform
[2019.04.18-18.24.21:047][  0]LogTemp: Display: Loaded TP IOSTargetPlatform
[2019.04.18-18.24.21:117][  0]LogTemp: Display: Loaded TP TVOSTargetPlatform
[2019.04.18-18.24.21:117][  0]LogTemp: Display: Loaded TP TVOSTargetPlatform
[2019.04.18-18.24.21:139][  0]LogTemp: Display: Loaded TP LinuxClientTargetPlatform
[2019.04.18-18.24.21:159][  0]LogTemp: Display: Loaded TP LinuxNoEditorTargetPlatform
[2019.04.18-18.24.21:181][  0]LogTemp: Display: Loaded TP LinuxServerTargetPlatform
[2019.04.18-18.24.21:244][  0]LogTemp: Display: Loaded TP LinuxTargetPlatform
[2019.04.18-18.24.21:394][  0]LogTemp: Display: Loaded TP LuminTargetPlatform
[2019.04.18-18.24.21:394][  0]LogTemp: Display: Loaded TP LuminTargetPlatform
[2019.04.18-18.24.21:394][  0]LogTargetPlatformManager: Display: Building Assets For Windows
[2019.04.18-18.24.21:736][  0]LogShaderCompilers: Guid format shader working directory is -34 characters bigger than the processId version (../../../../../../GitHub/WIZARD_WARS_4000/Wizard_Wars/Intermediate/Shaders/WorkingDirectory/14832/).
[2019.04.18-18.24.21:737][  0]LogShaderCompilers: Cleaned the shader compiler working directory 'E:/Temp/UnrealShaderWorkingDir/3018FD374331A2B9F7F8E4A830278099/'.
[2019.04.18-18.24.21:747][  0]LogXGEController: Cannot use XGE Controller as Incredibuild is not installed on this machine.
[2019.04.18-18.24.21:747][  0]LogShaderCompilers: Cannot use XGE Shader Compiler as Incredibuild is not installed on this machine.
[2019.04.18-18.24.21:747][  0]LogShaderCompilers: Display: Using Local Shader Compiler.
[2019.04.18-18.24.26:038][  0]LogDerivedDataCache: Display: Max Cache Size: 512 MB
[2019.04.18-18.24.26:122][  0]LogDerivedDataCache: Loaded boot cache 0.08s 71MB C:/Users/Shuxing Li/AppData/Local/UnrealEngine/4.21/DerivedDataCache/Boot.ddc.
[2019.04.18-18.24.26:122][  0]LogDerivedDataCache: Display: Loaded Boot cache: C:/Users/Shuxing Li/AppData/Local/UnrealEngine/4.21/DerivedDataCache/Boot.ddc
[2019.04.18-18.24.26:123][  0]LogDerivedDataCache: FDerivedDataBackendGraph:  Pak pak cache file ../../../../../../GitHub/WIZARD_WARS_4000/Wizard_Wars/DerivedDataCache/DDC.ddp not found, will not use a pak cache.
[2019.04.18-18.24.26:123][  0]LogDerivedDataCache: Unable to find inner node Pak for hierarchical cache Hierarchy.
[2019.04.18-18.24.26:123][  0]LogDerivedDataCache: FDerivedDataBackendGraph:  CompressedPak pak cache file ../../../../../../GitHub/WIZARD_WARS_4000/Wizard_Wars/DerivedDataCache/Compressed.ddp not found, will not use a pak cache.
[2019.04.18-18.24.26:123][  0]LogDerivedDataCache: Unable to find inner node CompressedPak for hierarchical cache Hierarchy.
[2019.04.18-18.24.26:146][  0]LogDerivedDataCache: Display: Pak cache opened for reading ../../../Engine/DerivedDataCache/Compressed.ddp.
[2019.04.18-18.24.26:146][  0]LogDerivedDataCache: FDerivedDataBackendGraph:  EnterprisePak pak cache file ../../../Enterprise/DerivedDataCache/Compressed.ddp not found, will not use a pak cache.
[2019.04.18-18.24.26:146][  0]LogDerivedDataCache: Unable to find inner node EnterprisePak for hierarchical cache Hierarchy.
[2019.04.18-18.24.26:160][  0]LogDerivedDataCache: Using Local data cache path C:/Users/Shuxing Li/AppData/Local/UnrealEngine/Common/DerivedDataCache: Writable
[2019.04.18-18.24.26:160][  0]LogDerivedDataCache: Shared data cache path not found in *engine.ini, will not use an Shared cache.
[2019.04.18-18.24.26:160][  0]LogDerivedDataCache: Unable to find inner node Shared for hierarchical cache Hierarchy.
[2019.04.18-18.24.26:193][  0]LogMaterial: Verifying Global Shaders for PCD3D_SM5
[2019.04.18-18.24.26:195][  0]LogSlate: Using FreeType 2.6.0
[2019.04.18-18.24.26:215][  0]LogSlate: SlateFontServices - WITH_FREETYPE: 1, WITH_HARFBUZZ: 1
[2019.04.18-18.24.28:808][  0]LogAssetRegistry: FAssetRegistry took 0.0673 seconds to start up
[2019.04.18-18.24.29:421][  0]LogInit: Selected Device Profile: [Windows]
[2019.04.18-18.24.29:770][  0]LogSimplygon: Simplygon DLL not present - disabling.
[2019.04.18-18.24.29:784][  0]LogMeshReduction: Using SimplygonSwarm for distributed automatic mesh merging
[2019.04.18-18.24.29:784][  0]LogMeshReduction: Using ProxyLODMeshReduction for automatic mesh merging
[2019.04.18-18.24.29:784][  0]LogMeshReduction: Using QuadricMeshReduction for automatic static mesh reduction
[2019.04.18-18.24.29:784][  0]LogMeshReduction: No automatic skeletal mesh reduction module available
[2019.04.18-18.24.29:987][  0]LogNetVersion: Wizard_Wars 1.0.0, NetCL: 4541578, EngineNetVer: 5, GameNetVer: 0 (Checksum: 1501833635)
[2019.04.18-18.24.34:066][  0]LogPackageLocalizationCache: Processed 11 localized package path(s) for 4 prioritized culture(s) in 2.688188 seconds
[2019.04.18-18.24.34:073][  0]LogUObjectArray: 39775 objects as part of root set at end of initial load.
[2019.04.18-18.24.34:073][  0]LogUObjectAllocator: 6914656 out of 0 bytes used by permanent object pool.
[2019.04.18-18.24.34:073][  0]LogUObjectArray: CloseDisregardForGC: 0/0 objects in disregard for GC pool
[2019.04.18-18.24.40:171][  0]LogTcpMessaging: Initializing TcpMessaging bridge
[2019.04.18-18.24.40:194][  0]LogUdpMessaging: Initializing bridge on interface 0.0.0.0:0 to multicast group 230.0.0.1:6666.
[2019.04.18-18.24.41:839][  0]SourceControl: 源码管理已禁用
[2019.04.18-18.24.45:418][  0]LogAndroidPermission: UAndroidPermissionCallbackProxy::GetInstance
[2019.04.18-18.24.45:689][  0]LogOcInput: OculusInput pre-init called
[2019.04.18-18.24.45:984][  0]LogEngine: Initializing Engine...
[2019.04.18-18.24.45:988][  0]LogHMD: Failed to initialize OpenVR with code 110
[2019.04.18-18.24.45:991][  0]LogStats: UGameplayTagsManager::ConstructGameplayTagTree: ImportINI prefixes -  0.000 s
[2019.04.18-18.24.45:991][  0]LogStats: UGameplayTagsManager::ConstructGameplayTagTree: Construct from data asset -  0.000 s
[2019.04.18-18.24.45:992][  0]LogStats: UGameplayTagsManager::ConstructGameplayTagTree: ImportINI -  0.001 s
[2019.04.18-18.24.45:992][  0]LogStats: UGameplayTagsManager::ConstructGameplayTagTree: GameplayTagTreeChangedEvent.Broadcast -  0.000 s
[2019.04.18-18.24.46:723][  0]LogInit: Initializing FReadOnlyCVARCache
[2019.04.18-18.24.46:779][  0]LogAIModule: Creating AISystem for world Untitled
[2019.04.18-18.24.46:813][  0]LogInit: XAudio2 using '扬声器 (Realtek High Definition Audio)' : 2 channels at 48 kHz using 32 bits per sample (channel mask 0x3)
[2019.04.18-18.24.47:666][  0]LogInit: FAudioDevice initialized.
[2019.04.18-18.24.47:667][  0]LogNetVersion: Set ProjectVersion to 1.0.0.0. Version Checksum will be recalculated on next use.
[2019.04.18-18.24.47:841][  0]LogDerivedDataCache: Saved boot cache 0.17s 71MB C:/Users/Shuxing Li/AppData/Local/UnrealEngine/4.21/DerivedDataCache/Boot.ddc.
[2019.04.18-18.24.47:845][  0]LogInit: Texture streaming: Enabled
[2019.04.18-18.24.47:870][  0]LogEngineSessionManager: EngineSessionManager initialized
[2019.04.18-18.24.47:928][  0]LogInit: Transaction tracking system initialized
[2019.04.18-18.24.47:962][  0]BlueprintLog: New page: 编辑器加载
[2019.04.18-18.24.48:109][  0]LocalizationService: 本地化服务已禁用
[2019.04.18-18.24.49:297][  0]LogCook: Display: Max memory allowance for cook 16384mb min free memory 0mb
[2019.04.18-18.24.49:297][  0]LogCook: Display: Mobile HDR setting 1
[2019.04.18-18.24.49:309][  0]LogFileCache: Scanning file cache for directory 'D:/GitHub/WIZARD_WARS_4000/Wizard_Wars/Content/' took 0.12s
[2019.04.18-18.24.49:309][  0]LogGameplayTags: Display: UGameplayTagsManager::DoneAddingNativeTags. DelegateIsBound: 0
[2019.04.18-18.24.49:309][  0]LogStats: UGameplayTagsManager::ConstructGameplayTagTree: ImportINI prefixes -  0.000 s
[2019.04.18-18.24.49:309][  0]LogStats: UGameplayTagsManager::ConstructGameplayTagTree: Construct from data asset -  0.000 s
[2019.04.18-18.24.49:310][  0]LogStats: UGameplayTagsManager::ConstructGameplayTagTree: ImportINI -  0.001 s
[2019.04.18-18.24.49:310][  0]LogStats: UGameplayTagsManager::ConstructGameplayTagTree: GameplayTagTreeChangedEvent.Broadcast -  0.000 s
[2019.04.18-18.24.49:615][  0]Cmd: MAP LOAD FILE="../../../../../../GitHub/WIZARD_WARS_4000/Wizard_Wars/Content/ThirdPersonBP/Maps/ThirdPersonExampleMap.umap" TEMPLATE=0 SHOWPROGRESS=1 FEATURELEVEL=3
[2019.04.18-18.24.49:616][  0]LightingResults: New page: 光照构建
[2019.04.18-18.24.49:620][  0]MapCheck: New page: 地图检测
[2019.04.18-18.24.49:621][  0]LightingResults: New page: 光照构建
[2019.04.18-18.25.22:737][  0]LogAIModule: Creating AISystem for world ThirdPersonExampleMap
[2019.04.18-18.25.22:816][  0]LogEditorServer: Finished looking for orphan Actors (0.000 secs)
[2019.04.18-18.25.22:890][  0]Cmd: MAP CHECKDEP NOCLEARLOG
[2019.04.18-18.25.22:892][  0]MapCheck: 地图检测完成：0个错误，0 个警告，用时0.646毫秒完成。
[2019.04.18-18.25.22:892][  0]LogFileHelpers: Loading map 'ThirdPersonExampleMap' took 33.277
[2019.04.18-18.25.24:540][  0]LogSlate: Updating window title bar state: overlay mode, drag disabled, window buttons hidden, title bar hidden
[2019.04.18-18.25.24:680][  0]LogSlate: Updating window title bar state: overlay mode, drag disabled, window buttons hidden, title bar hidden
[2019.04.18-18.25.24:717][  0]LogSlate: Updating window title bar state: overlay mode, drag disabled, window buttons hidden, title bar hidden
[2019.04.18-18.25.24:747][  0]LogSlate: Updating window title bar state: overlay mode, drag disabled, window buttons hidden, title bar hidden
[2019.04.18-18.25.24:862][  0]LogCollectionManager: Loaded 0 collections in 0.003059 seconds
[2019.04.18-18.25.25:357][  0]LogFileCache: Scanning file cache for directory 'D:/GitHub/WIZARD_WARS_4000/Wizard_Wars/Saved/Collections/' took 0.01s
[2019.04.18-18.25.25:357][  0]LogFileCache: Scanning file cache for directory 'D:/GitHub/WIZARD_WARS_4000/Wizard_Wars/Content/Developers/ShuxingLi/Collections/' took 0.01s
[2019.04.18-18.25.25:357][  0]LogFileCache: Scanning file cache for directory 'D:/GitHub/WIZARD_WARS_4000/Wizard_Wars/Content/Collections/' took 0.01s
[2019.04.18-18.25.25:357][  0]LogCollectionManager: Rebuilt the GUID cache for 0 collections in 0.000001 seconds
[2019.04.18-18.25.25:406][  0]LogContentBrowser: Native class hierarchy populated in 0.0454 seconds. Added 2651 classes and 620 folders.
[2019.04.18-18.25.25:806][  0]LogContentBrowser: Native class hierarchy updated for 'WidgetCarousel' in 0.0011 seconds. Added 0 classes and 0 folders.
[2019.04.18-18.25.25:949][  0]LogPakFile: Registered encryption key '00000000000000000000000000000000': 0 pak files mounted, 0 remain pending
[2019.04.18-18.25.26:080][  0]LogPakFile: Registered encryption key '00000000000000000000000000000000': 0 pak files mounted, 0 remain pending
[2019.04.18-18.25.26:082][  0]LogPakFile: Registered encryption key '00000000000000000000000000000000': 0 pak files mounted, 0 remain pending
[2019.04.18-18.25.26:113][  0]LogPakFile: Registered encryption key '00000000000000000000000000000000': 0 pak files mounted, 0 remain pending
[2019.04.18-18.25.26:128][  0]LogPakFile: Registered encryption key '00000000000000000000000000000000': 0 pak files mounted, 0 remain pending
[2019.04.18-18.25.26:150][  0]LogPakFile: Registered encryption key '00000000000000000000000000000000': 0 pak files mounted, 0 remain pending
[2019.04.18-18.25.26:168][  0]LogPakFile: Registered encryption key '00000000000000000000000000000000': 0 pak files mounted, 0 remain pending
[2019.04.18-18.25.26:216][  0]LogPakFile: Registered encryption key '00000000000000000000000000000000': 0 pak files mounted, 0 remain pending
[2019.04.18-18.25.26:219][  0]LogPakFile: Registered encryption key '00000000000000000000000000000000': 0 pak files mounted, 0 remain pending
[2019.04.18-18.25.26:231][  0]LogPakFile: Registered encryption key '00000000000000000000000000000000': 0 pak files mounted, 0 remain pending
[2019.04.18-18.25.26:259][  0]LogPakFile: Registered encryption key '00000000000000000000000000000000': 0 pak files mounted, 0 remain pending
[2019.04.18-18.25.26:296][  0]LogPakFile: Registered encryption key '00000000000000000000000000000000': 0 pak files mounted, 0 remain pending
[2019.04.18-18.25.26:315][  0]LogPakFile: Registered encryption key '00000000000000000000000000000000': 0 pak files mounted, 0 remain pending
[2019.04.18-18.25.26:332][  0]LogPakFile: Registered encryption key '00000000000000000000000000000000': 0 pak files mounted, 0 remain pending
[2019.04.18-18.25.26:351][  0]LogPakFile: Registered encryption key '00000000000000000000000000000000': 0 pak files mounted, 0 remain pending
[2019.04.18-18.25.26:398][  0]LogPakFile: Registered encryption key '00000000000000000000000000000000': 0 pak files mounted, 0 remain pending
[2019.04.18-18.25.26:442][  0]LogPakFile: Registered encryption key '00000000000000000000000000000000': 0 pak files mounted, 0 remain pending
[2019.04.18-18.25.26:470][  0]LogPakFile: Registered encryption key '00000000000000000000000000000000': 0 pak files mounted, 0 remain pending
[2019.04.18-18.25.26:504][  0]LogPakFile: Registered encryption key '00000000000000000000000000000000': 0 pak files mounted, 0 remain pending
[2019.04.18-18.25.26:550][  0]LogPakFile: Registered encryption key '00000000000000000000000000000000': 0 pak files mounted, 0 remain pending
[2019.04.18-18.25.26:554][  0]LogPakFile: Registered encryption key '00000000000000000000000000000000': 0 pak files mounted, 0 remain pending
[2019.04.18-18.25.26:594][  0]LogPakFile: Registered encryption key '00000000000000000000000000000000': 0 pak files mounted, 0 remain pending
[2019.04.18-18.25.26:605][  0]LogPakFile: Registered encryption key '00000000000000000000000000000000': 0 pak files mounted, 0 remain pending
[2019.04.18-18.25.26:624][  0]LogPakFile: Registered encryption key '00000000000000000000000000000000': 0 pak files mounted, 0 remain pending
[2019.04.18-18.25.26:636][  0]LogPakFile: Registered encryption key '00000000000000000000000000000000': 0 pak files mounted, 0 remain pending
[2019.04.18-18.25.26:651][  0]LogPakFile: Registered encryption key '00000000000000000000000000000000': 0 pak files mounted, 0 remain pending
[2019.04.18-18.25.28:194][  0]LogContentBrowser: Native class hierarchy updated for 'AddContentDialog' in 0.0011 seconds. Added 0 classes and 0 folders.
[2019.04.18-18.25.28:298][  0]LogContentBrowser: Native class hierarchy updated for 'SceneOutliner' in 0.0011 seconds. Added 1 classes and 2 folders.
[2019.04.18-18.25.29:342][  0]LogSlate: Took 0.000998 seconds to synchronously load lazily loaded font '../../../Engine/Content/Slate/Fonts/Roboto-Regular.ttf' (155K)
[2019.04.18-18.25.29:359][  0]LogSlate: Took 0.008281 seconds to synchronously load lazily loaded font '../../../Engine/Content/Slate/Fonts/DroidSansFallback.ttf' (3848K)
[2019.04.18-18.25.29:363][  0]LogSlate: Took 0.000800 seconds to synchronously load lazily loaded font '../../../Engine/Content/Slate/Fonts/Roboto-Bold.ttf' (160K)
[2019.04.18-18.25.29:429][  0]LogSlate: Took 0.015780 seconds to synchronously load lazily loaded font '../../../Engine/Content/Editor/Slate/Fonts/FontAwesome.ttf' (139K)
[2019.04.18-18.25.30:238][  0]LogRenderer: Reallocating scene render targets to support 1192x668 Format 10 NumSamples 1 (Frame:1).
[2019.04.18-18.25.31:730][  0]LogContentBrowser: Native class hierarchy updated for 'HierarchicalLODOutliner' in 0.0011 seconds. Added 0 classes and 0 folders.
[2019.04.18-18.25.31:734][  0]LogLoad: (Engine Initialization) Total time: 84.48 seconds
[2019.04.18-18.25.31:734][  0]LogLoad: (Engine Initialization) Total Blueprint compile time: 0.00 seconds
[2019.04.18-18.25.32:149][  0]LogContentStreaming: Texture pool size now 1000 MB
[2019.04.18-18.25.32:296][  1]LogFileCache: Retrieving MD5 hashes for directory 'D:/GitHub/WIZARD_WARS_4000/Wizard_Wars/Content/' took 0.48s
[2019.04.18-18.25.32:603][  1]LogSlate: Took 0.018464 seconds to synchronously load lazily loaded font '../../../Engine/Content/Slate/Fonts/Roboto-Light.ttf' (167K)
[2019.04.18-18.25.33:548][  9]LogAssetRegistry: Asset discovery search completed in 64.7632 seconds
[2019.04.18-18.25.33:554][  9]LogCollectionManager: Rebuilt the object cache for 0 collections in 0.000001 seconds (found 0 objects)
[2019.04.18-18.25.33:554][  9]LogCollectionManager: Fixed up redirectors for 0 collections in 0.000184 seconds (updated 0 objects)
[2019.04.18-18.25.55:522][ 74]LogEditorViewport: Clicking on Actor (context menu): StaticMeshActor (Cave_And_Tower_Rock_13)
[2019.04.18-18.25.56:780][ 74]LogSlate: FSceneViewport::OnFocusLost() reason 2
[2019.04.18-18.25.56:795][ 74]LogEditorViewport: Clicking on Actor (context menu): StaticMeshActor (Cave_And_Tower_TowerWalls2)
[2019.04.18-18.25.57:008][ 74]LogSlate: FSceneViewport::OnFocusLost() reason 2
[2019.04.18-18.25.57:048][ 74]LogEditorViewport: Clicking on Actor (context menu): StaticMeshActor (Cave_And_Tower_Rock_14)
[2019.04.18-18.25.57:181][ 74]LogSlate: FSceneViewport::OnFocusLost() reason 2
[2019.04.18-18.26.10:184][441]LogSlate: FSceneViewport::OnFocusLost() reason 0
[2019.04.18-18.26.27:142][942]LogSlate: FSceneViewport::OnFocusLost() reason 0
[2019.04.18-18.26.28:902][968]LogSlate: Took 0.000310 seconds to synchronously load lazily loaded font '../../../Engine/Content/Slate/Fonts/Roboto-Light.ttf' (167K)
[2019.04.18-18.26.28:922][968]LogSlate: FSceneViewport::OnFocusLost() reason 2
[2019.04.18-18.26.30:508][968]LogSavePackage: Moving '../../../../../../GitHub/WIZARD_WARS_4000/Wizard_Wars/Saved/ThirdPersonExampleMapF4FB04084AD7214010B7E581771D64DB.tmp' to '../../../../../../GitHub/WIZARD_WARS_4000/Wizard_Wars/Content/ThirdPersonBP/Maps/ThirdPersonExampleMap.umap'
[2019.04.18-18.26.31:807][968]LogSavePackage: Moving '../../../../../../GitHub/WIZARD_WARS_4000/Wizard_Wars/Saved/ThirdPersonExampleMap_BuiltData462FBD5E44959DA3902B21AF1E65A92C.tmp' to '../../../../../../GitHub/WIZARD_WARS_4000/Wizard_Wars/Content/ThirdPersonBP/Maps/ThirdPersonExampleMap_BuiltData.uasset'
[2019.04.18-18.34.44:381][548]LogSlate: FSceneViewport::OnFocusLost() reason 2
[2019.04.18-18.34.44:878][548]LogSlate: FSceneViewport::OnFocusLost() reason 2
[2019.04.18-18.34.45:479][548]LogSavePackage: Moving '../../../../../../GitHub/WIZARD_WARS_4000/Wizard_Wars/Saved/ThirdPersonExampleMap631483324813329C5AA427B500307A8E.tmp' to '../../../../../../GitHub/WIZARD_WARS_4000/Wizard_Wars/Content/ThirdPersonBP/Maps/ThirdPersonExampleMap.umap'
[2019.04.18-18.34.46:459][548]LogSavePackage: Moving '../../../../../../GitHub/WIZARD_WARS_4000/Wizard_Wars/Saved/ThirdPersonExampleMap_BuiltData58F0434948C43C004CEB6E980F5A3333.tmp' to '../../../../../../GitHub/WIZARD_WARS_4000/Wizard_Wars/Content/ThirdPersonBP/Maps/ThirdPersonExampleMap_BuiltData.uasset'
[2019.04.18-18.34.50:717][639]LogAssetEditorManager: Opening Asset editor for Blueprint /Game/ThirdPersonBP/Blueprints/ThirdPersonCharacter.ThirdPersonCharacter
[2019.04.18-18.34.52:637][639]LogContentBrowser: Native class hierarchy updated for 'BlueprintGraph' in 0.0023 seconds. Added 117 classes and 0 folders.
[2019.04.18-18.34.56:907][639]LogSlate: Took 0.023193 seconds to synchronously load lazily loaded font '../../../Engine/Content/Slate/Fonts/Roboto-BoldCondensed.ttf' (158K)
[2019.04.18-18.34.57:828][640]LogSlate: Took 0.026990 seconds to synchronously load lazily loaded font '../../../Engine/Content/Slate/Fonts/Roboto-Italic.ttf' (157K)
[2019.04.18-18.35.42:922][628]LogEditorTransaction: Undo 删除当前选项
[2019.04.18-18.35.43:363][629]LogEditorTransaction: Undo 删除当前选项
[2019.04.18-18.35.44:257][645]LogEditorTransaction: Undo 移动节点
[2019.04.18-18.35.45:576][669]LogEditorTransaction: Undo 添加节点
[2019.04.18-18.35.46:430][683]LogEditorTransaction: Undo 移动节点
[2019.04.18-18.35.47:121][696]LogEditorTransaction: Undo 移动节点
[2019.04.18-18.35.47:824][710]LogEditorTransaction: Undo 添加节点
[2019.04.18-18.35.50:756][760]LogSlate: FSceneViewport::OnFocusLost() reason 2
[2019.04.18-18.35.51:214][760]LogSavePackage: Moving '../../../../../../GitHub/WIZARD_WARS_4000/Wizard_Wars/Saved/ThirdPersonCharacter50CD221645687435A62185BBD301697B.tmp' to '../../../../../../GitHub/WIZARD_WARS_4000/Wizard_Wars/Content/ThirdPersonBP/Blueprints/ThirdPersonCharacter.uasset'
[2019.04.18-18.37.06:475][  0]LogSlate: FSceneViewport::OnFocusLost() reason 2
[2019.04.18-18.37.17:968][289]LogSlate: FSceneViewport::OnFocusLost() reason 2
[2019.04.18-18.37.18:296][289]LogSavePackage: Moving '../../../../../../GitHub/WIZARD_WARS_4000/Wizard_Wars/Saved/ThirdPersonCharacter8408834B4069157025EFA8842E3A900F.tmp' to '../../../../../../GitHub/WIZARD_WARS_4000/Wizard_Wars/Content/ThirdPersonBP/Blueprints/ThirdPersonCharacter.uasset'
[2019.04.18-18.38.04:788][172]LogEditorTransaction: Undo 添加节点
[2019.04.18-18.41.02:230][884]LogD3D11RHI: Error: Result failed 
 at D:\Build\++UE4\Sync\Engine\Source\Runtime\Windows\D3D11RHI\Private\D3D11Query.cpp:140 
 with error DXGI_ERROR_DEVICE_REMOVED DXGI_ERROR_DEVICE_HUNG
[2019.04.18-18.41.02:230][884]LogD3D11RHI: [Aftermath] GDynamicRHI=00000282FCFA40C0, GDX11NVAfterMathEnabled=0, Result=0xFFFFFFFF, bDeviceActive=0
[2019.04.18-18.41.02:230][884]LogWindows: Windows GetLastError: 操作成功完成。 (0)
[2019.04.18-18.41.28:708][884]LogOutputDevice: Warning: 

Script Stack (0 frames):

[2019.04.18-18.41.28:708][884]LogWindows: Windows GetLastError: 操作成功完成。 (0)
[2019.04.18-18.41.28:768][884]LogRHI: Error: SyncInterval 0
[2019.04.18-18.41.28:768][884]LogRHI: Error: SwapChainDesc.BufferDesc.Width 1936
[2019.04.18-18.41.28:768][884]LogRHI: Error: SwapChainDesc.BufferDesc.Height 1056
[2019.04.18-18.41.28:768][884]LogRHI: Error: SwapChainDesc.BufferDesc.RefreshRate.Numerator 0
[2019.04.18-18.41.28:768][884]LogRHI: Error: SwapChainDesc.BufferDesc.RefreshRate.Denominator 0
[2019.04.18-18.41.28:768][884]LogRHI: Error: SwapChainDesc.BufferDesc.Format 24
[2019.04.18-18.41.28:768][884]LogRHI: Error: SwapChainDesc.BufferDesc.ScanlineOrdering 0
[2019.04.18-18.41.28:768][884]LogRHI: Error: SwapChainDesc.BufferDesc.Scaling 0
[2019.04.18-18.41.28:768][884]LogRHI: Error: SwapChainDesc.SampleDesc.Count 1
[2019.04.18-18.41.28:768][884]LogRHI: Error: SwapChainDesc.SampleDesc.Quality 0
[2019.04.18-18.41.28:768][884]LogRHI: Error: SwapChainDesc.BufferUsage 48
[2019.04.18-18.41.28:768][884]LogRHI: Error: SwapChainDesc.BufferCount 1
[2019.04.18-18.41.28:768][884]LogRHI: Error: SwapChainDesc.OutputWindow 0000000000060B1A
[2019.04.18-18.41.28:768][884]LogRHI: Error: SwapChainDesc.Windowed true
[2019.04.18-18.41.28:768][884]LogRHI: Error: SwapChainDesc.SwapEffect 0
[2019.04.18-18.41.28:768][884]LogRHI: Error: SwapChainDesc.Flags 2
[2019.04.18-18.41.28:768][884]LogD3D11RHI: Error: Result failed 
 at D:\Build\++UE4\Sync\Engine\Source\Runtime\Windows\D3D11RHI\Private\D3D11Viewport.cpp:361 
 with error DXGI_ERROR_DEVICE_REMOVED DXGI_ERROR_DEVICE_HUNG
[2019.04.18-18.41.28:768][884]LogD3D11RHI: [Aftermath] GDynamicRHI=00000282FCFA40C0, GDX11NVAfterMathEnabled=0, Result=0xFFFFFFFF, bDeviceActive=0
[2019.04.18-18.41.28:768][884]LogWindows: FPlatformMisc::RequestExit(1)
[2019.04.18-18.41.28:773][884]Log file closed, 04/18/19 14:41:28
