Log file open, 04/21/19 13:17:01
LogWindows: Failed to load 'aqProf.dll' (GetLastError=126)
LogWindows: File 'aqProf.dll' does not exist
LogWindows: Failed to load 'VtuneApi.dll' (GetLastError=126)
LogWindows: File 'VtuneApi.dll' does not exist
LogWindows: Failed to load 'VtuneApi32e.dll' (GetLastError=126)
LogWindows: File 'VtuneApi32e.dll' does not exist
LogConsoleResponse: Display: Failed to find resolution value strings in scalability ini. Falling back to default.
LogInit: Display: Running engine for game: Wizard_Wars
LogPakFile: Registered encryption key '00000000000000000000000000000000': 0 pak files mounted, 0 remain pending
LogPlatformFile: Not using cached read wrapper
LogTaskGraph: Started task graph with 5 named threads and 23 total threads with 3 sets of task threads.
LogStats: Stats thread started at 0.350666
LogD3D11RHI: Loaded GFSDK_Aftermath_Lib.x64.dll
LogICUInternationalization: ICU TimeZone Detection - Raw Offset: -5:00, Platform Override: ''
LogPluginManager: Mounting plugin Paper2D
LogPluginManager: Mounting plugin AISupport
LogPluginManager: Mounting plugin LightPropagationVolume
LogPluginManager: Mounting plugin ActorLayerUtilities
LogPluginManager: Mounting plugin CLionSourceCodeAccess
LogPluginManager: Mounting plugin CodeLiteSourceCodeAccess
LogPluginManager: Mounting plugin GitSourceControl
LogPluginManager: Mounting plugin KDevelopSourceCodeAccess
LogPluginManager: Mounting plugin NullSourceCodeAccess
LogPluginManager: Mounting plugin PerforceSourceControl
LogPluginManager: Mounting plugin SubversionSourceControl
LogPluginManager: Mounting plugin UObjectPlugin
LogPluginManager: Mounting plugin VisualStudioCodeSourceCodeAccess
LogPluginManager: Mounting plugin VisualStudioSourceCodeAccess
LogPluginManager: Mounting plugin XCodeSourceCodeAccess
LogPluginManager: Mounting plugin AssetManagerEditor
LogPluginManager: Mounting plugin CryptoKeys
LogPluginManager: Mounting plugin DataValidation
LogPluginManager: Mounting plugin FacialAnimation
LogPluginManager: Mounting plugin GameplayTagsEditor
LogPluginManager: Mounting plugin MacGraphicsSwitching
LogPluginManager: Mounting plugin MeshEditor
LogPluginManager: Mounting plugin MobileLauncherProfileWizard
LogPluginManager: Mounting plugin PluginBrowser
LogPluginManager: Mounting plugin SpeedTreeImporter
LogPluginManager: Mounting plugin DatasmithContent
LogPluginManager: Mounting plugin VariantManagerContent
LogPluginManager: Mounting plugin AlembicImporter
LogPluginManager: Mounting plugin AppleImageUtils
LogPluginManager: Mounting plugin AppleVision
LogPluginManager: Mounting plugin BackChannel
LogPluginManager: Mounting plugin CharacterAI
LogPluginManager: Mounting plugin GeometryCache
LogPluginManager: Mounting plugin HTML5Networking
LogPluginManager: Mounting plugin ProxyLODPlugin
LogPluginManager: Mounting plugin MagicLeap
LogPluginManager: Mounting plugin MagicLeapMedia
LogPluginManager: Mounting plugin AndroidMedia
LogPluginManager: Mounting plugin AvfMedia
LogPluginManager: Mounting plugin ImgMedia
LogPluginManager: Mounting plugin LinearTimecode
LogPluginManager: Mounting plugin MediaCompositing
LogPluginManager: Mounting plugin MediaPlayerEditor
LogPluginManager: Mounting plugin WebMMedia
LogPluginManager: Mounting plugin WmfMedia
LogPluginManager: Mounting plugin TcpMessaging
LogPluginManager: Mounting plugin UdpMessaging
LogPluginManager: Mounting plugin ActorSequence
LogPluginManager: Mounting plugin LevelSequenceEditor
LogPluginManager: Mounting plugin MatineeToLevelSequence
LogPluginManager: Mounting plugin NetcodeUnitTest
LogPluginManager: Mounting plugin NUTUnrealEngine4
LogPluginManager: Mounting plugin OnlineSubsystemGooglePlay
LogPluginManager: Mounting plugin OnlineSubsystemIOS
LogPluginManager: Mounting plugin OnlineSubsystem
LogPluginManager: Mounting plugin OnlineSubsystemNull
LogPluginManager: Mounting plugin OnlineSubsystemUtils
LogPluginManager: Mounting plugin LauncherChunkInstaller
LogPluginManager: Mounting plugin AndroidDeviceProfileSelector
LogPluginManager: Mounting plugin AndroidMoviePlayer
LogPluginManager: Mounting plugin AndroidPermission
LogPluginManager: Mounting plugin AppleMoviePlayer
LogPluginManager: Mounting plugin ArchVisCharacter
LogPluginManager: Mounting plugin AudioCapture
LogPluginManager: Mounting plugin CableComponent
LogPluginManager: Mounting plugin CustomMeshComponent
LogPluginManager: Mounting plugin EditableMesh
LogPluginManager: Mounting plugin ExampleDeviceProfileSelector
LogPluginManager: Mounting plugin Firebase
LogPluginManager: Mounting plugin GoogleCloudMessaging
LogPluginManager: Mounting plugin IOSDeviceProfileSelector
LogPluginManager: Mounting plugin LinuxDeviceProfileSelector
LogPluginManager: Mounting plugin LocationServicesBPLibrary
LogPluginManager: Mounting plugin MobilePatchingUtils
LogPluginManager: Mounting plugin OculusVR
LogPluginManager: Mounting plugin PhysXVehicles
LogPluginManager: Mounting plugin ProceduralMeshComponent
LogPluginManager: Mounting plugin RuntimePhysXCooking
LogPluginManager: Mounting plugin SteamVR
LogPluginManager: Mounting plugin WebMMoviePlayer
LogPluginManager: Mounting plugin WindowsMoviePlayer
LogStreaming: Display: Took  0.322s to configure plugins.
LogInit: Using libcurl 7.55.1-DEV
LogInit:  - built for x86_64-pc-win32
LogInit:  - supports SSL with OpenSSL/1.0.2h
LogInit:  - supports HTTP deflate (compression) using libz 1.2.8
LogInit:  - other features:
LogInit:      CURL_VERSION_SSL
LogInit:      CURL_VERSION_LIBZ
LogInit:      CURL_VERSION_IPV6
LogInit:      CURL_VERSION_ASYNCHDNS
LogInit:      CURL_VERSION_LARGEFILE
LogInit:      CURL_VERSION_IDN
LogInit:  CurlRequestOptions (configurable via config and command line):
LogInit:  - bVerifyPeer = true  - Libcurl will verify peer certificate
LogInit:  - bUseHttpProxy = false  - Libcurl will NOT use HTTP proxy
LogInit:  - bDontReuseConnections = false  - Libcurl will reuse connections
LogInit:  - MaxHostConnections = 16  - Libcurl will limit the number of connections to a host
LogInit:  - LocalHostAddr = Default
LogInit:  - BufferSize = 65536
LogInit: WinSock: version 1.1 (2.2), MaxSocks=32767, MaxUdp=65467
LogInit: Build: ++UE4+Release-4.21-CL-4753647
LogInit: Engine Version: 4.21.2-4753647+++UE4+Release-4.21
LogInit: Compatible Engine Version: 4.21.0-4541578+++UE4+Release-4.21
LogInit: Net CL: 4541578
LogInit: OS: Windows 10 (), CPU: Intel(R) Core(TM) i7-6700HQ CPU @ 2.60GHz, GPU: Intel(R) HD Graphics 530
LogInit: Compiled (64-bit): Jan 19 2019 02:07:31
LogInit: Compiled with Visual C++: 19.13.26129.00
LogInit: Build Configuration: Development
LogInit: Branch Name: ++UE4+Release-4.21
LogInit: Command Line:  -EpicPortal -epicusername=GoldenKela -epicuserid=c8f3c6b667d2487d99287e9b44301c82 -epiclocale=zh-CN
LogInit: Base Directory: D:/Program Files/Epic Games/UE_4.21/Engine/Binaries/Win64/
LogInit: Installed Engine Build: 1
LogDevObjectVersion: Number of dev versions registered: 22
LogDevObjectVersion:   Dev-Blueprints (B0D832E4-1F89-4F0D-ACCF-7EB736FD4AA2): 10
LogDevObjectVersion:   Dev-Build (E1C64328-A22C-4D53-A36C-8E866417BD8C): 0
LogDevObjectVersion:   Dev-Core (375EC13C-06E4-48FB-B500-84F0262A717E): 2
LogDevObjectVersion:   Dev-Editor (E4B068ED-F494-42E9-A231-DA0B2E46BB41): 26
LogDevObjectVersion:   Dev-Framework (CFFC743F-43B0-4480-9391-14DF171D2073): 34
LogDevObjectVersion:   Dev-Mobile (B02B49B5-BB20-44E9-A304-32B752E40360): 2
LogDevObjectVersion:   Dev-Networking (A4E4105C-59A1-49B5-A7C5-40C4547EDFEE): 0
LogDevObjectVersion:   Dev-Online (39C831C9-5AE6-47DC-9A44-9C173E1C8E7C): 0
LogDevObjectVersion:   Dev-Physics (78F01B33-EBEA-4F98-B9B4-84EACCB95AA2): 0
LogDevObjectVersion:   Dev-Platform (6631380F-2D4D-43E0-8009-CF276956A95A): 0
LogDevObjectVersion:   Dev-Rendering (12F88B9F-8875-4AFC-A67C-D90C383ABD29): 27
LogDevObjectVersion:   Dev-Sequencer (7B5AE74C-D270-4C10-A958-57980B212A5A): 9
LogDevObjectVersion:   Dev-VR (D7296918-1DD6-4BDD-9DE2-64A83CC13884): 2
LogDevObjectVersion:   Dev-LoadTimes (C2A15278-BFE7-4AFE-6C17-90FF531DF755): 1
LogDevObjectVersion:   Private-Geometry (6EACA3D4-40EC-4CC1-B786-8BED09428FC5): 3
LogDevObjectVersion:   Dev-AnimPhys (29E575DD-E0A3-4627-9D10-D276232CDCEA): 17
LogDevObjectVersion:   Dev-Anim (AF43A65D-7FD3-4947-9873-3E8ED9C1BB05): 2
LogDevObjectVersion:   Dev-ReflectionCapture (6B266CEC-1EC7-4B8F-A30B-E4D90942FC07): 1
LogDevObjectVersion:   Dev-Automation (0DF73D61-A23F-47EA-B727-89E90C41499A): 1
LogDevObjectVersion:   FortniteMain (601D1886-AC64-4F84-AA16-D3DE0DEAC7D6): 17
LogDevObjectVersion:   Dev-Enterprise (9DFFBCD6-494F-0158-E221-12823C92A888): 4
LogDevObjectVersion:   Dev-Niagara (F2AED0AC-9AFE-416F-8664-AA7FFA26D6FC): 1
LogStreaming: Display: Took  0.008s to delete old logs.
LogInit: Presizing for max 8388607 objects, including 0 objects not considered by GC, pre-allocating 0 bytes for permanent pool.
LogInit: Object subsystem initialized
LogConfig: Setting CVar [[con.DebugEarlyDefault:1]]
LogConfig: Setting CVar [[r.setres:1280x720]]
[2019.04.21-17.17.01:971][  0]LogConfig: Setting CVar [[r.VSync:0]]
[2019.04.21-17.17.01:971][  0]LogConfig: Setting CVar [[r.RHICmdBypass:0]]
[2019.04.21-17.17.01:971][  0]LogConfig: Applying CVar settings from Section [/Script/Engine.RendererSettings] File [D:/GitHub/WIZARD_WARS_4000/Wizard_Wars/Saved/Config/Windows/Engine.ini]
[2019.04.21-17.17.01:971][  0]LogConfig: Setting CVar [[r.GPUCrashDebugging:0]]
[2019.04.21-17.17.01:971][  0]LogConfig: Applying CVar settings from Section [/Script/Engine.RendererOverrideSettings] File [D:/GitHub/WIZARD_WARS_4000/Wizard_Wars/Saved/Config/Windows/Engine.ini]
[2019.04.21-17.17.01:971][  0]LogConfig: Applying CVar settings from Section [/Script/Engine.StreamingSettings] File [D:/GitHub/WIZARD_WARS_4000/Wizard_Wars/Saved/Config/Windows/Engine.ini]
[2019.04.21-17.17.01:972][  0]LogConfig: Setting CVar [[s.MinBulkDataSizeForAsyncLoading:131072]]
[2019.04.21-17.17.01:972][  0]LogConfig: Setting CVar [[s.AsyncLoadingThreadEnabled:0]]
[2019.04.21-17.17.01:972][  0]LogConfig: Setting CVar [[s.EventDrivenLoaderEnabled:1]]
[2019.04.21-17.17.01:972][  0]LogConfig: Setting CVar [[s.WarnIfTimeLimitExceeded:0]]
[2019.04.21-17.17.01:972][  0]LogConfig: Setting CVar [[s.TimeLimitExceededMultiplier:1.5]]
[2019.04.21-17.17.01:972][  0]LogConfig: Setting CVar [[s.TimeLimitExceededMinTime:0.005]]
[2019.04.21-17.17.01:972][  0]LogConfig: Setting CVar [[s.UseBackgroundLevelStreaming:1]]
[2019.04.21-17.17.01:972][  0]LogConfig: Setting CVar [[s.PriorityAsyncLoadingExtraTime:15.0]]
[2019.04.21-17.17.01:972][  0]LogConfig: Setting CVar [[s.LevelStreamingActorsUpdateTimeLimit:5.0]]
[2019.04.21-17.17.01:972][  0]LogConfig: Setting CVar [[s.PriorityLevelStreamingActorsUpdateExtraTime:5.0]]
[2019.04.21-17.17.01:972][  0]LogConfig: Setting CVar [[s.LevelStreamingComponentsRegistrationGranularity:10]]
[2019.04.21-17.17.01:972][  0]LogConfig: Setting CVar [[s.UnregisterComponentsTimeLimit:1.0]]
[2019.04.21-17.17.01:972][  0]LogConfig: Setting CVar [[s.LevelStreamingComponentsUnregistrationGranularity:5]]
[2019.04.21-17.17.01:972][  0]LogConfig: Applying CVar settings from Section [/Script/Engine.GarbageCollectionSettings] File [D:/GitHub/WIZARD_WARS_4000/Wizard_Wars/Saved/Config/Windows/Engine.ini]
[2019.04.21-17.17.01:972][  0]LogConfig: Setting CVar [[gc.MaxObjectsNotConsideredByGC:1]]
[2019.04.21-17.17.01:972][  0]LogConfig: Setting CVar [[gc.SizeOfPermanentObjectPool:0]]
[2019.04.21-17.17.01:972][  0]LogConfig: Setting CVar [[gc.FlushStreamingOnGC:0]]
[2019.04.21-17.17.01:972][  0]LogConfig: Setting CVar [[gc.NumRetriesBeforeForcingGC:10]]
[2019.04.21-17.17.01:972][  0]LogConfig: Setting CVar [[gc.AllowParallelGC:1]]
[2019.04.21-17.17.01:972][  0]LogConfig: Setting CVar [[gc.TimeBetweenPurgingPendingKillObjects:61.1]]
[2019.04.21-17.17.01:972][  0]LogConfig: Setting CVar [[gc.MaxObjectsInEditor:8388607]]
[2019.04.21-17.17.01:972][  0]LogConfig: Setting CVar [[gc.IncrementalBeginDestroyEnabled:1]]
[2019.04.21-17.17.01:972][  0]LogConfig: Setting CVar [[gc.CreateGCClusters:1]]
[2019.04.21-17.17.01:972][  0]LogConfig: Setting CVar [[gc.MergeGCClusters:0]]
[2019.04.21-17.17.01:972][  0]LogConfig: Setting CVar [[gc.MinGCClusterSize:5]]
[2019.04.21-17.17.01:972][  0]LogConfig: Setting CVar [[gc.ActorClusteringEnabled:0]]
[2019.04.21-17.17.01:972][  0]LogConfig: Setting CVar [[gc.BlueprintClusteringEnabled:0]]
[2019.04.21-17.17.01:972][  0]LogConfig: Setting CVar [[gc.UseDisregardForGCOnDedicatedServers:0]]
[2019.04.21-17.17.01:972][  0]LogConfig: Applying CVar settings from Section [/Script/Engine.NetworkSettings] File [D:/GitHub/WIZARD_WARS_4000/Wizard_Wars/Saved/Config/Windows/Engine.ini]
[2019.04.21-17.17.01:972][  0]LogConfig: Applying CVar settings from Section [/Script/UnrealEd.CookerSettings] File [D:/GitHub/WIZARD_WARS_4000/Wizard_Wars/Saved/Config/Windows/Engine.ini]
[2019.04.21-17.17.01:975][  0]LogConfig: Applying CVar settings from Section [ViewDistanceQuality@3] File [D:/GitHub/WIZARD_WARS_4000/Wizard_Wars/Saved/Config/Windows/Scalability.ini]
[2019.04.21-17.17.01:975][  0]LogConfig: Setting CVar [[r.SkeletalMeshLODBias:0]]
[2019.04.21-17.17.01:975][  0]LogConfig: Setting CVar [[r.ViewDistanceScale:1.0]]
[2019.04.21-17.17.01:975][  0]LogConfig: Applying CVar settings from Section [AntiAliasingQuality@3] File [D:/GitHub/WIZARD_WARS_4000/Wizard_Wars/Saved/Config/Windows/Scalability.ini]
[2019.04.21-17.17.01:975][  0]LogConfig: Setting CVar [[r.PostProcessAAQuality:4]]
[2019.04.21-17.17.01:975][  0]LogConfig: Applying CVar settings from Section [ShadowQuality@3] File [D:/GitHub/WIZARD_WARS_4000/Wizard_Wars/Saved/Config/Windows/Scalability.ini]
[2019.04.21-17.17.01:975][  0]LogConfig: Setting CVar [[r.LightFunctionQuality:1]]
[2019.04.21-17.17.01:975][  0]LogConfig: Setting CVar [[r.ShadowQuality:5]]
[2019.04.21-17.17.01:975][  0]LogConfig: Setting CVar [[r.Shadow.CSM.MaxCascades:10]]
[2019.04.21-17.17.01:975][  0]LogConfig: Setting CVar [[r.Shadow.MaxResolution:2048]]
[2019.04.21-17.17.01:975][  0]LogConfig: Setting CVar [[r.Shadow.MaxCSMResolution:2048]]
[2019.04.21-17.17.01:975][  0]LogConfig: Setting CVar [[r.Shadow.RadiusThreshold:0.01]]
[2019.04.21-17.17.01:975][  0]LogConfig: Setting CVar [[r.Shadow.DistanceScale:1.0]]
[2019.04.21-17.17.01:975][  0]LogConfig: Setting CVar [[r.Shadow.CSM.TransitionScale:1.0]]
[2019.04.21-17.17.01:975][  0]LogConfig: Setting CVar [[r.Shadow.PreShadowResolutionFactor:1.0]]
[2019.04.21-17.17.01:975][  0]LogConfig: Setting CVar [[r.DistanceFieldShadowing:1]]
[2019.04.21-17.17.01:975][  0]LogConfig: Setting CVar [[r.DistanceFieldAO:1]]
[2019.04.21-17.17.01:976][  0]LogConfig: Setting CVar [[r.AOQuality:2]]
[2019.04.21-17.17.01:976][  0]LogConfig: Setting CVar [[r.VolumetricFog:1]]
[2019.04.21-17.17.01:976][  0]LogConfig: Setting CVar [[r.VolumetricFog.GridPixelSize:8]]
[2019.04.21-17.17.01:976][  0]LogConfig: Setting CVar [[r.VolumetricFog.GridSizeZ:128]]
[2019.04.21-17.17.01:976][  0]LogConfig: Setting CVar [[r.VolumetricFog.HistoryMissSupersampleCount:4]]
[2019.04.21-17.17.01:976][  0]LogConfig: Setting CVar [[r.LightMaxDrawDistanceScale:1]]
[2019.04.21-17.17.01:976][  0]LogConfig: Setting CVar [[r.CapsuleShadows:1]]
[2019.04.21-17.17.01:976][  0]LogConfig: Applying CVar settings from Section [PostProcessQuality@3] File [D:/GitHub/WIZARD_WARS_4000/Wizard_Wars/Saved/Config/Windows/Scalability.ini]
[2019.04.21-17.17.01:976][  0]LogConfig: Setting CVar [[r.MotionBlurQuality:4]]
[2019.04.21-17.17.01:976][  0]LogConfig: Setting CVar [[r.AmbientOcclusionMipLevelFactor:0.4]]
[2019.04.21-17.17.01:976][  0]LogConfig: Setting CVar [[r.AmbientOcclusionMaxQuality:100]]
[2019.04.21-17.17.01:976][  0]LogConfig: Setting CVar [[r.AmbientOcclusionLevels:-1]]
[2019.04.21-17.17.01:976][  0]LogConfig: Setting CVar [[r.AmbientOcclusionRadiusScale:1.0]]
[2019.04.21-17.17.01:976][  0]LogConfig: Setting CVar [[r.DepthOfFieldQuality:2]]
[2019.04.21-17.17.01:976][  0]LogConfig: Setting CVar [[r.RenderTargetPoolMin:400]]
[2019.04.21-17.17.01:976][  0]LogConfig: Setting CVar [[r.LensFlareQuality:2]]
[2019.04.21-17.17.01:976][  0]LogConfig: Setting CVar [[r.SceneColorFringeQuality:1]]
[2019.04.21-17.17.01:976][  0]LogConfig: Setting CVar [[r.EyeAdaptationQuality:2]]
[2019.04.21-17.17.01:976][  0]LogConfig: Setting CVar [[r.BloomQuality:5]]
[2019.04.21-17.17.01:976][  0]LogConfig: Setting CVar [[r.FastBlurThreshold:100]]
[2019.04.21-17.17.01:976][  0]LogConfig: Setting CVar [[r.Upscale.Quality:3]]
[2019.04.21-17.17.01:976][  0]LogConfig: Setting CVar [[r.Tonemapper.GrainQuantization:1]]
[2019.04.21-17.17.01:976][  0]LogConfig: Setting CVar [[r.LightShaftQuality:1]]
[2019.04.21-17.17.01:976][  0]LogConfig: Setting CVar [[r.Filter.SizeScale:1]]
[2019.04.21-17.17.01:976][  0]LogConfig: Setting CVar [[r.Tonemapper.Quality:5]]
[2019.04.21-17.17.01:976][  0]LogConfig: Setting CVar [[r.DOF.Gather.AccumulatorQuality:1        ; higher gathering accumulator quality]]
[2019.04.21-17.17.01:976][  0]LogConfig: Setting CVar [[r.DOF.Gather.PostfilterMethod:1          ; Median3x3 postfilering method]]
[2019.04.21-17.17.01:976][  0]LogConfig: Setting CVar [[r.DOF.Gather.EnableBokehSettings:0       ; no bokeh simulation when gathering]]
[2019.04.21-17.17.01:976][  0]LogConfig: Setting CVar [[r.DOF.Gather.RingCount:4                 ; medium number of samples when gathering]]
[2019.04.21-17.17.01:976][  0]LogConfig: Setting CVar [[r.DOF.Scatter.ForegroundCompositing:1    ; additive foreground scattering]]
[2019.04.21-17.17.01:976][  0]LogConfig: Setting CVar [[r.DOF.Scatter.BackgroundCompositing:2    ; additive background scattering]]
[2019.04.21-17.17.01:976][  0]LogConfig: Setting CVar [[r.DOF.Scatter.EnableBokehSettings:1      ; bokeh simulation when scattering]]
[2019.04.21-17.17.01:976][  0]LogConfig: Setting CVar [[r.DOF.Scatter.MaxSpriteRatio:0.1         ; only a maximum of 10% of scattered bokeh]]
[2019.04.21-17.17.01:976][  0]LogConfig: Setting CVar [[r.DOF.Recombine.Quality:1                ; cheap slight out of focus]]
[2019.04.21-17.17.01:976][  0]LogConfig: Setting CVar [[r.DOF.Recombine.EnableBokehSettings:0    ; no bokeh simulation on slight out of focus]]
[2019.04.21-17.17.01:976][  0]LogConfig: Setting CVar [[r.DOF.TemporalAAQuality:1                ; more stable temporal accumulation]]
[2019.04.21-17.17.01:976][  0]LogConfig: Setting CVar [[r.DOF.Kernel.MaxForegroundRadius:0.025]]
[2019.04.21-17.17.01:976][  0]LogConfig: Setting CVar [[r.DOF.Kernel.MaxBackgroundRadius:0.025]]
[2019.04.21-17.17.01:976][  0]LogConfig: Applying CVar settings from Section [TextureQuality@3] File [D:/GitHub/WIZARD_WARS_4000/Wizard_Wars/Saved/Config/Windows/Scalability.ini]
[2019.04.21-17.17.01:976][  0]LogConfig: Setting CVar [[r.Streaming.MipBias:0]]
[2019.04.21-17.17.01:976][  0]LogConfig: Setting CVar [[r.Streaming.AmortizeCPUToGPUCopy:0]]
[2019.04.21-17.17.01:976][  0]LogConfig: Setting CVar [[r.Streaming.MaxNumTexturesToStreamPerFrame:0]]
[2019.04.21-17.17.01:976][  0]LogConfig: Setting CVar [[r.Streaming.Boost:1]]
[2019.04.21-17.17.01:976][  0]LogConfig: Setting CVar [[r.MaxAnisotropy:8]]
[2019.04.21-17.17.01:976][  0]LogConfig: Setting CVar [[r.Streaming.LimitPoolSizeToVRAM:0]]
[2019.04.21-17.17.01:976][  0]LogConfig: Setting CVar [[r.Streaming.PoolSize:1000]]
[2019.04.21-17.17.01:976][  0]LogConfig: Setting CVar [[r.Streaming.MaxEffectiveScreenSize:0]]
[2019.04.21-17.17.01:976][  0]LogConfig: Applying CVar settings from Section [EffectsQuality@3] File [D:/GitHub/WIZARD_WARS_4000/Wizard_Wars/Saved/Config/Windows/Scalability.ini]
[2019.04.21-17.17.01:976][  0]LogConfig: Setting CVar [[r.TranslucencyLightingVolumeDim:64]]
[2019.04.21-17.17.01:976][  0]LogConfig: Setting CVar [[r.RefractionQuality:2]]
[2019.04.21-17.17.01:976][  0]LogConfig: Setting CVar [[r.SSR.Quality:3]]
[2019.04.21-17.17.01:976][  0]LogConfig: Setting CVar [[r.SceneColorFormat:4]]
[2019.04.21-17.17.01:976][  0]LogConfig: Setting CVar [[r.DetailMode:2]]
[2019.04.21-17.17.01:976][  0]LogConfig: Setting CVar [[r.TranslucencyVolumeBlur:1]]
[2019.04.21-17.17.01:976][  0]LogConfig: Setting CVar [[r.MaterialQualityLevel:1 ; High quality]]
[2019.04.21-17.17.01:976][  0]LogConfig: Setting CVar [[r.SSS.Scale:1]]
[2019.04.21-17.17.01:976][  0]LogConfig: Setting CVar [[r.SSS.SampleSet:2]]
[2019.04.21-17.17.01:976][  0]LogConfig: Setting CVar [[r.SSS.Quality:1]]
[2019.04.21-17.17.01:976][  0]LogConfig: Setting CVar [[r.SSS.HalfRes:1]]
[2019.04.21-17.17.01:976][  0]LogConfig: Setting CVar [[r.EmitterSpawnRateScale:1.0]]
[2019.04.21-17.17.01:976][  0]LogConfig: Setting CVar [[r.ParticleLightQuality:2]]
[2019.04.21-17.17.01:976][  0]LogConfig: Applying CVar settings from Section [FoliageQuality@3] File [D:/GitHub/WIZARD_WARS_4000/Wizard_Wars/Saved/Config/Windows/Scalability.ini]
[2019.04.21-17.17.01:976][  0]LogConfig: Setting CVar [[foliage.DensityScale:1.0]]
[2019.04.21-17.17.01:976][  0]LogConfig: Setting CVar [[grass.DensityScale:1.0]]
[2019.04.21-17.17.01:976][  0]LogInit: Selected Device Profile: [Windows]
[2019.04.21-17.17.01:976][  0]LogInit: Applying CVar settings loaded from the selected device profile: [Windows]
[2019.04.21-17.17.02:016][  0]LogHAL: Display: Platform has ~ 8 GB [8459788288 / 8589934592 / 8], which maps to Default [LargestMinGB=32, LargerMinGB=12, DefaultMinGB=8, SmallerMinGB=6, SmallestMinGB=0)
[2019.04.21-17.17.02:016][  0]LogConfig: Setting CVar [[r.Vulkan.UseRealUBs:1]]
[2019.04.21-17.17.02:016][  0]LogInit: Going up to parent DeviceProfile []
[2019.04.21-17.17.02:016][  0]LogConfig: Applying CVar settings from Section [ViewDistanceQuality@3] File [D:/GitHub/WIZARD_WARS_4000/Wizard_Wars/Saved/Config/Windows/Scalability.ini]
[2019.04.21-17.17.02:016][  0]LogConfig: Setting CVar [[r.SkeletalMeshLODBias:0]]
[2019.04.21-17.17.02:016][  0]LogConfig: Setting CVar [[r.ViewDistanceScale:1.0]]
[2019.04.21-17.17.02:016][  0]LogConfig: Applying CVar settings from Section [AntiAliasingQuality@3] File [D:/GitHub/WIZARD_WARS_4000/Wizard_Wars/Saved/Config/Windows/Scalability.ini]
[2019.04.21-17.17.02:016][  0]LogConfig: Setting CVar [[r.PostProcessAAQuality:4]]
[2019.04.21-17.17.02:016][  0]LogConfig: Applying CVar settings from Section [ShadowQuality@3] File [D:/GitHub/WIZARD_WARS_4000/Wizard_Wars/Saved/Config/Windows/Scalability.ini]
[2019.04.21-17.17.02:016][  0]LogConfig: Setting CVar [[r.LightFunctionQuality:1]]
[2019.04.21-17.17.02:016][  0]LogConfig: Setting CVar [[r.ShadowQuality:5]]
[2019.04.21-17.17.02:016][  0]LogConfig: Setting CVar [[r.Shadow.CSM.MaxCascades:10]]
[2019.04.21-17.17.02:016][  0]LogConfig: Setting CVar [[r.Shadow.MaxResolution:2048]]
[2019.04.21-17.17.02:016][  0]LogConfig: Setting CVar [[r.Shadow.MaxCSMResolution:2048]]
[2019.04.21-17.17.02:016][  0]LogConfig: Setting CVar [[r.Shadow.RadiusThreshold:0.01]]
[2019.04.21-17.17.02:016][  0]LogConfig: Setting CVar [[r.Shadow.DistanceScale:1.0]]
[2019.04.21-17.17.02:016][  0]LogConfig: Setting CVar [[r.Shadow.CSM.TransitionScale:1.0]]
[2019.04.21-17.17.02:016][  0]LogConfig: Setting CVar [[r.Shadow.PreShadowResolutionFactor:1.0]]
[2019.04.21-17.17.02:016][  0]LogConfig: Setting CVar [[r.DistanceFieldShadowing:1]]
[2019.04.21-17.17.02:016][  0]LogConfig: Setting CVar [[r.DistanceFieldAO:1]]
[2019.04.21-17.17.02:016][  0]LogConfig: Setting CVar [[r.AOQuality:2]]
[2019.04.21-17.17.02:016][  0]LogConfig: Setting CVar [[r.VolumetricFog:1]]
[2019.04.21-17.17.02:016][  0]LogConfig: Setting CVar [[r.VolumetricFog.GridPixelSize:8]]
[2019.04.21-17.17.02:016][  0]LogConfig: Setting CVar [[r.VolumetricFog.GridSizeZ:128]]
[2019.04.21-17.17.02:016][  0]LogConfig: Setting CVar [[r.VolumetricFog.HistoryMissSupersampleCount:4]]
[2019.04.21-17.17.02:016][  0]LogConfig: Setting CVar [[r.LightMaxDrawDistanceScale:1]]
[2019.04.21-17.17.02:016][  0]LogConfig: Setting CVar [[r.CapsuleShadows:1]]
[2019.04.21-17.17.02:016][  0]LogConfig: Applying CVar settings from Section [PostProcessQuality@3] File [D:/GitHub/WIZARD_WARS_4000/Wizard_Wars/Saved/Config/Windows/Scalability.ini]
[2019.04.21-17.17.02:016][  0]LogConfig: Setting CVar [[r.MotionBlurQuality:4]]
[2019.04.21-17.17.02:016][  0]LogConfig: Setting CVar [[r.AmbientOcclusionMipLevelFactor:0.4]]
[2019.04.21-17.17.02:016][  0]LogConfig: Setting CVar [[r.AmbientOcclusionMaxQuality:100]]
[2019.04.21-17.17.02:016][  0]LogConfig: Setting CVar [[r.AmbientOcclusionLevels:-1]]
[2019.04.21-17.17.02:016][  0]LogConfig: Setting CVar [[r.AmbientOcclusionRadiusScale:1.0]]
[2019.04.21-17.17.02:016][  0]LogConfig: Setting CVar [[r.DepthOfFieldQuality:2]]
[2019.04.21-17.17.02:016][  0]LogConfig: Setting CVar [[r.RenderTargetPoolMin:400]]
[2019.04.21-17.17.02:016][  0]LogConfig: Setting CVar [[r.LensFlareQuality:2]]
[2019.04.21-17.17.02:016][  0]LogConfig: Setting CVar [[r.SceneColorFringeQuality:1]]
[2019.04.21-17.17.02:016][  0]LogConfig: Setting CVar [[r.EyeAdaptationQuality:2]]
[2019.04.21-17.17.02:016][  0]LogConfig: Setting CVar [[r.BloomQuality:5]]
[2019.04.21-17.17.02:016][  0]LogConfig: Setting CVar [[r.FastBlurThreshold:100]]
[2019.04.21-17.17.02:016][  0]LogConfig: Setting CVar [[r.Upscale.Quality:3]]
[2019.04.21-17.17.02:016][  0]LogConfig: Setting CVar [[r.Tonemapper.GrainQuantization:1]]
[2019.04.21-17.17.02:016][  0]LogConfig: Setting CVar [[r.LightShaftQuality:1]]
[2019.04.21-17.17.02:016][  0]LogConfig: Setting CVar [[r.Filter.SizeScale:1]]
[2019.04.21-17.17.02:016][  0]LogConfig: Setting CVar [[r.Tonemapper.Quality:5]]
[2019.04.21-17.17.02:016][  0]LogConfig: Setting CVar [[r.DOF.Gather.AccumulatorQuality:1        ; higher gathering accumulator quality]]
[2019.04.21-17.17.02:016][  0]LogConfig: Setting CVar [[r.DOF.Gather.PostfilterMethod:1          ; Median3x3 postfilering method]]
[2019.04.21-17.17.02:016][  0]LogConfig: Setting CVar [[r.DOF.Gather.EnableBokehSettings:0       ; no bokeh simulation when gathering]]
[2019.04.21-17.17.02:016][  0]LogConfig: Setting CVar [[r.DOF.Gather.RingCount:4                 ; medium number of samples when gathering]]
[2019.04.21-17.17.02:016][  0]LogConfig: Setting CVar [[r.DOF.Scatter.ForegroundCompositing:1    ; additive foreground scattering]]
[2019.04.21-17.17.02:016][  0]LogConfig: Setting CVar [[r.DOF.Scatter.BackgroundCompositing:2    ; additive background scattering]]
[2019.04.21-17.17.02:016][  0]LogConfig: Setting CVar [[r.DOF.Scatter.EnableBokehSettings:1      ; bokeh simulation when scattering]]
[2019.04.21-17.17.02:016][  0]LogConfig: Setting CVar [[r.DOF.Scatter.MaxSpriteRatio:0.1         ; only a maximum of 10% of scattered bokeh]]
[2019.04.21-17.17.02:016][  0]LogConfig: Setting CVar [[r.DOF.Recombine.Quality:1                ; cheap slight out of focus]]
[2019.04.21-17.17.02:016][  0]LogConfig: Setting CVar [[r.DOF.Recombine.EnableBokehSettings:0    ; no bokeh simulation on slight out of focus]]
[2019.04.21-17.17.02:017][  0]LogConfig: Setting CVar [[r.DOF.TemporalAAQuality:1                ; more stable temporal accumulation]]
[2019.04.21-17.17.02:017][  0]LogConfig: Setting CVar [[r.DOF.Kernel.MaxForegroundRadius:0.025]]
[2019.04.21-17.17.02:017][  0]LogConfig: Setting CVar [[r.DOF.Kernel.MaxBackgroundRadius:0.025]]
[2019.04.21-17.17.02:017][  0]LogConfig: Applying CVar settings from Section [TextureQuality@3] File [D:/GitHub/WIZARD_WARS_4000/Wizard_Wars/Saved/Config/Windows/Scalability.ini]
[2019.04.21-17.17.02:017][  0]LogConfig: Setting CVar [[r.Streaming.MipBias:0]]
[2019.04.21-17.17.02:017][  0]LogConfig: Setting CVar [[r.Streaming.AmortizeCPUToGPUCopy:0]]
[2019.04.21-17.17.02:017][  0]LogConfig: Setting CVar [[r.Streaming.MaxNumTexturesToStreamPerFrame:0]]
[2019.04.21-17.17.02:017][  0]LogConfig: Setting CVar [[r.Streaming.Boost:1]]
[2019.04.21-17.17.02:017][  0]LogConfig: Setting CVar [[r.MaxAnisotropy:8]]
[2019.04.21-17.17.02:017][  0]LogConfig: Setting CVar [[r.Streaming.LimitPoolSizeToVRAM:0]]
[2019.04.21-17.17.02:017][  0]LogConfig: Setting CVar [[r.Streaming.PoolSize:1000]]
[2019.04.21-17.17.02:017][  0]LogConfig: Setting CVar [[r.Streaming.MaxEffectiveScreenSize:0]]
[2019.04.21-17.17.02:017][  0]LogConfig: Applying CVar settings from Section [EffectsQuality@3] File [D:/GitHub/WIZARD_WARS_4000/Wizard_Wars/Saved/Config/Windows/Scalability.ini]
[2019.04.21-17.17.02:017][  0]LogConfig: Setting CVar [[r.TranslucencyLightingVolumeDim:64]]
[2019.04.21-17.17.02:017][  0]LogConfig: Setting CVar [[r.RefractionQuality:2]]
[2019.04.21-17.17.02:017][  0]LogConfig: Setting CVar [[r.SSR.Quality:3]]
[2019.04.21-17.17.02:017][  0]LogConfig: Setting CVar [[r.SceneColorFormat:4]]
[2019.04.21-17.17.02:017][  0]LogConfig: Setting CVar [[r.DetailMode:2]]
[2019.04.21-17.17.02:017][  0]LogConfig: Setting CVar [[r.TranslucencyVolumeBlur:1]]
[2019.04.21-17.17.02:017][  0]LogConfig: Setting CVar [[r.MaterialQualityLevel:1 ; High quality]]
[2019.04.21-17.17.02:017][  0]LogConfig: Setting CVar [[r.SSS.Scale:1]]
[2019.04.21-17.17.02:017][  0]LogConfig: Setting CVar [[r.SSS.SampleSet:2]]
[2019.04.21-17.17.02:017][  0]LogConfig: Setting CVar [[r.SSS.Quality:1]]
[2019.04.21-17.17.02:017][  0]LogConfig: Setting CVar [[r.SSS.HalfRes:1]]
[2019.04.21-17.17.02:017][  0]LogConfig: Setting CVar [[r.EmitterSpawnRateScale:1.0]]
[2019.04.21-17.17.02:017][  0]LogConfig: Setting CVar [[r.ParticleLightQuality:2]]
[2019.04.21-17.17.02:017][  0]LogConfig: Applying CVar settings from Section [FoliageQuality@3] File [D:/GitHub/WIZARD_WARS_4000/Wizard_Wars/Saved/Config/Windows/Scalability.ini]
[2019.04.21-17.17.02:017][  0]LogConfig: Setting CVar [[foliage.DensityScale:1.0]]
[2019.04.21-17.17.02:017][  0]LogConfig: Setting CVar [[grass.DensityScale:1.0]]
[2019.04.21-17.17.02:017][  0]LogConfig: Applying CVar settings from Section [Startup] File [../../../Engine/Config/ConsoleVariables.ini]
[2019.04.21-17.17.02:018][  0]LogConfig: Setting CVar [[net.UseAdaptiveNetUpdateFrequency:0]]
[2019.04.21-17.17.02:018][  0]LogConfig: Applying CVar settings from Section [ConsoleVariables] File [D:/GitHub/WIZARD_WARS_4000/Wizard_Wars/Saved/Config/Windows/Engine.ini]
[2019.04.21-17.17.02:018][  0]LogInit: Computer: DESKTOP-226LAUO
[2019.04.21-17.17.02:018][  0]LogInit: User: ShuxingLi
[2019.04.21-17.17.02:018][  0]LogInit: CPU Page size=4096, Cores=4
[2019.04.21-17.17.02:018][  0]LogInit: High frequency timer resolution =2.531247 MHz
[2019.04.21-17.17.02:018][  0]LogMemory: Memory total: Physical=7.9GB (8GB approx)
[2019.04.21-17.17.02:018][  0]LogMemory: Platform Memory Stats for Windows
[2019.04.21-17.17.02:018][  0]LogMemory: Process Physical Memory: 104.11 MB used, 104.11 MB peak
[2019.04.21-17.17.02:018][  0]LogMemory: Process Virtual Memory: 98.75 MB used, 98.75 MB peak
[2019.04.21-17.17.02:018][  0]LogMemory: Physical Memory: 4763.55 MB used,  3304.33 MB free, 8067.88 MB total
[2019.04.21-17.17.02:018][  0]LogMemory: Virtual Memory: 4660.49 MB used,  134213064.00 MB free, 134217728.00 MB total
[2019.04.21-17.17.02:079][  0]LogInit: Using OS detected language (zh-CN).
[2019.04.21-17.17.02:079][  0]LogInit: Using OS detected locale (zh-CN).
[2019.04.21-17.17.02:547][  0]LogStreaming: Display: Took  0.468s to InitEngineTextLocalization.
[2019.04.21-17.17.02:593][  0]LogSlate: New Slate User Created.  User Index 0, Is Virtual User: 0
[2019.04.21-17.17.02:593][  0]LogSlate: Slate User Registered.  User Index 0, Is Virtual User: 0
[2019.04.21-17.17.03:132][  0]LogHMD: Failed to initialize OpenVR with code 110
[2019.04.21-17.17.03:132][  0]LogD3D11RHI: D3D11 adapters:
[2019.04.21-17.17.03:268][  0]LogD3D11RHI:    0. 'NVIDIA GeForce GTX 970M' (Feature Level 11_0)
[2019.04.21-17.17.03:268][  0]LogD3D11RHI:       3032/0/4033 MB DedicatedVideo/DedicatedSystem/SharedSystem, Outputs:1, VendorId:0x10de
[2019.04.21-17.17.03:326][  0]LogD3D11RHI:    1. 'Intel(R) HD Graphics 530' (Feature Level 11_0)
[2019.04.21-17.17.03:326][  0]LogD3D11RHI:       128/0/4033 MB DedicatedVideo/DedicatedSystem/SharedSystem, Outputs:0, VendorId:0x8086
[2019.04.21-17.17.03:329][  0]LogD3D11RHI:    2. 'Microsoft Basic Render Driver' (Feature Level 11_0)
[2019.04.21-17.17.03:329][  0]LogD3D11RHI:       0/0/4033 MB DedicatedVideo/DedicatedSystem/SharedSystem, Outputs:0, VendorId:0x1414
[2019.04.21-17.17.03:329][  0]LogD3D11RHI: Chosen D3D11 Adapter: 0
[2019.04.21-17.17.03:374][  0]LogD3D11RHI: Creating new Direct3DDevice
[2019.04.21-17.17.03:374][  0]LogD3D11RHI:     GPU DeviceId: 0x13d8 (for the marketing name, search the web for "GPU Device Id")
[2019.04.21-17.17.03:374][  0]LogWindows: EnumDisplayDevices:
[2019.04.21-17.17.03:374][  0]LogWindows:    0. 'Intel(R) HD Graphics 530' (P:1 D:1)
[2019.04.21-17.17.03:375][  0]LogWindows:    1. 'Intel(R) HD Graphics 530' (P:0 D:0)
[2019.04.21-17.17.03:375][  0]LogWindows:    2. 'Intel(R) HD Graphics 530' (P:0 D:0)
[2019.04.21-17.17.03:375][  0]LogWindows: DebugString: PrimaryIsNotTheChoosenAdapter PrimaryIsNotTheChoosenAdapter PrimaryIsNotTheChoosenAdapter FoundDriverCount:0 
[2019.04.21-17.17.03:375][  0]LogD3D11RHI:     Adapter Name: NVIDIA GeForce GTX 970M
[2019.04.21-17.17.03:375][  0]LogD3D11RHI:   Driver Version: Unknown (internal:Unknown, unified:Unknown)
[2019.04.21-17.17.03:375][  0]LogD3D11RHI:      Driver Date: Unknown
[2019.04.21-17.17.03:375][  0]LogRHI: Texture pool is 2122 MB (70% of 3032 MB)
[2019.04.21-17.17.03:440][  0]LogD3D11RHI: Async texture creation enabled
[2019.04.21-17.17.03:460][  0]LogD3D11RHI: GPU Timing Frequency: 1000.000000 (Debug: 2 1)
[2019.04.21-17.17.04:186][  0]LogTemp: Display: Loaded TP AllDesktopTargetPlatform
[2019.04.21-17.17.04:204][  0]LogTemp: Display: Loaded TP MacClientTargetPlatform
[2019.04.21-17.17.04:222][  0]LogTemp: Display: Loaded TP MacNoEditorTargetPlatform
[2019.04.21-17.17.04:239][  0]LogTemp: Display: Loaded TP MacServerTargetPlatform
[2019.04.21-17.17.04:257][  0]LogTemp: Display: Loaded TP MacTargetPlatform
[2019.04.21-17.17.04:276][  0]LogTemp: Display: Loaded TP WindowsClientTargetPlatform
[2019.04.21-17.17.04:294][  0]LogTemp: Display: Loaded TP WindowsNoEditorTargetPlatform
[2019.04.21-17.17.04:318][  0]LogTemp: Display: Loaded TP WindowsServerTargetPlatform
[2019.04.21-17.17.04:327][  0]LogTemp: Display: Loaded TP WindowsTargetPlatform
[2019.04.21-17.17.04:430][  0]LogTemp: Display: Loaded TP AndroidTargetPlatform
[2019.04.21-17.17.04:430][  0]LogTemp: Display: Loaded TP AndroidTargetPlatform
[2019.04.21-17.17.04:430][  0]LogTemp: Display: Loaded TP AndroidTargetPlatform
[2019.04.21-17.17.04:430][  0]LogTemp: Display: Loaded TP AndroidTargetPlatform
[2019.04.21-17.17.04:430][  0]LogTemp: Display: Loaded TP AndroidTargetPlatform
[2019.04.21-17.17.04:430][  0]LogTemp: Display: Loaded TP AndroidTargetPlatform
[2019.04.21-17.17.04:430][  0]LogTemp: Display: Loaded TP AndroidTargetPlatform
[2019.04.21-17.17.04:430][  0]LogTemp: Display: Loaded TP AndroidTargetPlatform
[2019.04.21-17.17.04:430][  0]LogTemp: Display: Loaded TP AndroidTargetPlatform
[2019.04.21-17.17.04:430][  0]LogTemp: Display: Loaded TP AndroidTargetPlatform
[2019.04.21-17.17.04:430][  0]LogTemp: Display: Loaded TP AndroidTargetPlatform
[2019.04.21-17.17.04:430][  0]LogTemp: Display: Loaded TP AndroidTargetPlatform
[2019.04.21-17.17.04:430][  0]LogTemp: Display: Loaded TP AndroidTargetPlatform
[2019.04.21-17.17.04:430][  0]LogTemp: Display: Loaded TP AndroidTargetPlatform
[2019.04.21-17.17.04:430][  0]LogTemp: Display: Loaded TP AndroidTargetPlatform
[2019.04.21-17.17.04:430][  0]LogTemp: Display: Loaded TP AndroidTargetPlatform
[2019.04.21-17.17.04:430][  0]LogTemp: Display: Loaded TP AndroidTargetPlatform
[2019.04.21-17.17.04:430][  0]LogTemp: Display: Loaded TP AndroidTargetPlatform
[2019.04.21-17.17.04:433][  0]LogTemp: Display: Loaded TP HTML5TargetPlatform
[2019.04.21-17.17.04:502][  0]LogTemp: Display: Loaded TP IOSTargetPlatform
[2019.04.21-17.17.04:502][  0]LogTemp: Display: Loaded TP IOSTargetPlatform
[2019.04.21-17.17.04:533][  0]LogTemp: Display: Loaded TP TVOSTargetPlatform
[2019.04.21-17.17.04:533][  0]LogTemp: Display: Loaded TP TVOSTargetPlatform
[2019.04.21-17.17.04:550][  0]LogTemp: Display: Loaded TP LinuxClientTargetPlatform
[2019.04.21-17.17.04:567][  0]LogTemp: Display: Loaded TP LinuxNoEditorTargetPlatform
[2019.04.21-17.17.04:587][  0]LogTemp: Display: Loaded TP LinuxServerTargetPlatform
[2019.04.21-17.17.04:607][  0]LogTemp: Display: Loaded TP LinuxTargetPlatform
[2019.04.21-17.17.04:673][  0]LogTemp: Display: Loaded TP LuminTargetPlatform
[2019.04.21-17.17.04:673][  0]LogTemp: Display: Loaded TP LuminTargetPlatform
[2019.04.21-17.17.04:673][  0]LogTargetPlatformManager: Display: Building Assets For Windows
[2019.04.21-17.17.04:772][  0]LogShaderCompilers: Guid format shader working directory is -34 characters bigger than the processId version (../../../../../../GitHub/WIZARD_WARS_4000/Wizard_Wars/Intermediate/Shaders/WorkingDirectory/13252/).
[2019.04.21-17.17.04:773][  0]LogShaderCompilers: Cleaned the shader compiler working directory 'E:/Temp/UnrealShaderWorkingDir/57C830BB42CD296253B0B4AA3EF47B0E/'.
[2019.04.21-17.17.04:775][  0]LogXGEController: Cannot use XGE Controller as Incredibuild is not installed on this machine.
[2019.04.21-17.17.04:775][  0]LogShaderCompilers: Cannot use XGE Shader Compiler as Incredibuild is not installed on this machine.
[2019.04.21-17.17.04:775][  0]LogShaderCompilers: Display: Using Local Shader Compiler.
[2019.04.21-17.17.05:462][  0]LogDerivedDataCache: Display: Max Cache Size: 512 MB
[2019.04.21-17.17.05:532][  0]LogDerivedDataCache: Loaded boot cache 0.07s 71MB C:/Users/Shuxing Li/AppData/Local/UnrealEngine/4.21/DerivedDataCache/Boot.ddc.
[2019.04.21-17.17.05:532][  0]LogDerivedDataCache: Display: Loaded Boot cache: C:/Users/Shuxing Li/AppData/Local/UnrealEngine/4.21/DerivedDataCache/Boot.ddc
[2019.04.21-17.17.05:532][  0]LogDerivedDataCache: FDerivedDataBackendGraph:  Pak pak cache file ../../../../../../GitHub/WIZARD_WARS_4000/Wizard_Wars/DerivedDataCache/DDC.ddp not found, will not use a pak cache.
[2019.04.21-17.17.05:532][  0]LogDerivedDataCache: Unable to find inner node Pak for hierarchical cache Hierarchy.
[2019.04.21-17.17.05:532][  0]LogDerivedDataCache: FDerivedDataBackendGraph:  CompressedPak pak cache file ../../../../../../GitHub/WIZARD_WARS_4000/Wizard_Wars/DerivedDataCache/Compressed.ddp not found, will not use a pak cache.
[2019.04.21-17.17.05:532][  0]LogDerivedDataCache: Unable to find inner node CompressedPak for hierarchical cache Hierarchy.
[2019.04.21-17.17.05:550][  0]LogDerivedDataCache: Display: Pak cache opened for reading ../../../Engine/DerivedDataCache/Compressed.ddp.
[2019.04.21-17.17.05:550][  0]LogDerivedDataCache: FDerivedDataBackendGraph:  EnterprisePak pak cache file ../../../Enterprise/DerivedDataCache/Compressed.ddp not found, will not use a pak cache.
[2019.04.21-17.17.05:550][  0]LogDerivedDataCache: Unable to find inner node EnterprisePak for hierarchical cache Hierarchy.
[2019.04.21-17.17.05:564][  0]LogDerivedDataCache: Using Local data cache path C:/Users/Shuxing Li/AppData/Local/UnrealEngine/Common/DerivedDataCache: Writable
[2019.04.21-17.17.05:564][  0]LogDerivedDataCache: Shared data cache path not found in *engine.ini, will not use an Shared cache.
[2019.04.21-17.17.05:564][  0]LogDerivedDataCache: Unable to find inner node Shared for hierarchical cache Hierarchy.
[2019.04.21-17.17.05:593][  0]LogMaterial: Verifying Global Shaders for PCD3D_SM5
[2019.04.21-17.17.05:594][  0]LogSlate: Using FreeType 2.6.0
[2019.04.21-17.17.05:595][  0]LogSlate: SlateFontServices - WITH_FREETYPE: 1, WITH_HARFBUZZ: 1
[2019.04.21-17.17.05:720][  0]LogAssetRegistry: FAssetRegistry took 0.0353 seconds to start up
[2019.04.21-17.17.06:218][  0]LogInit: Selected Device Profile: [Windows]
[2019.04.21-17.17.06:326][  0]LogSimplygon: Simplygon DLL not present - disabling.
[2019.04.21-17.17.06:333][  0]LogMeshReduction: Using SimplygonSwarm for distributed automatic mesh merging
[2019.04.21-17.17.06:333][  0]LogMeshReduction: Using ProxyLODMeshReduction for automatic mesh merging
[2019.04.21-17.17.06:333][  0]LogMeshReduction: Using QuadricMeshReduction for automatic static mesh reduction
[2019.04.21-17.17.06:333][  0]LogMeshReduction: No automatic skeletal mesh reduction module available
[2019.04.21-17.17.06:459][  0]LogNetVersion: Wizard_Wars 1.0.0, NetCL: 4541578, EngineNetVer: 5, GameNetVer: 0 (Checksum: 1501833635)
[2019.04.21-17.17.07:420][  0]LogPackageLocalizationCache: Processed 11 localized package path(s) for 4 prioritized culture(s) in 0.255651 seconds
[2019.04.21-17.17.07:428][  0]LogUObjectArray: 39775 objects as part of root set at end of initial load.
[2019.04.21-17.17.07:428][  0]LogUObjectAllocator: 6914664 out of 0 bytes used by permanent object pool.
[2019.04.21-17.17.07:428][  0]LogUObjectArray: CloseDisregardForGC: 0/0 objects in disregard for GC pool
[2019.04.21-17.17.08:875][  0]LogTcpMessaging: Initializing TcpMessaging bridge
[2019.04.21-17.17.08:890][  0]LogUdpMessaging: Initializing bridge on interface 0.0.0.0:0 to multicast group 230.0.0.1:6666.
[2019.04.21-17.17.10:131][  0]SourceControl: 源码管理已禁用
[2019.04.21-17.17.14:406][  0]LogAndroidPermission: UAndroidPermissionCallbackProxy::GetInstance
[2019.04.21-17.17.14:522][  0]LogOcInput: OculusInput pre-init called
[2019.04.21-17.17.14:686][  0]LogEngine: Initializing Engine...
[2019.04.21-17.17.14:688][  0]LogHMD: Failed to initialize OpenVR with code 110
[2019.04.21-17.17.14:690][  0]LogStats: UGameplayTagsManager::ConstructGameplayTagTree: ImportINI prefixes -  0.000 s
[2019.04.21-17.17.14:690][  0]LogStats: UGameplayTagsManager::ConstructGameplayTagTree: Construct from data asset -  0.000 s
[2019.04.21-17.17.14:691][  0]LogStats: UGameplayTagsManager::ConstructGameplayTagTree: ImportINI -  0.001 s
[2019.04.21-17.17.14:691][  0]LogStats: UGameplayTagsManager::ConstructGameplayTagTree: GameplayTagTreeChangedEvent.Broadcast -  0.000 s
[2019.04.21-17.17.15:035][  0]LogInit: Initializing FReadOnlyCVARCache
[2019.04.21-17.17.15:055][  0]LogAIModule: Creating AISystem for world Untitled
[2019.04.21-17.17.15:080][  0]LogInit: XAudio2 using '扬声器 (Realtek High Definition Audio)' : 2 channels at 48 kHz using 32 bits per sample (channel mask 0x3)
[2019.04.21-17.17.15:186][  0]LogInit: FAudioDevice initialized.
[2019.04.21-17.17.15:187][  0]LogNetVersion: Set ProjectVersion to 1.0.0.0. Version Checksum will be recalculated on next use.
[2019.04.21-17.17.15:595][  0]LogDerivedDataCache: Saved boot cache 0.41s 71MB C:/Users/Shuxing Li/AppData/Local/UnrealEngine/4.21/DerivedDataCache/Boot.ddc.
[2019.04.21-17.17.15:605][  0]LogInit: Texture streaming: Enabled
[2019.04.21-17.17.15:626][  0]LogEngineSessionManager: EngineSessionManager initialized
[2019.04.21-17.17.15:644][  0]LogInit: Transaction tracking system initialized
[2019.04.21-17.17.15:677][  0]BlueprintLog: New page: 编辑器加载
[2019.04.21-17.17.15:780][  0]LocalizationService: 本地化服务已禁用
[2019.04.21-17.17.16:908][  0]LogCook: Display: Max memory allowance for cook 16384mb min free memory 0mb
[2019.04.21-17.17.16:908][  0]LogCook: Display: Mobile HDR setting 1
[2019.04.21-17.17.16:908][  0]LogGameplayTags: Display: UGameplayTagsManager::DoneAddingNativeTags. DelegateIsBound: 0
[2019.04.21-17.17.16:908][  0]LogStats: UGameplayTagsManager::ConstructGameplayTagTree: ImportINI prefixes -  0.000 s
[2019.04.21-17.17.16:908][  0]LogStats: UGameplayTagsManager::ConstructGameplayTagTree: Construct from data asset -  0.000 s
[2019.04.21-17.17.16:909][  0]LogStats: UGameplayTagsManager::ConstructGameplayTagTree: ImportINI -  0.000 s
[2019.04.21-17.17.16:909][  0]LogStats: UGameplayTagsManager::ConstructGameplayTagTree: GameplayTagTreeChangedEvent.Broadcast -  0.000 s
[2019.04.21-17.17.17:114][  0]LogFileCache: Scanning file cache for directory 'D:/GitHub/WIZARD_WARS_4000/Wizard_Wars/Content/' took 0.11s
[2019.04.21-17.17.17:114][  0]Cmd: MAP LOAD FILE="../../../../../../GitHub/WIZARD_WARS_4000/Wizard_Wars/Content/ThirdPersonBP/Maps/ThirdPersonExampleMap.umap" TEMPLATE=0 SHOWPROGRESS=1 FEATURELEVEL=3
[2019.04.21-17.17.17:115][  0]LightingResults: New page: 光照构建
[2019.04.21-17.17.17:118][  0]MapCheck: New page: 地图检测
[2019.04.21-17.17.17:118][  0]LightingResults: New page: 光照构建
[2019.04.21-17.18.10:779][  0]LogAIModule: Creating AISystem for world ThirdPersonExampleMap
[2019.04.21-17.18.10:806][  0]LogEditorServer: Finished looking for orphan Actors (0.001 secs)
[2019.04.21-17.18.10:847][  0]Cmd: MAP CHECKDEP NOCLEARLOG
[2019.04.21-17.18.10:848][  0]MapCheck: 地图检测完成：0个错误，0 个警告，用时0.387毫秒完成。
[2019.04.21-17.18.10:848][  0]LogFileHelpers: Loading map 'ThirdPersonExampleMap' took 53.734
[2019.04.21-17.18.12:167][  0]LogSlate: Updating window title bar state: overlay mode, drag disabled, window buttons hidden, title bar hidden
[2019.04.21-17.18.12:294][  0]LogSlate: Updating window title bar state: overlay mode, drag disabled, window buttons hidden, title bar hidden
[2019.04.21-17.18.12:308][  0]LogSlate: Updating window title bar state: overlay mode, drag disabled, window buttons hidden, title bar hidden
[2019.04.21-17.18.12:321][  0]LogSlate: Updating window title bar state: overlay mode, drag disabled, window buttons hidden, title bar hidden
[2019.04.21-17.18.12:476][  0]LogCollectionManager: Loaded 0 collections in 0.001943 seconds
[2019.04.21-17.18.12:826][  0]LogFileCache: Scanning file cache for directory 'D:/GitHub/WIZARD_WARS_4000/Wizard_Wars/Saved/Collections/' took 0.01s
[2019.04.21-17.18.12:826][  0]LogFileCache: Scanning file cache for directory 'D:/GitHub/WIZARD_WARS_4000/Wizard_Wars/Content/Developers/ShuxingLi/Collections/' took 0.01s
[2019.04.21-17.18.12:826][  0]LogFileCache: Scanning file cache for directory 'D:/GitHub/WIZARD_WARS_4000/Wizard_Wars/Content/Collections/' took 0.01s
[2019.04.21-17.18.12:826][  0]LogCollectionManager: Rebuilt the GUID cache for 0 collections in 0.000001 seconds
[2019.04.21-17.18.12:846][  0]LogContentBrowser: Native class hierarchy populated in 0.0195 seconds. Added 2651 classes and 620 folders.
[2019.04.21-17.18.13:030][  0]LogContentBrowser: Native class hierarchy updated for 'WidgetCarousel' in 0.0013 seconds. Added 0 classes and 0 folders.
[2019.04.21-17.18.13:491][  0]LogPakFile: Registered encryption key '00000000000000000000000000000000': 0 pak files mounted, 0 remain pending
[2019.04.21-17.18.13:725][  0]LogPakFile: Registered encryption key '00000000000000000000000000000000': 0 pak files mounted, 0 remain pending
[2019.04.21-17.18.13:737][  0]LogPakFile: Registered encryption key '00000000000000000000000000000000': 0 pak files mounted, 0 remain pending
[2019.04.21-17.18.13:841][  0]LogPakFile: Registered encryption key '00000000000000000000000000000000': 0 pak files mounted, 0 remain pending
[2019.04.21-17.18.14:022][  0]LogPakFile: Registered encryption key '00000000000000000000000000000000': 0 pak files mounted, 0 remain pending
[2019.04.21-17.18.14:086][  0]LogPakFile: Registered encryption key '00000000000000000000000000000000': 0 pak files mounted, 0 remain pending
[2019.04.21-17.18.14:156][  0]LogPakFile: Registered encryption key '00000000000000000000000000000000': 0 pak files mounted, 0 remain pending
[2019.04.21-17.18.14:187][  0]LogPakFile: Registered encryption key '00000000000000000000000000000000': 0 pak files mounted, 0 remain pending
[2019.04.21-17.18.14:189][  0]LogPakFile: Registered encryption key '00000000000000000000000000000000': 0 pak files mounted, 0 remain pending
[2019.04.21-17.18.14:200][  0]LogPakFile: Registered encryption key '00000000000000000000000000000000': 0 pak files mounted, 0 remain pending
[2019.04.21-17.18.14:216][  0]LogPakFile: Registered encryption key '00000000000000000000000000000000': 0 pak files mounted, 0 remain pending
[2019.04.21-17.18.14:260][  0]LogPakFile: Registered encryption key '00000000000000000000000000000000': 0 pak files mounted, 0 remain pending
[2019.04.21-17.18.14:263][  0]LogPakFile: Registered encryption key '00000000000000000000000000000000': 0 pak files mounted, 0 remain pending
[2019.04.21-17.18.14:276][  0]LogPakFile: Registered encryption key '00000000000000000000000000000000': 0 pak files mounted, 0 remain pending
[2019.04.21-17.18.14:287][  0]LogPakFile: Registered encryption key '00000000000000000000000000000000': 0 pak files mounted, 0 remain pending
[2019.04.21-17.18.14:296][  0]LogPakFile: Registered encryption key '00000000000000000000000000000000': 0 pak files mounted, 0 remain pending
[2019.04.21-17.18.14:298][  0]LogPakFile: Registered encryption key '00000000000000000000000000000000': 0 pak files mounted, 0 remain pending
[2019.04.21-17.18.14:313][  0]LogPakFile: Registered encryption key '00000000000000000000000000000000': 0 pak files mounted, 0 remain pending
[2019.04.21-17.18.14:327][  0]LogPakFile: Registered encryption key '00000000000000000000000000000000': 0 pak files mounted, 0 remain pending
[2019.04.21-17.18.14:336][  0]LogPakFile: Registered encryption key '00000000000000000000000000000000': 0 pak files mounted, 0 remain pending
[2019.04.21-17.18.14:347][  0]LogPakFile: Registered encryption key '00000000000000000000000000000000': 0 pak files mounted, 0 remain pending
[2019.04.21-17.18.14:351][  0]LogPakFile: Registered encryption key '00000000000000000000000000000000': 0 pak files mounted, 0 remain pending
[2019.04.21-17.18.14:353][  0]LogPakFile: Registered encryption key '00000000000000000000000000000000': 0 pak files mounted, 0 remain pending
[2019.04.21-17.18.14:367][  0]LogPakFile: Registered encryption key '00000000000000000000000000000000': 0 pak files mounted, 0 remain pending
[2019.04.21-17.18.14:379][  0]LogPakFile: Registered encryption key '00000000000000000000000000000000': 0 pak files mounted, 0 remain pending
[2019.04.21-17.18.14:382][  0]LogPakFile: Registered encryption key '00000000000000000000000000000000': 0 pak files mounted, 0 remain pending
[2019.04.21-17.18.18:532][  0]LogContentBrowser: Native class hierarchy updated for 'AddContentDialog' in 0.0005 seconds. Added 0 classes and 0 folders.
[2019.04.21-17.18.18:644][  0]LogContentBrowser: Native class hierarchy updated for 'SceneOutliner' in 0.0007 seconds. Added 1 classes and 2 folders.
[2019.04.21-17.18.19:171][  0]LogSlate: Took 0.000681 seconds to synchronously load lazily loaded font '../../../Engine/Content/Slate/Fonts/Roboto-Regular.ttf' (155K)
[2019.04.21-17.18.19:176][  0]LogSlate: Took 0.003231 seconds to synchronously load lazily loaded font '../../../Engine/Content/Slate/Fonts/DroidSansFallback.ttf' (3848K)
[2019.04.21-17.18.19:178][  0]LogSlate: Took 0.000590 seconds to synchronously load lazily loaded font '../../../Engine/Content/Slate/Fonts/Roboto-Bold.ttf' (160K)
[2019.04.21-17.18.19:240][  0]LogSlate: Took 0.034853 seconds to synchronously load lazily loaded font '../../../Engine/Content/Editor/Slate/Fonts/FontAwesome.ttf' (139K)
[2019.04.21-17.18.19:960][  0]LogRenderer: Reallocating scene render targets to support 1192x668 Format 10 NumSamples 1 (Frame:1).
[2019.04.21-17.18.20:392][  0]LogContentBrowser: Native class hierarchy updated for 'HierarchicalLODOutliner' in 0.0006 seconds. Added 0 classes and 0 folders.
[2019.04.21-17.18.20:394][  0]LogLoad: (Engine Initialization) Total time: 82.18 seconds
[2019.04.21-17.18.20:394][  0]LogLoad: (Engine Initialization) Total Blueprint compile time: 0.00 seconds
[2019.04.21-17.18.20:637][  0]LogContentStreaming: Texture pool size now 1000 MB
[2019.04.21-17.18.22:065][  9]LogSlate: Took 0.029514 seconds to synchronously load lazily loaded font '../../../Engine/Content/Slate/Fonts/Roboto-Light.ttf' (167K)
[2019.04.21-17.18.22:210][ 10]LogAssetRegistry: Asset discovery search completed in 76.5124 seconds
[2019.04.21-17.18.22:216][ 10]LogCollectionManager: Rebuilt the object cache for 0 collections in 0.000000 seconds (found 0 objects)
[2019.04.21-17.18.22:216][ 10]LogCollectionManager: Fixed up redirectors for 0 collections in 0.000158 seconds (updated 0 objects)
[2019.04.21-17.18.26:145][ 22]LogFileCache: Retrieving MD5 hashes for directory 'D:/GitHub/WIZARD_WARS_4000/Wizard_Wars/Content/' took 5.71s
[2019.04.21-17.18.54:715][155]LogSlate: FSceneViewport::OnFocusLost() reason 0
[2019.04.21-17.18.54:830][162]LogTemp: Repeating last play command: 选中的视口
[2019.04.21-17.18.54:849][162]LogBlueprintUserMessages: Early PlayInEditor Detection: Level '/Game/ThirdPersonBP/Maps/ThirdPersonExampleMap.ThirdPersonExampleMap:PersistentLevel' has LevelScriptBlueprint '/Game/ThirdPersonBP/Maps/ThirdPersonExampleMap.ThirdPersonExampleMap:PersistentLevel.ThirdPersonExampleMap' with GeneratedClass '/Game/ThirdPersonBP/Maps/ThirdPersonExampleMap.ThirdPersonExampleMap_C' with ClassGeneratedBy '/Game/ThirdPersonBP/Maps/ThirdPersonExampleMap.ThirdPersonExampleMap:PersistentLevel.ThirdPersonExampleMap'
[2019.04.21-17.18.54:849][162]LogPlayLevel: PlayLevel: No blueprints needed recompiling
[2019.04.21-17.18.54:890][162]PIE: New page: PIE会话: ThirdPersonExampleMap (2019年4月21日 上午9:18:54)
[2019.04.21-17.18.54:904][162]LogPlayLevel: Creating play world package: /Game/ThirdPersonBP/Maps/UEDPIE_0_ThirdPersonExampleMap
[2019.04.21-17.18.54:942][162]LogPlayLevel: PIE: StaticDuplicateObject took: (0.037748s)
[2019.04.21-17.18.54:944][162]LogAIModule: Creating AISystem for world ThirdPersonExampleMap
[2019.04.21-17.18.54:944][162]LogPlayLevel: PIE: World Init took: (0.001543s)
[2019.04.21-17.18.54:944][162]LogPlayLevel: PIE: Created PIE world by copying editor world from /Game/ThirdPersonBP/Maps/ThirdPersonExampleMap.ThirdPersonExampleMap to /Game/ThirdPersonBP/Maps/UEDPIE_0_ThirdPersonExampleMap.ThirdPersonExampleMap (0.040200s)
[2019.04.21-17.18.54:984][162]LogInit: XAudio2 using '扬声器 (Realtek High Definition Audio)' : 2 channels at 48 kHz using 32 bits per sample (channel mask 0x3)
[2019.04.21-17.18.55:107][162]LogInit: FAudioDevice initialized.
[2019.04.21-17.18.55:205][162]LogLoad: Game class is 'ThirdPersonGameMode_C'
[2019.04.21-17.18.55:210][162]LogWorld: Bringing World /Game/ThirdPersonBP/Maps/UEDPIE_0_ThirdPersonExampleMap.ThirdPersonExampleMap up for play (max tick rate 60) at 2019.04.21-13.18.55
[2019.04.21-17.18.55:210][162]LogWorld: Bringing up level for play took: 0.003957
[2019.04.21-17.18.55:269][162]LogContentBrowser: Native class hierarchy updated for 'MovieSceneCapture' in 0.0004 seconds. Added 20 classes and 0 folders.
[2019.04.21-17.18.55:327][162]LogBlueprintUserMessages: [ThirdPersonGameMode_C_0] Begin Player Spawn
[2019.04.21-17.18.55:327][162]LogPlayerManagement: Error: Failed to Create Player: A local player already exists for controller ID 0,
[2019.04.21-17.18.55:486][162]LogSlate: New Slate User Created.  User Index 1, Is Virtual User: 0
[2019.04.21-17.18.55:486][162]LogSlate: Slate User Registered.  User Index 1, Is Virtual User: 0
[2019.04.21-17.18.55:491][162]PIE: /Game/ThirdPersonBP/Maps/UEDPIE_0_ThirdPersonExampleMap的‘在编辑器中播放’的起始时间1.547
[2019.04.21-17.18.55:491][162]LogBlueprintUserMessages: Late PlayInEditor Detection: Level '/Game/ThirdPersonBP/Maps/ThirdPersonExampleMap.ThirdPersonExampleMap:PersistentLevel' has LevelScriptBlueprint '/Game/ThirdPersonBP/Maps/ThirdPersonExampleMap.ThirdPersonExampleMap:PersistentLevel.ThirdPersonExampleMap' with GeneratedClass '/Game/ThirdPersonBP/Maps/ThirdPersonExampleMap.ThirdPersonExampleMap_C' with ClassGeneratedBy '/Game/ThirdPersonBP/Maps/ThirdPersonExampleMap.ThirdPersonExampleMap:PersistentLevel.ThirdPersonExampleMap'
[2019.04.21-17.18.57:787][289]LogPlayerController: Error: InputMode:UIOnly - Attempting to focus Non-Focusable widget SObjectWidget [Widget.cpp(710)]!
[2019.04.21-17.19.01:276][498]LogSlate: FSceneViewport::OnFocusLost() reason 2
[2019.04.21-17.19.02:216][551]LogBlueprintUserMessages: [BP_Spawner5] Item already spawned
[2019.04.21-17.19.02:216][551]LogBlueprintUserMessages: [BP_Spawner_2] Item already spawned
[2019.04.21-17.19.02:216][551]LogBlueprintUserMessages: [BP_Spawner4] Item already spawned
[2019.04.21-17.19.02:216][551]LogBlueprintUserMessages: [BP_Spawner3] Item already spawned
[2019.04.21-17.19.02:216][551]LogBlueprintUserMessages: [BP_Spawner2] Item already spawned
[2019.04.21-17.19.07:219][851]LogBlueprintUserMessages: [BP_Spawner2] Item already spawned
[2019.04.21-17.19.07:219][851]LogBlueprintUserMessages: [BP_Spawner3] Item already spawned
[2019.04.21-17.19.07:219][851]LogBlueprintUserMessages: [BP_Spawner4] Item already spawned
[2019.04.21-17.19.07:219][851]LogBlueprintUserMessages: [BP_Spawner_2] Item already spawned
[2019.04.21-17.19.07:219][851]LogBlueprintUserMessages: [BP_Spawner5] Item already spawned
[2019.04.21-17.19.08:202][910]LogBlueprintUserMessages: [BP_Spawner2] Item already spawned
[2019.04.21-17.19.08:202][910]LogBlueprintUserMessages: [BP_Spawner4] Item already spawned
[2019.04.21-17.19.08:202][910]LogBlueprintUserMessages: [BP_Spawner_2] Item already spawned
[2019.04.21-17.19.08:202][910]LogBlueprintUserMessages: [BP_Spawner3] Item already spawned
[2019.04.21-17.19.08:202][910]LogBlueprintUserMessages: [BP_Spawner5] Item already spawned
[2019.04.21-17.19.13:216][208]LogBlueprintUserMessages: [BP_Spawner_2] Item already spawned
[2019.04.21-17.19.13:216][208]LogBlueprintUserMessages: [BP_Spawner5] Item already spawned
[2019.04.21-17.19.13:216][208]LogBlueprintUserMessages: [BP_Spawner4] Item already spawned
[2019.04.21-17.19.13:216][208]LogBlueprintUserMessages: [BP_Spawner2] Item already spawned
[2019.04.21-17.19.13:216][208]LogBlueprintUserMessages: [BP_Spawner3] Item already spawned
[2019.04.21-17.19.13:299][213]LogBlueprintUserMessages: [Pirate_C_0] 1
[2019.04.21-17.19.14:203][264]LogBlueprintUserMessages: [BP_Spawner5] Item already spawned
[2019.04.21-17.19.14:203][264]LogBlueprintUserMessages: [BP_Spawner_2] Item already spawned
[2019.04.21-17.19.14:203][264]LogBlueprintUserMessages: [BP_Spawner4] Item already spawned
[2019.04.21-17.19.14:203][264]LogBlueprintUserMessages: [BP_Spawner2] Item already spawned
[2019.04.21-17.19.14:203][264]LogBlueprintUserMessages: [BP_Spawner3] Item already spawned
[2019.04.21-17.19.19:210][563]LogBlueprintUserMessages: [BP_Spawner5] Item already spawned
[2019.04.21-17.19.19:211][563]LogBlueprintUserMessages: [BP_Spawner2] Item already spawned
[2019.04.21-17.19.19:211][563]LogBlueprintUserMessages: [BP_Spawner_2] Item already spawned
[2019.04.21-17.19.19:211][563]LogBlueprintUserMessages: [BP_Spawner4] Item already spawned
[2019.04.21-17.19.19:211][563]LogBlueprintUserMessages: [BP_Spawner3] Item already spawned
[2019.04.21-17.19.20:214][623]LogBlueprintUserMessages: [BP_Spawner4] Item already spawned
[2019.04.21-17.19.20:215][623]LogBlueprintUserMessages: [BP_Spawner5] Item already spawned
[2019.04.21-17.19.20:215][623]LogBlueprintUserMessages: [BP_Spawner_2] Item already spawned
[2019.04.21-17.19.20:215][623]LogBlueprintUserMessages: [BP_Spawner3] Item already spawned
[2019.04.21-17.19.20:215][623]LogBlueprintUserMessages: [BP_Spawner2] Item already spawned
[2019.04.21-17.19.25:217][914]LogBlueprintUserMessages: [BP_Spawner5] Item already spawned
[2019.04.21-17.19.25:217][914]LogBlueprintUserMessages: [BP_Spawner3] Item already spawned
[2019.04.21-17.19.25:217][914]LogBlueprintUserMessages: [BP_Spawner4] Item already spawned
[2019.04.21-17.19.25:217][914]LogBlueprintUserMessages: [BP_Spawner_2] Item already spawned
[2019.04.21-17.19.25:217][914]LogBlueprintUserMessages: [BP_Spawner2] Item already spawned
[2019.04.21-17.19.26:215][974]LogBlueprintUserMessages: [BP_Spawner4] Item already spawned
[2019.04.21-17.19.26:215][974]LogBlueprintUserMessages: [BP_Spawner3] Item already spawned
[2019.04.21-17.19.26:215][974]LogBlueprintUserMessages: [BP_Spawner_2] Item already spawned
[2019.04.21-17.19.26:215][974]LogBlueprintUserMessages: [BP_Spawner2] Item already spawned
[2019.04.21-17.19.26:215][974]LogBlueprintUserMessages: [BP_Spawner5] Item already spawned
[2019.04.21-17.19.30:667][240]LogBlueprintUserMessages: [Pirate_C_0] 2
[2019.04.21-17.19.31:218][273]LogBlueprintUserMessages: [BP_Spawner5] Item already spawned
[2019.04.21-17.19.31:218][273]LogBlueprintUserMessages: [BP_Spawner_2] Item already spawned
[2019.04.21-17.19.31:218][273]LogBlueprintUserMessages: [BP_Spawner2] Item already spawned
[2019.04.21-17.19.31:218][273]LogBlueprintUserMessages: [BP_Spawner4] Item already spawned
[2019.04.21-17.19.31:218][273]LogBlueprintUserMessages: [BP_Spawner3] Item already spawned
[2019.04.21-17.19.32:201][330]LogBlueprintUserMessages: [BP_Spawner3] Item already spawned
[2019.04.21-17.19.32:201][330]LogBlueprintUserMessages: [BP_Spawner5] Item already spawned
[2019.04.21-17.19.32:201][330]LogBlueprintUserMessages: [BP_Spawner_2] Item already spawned
[2019.04.21-17.19.32:201][330]LogBlueprintUserMessages: [BP_Spawner4] Item already spawned
[2019.04.21-17.19.32:201][330]LogBlueprintUserMessages: [BP_Spawner2] Item already spawned
[2019.04.21-17.19.33:200][390]LogBlueprintUserMessages: [Pirate_C_0] 3
[2019.04.21-17.19.37:210][630]LogBlueprintUserMessages: [BP_Spawner2] Item already spawned
[2019.04.21-17.19.37:210][630]LogBlueprintUserMessages: [BP_Spawner3] Item already spawned
[2019.04.21-17.19.37:210][630]LogBlueprintUserMessages: [BP_Spawner5] Item already spawned
[2019.04.21-17.19.37:210][630]LogBlueprintUserMessages: [BP_Spawner4] Item already spawned
[2019.04.21-17.19.37:210][630]LogBlueprintUserMessages: [BP_Spawner_2] Item already spawned
[2019.04.21-17.19.38:210][690]LogBlueprintUserMessages: [BP_Spawner2] Item already spawned
[2019.04.21-17.19.38:210][690]LogBlueprintUserMessages: [BP_Spawner_2] Item already spawned
[2019.04.21-17.19.38:210][690]LogBlueprintUserMessages: [BP_Spawner3] Item already spawned
[2019.04.21-17.19.38:210][690]LogBlueprintUserMessages: [BP_Spawner4] Item already spawned
[2019.04.21-17.19.38:210][690]LogBlueprintUserMessages: [BP_Spawner5] Item already spawned
[2019.04.21-17.19.43:211][990]LogBlueprintUserMessages: [BP_Spawner3] Item already spawned
[2019.04.21-17.19.43:211][990]LogBlueprintUserMessages: [BP_Spawner5] Item already spawned
[2019.04.21-17.19.43:211][990]LogBlueprintUserMessages: [BP_Spawner_2] Item already spawned
[2019.04.21-17.19.43:211][990]LogBlueprintUserMessages: [BP_Spawner2] Item already spawned
[2019.04.21-17.19.43:211][990]LogBlueprintUserMessages: [BP_Spawner4] Item already spawned
[2019.04.21-17.19.44:210][ 50]LogBlueprintUserMessages: [BP_Spawner_2] Item already spawned
[2019.04.21-17.19.44:210][ 50]LogBlueprintUserMessages: [BP_Spawner2] Item already spawned
[2019.04.21-17.19.44:211][ 50]LogBlueprintUserMessages: [BP_Spawner4] Item already spawned
[2019.04.21-17.19.44:211][ 50]LogBlueprintUserMessages: [BP_Spawner3] Item already spawned
[2019.04.21-17.19.44:211][ 50]LogBlueprintUserMessages: [BP_Spawner5] Item already spawned
[2019.04.21-17.19.49:212][350]LogBlueprintUserMessages: [BP_Spawner4] Item already spawned
[2019.04.21-17.19.49:212][350]LogBlueprintUserMessages: [BP_Spawner5] Item already spawned
[2019.04.21-17.19.49:212][350]LogBlueprintUserMessages: [BP_Spawner_2] Item already spawned
[2019.04.21-17.19.49:212][350]LogBlueprintUserMessages: [BP_Spawner2] Item already spawned
[2019.04.21-17.19.49:212][350]LogBlueprintUserMessages: [BP_Spawner3] Item already spawned
[2019.04.21-17.19.50:214][410]LogBlueprintUserMessages: [BP_Spawner5] Item already spawned
[2019.04.21-17.19.50:215][410]LogBlueprintUserMessages: [BP_Spawner2] Item already spawned
[2019.04.21-17.19.50:215][410]LogBlueprintUserMessages: [BP_Spawner3] Item already spawned
[2019.04.21-17.19.50:215][410]LogBlueprintUserMessages: [BP_Spawner_2] Item already spawned
[2019.04.21-17.19.50:215][410]LogBlueprintUserMessages: [BP_Spawner4] Item already spawned
[2019.04.21-17.19.55:218][710]LogBlueprintUserMessages: [BP_Spawner4] Item already spawned
[2019.04.21-17.19.55:218][710]LogBlueprintUserMessages: [BP_Spawner5] Item already spawned
[2019.04.21-17.19.55:218][710]LogBlueprintUserMessages: [BP_Spawner2] Item already spawned
[2019.04.21-17.19.55:218][710]LogBlueprintUserMessages: [BP_Spawner3] Item already spawned
[2019.04.21-17.19.55:218][710]LogBlueprintUserMessages: [BP_Spawner_2] Item already spawned
[2019.04.21-17.19.56:217][767]LogBlueprintUserMessages: [BP_Spawner5] Item already spawned
[2019.04.21-17.19.56:217][767]LogBlueprintUserMessages: [BP_Spawner3] Item already spawned
[2019.04.21-17.19.56:217][767]LogBlueprintUserMessages: [BP_Spawner_2] Item already spawned
[2019.04.21-17.19.56:217][767]LogBlueprintUserMessages: [BP_Spawner4] Item already spawned
[2019.04.21-17.19.56:217][767]LogBlueprintUserMessages: [BP_Spawner2] Item already spawned
[2019.04.21-17.20.00:036][996]LogBlueprintUserMessages: Early EndPlayMap Detection: Level '/Game/ThirdPersonBP/Maps/ThirdPersonExampleMap.ThirdPersonExampleMap:PersistentLevel' has LevelScriptBlueprint '/Game/ThirdPersonBP/Maps/ThirdPersonExampleMap.ThirdPersonExampleMap:PersistentLevel.ThirdPersonExampleMap' with GeneratedClass '/Game/ThirdPersonBP/Maps/ThirdPersonExampleMap.ThirdPersonExampleMap_C' with ClassGeneratedBy '/Game/ThirdPersonBP/Maps/ThirdPersonExampleMap.ThirdPersonExampleMap:PersistentLevel.ThirdPersonExampleMap'
[2019.04.21-17.20.00:039][996]LogSlate: Updating window title bar state: overlay mode, drag disabled, window buttons hidden, title bar hidden
[2019.04.21-17.20.00:077][996]LogPlayLevel: Display: Shutting down PIE online subsystems
[2019.04.21-17.20.00:077][996]LogBlueprintUserMessages: Late EndPlayMap Detection: Level '/Game/ThirdPersonBP/Maps/ThirdPersonExampleMap.ThirdPersonExampleMap:PersistentLevel' has LevelScriptBlueprint '/Game/ThirdPersonBP/Maps/ThirdPersonExampleMap.ThirdPersonExampleMap:PersistentLevel.ThirdPersonExampleMap' with GeneratedClass '/Game/ThirdPersonBP/Maps/ThirdPersonExampleMap.ThirdPersonExampleMap_C' with ClassGeneratedBy '/Game/ThirdPersonBP/Maps/ThirdPersonExampleMap.ThirdPersonExampleMap:PersistentLevel.ThirdPersonExampleMap'
[2019.04.21-17.20.00:108][996]LogSlate: Updating window title bar state: overlay mode, drag disabled, window buttons hidden, title bar hidden
[2019.04.21-17.20.00:135][997]LogPlayLevel: Display: Destroying online subsystem :Context_1
[2019.04.21-17.20.25:767][511]LogSlate: Took 0.000423 seconds to synchronously load lazily loaded font '../../../Engine/Content/Slate/Fonts/Roboto-Light.ttf' (167K)
[2019.04.21-17.20.25:836][511]LogAssetEditorManager: Opening Asset editor for WidgetBlueprint /Game/ThirdPersonBP/Blueprints/RPGHUD.RPGHUD
[2019.04.21-17.20.26:985][511]LogContentBrowser: Native class hierarchy updated for 'BlueprintGraph' in 0.0007 seconds. Added 117 classes and 0 folders.
[2019.04.21-17.20.29:447][511]LogSlate: Took 0.029024 seconds to synchronously load lazily loaded font '../../../Engine/Content/Slate/Fonts/Roboto-BoldCondensed.ttf' (158K)
[2019.04.21-17.20.39:326][914]LogUObjectHash: Warning: Ambiguous search, could be VerticalBox /Game/ThirdPersonBP/Blueprints/RPGHUD.RPGHUD:WidgetTree.VerticalBox_0 or VerticalBox /Game/ThirdPersonBP/Blueprints/RPGHUD.RPGHUD_C:WidgetTree.VerticalBox_0
[2019.04.21-17.20.39:326][914]LogUObjectHash: Warning: Ambiguous search, could be VerticalBox /Game/ThirdPersonBP/Blueprints/RPGHUD.RPGHUD:WidgetTree.VerticalBox_0 or VerticalBox /Engine/Transient.World_4:RPGHUD_C_0.WidgetTree_0.VerticalBox_0
[2019.04.21-17.20.39:326][914]LogUObjectHash: Warning: Ambiguous search, could be VerticalBox /Game/ThirdPersonBP/Blueprints/RPGHUD.RPGHUD:WidgetTree.VerticalBox_0 or VerticalBox /Engine/Transient.World_4:RPGHUD_C_1.WidgetTree_0.VerticalBox_0
[2019.04.21-17.20.39:326][914]LogProperty: Warning: Illegal TEXT reference to a private object in external package (VerticalBoxSlot /Game/ThirdPersonBP/Blueprints/RPGHUD.RPGHUD:WidgetTree.VerticalBox_0.VerticalBoxSlot_0) from referencer (TextBlock /Engine/UMG/Editor/Transient.TextBlock_0).  Import failed...
[2019.04.21-17.20.39:326][914]LogProperty: Warning: ObjectProperty /Script/UMG.Widget:Slot: unresolved reference to 'VerticalBoxSlot'"VerticalBox_0.VerticalBoxSlot_0"''
[2019.04.21-17.20.39:967][923]SourceControl: fatal: D:/Program Files/Epic Games/UE_4.21/Engine/Content/UMG/Editor: 'D:/Program Files/Epic Games/UE_4.21/Engine/Content/UMG/Editor' is outside repository
[2019.04.21-17.21.48:760][321]LogSelectionDetails: Warning: NavigateToFunctionSource:  Unable to find symbols for 'UGameplayStatics::GetPlayerCharacter' [找不到元素。]
[2019.04.21-17.21.48:807][321]LogAssetEditorManager: Opening Asset editor for Blueprint /Game/ThirdPersonBP/Blueprints/ThirdPersonCharacter.ThirdPersonCharacter
[2019.04.21-17.22.59:048][ 22]LogSlate: Took 0.027231 seconds to synchronously load lazily loaded font '../../../Engine/Content/Slate/Fonts/Roboto-Italic.ttf' (157K)
[2019.04.21-17.23.59:559][241]Cmd: OBJ SAVEPACKAGE PACKAGE="/Game/ThirdPersonBP/Blueprints/RPGHUD" FILE="../../../../../../GitHub/WIZARD_WARS_4000/Wizard_Wars/Content/ThirdPersonBP/Blueprints/RPGHUD.uasset" SILENT=true
[2019.04.21-17.23.59:907][241]LogSavePackage: Moving '../../../../../../GitHub/WIZARD_WARS_4000/Wizard_Wars/Saved/RPGHUDA24198054B08762B0AA6E7B61E900730.tmp' to '../../../../../../GitHub/WIZARD_WARS_4000/Wizard_Wars/Content/ThirdPersonBP/Blueprints/RPGHUD.uasset'
[2019.04.21-17.24.16:458][106]Cmd: OBJ SAVEPACKAGE PACKAGE="/Game/ThirdPersonBP/Blueprints/RPGHUD" FILE="../../../../../../GitHub/WIZARD_WARS_4000/Wizard_Wars/Content/ThirdPersonBP/Blueprints/RPGHUD.uasset" SILENT=true
[2019.04.21-17.24.16:545][106]LogSavePackage: Moving '../../../../../../GitHub/WIZARD_WARS_4000/Wizard_Wars/Saved/RPGHUD6DB0EFC14E95B3103CD7BB91A5090586.tmp' to '../../../../../../GitHub/WIZARD_WARS_4000/Wizard_Wars/Content/ThirdPersonBP/Blueprints/RPGHUD.uasset'
[2019.04.21-17.24.27:669][563]Cmd: OBJ SAVEPACKAGE PACKAGE="/Game/ThirdPersonBP/Blueprints/RPGHUD" FILE="../../../../../../GitHub/WIZARD_WARS_4000/Wizard_Wars/Content/ThirdPersonBP/Blueprints/RPGHUD.uasset" SILENT=true
[2019.04.21-17.24.27:735][563]LogSavePackage: Moving '../../../../../../GitHub/WIZARD_WARS_4000/Wizard_Wars/Saved/RPGHUD7A9C1A4E477147D4195B91A0CECCE3C4.tmp' to '../../../../../../GitHub/WIZARD_WARS_4000/Wizard_Wars/Content/ThirdPersonBP/Blueprints/RPGHUD.uasset'
[2019.04.21-17.24.28:527][589]LogSlate: Window '取色器' being destroyed
[2019.04.21-17.24.29:181][603]Cmd: OBJ SAVEPACKAGE PACKAGE="/Game/ThirdPersonBP/Blueprints/RPGHUD" FILE="../../../../../../GitHub/WIZARD_WARS_4000/Wizard_Wars/Content/ThirdPersonBP/Blueprints/RPGHUD.uasset" SILENT=true
[2019.04.21-17.24.29:266][603]LogSavePackage: Moving '../../../../../../GitHub/WIZARD_WARS_4000/Wizard_Wars/Saved/RPGHUDC0D03EDF491FD2E1ED97EEBF0BA9C788.tmp' to '../../../../../../GitHub/WIZARD_WARS_4000/Wizard_Wars/Content/ThirdPersonBP/Blueprints/RPGHUD.uasset'
[2019.04.21-17.24.30:341][659]LogTemp: Repeating last play command: 选中的视口
[2019.04.21-17.24.30:379][659]LogBlueprintUserMessages: Early PlayInEditor Detection: Level '/Game/ThirdPersonBP/Maps/ThirdPersonExampleMap.ThirdPersonExampleMap:PersistentLevel' has LevelScriptBlueprint '/Game/ThirdPersonBP/Maps/ThirdPersonExampleMap.ThirdPersonExampleMap:PersistentLevel.ThirdPersonExampleMap' with GeneratedClass '/Game/ThirdPersonBP/Maps/ThirdPersonExampleMap.ThirdPersonExampleMap_C' with ClassGeneratedBy '/Game/ThirdPersonBP/Maps/ThirdPersonExampleMap.ThirdPersonExampleMap:PersistentLevel.ThirdPersonExampleMap'
[2019.04.21-17.24.30:380][659]BlueprintLog: New page: 运行前自动重新编译
[2019.04.21-17.24.30:402][659]LogPlayLevel: [PlayLevel] Compiling RPGHUD before play...
[2019.04.21-17.24.30:832][659]LogPlayLevel: PlayLevel: Blueprint regeneration took 452 ms (1 blueprints)
[2019.04.21-17.24.30:832][659]PIE: New page: PIE会话: ThirdPersonExampleMap (2019年4月21日 上午9:24:30)
[2019.04.21-17.24.30:832][659]LogPlayLevel: Creating play world package: /Game/ThirdPersonBP/Maps/UEDPIE_0_ThirdPersonExampleMap
[2019.04.21-17.24.30:865][659]LogPlayLevel: PIE: StaticDuplicateObject took: (0.032975s)
[2019.04.21-17.24.30:866][659]LogAIModule: Creating AISystem for world ThirdPersonExampleMap
[2019.04.21-17.24.30:867][659]LogPlayLevel: PIE: World Init took: (0.001033s)
[2019.04.21-17.24.30:867][659]LogPlayLevel: PIE: Created PIE world by copying editor world from /Game/ThirdPersonBP/Maps/ThirdPersonExampleMap.ThirdPersonExampleMap to /Game/ThirdPersonBP/Maps/UEDPIE_0_ThirdPersonExampleMap.ThirdPersonExampleMap (0.034274s)
[2019.04.21-17.24.30:926][659]LogInit: XAudio2 using '扬声器 (Realtek High Definition Audio)' : 2 channels at 48 kHz using 32 bits per sample (channel mask 0x3)
[2019.04.21-17.24.31:068][659]LogInit: FAudioDevice initialized.
[2019.04.21-17.24.31:105][659]LogLoad: Game class is 'ThirdPersonGameMode_C'
[2019.04.21-17.24.31:109][659]LogWorld: Bringing World /Game/ThirdPersonBP/Maps/UEDPIE_0_ThirdPersonExampleMap.ThirdPersonExampleMap up for play (max tick rate 60) at 2019.04.21-13.24.31
[2019.04.21-17.24.31:110][659]LogWorld: Bringing up level for play took: 0.003859
[2019.04.21-17.24.31:127][659]LogScript: Warning: Script Msg: Attempted to access index 2 from array 'ItemsToSpawn' of length 2 in '/Game/Interactables/Spawner/BP_Spawner.BP_Spawner_C'!
[2019.04.21-17.24.31:127][659]LogScript: Warning: UGameplayStatics::BeginSpawningActorFromClass: can not spawn an actor from a NULL class
[2019.04.21-17.24.31:127][659]LogScript: Warning: Script Msg: Attempted to access index 2 from array 'ItemsToSpawn' of length 2 in '/Game/Interactables/Spawner/BP_Spawner.BP_Spawner_C'!
[2019.04.21-17.24.31:127][659]LogScript: Warning: UGameplayStatics::BeginSpawningActorFromClass: can not spawn an actor from a NULL class
[2019.04.21-17.24.31:132][659]LogBlueprintUserMessages: [ThirdPersonGameMode_C_0] Begin Player Spawn
[2019.04.21-17.24.31:132][659]LogPlayerManagement: Error: Failed to Create Player: A local player already exists for controller ID 0,
[2019.04.21-17.24.31:139][659]PIE: /Game/ThirdPersonBP/Maps/UEDPIE_0_ThirdPersonExampleMap的‘在编辑器中播放’的起始时间1.195
[2019.04.21-17.24.31:139][659]LogBlueprintUserMessages: Late PlayInEditor Detection: Level '/Game/ThirdPersonBP/Maps/ThirdPersonExampleMap.ThirdPersonExampleMap:PersistentLevel' has LevelScriptBlueprint '/Game/ThirdPersonBP/Maps/ThirdPersonExampleMap.ThirdPersonExampleMap:PersistentLevel.ThirdPersonExampleMap' with GeneratedClass '/Game/ThirdPersonBP/Maps/ThirdPersonExampleMap.ThirdPersonExampleMap_C' with ClassGeneratedBy '/Game/ThirdPersonBP/Maps/ThirdPersonExampleMap.ThirdPersonExampleMap:PersistentLevel.ThirdPersonExampleMap'
[2019.04.21-17.24.34:565][862]LogBlueprintUserMessages: [Cowboy_C_0] 1
[2019.04.21-17.24.34:666][868]LogBlueprintUserMessages: [Cowboy_C_0] 2
[2019.04.21-17.24.35:625][925]LogPlayerController: Error: InputMode:UIOnly - Attempting to focus Non-Focusable widget SObjectWidget [Widget.cpp(710)]!
[2019.04.21-17.24.36:146][956]LogSlate: FSceneViewport::OnFocusLost() reason 2
[2019.04.21-17.24.37:768][ 52]LogBlueprintUserMessages: [BP_Spawner5] Item already spawned
[2019.04.21-17.24.37:768][ 52]LogBlueprintUserMessages: [BP_Spawner_2] Item already spawned
[2019.04.21-17.24.37:768][ 52]LogBlueprintUserMessages: [BP_Spawner4] Item already spawned
[2019.04.21-17.24.37:768][ 52]LogScript: Warning: Script Msg: Attempted to access index 2 from array 'ItemsToSpawn' of length 2 in '/Game/Interactables/Spawner/BP_Spawner.BP_Spawner_C'!
[2019.04.21-17.24.37:768][ 52]LogScript: Warning: UGameplayStatics::BeginSpawningActorFromClass: can not spawn an actor from a NULL class
[2019.04.21-17.24.40:005][184]LogBlueprintUserMessages: [Cowboy_C_0] 1
[2019.04.21-17.24.40:241][198]LogBlueprintUserMessages: [Cowboy_C_0] 0
[2019.04.21-17.24.40:521][211]LogBlueprintUserMessages: [Cowboy_C_0] 3
[2019.04.21-17.24.40:767][226]LogBlueprintUserMessages: [Cowboy_C_0] 0
[2019.04.21-17.24.40:814][229]LogBlueprintUserMessages: [Cowboy_C_0] 1
[2019.04.21-17.24.41:125][247]LogBlueprintUserMessages: [Cowboy_C_0] 0
[2019.04.21-17.24.42:768][345]LogBlueprintUserMessages: [BP_Spawner4] Item already spawned
[2019.04.21-17.24.42:768][345]LogBlueprintUserMessages: [BP_Spawner_2] Item already spawned
[2019.04.21-17.24.42:768][345]LogBlueprintUserMessages: [BP_Spawner5] Item already spawned
[2019.04.21-17.24.43:775][405]LogBlueprintUserMessages: [BP_Spawner2] Item already spawned
[2019.04.21-17.24.43:775][405]LogBlueprintUserMessages: [BP_Spawner5] Item already spawned
[2019.04.21-17.24.43:775][405]LogBlueprintUserMessages: [BP_Spawner4] Item already spawned
[2019.04.21-17.24.43:777][405]LogBlueprintUserMessages: [BP_Spawner_2] Item already spawned
[2019.04.21-17.24.48:784][705]LogBlueprintUserMessages: [BP_Spawner2] Item already spawned
[2019.04.21-17.24.48:784][705]LogBlueprintUserMessages: [BP_Spawner5] Item already spawned
[2019.04.21-17.24.48:784][705]LogBlueprintUserMessages: [BP_Spawner_2] Item already spawned
[2019.04.21-17.24.48:784][705]LogBlueprintUserMessages: [BP_Spawner4] Item already spawned
[2019.04.21-17.24.49:783][765]LogBlueprintUserMessages: [BP_Spawner_2] Item already spawned
[2019.04.21-17.24.49:783][765]LogBlueprintUserMessages: [BP_Spawner3] Item already spawned
[2019.04.21-17.24.49:783][765]LogBlueprintUserMessages: [BP_Spawner5] Item already spawned
[2019.04.21-17.24.49:783][765]LogBlueprintUserMessages: [BP_Spawner2] Item already spawned
[2019.04.21-17.24.49:783][765]LogBlueprintUserMessages: [BP_Spawner4] Item already spawned
[2019.04.21-17.24.52:183][909]LogBlueprintUserMessages: Early EndPlayMap Detection: Level '/Game/ThirdPersonBP/Maps/ThirdPersonExampleMap.ThirdPersonExampleMap:PersistentLevel' has LevelScriptBlueprint '/Game/ThirdPersonBP/Maps/ThirdPersonExampleMap.ThirdPersonExampleMap:PersistentLevel.ThirdPersonExampleMap' with GeneratedClass '/Game/ThirdPersonBP/Maps/ThirdPersonExampleMap.ThirdPersonExampleMap_C' with ClassGeneratedBy '/Game/ThirdPersonBP/Maps/ThirdPersonExampleMap.ThirdPersonExampleMap:PersistentLevel.ThirdPersonExampleMap'
[2019.04.21-17.24.52:185][909]LogSlate: Updating window title bar state: overlay mode, drag disabled, window buttons hidden, title bar hidden
[2019.04.21-17.24.52:228][909]LogPlayLevel: Display: Shutting down PIE online subsystems
[2019.04.21-17.24.52:228][909]LogBlueprintUserMessages: Late EndPlayMap Detection: Level '/Game/ThirdPersonBP/Maps/ThirdPersonExampleMap.ThirdPersonExampleMap:PersistentLevel' has LevelScriptBlueprint '/Game/ThirdPersonBP/Maps/ThirdPersonExampleMap.ThirdPersonExampleMap:PersistentLevel.ThirdPersonExampleMap' with GeneratedClass '/Game/ThirdPersonBP/Maps/ThirdPersonExampleMap.ThirdPersonExampleMap_C' with ClassGeneratedBy '/Game/ThirdPersonBP/Maps/ThirdPersonExampleMap.ThirdPersonExampleMap:PersistentLevel.ThirdPersonExampleMap'
[2019.04.21-17.24.52:275][909]LogSlate: Updating window title bar state: overlay mode, drag disabled, window buttons hidden, title bar hidden
[2019.04.21-17.24.52:312][910]LogPlayLevel: Display: Destroying online subsystem :Context_8
[2019.04.21-17.24.53:359][967]LogSlate: FSceneViewport::OnFocusLost() reason 0
[2019.04.21-17.24.59:466][160]Cmd: OBJ SAVEPACKAGE PACKAGE="/Game/ThirdPersonBP/Blueprints/RPGHUD" FILE="../../../../../../GitHub/WIZARD_WARS_4000/Wizard_Wars/Content/ThirdPersonBP/Blueprints/RPGHUD.uasset" SILENT=true
[2019.04.21-17.24.59:551][160]LogSavePackage: Moving '../../../../../../GitHub/WIZARD_WARS_4000/Wizard_Wars/Saved/RPGHUD554746C94C0C4B1E452125A0C1BDA390.tmp' to '../../../../../../GitHub/WIZARD_WARS_4000/Wizard_Wars/Content/ThirdPersonBP/Blueprints/RPGHUD.uasset'
[2019.04.21-17.25.00:767][204]LogSlate: Window 'ThirdPersonCharacter' being destroyed
[2019.04.21-17.25.00:777][204]LogSlate: Window 'ThirdPersonCharacter' being destroyed
[2019.04.21-17.25.01:506][204]LogTemp: Repeating last play command: 选中的视口
[2019.04.21-17.25.01:547][204]LogBlueprintUserMessages: Early PlayInEditor Detection: Level '/Game/ThirdPersonBP/Maps/ThirdPersonExampleMap.ThirdPersonExampleMap:PersistentLevel' has LevelScriptBlueprint '/Game/ThirdPersonBP/Maps/ThirdPersonExampleMap.ThirdPersonExampleMap:PersistentLevel.ThirdPersonExampleMap' with GeneratedClass '/Game/ThirdPersonBP/Maps/ThirdPersonExampleMap.ThirdPersonExampleMap_C' with ClassGeneratedBy '/Game/ThirdPersonBP/Maps/ThirdPersonExampleMap.ThirdPersonExampleMap:PersistentLevel.ThirdPersonExampleMap'
[2019.04.21-17.25.01:547][204]BlueprintLog: New page: 运行前自动重新编译
[2019.04.21-17.25.01:565][204]LogPlayLevel: [PlayLevel] Compiling RPGHUD before play...
[2019.04.21-17.25.01:876][204]LogPlayLevel: PlayLevel: Blueprint regeneration took 329 ms (1 blueprints)
[2019.04.21-17.25.01:876][204]PIE: New page: PIE会话: ThirdPersonExampleMap (2019年4月21日 上午9:25:01)
[2019.04.21-17.25.01:876][204]LogPlayLevel: Creating play world package: /Game/ThirdPersonBP/Maps/UEDPIE_0_ThirdPersonExampleMap
[2019.04.21-17.25.01:911][204]LogPlayLevel: PIE: StaticDuplicateObject took: (0.034833s)
[2019.04.21-17.25.01:912][204]LogAIModule: Creating AISystem for world ThirdPersonExampleMap
[2019.04.21-17.25.01:913][204]LogPlayLevel: PIE: World Init took: (0.001041s)
[2019.04.21-17.25.01:913][204]LogPlayLevel: PIE: Created PIE world by copying editor world from /Game/ThirdPersonBP/Maps/ThirdPersonExampleMap.ThirdPersonExampleMap to /Game/ThirdPersonBP/Maps/UEDPIE_0_ThirdPersonExampleMap.ThirdPersonExampleMap (0.036269s)
[2019.04.21-17.25.01:976][204]LogInit: XAudio2 using '扬声器 (Realtek High Definition Audio)' : 2 channels at 48 kHz using 32 bits per sample (channel mask 0x3)
[2019.04.21-17.25.02:112][204]LogInit: FAudioDevice initialized.
[2019.04.21-17.25.02:152][204]LogLoad: Game class is 'ThirdPersonGameMode_C'
[2019.04.21-17.25.02:159][204]LogWorld: Bringing World /Game/ThirdPersonBP/Maps/UEDPIE_0_ThirdPersonExampleMap.ThirdPersonExampleMap up for play (max tick rate 60) at 2019.04.21-13.25.02
[2019.04.21-17.25.02:159][204]LogWorld: Bringing up level for play took: 0.006651
[2019.04.21-17.25.02:174][204]LogScript: Warning: Script Msg: Attempted to access index 2 from array 'ItemsToSpawn' of length 2 in '/Game/Interactables/Spawner/BP_Spawner.BP_Spawner_C'!
[2019.04.21-17.25.02:174][204]LogScript: Warning: UGameplayStatics::BeginSpawningActorFromClass: can not spawn an actor from a NULL class
[2019.04.21-17.25.02:179][204]LogBlueprintUserMessages: [ThirdPersonGameMode_C_0] Begin Player Spawn
[2019.04.21-17.25.02:179][204]LogPlayerManagement: Error: Failed to Create Player: A local player already exists for controller ID 0,
[2019.04.21-17.25.02:189][204]PIE: /Game/ThirdPersonBP/Maps/UEDPIE_0_ThirdPersonExampleMap的‘在编辑器中播放’的起始时间0.244
[2019.04.21-17.25.02:189][204]LogBlueprintUserMessages: Late PlayInEditor Detection: Level '/Game/ThirdPersonBP/Maps/ThirdPersonExampleMap.ThirdPersonExampleMap:PersistentLevel' has LevelScriptBlueprint '/Game/ThirdPersonBP/Maps/ThirdPersonExampleMap.ThirdPersonExampleMap:PersistentLevel.ThirdPersonExampleMap' with GeneratedClass '/Game/ThirdPersonBP/Maps/ThirdPersonExampleMap.ThirdPersonExampleMap_C' with ClassGeneratedBy '/Game/ThirdPersonBP/Maps/ThirdPersonExampleMap.ThirdPersonExampleMap:PersistentLevel.ThirdPersonExampleMap'
[2019.04.21-17.25.04:046][312]LogBlueprintUserMessages: [Cowboy_C_0] 1
[2019.04.21-17.25.04:496][339]LogBlueprintUserMessages: [Cowboy_C_0] 0
[2019.04.21-17.25.05:690][410]LogPlayerController: Error: InputMode:UIOnly - Attempting to focus Non-Focusable widget SObjectWidget [Widget.cpp(710)]!
[2019.04.21-17.25.06:253][444]LogSlate: FSceneViewport::OnFocusLost() reason 2
[2019.04.21-17.25.08:846][599]LogBlueprintUserMessages: [BP_Spawner5] Item already spawned
[2019.04.21-17.25.08:847][599]LogBlueprintUserMessages: [BP_Spawner4] Item already spawned
[2019.04.21-17.25.08:847][599]LogBlueprintUserMessages: [BP_Spawner3] Item already spawned
[2019.04.21-17.25.08:847][599]LogBlueprintUserMessages: [BP_Spawner2] Item already spawned
[2019.04.21-17.25.13:851][899]LogBlueprintUserMessages: [BP_Spawner2] Item already spawned
[2019.04.21-17.25.13:851][899]LogBlueprintUserMessages: [BP_Spawner3] Item already spawned
[2019.04.21-17.25.13:851][899]LogBlueprintUserMessages: [BP_Spawner4] Item already spawned
[2019.04.21-17.25.13:851][899]LogBlueprintUserMessages: [BP_Spawner5] Item already spawned
[2019.04.21-17.25.14:838][958]LogBlueprintUserMessages: [BP_Spawner2] Item already spawned
[2019.04.21-17.25.14:838][958]LogBlueprintUserMessages: [BP_Spawner5] Item already spawned
[2019.04.21-17.25.14:838][958]LogBlueprintUserMessages: [BP_Spawner4] Item already spawned
[2019.04.21-17.25.14:839][958]LogBlueprintUserMessages: [BP_Spawner3] Item already spawned
[2019.04.21-17.25.14:839][958]LogBlueprintUserMessages: [BP_Spawner_2] Item already spawned
[2019.04.21-17.25.16:038][ 30]LogBlueprintUserMessages: [Cowboy_C_0] 1
[2019.04.21-17.25.20:131][122]LogBlueprintUserMessages: [BP_Spawner3] Item already spawned
[2019.04.21-17.25.20:131][122]LogBlueprintUserMessages: [BP_Spawner2] Item already spawned
[2019.04.21-17.25.20:131][122]LogBlueprintUserMessages: [BP_Spawner_2] Item already spawned
[2019.04.21-17.25.20:131][122]LogBlueprintUserMessages: [BP_Spawner5] Item already spawned
[2019.04.21-17.25.20:131][122]LogBlueprintUserMessages: [BP_Spawner4] Item already spawned
[2019.04.21-17.25.21:144][125]LogBlueprintUserMessages: [BP_Spawner4] Item already spawned
[2019.04.21-17.25.21:144][125]LogBlueprintUserMessages: [BP_Spawner5] Item already spawned
[2019.04.21-17.25.21:144][125]LogBlueprintUserMessages: [BP_Spawner2] Item already spawned
[2019.04.21-17.25.21:144][125]LogBlueprintUserMessages: [BP_Spawner3] Item already spawned
[2019.04.21-17.25.21:144][125]LogBlueprintUserMessages: [BP_Spawner_2] Item already spawned
[2019.04.21-17.25.26:190][140]LogBlueprintUserMessages: [BP_Spawner_2] Item already spawned
[2019.04.21-17.25.26:190][140]LogBlueprintUserMessages: [BP_Spawner4] Item already spawned
[2019.04.21-17.25.26:190][140]LogBlueprintUserMessages: [BP_Spawner3] Item already spawned
[2019.04.21-17.25.26:190][140]LogBlueprintUserMessages: [BP_Spawner5] Item already spawned
[2019.04.21-17.25.26:190][140]LogBlueprintUserMessages: [BP_Spawner2] Item already spawned
[2019.04.21-17.25.27:203][143]LogBlueprintUserMessages: [BP_Spawner5] Item already spawned
[2019.04.21-17.25.27:203][143]LogBlueprintUserMessages: [BP_Spawner4] Item already spawned
[2019.04.21-17.25.27:203][143]LogBlueprintUserMessages: [BP_Spawner_2] Item already spawned
[2019.04.21-17.25.27:203][143]LogBlueprintUserMessages: [BP_Spawner2] Item already spawned
[2019.04.21-17.25.27:203][143]LogBlueprintUserMessages: [BP_Spawner3] Item already spawned
